---------------------------------------
Policy: TD3, Env: Pendulum-v1, Seed: 4
---------------------------------------
---------------------------------------
Evaluation over 10 episodes: -1162.789
---------------------------------------
Total T: 200 Episode Num: 1 Episode T: 200 Reward: -1768.398
Total T: 400 Episode Num: 2 Episode T: 200 Reward: -903.290
Total T: 600 Episode Num: 3 Episode T: 200 Reward: -1373.017
Total T: 800 Episode Num: 4 Episode T: 200 Reward: -1601.224
Total T: 1000 Episode Num: 5 Episode T: 200 Reward: -1705.592
Total T: 1200 Episode Num: 6 Episode T: 200 Reward: -895.685
Total T: 1400 Episode Num: 7 Episode T: 200 Reward: -1723.431
Total T: 1600 Episode Num: 8 Episode T: 200 Reward: -1572.764
Total T: 1800 Episode Num: 9 Episode T: 200 Reward: -1330.694
Total T: 2000 Episode Num: 10 Episode T: 200 Reward: -1064.842
Total T: 2200 Episode Num: 11 Episode T: 200 Reward: -1196.551
Total T: 2400 Episode Num: 12 Episode T: 200 Reward: -863.891
Total T: 2600 Episode Num: 13 Episode T: 200 Reward: -914.688
Total T: 2800 Episode Num: 14 Episode T: 200 Reward: -881.588
Total T: 3000 Episode Num: 15 Episode T: 200 Reward: -871.452
Total T: 3200 Episode Num: 16 Episode T: 200 Reward: -1537.262
Total T: 3400 Episode Num: 17 Episode T: 200 Reward: -1153.356
Total T: 3600 Episode Num: 18 Episode T: 200 Reward: -929.575
Total T: 3800 Episode Num: 19 Episode T: 200 Reward: -754.254
Total T: 4000 Episode Num: 20 Episode T: 200 Reward: -981.378
Total T: 4200 Episode Num: 21 Episode T: 200 Reward: -1194.911
Total T: 4400 Episode Num: 22 Episode T: 200 Reward: -859.300
Total T: 4600 Episode Num: 23 Episode T: 200 Reward: -1260.643
Total T: 4800 Episode Num: 24 Episode T: 200 Reward: -1752.808
Total T: 5000 Episode Num: 25 Episode T: 200 Reward: -1071.452
---------------------------------------
Evaluation over 10 episodes: -1162.789
---------------------------------------
Total T: 5200 Episode Num: 26 Episode T: 200 Reward: -1545.966
Total T: 5400 Episode Num: 27 Episode T: 200 Reward: -1393.968
Total T: 5600 Episode Num: 28 Episode T: 200 Reward: -1074.301
Total T: 5800 Episode Num: 29 Episode T: 200 Reward: -1502.876
Total T: 6000 Episode Num: 30 Episode T: 200 Reward: -787.585
Total T: 6200 Episode Num: 31 Episode T: 200 Reward: -1512.962
Total T: 6400 Episode Num: 32 Episode T: 200 Reward: -1182.878
Total T: 6600 Episode Num: 33 Episode T: 200 Reward: -1402.488
Total T: 6800 Episode Num: 34 Episode T: 200 Reward: -1275.035
Total T: 7000 Episode Num: 35 Episode T: 200 Reward: -1073.248
Total T: 7200 Episode Num: 36 Episode T: 200 Reward: -1067.872
Total T: 7400 Episode Num: 37 Episode T: 200 Reward: -1345.914
Total T: 7600 Episode Num: 38 Episode T: 200 Reward: -1501.436
Total T: 7800 Episode Num: 39 Episode T: 200 Reward: -890.045
Total T: 8000 Episode Num: 40 Episode T: 200 Reward: -1625.973
Total T: 8200 Episode Num: 41 Episode T: 200 Reward: -1093.469
Total T: 8400 Episode Num: 42 Episode T: 200 Reward: -1088.988
Total T: 8600 Episode Num: 43 Episode T: 200 Reward: -859.621
Total T: 8800 Episode Num: 44 Episode T: 200 Reward: -1663.037
Total T: 9000 Episode Num: 45 Episode T: 200 Reward: -1529.601
Total T: 9200 Episode Num: 46 Episode T: 200 Reward: -895.422
Total T: 9400 Episode Num: 47 Episode T: 200 Reward: -1065.497
Total T: 9600 Episode Num: 48 Episode T: 200 Reward: -870.440
Total T: 9800 Episode Num: 49 Episode T: 200 Reward: -1472.983
Total T: 10000 Episode Num: 50 Episode T: 200 Reward: -1524.588
---------------------------------------
Evaluation over 10 episodes: -1162.789
---------------------------------------
Total T: 10200 Episode Num: 51 Episode T: 200 Reward: -1105.236
Total T: 10400 Episode Num: 52 Episode T: 200 Reward: -1338.206
Total T: 10600 Episode Num: 53 Episode T: 200 Reward: -1067.898
Total T: 10800 Episode Num: 54 Episode T: 200 Reward: -1450.364
Total T: 11000 Episode Num: 55 Episode T: 200 Reward: -1084.657
Total T: 11200 Episode Num: 56 Episode T: 200 Reward: -1380.574
Total T: 11400 Episode Num: 57 Episode T: 200 Reward: -1451.591
Total T: 11600 Episode Num: 58 Episode T: 200 Reward: -1886.552
Total T: 11800 Episode Num: 59 Episode T: 200 Reward: -1028.247
Total T: 12000 Episode Num: 60 Episode T: 200 Reward: -882.081
Total T: 12200 Episode Num: 61 Episode T: 200 Reward: -1251.681
Total T: 12400 Episode Num: 62 Episode T: 200 Reward: -1320.130
Total T: 12600 Episode Num: 63 Episode T: 200 Reward: -810.465
Total T: 12800 Episode Num: 64 Episode T: 200 Reward: -925.476
Total T: 13000 Episode Num: 65 Episode T: 200 Reward: -1621.836
Total T: 13200 Episode Num: 66 Episode T: 200 Reward: -1302.904
Total T: 13400 Episode Num: 67 Episode T: 200 Reward: -984.620
Total T: 13600 Episode Num: 68 Episode T: 200 Reward: -1594.518
Total T: 13800 Episode Num: 69 Episode T: 200 Reward: -1571.689
Total T: 14000 Episode Num: 70 Episode T: 200 Reward: -979.374
Total T: 14200 Episode Num: 71 Episode T: 200 Reward: -1082.803
Total T: 14400 Episode Num: 72 Episode T: 200 Reward: -1481.932
Total T: 14600 Episode Num: 73 Episode T: 200 Reward: -1107.697
Total T: 14800 Episode Num: 74 Episode T: 200 Reward: -905.299
Total T: 15000 Episode Num: 75 Episode T: 200 Reward: -937.769
---------------------------------------
Evaluation over 10 episodes: -1162.789
---------------------------------------
Total T: 15200 Episode Num: 76 Episode T: 200 Reward: -1262.580
Total T: 15400 Episode Num: 77 Episode T: 200 Reward: -1237.064
Total T: 15600 Episode Num: 78 Episode T: 200 Reward: -1522.374
Total T: 15800 Episode Num: 79 Episode T: 200 Reward: -1071.050
Total T: 16000 Episode Num: 80 Episode T: 200 Reward: -1479.101
Total T: 16200 Episode Num: 81 Episode T: 200 Reward: -1471.901
Total T: 16400 Episode Num: 82 Episode T: 200 Reward: -1225.248
Total T: 16600 Episode Num: 83 Episode T: 200 Reward: -1086.922
Total T: 16800 Episode Num: 84 Episode T: 200 Reward: -1070.740
Total T: 17000 Episode Num: 85 Episode T: 200 Reward: -911.911
Total T: 17200 Episode Num: 86 Episode T: 200 Reward: -1703.495
Total T: 17400 Episode Num: 87 Episode T: 200 Reward: -1590.709
Total T: 17600 Episode Num: 88 Episode T: 200 Reward: -1756.536
Total T: 17800 Episode Num: 89 Episode T: 200 Reward: -1649.028
Total T: 18000 Episode Num: 90 Episode T: 200 Reward: -1380.369
Total T: 18200 Episode Num: 91 Episode T: 200 Reward: -1794.488
Total T: 18400 Episode Num: 92 Episode T: 200 Reward: -1421.950
Total T: 18600 Episode Num: 93 Episode T: 200 Reward: -1070.446
Total T: 18800 Episode Num: 94 Episode T: 200 Reward: -1631.011
Total T: 19000 Episode Num: 95 Episode T: 200 Reward: -1288.443
Total T: 19200 Episode Num: 96 Episode T: 200 Reward: -861.990
Total T: 19400 Episode Num: 97 Episode T: 200 Reward: -1666.998
Total T: 19600 Episode Num: 98 Episode T: 200 Reward: -1053.363
Total T: 19800 Episode Num: 99 Episode T: 200 Reward: -999.557
Total T: 20000 Episode Num: 100 Episode T: 200 Reward: -1356.161
---------------------------------------
Evaluation over 10 episodes: -1162.789
---------------------------------------
Total T: 20200 Episode Num: 101 Episode T: 200 Reward: -1362.172
Total T: 20400 Episode Num: 102 Episode T: 200 Reward: -1575.801
Total T: 20600 Episode Num: 103 Episode T: 200 Reward: -1481.713
Total T: 20800 Episode Num: 104 Episode T: 200 Reward: -968.263
Total T: 21000 Episode Num: 105 Episode T: 200 Reward: -1476.019
Total T: 21200 Episode Num: 106 Episode T: 200 Reward: -1278.809
Total T: 21400 Episode Num: 107 Episode T: 200 Reward: -1318.063
Total T: 21600 Episode Num: 108 Episode T: 200 Reward: -1446.792
Total T: 21800 Episode Num: 109 Episode T: 200 Reward: -1062.459
Total T: 22000 Episode Num: 110 Episode T: 200 Reward: -1219.725
Total T: 22200 Episode Num: 111 Episode T: 200 Reward: -1445.878
Total T: 22400 Episode Num: 112 Episode T: 200 Reward: -1350.456
Total T: 22600 Episode Num: 113 Episode T: 200 Reward: -1696.083
Total T: 22800 Episode Num: 114 Episode T: 200 Reward: -1086.034
Total T: 23000 Episode Num: 115 Episode T: 200 Reward: -1605.686
Total T: 23200 Episode Num: 116 Episode T: 200 Reward: -1361.889
Total T: 23400 Episode Num: 117 Episode T: 200 Reward: -1021.120
Total T: 23600 Episode Num: 118 Episode T: 200 Reward: -1267.911
Total T: 23800 Episode Num: 119 Episode T: 200 Reward: -987.872
Total T: 24000 Episode Num: 120 Episode T: 200 Reward: -1179.695
Total T: 24200 Episode Num: 121 Episode T: 200 Reward: -975.132
Total T: 24400 Episode Num: 122 Episode T: 200 Reward: -1409.291
Total T: 24600 Episode Num: 123 Episode T: 200 Reward: -1351.843
Total T: 24800 Episode Num: 124 Episode T: 200 Reward: -1791.311
Total T: 25000 Episode Num: 125 Episode T: 200 Reward: -1067.964
---------------------------------------
Evaluation over 10 episodes: -1162.789
---------------------------------------
Total T: 25200 Episode Num: 126 Episode T: 200 Reward: -835.557
Total T: 25400 Episode Num: 127 Episode T: 200 Reward: -1686.940
Total T: 25600 Episode Num: 128 Episode T: 200 Reward: -1503.504
Total T: 25800 Episode Num: 129 Episode T: 200 Reward: -1635.253
Total T: 26000 Episode Num: 130 Episode T: 200 Reward: -1732.003
Total T: 26200 Episode Num: 131 Episode T: 200 Reward: -1689.879
Total T: 26400 Episode Num: 132 Episode T: 200 Reward: -1550.034
Total T: 26600 Episode Num: 133 Episode T: 200 Reward: -1418.032
Total T: 26800 Episode Num: 134 Episode T: 200 Reward: -1530.924
Total T: 27000 Episode Num: 135 Episode T: 200 Reward: -1546.829
Total T: 27200 Episode Num: 136 Episode T: 200 Reward: -1486.452
Total T: 27400 Episode Num: 137 Episode T: 200 Reward: -1298.331
Total T: 27600 Episode Num: 138 Episode T: 200 Reward: -1238.755
Total T: 27800 Episode Num: 139 Episode T: 200 Reward: -1140.783
Total T: 28000 Episode Num: 140 Episode T: 200 Reward: -1132.010
Total T: 28200 Episode Num: 141 Episode T: 200 Reward: -1039.045
Total T: 28400 Episode Num: 142 Episode T: 200 Reward: -929.459
Total T: 28600 Episode Num: 143 Episode T: 200 Reward: -1021.894
Total T: 28800 Episode Num: 144 Episode T: 200 Reward: -779.293
Total T: 29000 Episode Num: 145 Episode T: 200 Reward: -659.177
Total T: 29200 Episode Num: 146 Episode T: 200 Reward: -396.581
Total T: 29400 Episode Num: 147 Episode T: 200 Reward: -856.149
Total T: 29600 Episode Num: 148 Episode T: 200 Reward: -259.395
Total T: 29800 Episode Num: 149 Episode T: 200 Reward: -126.232
Total T: 30000 Episode Num: 150 Episode T: 200 Reward: -1.122
---------------------------------------
Evaluation over 10 episodes: -252.258
---------------------------------------
Total T: 30200 Episode Num: 151 Episode T: 200 Reward: -0.896
Total T: 30400 Episode Num: 152 Episode T: 200 Reward: -397.057
Total T: 30600 Episode Num: 153 Episode T: 200 Reward: -128.529
Total T: 30800 Episode Num: 154 Episode T: 200 Reward: -2.000
Total T: 31000 Episode Num: 155 Episode T: 200 Reward: -2.055
Total T: 31200 Episode Num: 156 Episode T: 200 Reward: -311.265
Total T: 31400 Episode Num: 157 Episode T: 200 Reward: -129.186
Total T: 31600 Episode Num: 158 Episode T: 200 Reward: -2.125
Total T: 31800 Episode Num: 159 Episode T: 200 Reward: -130.362
Total T: 32000 Episode Num: 160 Episode T: 200 Reward: -126.287
Total T: 32200 Episode Num: 161 Episode T: 200 Reward: -125.149
Total T: 32400 Episode Num: 162 Episode T: 200 Reward: -128.647
Total T: 32600 Episode Num: 163 Episode T: 200 Reward: -243.971
Total T: 32800 Episode Num: 164 Episode T: 200 Reward: -119.374
Total T: 33000 Episode Num: 165 Episode T: 200 Reward: -245.388
Total T: 33200 Episode Num: 166 Episode T: 200 Reward: -246.396
Total T: 33400 Episode Num: 167 Episode T: 200 Reward: -263.871
Total T: 33600 Episode Num: 168 Episode T: 200 Reward: -233.780
Total T: 33800 Episode Num: 169 Episode T: 200 Reward: -117.735
Total T: 34000 Episode Num: 170 Episode T: 200 Reward: -128.430
Total T: 34200 Episode Num: 171 Episode T: 200 Reward: -0.789
Total T: 34400 Episode Num: 172 Episode T: 200 Reward: -234.356
Total T: 34600 Episode Num: 173 Episode T: 200 Reward: -247.343
Total T: 34800 Episode Num: 174 Episode T: 200 Reward: -245.621
Total T: 35000 Episode Num: 175 Episode T: 200 Reward: -242.310
---------------------------------------
Evaluation over 10 episodes: -119.638
---------------------------------------
Total T: 35200 Episode Num: 176 Episode T: 200 Reward: -129.851
Total T: 35400 Episode Num: 177 Episode T: 200 Reward: -122.549
Total T: 35600 Episode Num: 178 Episode T: 200 Reward: -119.585
Total T: 35800 Episode Num: 179 Episode T: 200 Reward: -119.533
Total T: 36000 Episode Num: 180 Episode T: 200 Reward: -120.748
Total T: 36200 Episode Num: 181 Episode T: 200 Reward: -296.392
Total T: 36400 Episode Num: 182 Episode T: 200 Reward: -1.234
Total T: 36600 Episode Num: 183 Episode T: 200 Reward: -231.502
Total T: 36800 Episode Num: 184 Episode T: 200 Reward: -3.695
Total T: 37000 Episode Num: 185 Episode T: 200 Reward: -248.749
Total T: 37200 Episode Num: 186 Episode T: 200 Reward: -117.714
Total T: 37400 Episode Num: 187 Episode T: 200 Reward: -249.131
Total T: 37600 Episode Num: 188 Episode T: 200 Reward: -114.161
Total T: 37800 Episode Num: 189 Episode T: 200 Reward: -126.684
Total T: 38000 Episode Num: 190 Episode T: 200 Reward: -267.939
Total T: 38200 Episode Num: 191 Episode T: 200 Reward: -0.125
Total T: 38400 Episode Num: 192 Episode T: 200 Reward: -0.278
Total T: 38600 Episode Num: 193 Episode T: 200 Reward: -0.303
Total T: 38800 Episode Num: 194 Episode T: 200 Reward: -314.082
Total T: 39000 Episode Num: 195 Episode T: 200 Reward: -115.591
Total T: 39200 Episode Num: 196 Episode T: 200 Reward: -338.278
Total T: 39400 Episode Num: 197 Episode T: 200 Reward: -233.889
Total T: 39600 Episode Num: 198 Episode T: 200 Reward: -117.807
Total T: 39800 Episode Num: 199 Episode T: 200 Reward: -124.902
Total T: 40000 Episode Num: 200 Episode T: 200 Reward: -118.126
---------------------------------------
Evaluation over 10 episodes: -118.676
---------------------------------------
Total T: 40200 Episode Num: 201 Episode T: 200 Reward: -117.048
Total T: 40400 Episode Num: 202 Episode T: 200 Reward: -122.380
Total T: 40600 Episode Num: 203 Episode T: 200 Reward: -122.171
Total T: 40800 Episode Num: 204 Episode T: 200 Reward: -122.168
Total T: 41000 Episode Num: 205 Episode T: 200 Reward: -292.862
Total T: 41200 Episode Num: 206 Episode T: 200 Reward: -5.276
Total T: 41400 Episode Num: 207 Episode T: 200 Reward: -120.705
Total T: 41600 Episode Num: 208 Episode T: 200 Reward: -233.476
Total T: 41800 Episode Num: 209 Episode T: 200 Reward: -120.947
Total T: 42000 Episode Num: 210 Episode T: 200 Reward: -120.853
Total T: 42200 Episode Num: 211 Episode T: 200 Reward: -115.709
Total T: 42400 Episode Num: 212 Episode T: 200 Reward: -231.211
Total T: 42600 Episode Num: 213 Episode T: 200 Reward: -122.361
Total T: 42800 Episode Num: 214 Episode T: 200 Reward: -123.901
Total T: 43000 Episode Num: 215 Episode T: 200 Reward: -116.131
Total T: 43200 Episode Num: 216 Episode T: 200 Reward: -227.882
Total T: 43400 Episode Num: 217 Episode T: 200 Reward: -123.074
Total T: 43600 Episode Num: 218 Episode T: 200 Reward: -120.273
Total T: 43800 Episode Num: 219 Episode T: 200 Reward: -126.294
Total T: 44000 Episode Num: 220 Episode T: 200 Reward: -116.959
Total T: 44200 Episode Num: 221 Episode T: 200 Reward: -234.305
Total T: 44400 Episode Num: 222 Episode T: 200 Reward: -118.566
Total T: 44600 Episode Num: 223 Episode T: 200 Reward: -119.007
Total T: 44800 Episode Num: 224 Episode T: 200 Reward: -125.600
Total T: 45000 Episode Num: 225 Episode T: 200 Reward: -232.992
---------------------------------------
Evaluation over 10 episodes: -118.538
---------------------------------------
Total T: 45200 Episode Num: 226 Episode T: 200 Reward: -121.380
Total T: 45400 Episode Num: 227 Episode T: 200 Reward: -119.449
Total T: 45600 Episode Num: 228 Episode T: 200 Reward: -246.786
Total T: 45800 Episode Num: 229 Episode T: 200 Reward: -236.815
Total T: 46000 Episode Num: 230 Episode T: 200 Reward: -351.940
Total T: 46200 Episode Num: 231 Episode T: 200 Reward: -120.370
Total T: 46400 Episode Num: 232 Episode T: 200 Reward: -115.601
Total T: 46600 Episode Num: 233 Episode T: 200 Reward: -232.486
Total T: 46800 Episode Num: 234 Episode T: 200 Reward: -118.443
Total T: 47000 Episode Num: 235 Episode T: 200 Reward: -119.815
Total T: 47200 Episode Num: 236 Episode T: 200 Reward: -0.286
Total T: 47400 Episode Num: 237 Episode T: 200 Reward: -329.427
Total T: 47600 Episode Num: 238 Episode T: 200 Reward: -115.754
Total T: 47800 Episode Num: 239 Episode T: 200 Reward: -116.609
Total T: 48000 Episode Num: 240 Episode T: 200 Reward: -0.978
Total T: 48200 Episode Num: 241 Episode T: 200 Reward: -237.625
Total T: 48400 Episode Num: 242 Episode T: 200 Reward: -123.475
Total T: 48600 Episode Num: 243 Episode T: 200 Reward: -226.838
Total T: 48800 Episode Num: 244 Episode T: 200 Reward: -121.656
Total T: 49000 Episode Num: 245 Episode T: 200 Reward: -117.960
Total T: 49200 Episode Num: 246 Episode T: 200 Reward: -115.119
Total T: 49400 Episode Num: 247 Episode T: 200 Reward: -275.180
Total T: 49600 Episode Num: 248 Episode T: 200 Reward: -232.633
Total T: 49800 Episode Num: 249 Episode T: 200 Reward: -119.642
Total T: 50000 Episode Num: 250 Episode T: 200 Reward: -125.247
---------------------------------------
Evaluation over 10 episodes: -118.770
---------------------------------------
Total T: 50200 Episode Num: 251 Episode T: 200 Reward: -122.372
Total T: 50400 Episode Num: 252 Episode T: 200 Reward: -228.666
Total T: 50600 Episode Num: 253 Episode T: 200 Reward: -0.548
Total T: 50800 Episode Num: 254 Episode T: 200 Reward: -228.578
Total T: 51000 Episode Num: 255 Episode T: 200 Reward: -0.863
Total T: 51200 Episode Num: 256 Episode T: 200 Reward: -338.844
Total T: 51400 Episode Num: 257 Episode T: 200 Reward: -232.941
Total T: 51600 Episode Num: 258 Episode T: 200 Reward: -251.812
Total T: 51800 Episode Num: 259 Episode T: 200 Reward: -123.398
Total T: 52000 Episode Num: 260 Episode T: 200 Reward: -117.456
Total T: 52200 Episode Num: 261 Episode T: 200 Reward: -239.830
Total T: 52400 Episode Num: 262 Episode T: 200 Reward: -230.478
Total T: 52600 Episode Num: 263 Episode T: 200 Reward: -121.817
Total T: 52800 Episode Num: 264 Episode T: 200 Reward: -121.283
Total T: 53000 Episode Num: 265 Episode T: 200 Reward: -237.285
Total T: 53200 Episode Num: 266 Episode T: 200 Reward: -226.853
Total T: 53400 Episode Num: 267 Episode T: 200 Reward: -121.932
Total T: 53600 Episode Num: 268 Episode T: 200 Reward: -124.173
Total T: 53800 Episode Num: 269 Episode T: 200 Reward: -116.177
Total T: 54000 Episode Num: 270 Episode T: 200 Reward: -250.374
Total T: 54200 Episode Num: 271 Episode T: 200 Reward: -116.305
Total T: 54400 Episode Num: 272 Episode T: 200 Reward: -2.217
Total T: 54600 Episode Num: 273 Episode T: 200 Reward: -312.083
Total T: 54800 Episode Num: 274 Episode T: 200 Reward: -1.132
Total T: 55000 Episode Num: 275 Episode T: 200 Reward: -120.887
---------------------------------------
Evaluation over 10 episodes: -118.861
---------------------------------------
Total T: 55200 Episode Num: 276 Episode T: 200 Reward: -118.478
Total T: 55400 Episode Num: 277 Episode T: 200 Reward: -114.135
Total T: 55600 Episode Num: 278 Episode T: 200 Reward: -226.253
Total T: 55800 Episode Num: 279 Episode T: 200 Reward: -120.817
Total T: 56000 Episode Num: 280 Episode T: 200 Reward: -127.603
Total T: 56200 Episode Num: 281 Episode T: 200 Reward: -1.344
Total T: 56400 Episode Num: 282 Episode T: 200 Reward: -118.876
Total T: 56600 Episode Num: 283 Episode T: 200 Reward: -228.858
Total T: 56800 Episode Num: 284 Episode T: 200 Reward: -221.627
Total T: 57000 Episode Num: 285 Episode T: 200 Reward: -119.380
Total T: 57200 Episode Num: 286 Episode T: 200 Reward: -237.039
Total T: 57400 Episode Num: 287 Episode T: 200 Reward: -225.952
Total T: 57600 Episode Num: 288 Episode T: 200 Reward: -120.378
Total T: 57800 Episode Num: 289 Episode T: 200 Reward: -1.069
Total T: 58000 Episode Num: 290 Episode T: 200 Reward: -337.728
Total T: 58200 Episode Num: 291 Episode T: 200 Reward: -120.811
Total T: 58400 Episode Num: 292 Episode T: 200 Reward: -125.633
Total T: 58600 Episode Num: 293 Episode T: 200 Reward: -119.864
Total T: 58800 Episode Num: 294 Episode T: 200 Reward: -288.351
Total T: 59000 Episode Num: 295 Episode T: 200 Reward: -2.954
Total T: 59200 Episode Num: 296 Episode T: 200 Reward: -121.618
Total T: 59400 Episode Num: 297 Episode T: 200 Reward: -118.135
Total T: 59600 Episode Num: 298 Episode T: 200 Reward: -123.991
Total T: 59800 Episode Num: 299 Episode T: 200 Reward: -120.572
Total T: 60000 Episode Num: 300 Episode T: 200 Reward: -233.236
---------------------------------------
Evaluation over 10 episodes: -119.751
---------------------------------------
Total T: 60200 Episode Num: 301 Episode T: 200 Reward: -117.804
Total T: 60400 Episode Num: 302 Episode T: 200 Reward: -126.700
Total T: 60600 Episode Num: 303 Episode T: 200 Reward: -121.864
Total T: 60800 Episode Num: 304 Episode T: 200 Reward: -116.841
Total T: 61000 Episode Num: 305 Episode T: 200 Reward: -237.711
Total T: 61200 Episode Num: 306 Episode T: 200 Reward: -121.828
Total T: 61400 Episode Num: 307 Episode T: 200 Reward: -120.791
Total T: 61600 Episode Num: 308 Episode T: 200 Reward: -3.949
Total T: 61800 Episode Num: 309 Episode T: 200 Reward: -121.606
Total T: 62000 Episode Num: 310 Episode T: 200 Reward: -117.823
Total T: 62200 Episode Num: 311 Episode T: 200 Reward: -223.510
Total T: 62400 Episode Num: 312 Episode T: 200 Reward: -2.481
Total T: 62600 Episode Num: 313 Episode T: 200 Reward: -120.251
Total T: 62800 Episode Num: 314 Episode T: 200 Reward: -121.161
Total T: 63000 Episode Num: 315 Episode T: 200 Reward: -228.492
Total T: 63200 Episode Num: 316 Episode T: 200 Reward: -121.088
Total T: 63400 Episode Num: 317 Episode T: 200 Reward: -1.841
Total T: 63600 Episode Num: 318 Episode T: 200 Reward: -124.512
Total T: 63800 Episode Num: 319 Episode T: 200 Reward: -120.135
Total T: 64000 Episode Num: 320 Episode T: 200 Reward: -122.627
Total T: 64200 Episode Num: 321 Episode T: 200 Reward: -124.812
Total T: 64400 Episode Num: 322 Episode T: 200 Reward: -120.634
Total T: 64600 Episode Num: 323 Episode T: 200 Reward: -125.820
Total T: 64800 Episode Num: 324 Episode T: 200 Reward: -123.067
Total T: 65000 Episode Num: 325 Episode T: 200 Reward: -123.016
---------------------------------------
Evaluation over 10 episodes: -119.918
---------------------------------------
Total T: 65200 Episode Num: 326 Episode T: 200 Reward: -1.891
Total T: 65400 Episode Num: 327 Episode T: 200 Reward: -225.642
Total T: 65600 Episode Num: 328 Episode T: 200 Reward: -119.307
Total T: 65800 Episode Num: 329 Episode T: 200 Reward: -1.793
Total T: 66000 Episode Num: 330 Episode T: 200 Reward: -124.831
Total T: 66200 Episode Num: 331 Episode T: 200 Reward: -4.536
Total T: 66400 Episode Num: 332 Episode T: 200 Reward: -246.233
Total T: 66600 Episode Num: 333 Episode T: 200 Reward: -340.363
Total T: 66800 Episode Num: 334 Episode T: 200 Reward: -307.037
Total T: 67000 Episode Num: 335 Episode T: 200 Reward: -123.852
Total T: 67200 Episode Num: 336 Episode T: 200 Reward: -232.133
Total T: 67400 Episode Num: 337 Episode T: 200 Reward: -124.435
Total T: 67600 Episode Num: 338 Episode T: 200 Reward: -118.173
Total T: 67800 Episode Num: 339 Episode T: 200 Reward: -123.997
Total T: 68000 Episode Num: 340 Episode T: 200 Reward: -1.882
Total T: 68200 Episode Num: 341 Episode T: 200 Reward: -291.569
Total T: 68400 Episode Num: 342 Episode T: 200 Reward: -127.002
Total T: 68600 Episode Num: 343 Episode T: 200 Reward: -1.768
Total T: 68800 Episode Num: 344 Episode T: 200 Reward: -244.508
Total T: 69000 Episode Num: 345 Episode T: 200 Reward: -1.165
Total T: 69200 Episode Num: 346 Episode T: 200 Reward: -117.927
Total T: 69400 Episode Num: 347 Episode T: 200 Reward: -233.066
Total T: 69600 Episode Num: 348 Episode T: 200 Reward: -228.097
Total T: 69800 Episode Num: 349 Episode T: 200 Reward: -114.927
Total T: 70000 Episode Num: 350 Episode T: 200 Reward: -120.874
---------------------------------------
Evaluation over 10 episodes: -119.551
---------------------------------------
Total T: 70200 Episode Num: 351 Episode T: 200 Reward: -128.005
Total T: 70400 Episode Num: 352 Episode T: 200 Reward: -0.810
Total T: 70600 Episode Num: 353 Episode T: 200 Reward: -125.904
Total T: 70800 Episode Num: 354 Episode T: 200 Reward: -242.744
Total T: 71000 Episode Num: 355 Episode T: 200 Reward: -231.171
Total T: 71200 Episode Num: 356 Episode T: 200 Reward: -227.188
Total T: 71400 Episode Num: 357 Episode T: 200 Reward: -0.556
Total T: 71600 Episode Num: 358 Episode T: 200 Reward: -128.207
Total T: 71800 Episode Num: 359 Episode T: 200 Reward: -2.469
Total T: 72000 Episode Num: 360 Episode T: 200 Reward: -243.727
Total T: 72200 Episode Num: 361 Episode T: 200 Reward: -116.132
Total T: 72400 Episode Num: 362 Episode T: 200 Reward: -125.683
Total T: 72600 Episode Num: 363 Episode T: 200 Reward: -118.881
Total T: 72800 Episode Num: 364 Episode T: 200 Reward: -1.173
Total T: 73000 Episode Num: 365 Episode T: 200 Reward: -122.021
Total T: 73200 Episode Num: 366 Episode T: 200 Reward: -256.455
Total T: 73400 Episode Num: 367 Episode T: 200 Reward: -126.419
Total T: 73600 Episode Num: 368 Episode T: 200 Reward: -251.162
Total T: 73800 Episode Num: 369 Episode T: 200 Reward: -125.583
Total T: 74000 Episode Num: 370 Episode T: 200 Reward: -233.130
Total T: 74200 Episode Num: 371 Episode T: 200 Reward: -231.853
Total T: 74400 Episode Num: 372 Episode T: 200 Reward: -228.104
Total T: 74600 Episode Num: 373 Episode T: 200 Reward: -114.497
Total T: 74800 Episode Num: 374 Episode T: 200 Reward: -0.928
Total T: 75000 Episode Num: 375 Episode T: 200 Reward: -346.962
---------------------------------------
Evaluation over 10 episodes: -126.321
---------------------------------------
Total T: 75200 Episode Num: 376 Episode T: 200 Reward: -229.351
Total T: 75400 Episode Num: 377 Episode T: 200 Reward: -121.927
Total T: 75600 Episode Num: 378 Episode T: 200 Reward: -124.495
Total T: 75800 Episode Num: 379 Episode T: 200 Reward: -119.888
Total T: 76000 Episode Num: 380 Episode T: 200 Reward: -117.915
Total T: 76200 Episode Num: 381 Episode T: 200 Reward: -130.897
Total T: 76400 Episode Num: 382 Episode T: 200 Reward: -131.160
Total T: 76600 Episode Num: 383 Episode T: 200 Reward: -327.822
Total T: 76800 Episode Num: 384 Episode T: 200 Reward: -5.817
Total T: 77000 Episode Num: 385 Episode T: 200 Reward: -128.349
Total T: 77200 Episode Num: 386 Episode T: 200 Reward: -123.100
Total T: 77400 Episode Num: 387 Episode T: 200 Reward: -6.138
Total T: 77600 Episode Num: 388 Episode T: 200 Reward: -120.178
Total T: 77800 Episode Num: 389 Episode T: 200 Reward: -235.967
Total T: 78000 Episode Num: 390 Episode T: 200 Reward: -330.992
Total T: 78200 Episode Num: 391 Episode T: 200 Reward: -351.548
Total T: 78400 Episode Num: 392 Episode T: 200 Reward: -6.129
Total T: 78600 Episode Num: 393 Episode T: 200 Reward: -232.669
Total T: 78800 Episode Num: 394 Episode T: 200 Reward: -121.049
Total T: 79000 Episode Num: 395 Episode T: 200 Reward: -125.872
Total T: 79200 Episode Num: 396 Episode T: 200 Reward: -232.078
Total T: 79400 Episode Num: 397 Episode T: 200 Reward: -128.838
Total T: 79600 Episode Num: 398 Episode T: 200 Reward: -121.705
Total T: 79800 Episode Num: 399 Episode T: 200 Reward: -324.974
Total T: 80000 Episode Num: 400 Episode T: 200 Reward: -131.492
---------------------------------------
Evaluation over 10 episodes: -125.785
---------------------------------------
Total T: 80200 Episode Num: 401 Episode T: 200 Reward: -120.150
Total T: 80400 Episode Num: 402 Episode T: 200 Reward: -244.946
Total T: 80600 Episode Num: 403 Episode T: 200 Reward: -128.032
Total T: 80800 Episode Num: 404 Episode T: 200 Reward: -125.654
Total T: 81000 Episode Num: 405 Episode T: 200 Reward: -130.852
Total T: 81200 Episode Num: 406 Episode T: 200 Reward: -125.695
Total T: 81400 Episode Num: 407 Episode T: 200 Reward: -320.907
Total T: 81600 Episode Num: 408 Episode T: 200 Reward: -250.959
Total T: 81800 Episode Num: 409 Episode T: 200 Reward: -238.257
Total T: 82000 Episode Num: 410 Episode T: 200 Reward: -126.669
Total T: 82200 Episode Num: 411 Episode T: 200 Reward: -114.636
Total T: 82400 Episode Num: 412 Episode T: 200 Reward: -117.458
Total T: 82600 Episode Num: 413 Episode T: 200 Reward: -129.342
Total T: 82800 Episode Num: 414 Episode T: 200 Reward: -117.346
Total T: 83000 Episode Num: 415 Episode T: 200 Reward: -119.799
Total T: 83200 Episode Num: 416 Episode T: 200 Reward: -0.638
Total T: 83400 Episode Num: 417 Episode T: 200 Reward: -232.521
Total T: 83600 Episode Num: 418 Episode T: 200 Reward: -118.676
Total T: 83800 Episode Num: 419 Episode T: 200 Reward: -128.580
Total T: 84000 Episode Num: 420 Episode T: 200 Reward: -124.191
Total T: 84200 Episode Num: 421 Episode T: 200 Reward: -122.581
Total T: 84400 Episode Num: 422 Episode T: 200 Reward: -127.088
Total T: 84600 Episode Num: 423 Episode T: 200 Reward: -237.059
Total T: 84800 Episode Num: 424 Episode T: 200 Reward: -234.679
Total T: 85000 Episode Num: 425 Episode T: 200 Reward: -244.539
---------------------------------------
Evaluation over 10 episodes: -119.733
---------------------------------------
Total T: 85200 Episode Num: 426 Episode T: 200 Reward: -234.741
Total T: 85400 Episode Num: 427 Episode T: 200 Reward: -116.478
Total T: 85600 Episode Num: 428 Episode T: 200 Reward: -126.452
Total T: 85800 Episode Num: 429 Episode T: 200 Reward: -1.296
Total T: 86000 Episode Num: 430 Episode T: 200 Reward: -117.486
Total T: 86200 Episode Num: 431 Episode T: 200 Reward: -125.229
Total T: 86400 Episode Num: 432 Episode T: 200 Reward: -341.131
Total T: 86600 Episode Num: 433 Episode T: 200 Reward: -115.768
Total T: 86800 Episode Num: 434 Episode T: 200 Reward: -337.033
Total T: 87000 Episode Num: 435 Episode T: 200 Reward: -125.209
Total T: 87200 Episode Num: 436 Episode T: 200 Reward: -2.153
Total T: 87400 Episode Num: 437 Episode T: 200 Reward: -123.978
Total T: 87600 Episode Num: 438 Episode T: 200 Reward: -128.512
Total T: 87800 Episode Num: 439 Episode T: 200 Reward: -229.621
Total T: 88000 Episode Num: 440 Episode T: 200 Reward: -232.456
Total T: 88200 Episode Num: 441 Episode T: 200 Reward: -311.377
Total T: 88400 Episode Num: 442 Episode T: 200 Reward: -224.260
Total T: 88600 Episode Num: 443 Episode T: 200 Reward: -119.247
Total T: 88800 Episode Num: 444 Episode T: 200 Reward: -124.954
Total T: 89000 Episode Num: 445 Episode T: 200 Reward: -123.296
Total T: 89200 Episode Num: 446 Episode T: 200 Reward: -1.869
Total T: 89400 Episode Num: 447 Episode T: 200 Reward: -120.447
Total T: 89600 Episode Num: 448 Episode T: 200 Reward: -122.483
Total T: 89800 Episode Num: 449 Episode T: 200 Reward: -3.278
Total T: 90000 Episode Num: 450 Episode T: 200 Reward: -234.199
---------------------------------------
Evaluation over 10 episodes: -120.857
---------------------------------------
Total T: 90200 Episode Num: 451 Episode T: 200 Reward: -118.221
Total T: 90400 Episode Num: 452 Episode T: 200 Reward: -115.619
Total T: 90600 Episode Num: 453 Episode T: 200 Reward: -2.532
Total T: 90800 Episode Num: 454 Episode T: 200 Reward: -233.110
Total T: 91000 Episode Num: 455 Episode T: 200 Reward: -117.983
Total T: 91200 Episode Num: 456 Episode T: 200 Reward: -223.558
Total T: 91400 Episode Num: 457 Episode T: 200 Reward: -126.882
Total T: 91600 Episode Num: 458 Episode T: 200 Reward: -252.780
Total T: 91800 Episode Num: 459 Episode T: 200 Reward: -3.524
Total T: 92000 Episode Num: 460 Episode T: 200 Reward: -2.441
Total T: 92200 Episode Num: 461 Episode T: 200 Reward: -228.218
Total T: 92400 Episode Num: 462 Episode T: 200 Reward: -224.699
Total T: 92600 Episode Num: 463 Episode T: 200 Reward: -118.167
Total T: 92800 Episode Num: 464 Episode T: 200 Reward: -2.931
Total T: 93000 Episode Num: 465 Episode T: 200 Reward: -122.870
Total T: 93200 Episode Num: 466 Episode T: 200 Reward: -231.764
Total T: 93400 Episode Num: 467 Episode T: 200 Reward: -117.881
Total T: 93600 Episode Num: 468 Episode T: 200 Reward: -225.962
Total T: 93800 Episode Num: 469 Episode T: 200 Reward: -122.348
Total T: 94000 Episode Num: 470 Episode T: 200 Reward: -220.409
Total T: 94200 Episode Num: 471 Episode T: 200 Reward: -319.784
Total T: 94400 Episode Num: 472 Episode T: 200 Reward: -124.108
Total T: 94600 Episode Num: 473 Episode T: 200 Reward: -227.022
Total T: 94800 Episode Num: 474 Episode T: 200 Reward: -2.481
Total T: 95000 Episode Num: 475 Episode T: 200 Reward: -118.362
---------------------------------------
Evaluation over 10 episodes: -119.969
---------------------------------------
Total T: 95200 Episode Num: 476 Episode T: 200 Reward: -117.608
Total T: 95400 Episode Num: 477 Episode T: 200 Reward: -317.582
Total T: 95600 Episode Num: 478 Episode T: 200 Reward: -126.041
Total T: 95800 Episode Num: 479 Episode T: 200 Reward: -228.954
Total T: 96000 Episode Num: 480 Episode T: 200 Reward: -239.598
Total T: 96200 Episode Num: 481 Episode T: 200 Reward: -123.086
Total T: 96400 Episode Num: 482 Episode T: 200 Reward: -120.877
Total T: 96600 Episode Num: 483 Episode T: 200 Reward: -128.471
Total T: 96800 Episode Num: 484 Episode T: 200 Reward: -118.977
Total T: 97000 Episode Num: 485 Episode T: 200 Reward: -1.715
Total T: 97200 Episode Num: 486 Episode T: 200 Reward: -229.491
Total T: 97400 Episode Num: 487 Episode T: 200 Reward: -120.006
Total T: 97600 Episode Num: 488 Episode T: 200 Reward: -114.418
Total T: 97800 Episode Num: 489 Episode T: 200 Reward: -224.831
Total T: 98000 Episode Num: 490 Episode T: 200 Reward: -233.630
Total T: 98200 Episode Num: 491 Episode T: 200 Reward: -118.759
Total T: 98400 Episode Num: 492 Episode T: 200 Reward: -227.383
Total T: 98600 Episode Num: 493 Episode T: 200 Reward: -123.391
Total T: 98800 Episode Num: 494 Episode T: 200 Reward: -117.072
Total T: 99000 Episode Num: 495 Episode T: 200 Reward: -1.651
Total T: 99200 Episode Num: 496 Episode T: 200 Reward: -234.935
Total T: 99400 Episode Num: 497 Episode T: 200 Reward: -126.088
Total T: 99600 Episode Num: 498 Episode T: 200 Reward: -127.324
Total T: 99800 Episode Num: 499 Episode T: 200 Reward: -128.639
Total T: 100000 Episode Num: 500 Episode T: 200 Reward: -248.176
---------------------------------------
Evaluation over 10 episodes: -119.861
---------------------------------------
Saving .json file
Juste pour tester max timesteps per episode: 200
