---------------------------------------
Policy: TD3, Env: Pendulum-v1, Seed: 3
---------------------------------------
---------------------------------------
Evaluation over 10 episodes: -1432.600
---------------------------------------
Total T: 200 Episode Num: 1 Episode T: 200 Reward: -1281.270
Total T: 400 Episode Num: 2 Episode T: 200 Reward: -1732.379
Total T: 600 Episode Num: 3 Episode T: 200 Reward: -765.541
Total T: 800 Episode Num: 4 Episode T: 200 Reward: -1067.906
Total T: 1000 Episode Num: 5 Episode T: 200 Reward: -1081.521
Total T: 1200 Episode Num: 6 Episode T: 200 Reward: -917.693
Total T: 1400 Episode Num: 7 Episode T: 200 Reward: -1243.667
Total T: 1600 Episode Num: 8 Episode T: 200 Reward: -986.259
Total T: 1800 Episode Num: 9 Episode T: 200 Reward: -1046.588
Total T: 2000 Episode Num: 10 Episode T: 200 Reward: -1658.197
Total T: 2200 Episode Num: 11 Episode T: 200 Reward: -1232.790
Total T: 2400 Episode Num: 12 Episode T: 200 Reward: -1530.034
Total T: 2600 Episode Num: 13 Episode T: 200 Reward: -754.629
Total T: 2800 Episode Num: 14 Episode T: 200 Reward: -1760.846
Total T: 3000 Episode Num: 15 Episode T: 200 Reward: -1160.231
Total T: 3200 Episode Num: 16 Episode T: 200 Reward: -974.949
Total T: 3400 Episode Num: 17 Episode T: 200 Reward: -1221.966
Total T: 3600 Episode Num: 18 Episode T: 200 Reward: -895.660
Total T: 3800 Episode Num: 19 Episode T: 200 Reward: -978.312
Total T: 4000 Episode Num: 20 Episode T: 200 Reward: -1081.571
Total T: 4200 Episode Num: 21 Episode T: 200 Reward: -910.946
Total T: 4400 Episode Num: 22 Episode T: 200 Reward: -1002.215
Total T: 4600 Episode Num: 23 Episode T: 200 Reward: -1534.322
Total T: 4800 Episode Num: 24 Episode T: 200 Reward: -1393.703
Total T: 5000 Episode Num: 25 Episode T: 200 Reward: -999.777
---------------------------------------
Evaluation over 10 episodes: -1432.600
---------------------------------------
Total T: 5200 Episode Num: 26 Episode T: 200 Reward: -1290.964
Total T: 5400 Episode Num: 27 Episode T: 200 Reward: -1523.468
Total T: 5600 Episode Num: 28 Episode T: 200 Reward: -884.379
Total T: 5800 Episode Num: 29 Episode T: 200 Reward: -872.877
Total T: 6000 Episode Num: 30 Episode T: 200 Reward: -1408.182
Total T: 6200 Episode Num: 31 Episode T: 200 Reward: -1251.638
Total T: 6400 Episode Num: 32 Episode T: 200 Reward: -1578.674
Total T: 6600 Episode Num: 33 Episode T: 200 Reward: -1439.179
Total T: 6800 Episode Num: 34 Episode T: 200 Reward: -1656.145
Total T: 7000 Episode Num: 35 Episode T: 200 Reward: -856.597
Total T: 7200 Episode Num: 36 Episode T: 200 Reward: -1289.546
Total T: 7400 Episode Num: 37 Episode T: 200 Reward: -1536.717
Total T: 7600 Episode Num: 38 Episode T: 200 Reward: -1561.013
Total T: 7800 Episode Num: 39 Episode T: 200 Reward: -1308.597
Total T: 8000 Episode Num: 40 Episode T: 200 Reward: -1319.349
Total T: 8200 Episode Num: 41 Episode T: 200 Reward: -886.141
Total T: 8400 Episode Num: 42 Episode T: 200 Reward: -1666.872
Total T: 8600 Episode Num: 43 Episode T: 200 Reward: -1390.108
Total T: 8800 Episode Num: 44 Episode T: 200 Reward: -869.969
Total T: 9000 Episode Num: 45 Episode T: 200 Reward: -1180.199
Total T: 9200 Episode Num: 46 Episode T: 200 Reward: -1161.260
Total T: 9400 Episode Num: 47 Episode T: 200 Reward: -1173.926
Total T: 9600 Episode Num: 48 Episode T: 200 Reward: -820.180
Total T: 9800 Episode Num: 49 Episode T: 200 Reward: -849.044
Total T: 10000 Episode Num: 50 Episode T: 200 Reward: -875.143
---------------------------------------
Evaluation over 10 episodes: -1432.600
---------------------------------------
Total T: 10200 Episode Num: 51 Episode T: 200 Reward: -1199.865
Total T: 10400 Episode Num: 52 Episode T: 200 Reward: -1859.919
Total T: 10600 Episode Num: 53 Episode T: 200 Reward: -1188.124
Total T: 10800 Episode Num: 54 Episode T: 200 Reward: -880.002
Total T: 11000 Episode Num: 55 Episode T: 200 Reward: -1488.674
Total T: 11200 Episode Num: 56 Episode T: 200 Reward: -756.643
Total T: 11400 Episode Num: 57 Episode T: 200 Reward: -972.371
Total T: 11600 Episode Num: 58 Episode T: 200 Reward: -858.855
Total T: 11800 Episode Num: 59 Episode T: 200 Reward: -1077.218
Total T: 12000 Episode Num: 60 Episode T: 200 Reward: -1433.547
Total T: 12200 Episode Num: 61 Episode T: 200 Reward: -1064.252
Total T: 12400 Episode Num: 62 Episode T: 200 Reward: -1337.325
Total T: 12600 Episode Num: 63 Episode T: 200 Reward: -749.570
Total T: 12800 Episode Num: 64 Episode T: 200 Reward: -1077.253
Total T: 13000 Episode Num: 65 Episode T: 200 Reward: -986.063
Total T: 13200 Episode Num: 66 Episode T: 200 Reward: -1086.373
Total T: 13400 Episode Num: 67 Episode T: 200 Reward: -942.589
Total T: 13600 Episode Num: 68 Episode T: 200 Reward: -1185.668
Total T: 13800 Episode Num: 69 Episode T: 200 Reward: -1188.223
Total T: 14000 Episode Num: 70 Episode T: 200 Reward: -978.741
Total T: 14200 Episode Num: 71 Episode T: 200 Reward: -1173.127
Total T: 14400 Episode Num: 72 Episode T: 200 Reward: -1553.362
Total T: 14600 Episode Num: 73 Episode T: 200 Reward: -1568.511
Total T: 14800 Episode Num: 74 Episode T: 200 Reward: -1167.351
Total T: 15000 Episode Num: 75 Episode T: 200 Reward: -882.547
---------------------------------------
Evaluation over 10 episodes: -1432.600
---------------------------------------
Total T: 15200 Episode Num: 76 Episode T: 200 Reward: -1453.985
Total T: 15400 Episode Num: 77 Episode T: 200 Reward: -1071.611
Total T: 15600 Episode Num: 78 Episode T: 200 Reward: -1678.139
Total T: 15800 Episode Num: 79 Episode T: 200 Reward: -911.725
Total T: 16000 Episode Num: 80 Episode T: 200 Reward: -1666.706
Total T: 16200 Episode Num: 81 Episode T: 200 Reward: -1475.005
Total T: 16400 Episode Num: 82 Episode T: 200 Reward: -1638.216
Total T: 16600 Episode Num: 83 Episode T: 200 Reward: -1651.369
Total T: 16800 Episode Num: 84 Episode T: 200 Reward: -875.659
Total T: 17000 Episode Num: 85 Episode T: 200 Reward: -1178.096
Total T: 17200 Episode Num: 86 Episode T: 200 Reward: -873.194
Total T: 17400 Episode Num: 87 Episode T: 200 Reward: -1089.373
Total T: 17600 Episode Num: 88 Episode T: 200 Reward: -876.711
Total T: 17800 Episode Num: 89 Episode T: 200 Reward: -780.700
Total T: 18000 Episode Num: 90 Episode T: 200 Reward: -976.426
Total T: 18200 Episode Num: 91 Episode T: 200 Reward: -902.183
Total T: 18400 Episode Num: 92 Episode T: 200 Reward: -973.678
Total T: 18600 Episode Num: 93 Episode T: 200 Reward: -1611.612
Total T: 18800 Episode Num: 94 Episode T: 200 Reward: -1148.973
Total T: 19000 Episode Num: 95 Episode T: 200 Reward: -864.257
Total T: 19200 Episode Num: 96 Episode T: 200 Reward: -1524.235
Total T: 19400 Episode Num: 97 Episode T: 200 Reward: -739.776
Total T: 19600 Episode Num: 98 Episode T: 200 Reward: -1195.871
Total T: 19800 Episode Num: 99 Episode T: 200 Reward: -1024.291
Total T: 20000 Episode Num: 100 Episode T: 200 Reward: -1169.607
---------------------------------------
Evaluation over 10 episodes: -1432.600
---------------------------------------
Total T: 20200 Episode Num: 101 Episode T: 200 Reward: -1601.188
Total T: 20400 Episode Num: 102 Episode T: 200 Reward: -1445.190
Total T: 20600 Episode Num: 103 Episode T: 200 Reward: -965.020
Total T: 20800 Episode Num: 104 Episode T: 200 Reward: -973.821
Total T: 21000 Episode Num: 105 Episode T: 200 Reward: -1684.178
Total T: 21200 Episode Num: 106 Episode T: 200 Reward: -1507.356
Total T: 21400 Episode Num: 107 Episode T: 200 Reward: -1463.225
Total T: 21600 Episode Num: 108 Episode T: 200 Reward: -1537.729
Total T: 21800 Episode Num: 109 Episode T: 200 Reward: -1281.800
Total T: 22000 Episode Num: 110 Episode T: 200 Reward: -1165.035
Total T: 22200 Episode Num: 111 Episode T: 200 Reward: -878.656
Total T: 22400 Episode Num: 112 Episode T: 200 Reward: -1222.508
Total T: 22600 Episode Num: 113 Episode T: 200 Reward: -1087.255
Total T: 22800 Episode Num: 114 Episode T: 200 Reward: -902.019
Total T: 23000 Episode Num: 115 Episode T: 200 Reward: -949.735
Total T: 23200 Episode Num: 116 Episode T: 200 Reward: -1382.264
Total T: 23400 Episode Num: 117 Episode T: 200 Reward: -1475.016
Total T: 23600 Episode Num: 118 Episode T: 200 Reward: -1444.222
Total T: 23800 Episode Num: 119 Episode T: 200 Reward: -1449.628
Total T: 24000 Episode Num: 120 Episode T: 200 Reward: -1601.464
Total T: 24200 Episode Num: 121 Episode T: 200 Reward: -949.527
Total T: 24400 Episode Num: 122 Episode T: 200 Reward: -962.248
Total T: 24600 Episode Num: 123 Episode T: 200 Reward: -1163.977
Total T: 24800 Episode Num: 124 Episode T: 200 Reward: -1168.513
Total T: 25000 Episode Num: 125 Episode T: 200 Reward: -862.978
---------------------------------------
Evaluation over 10 episodes: -1432.600
---------------------------------------
Total T: 25200 Episode Num: 126 Episode T: 200 Reward: -1167.002
Total T: 25400 Episode Num: 127 Episode T: 200 Reward: -1407.253
Total T: 25600 Episode Num: 128 Episode T: 200 Reward: -1723.923
Total T: 25800 Episode Num: 129 Episode T: 200 Reward: -1819.683
Total T: 26000 Episode Num: 130 Episode T: 200 Reward: -1807.858
Total T: 26200 Episode Num: 131 Episode T: 200 Reward: -1549.207
Total T: 26400 Episode Num: 132 Episode T: 200 Reward: -1461.384
Total T: 26600 Episode Num: 133 Episode T: 200 Reward: -1499.331
Total T: 26800 Episode Num: 134 Episode T: 200 Reward: -1528.440
Total T: 27000 Episode Num: 135 Episode T: 200 Reward: -1504.325
Total T: 27200 Episode Num: 136 Episode T: 200 Reward: -1519.607
Total T: 27400 Episode Num: 137 Episode T: 200 Reward: -1393.450
Total T: 27600 Episode Num: 138 Episode T: 200 Reward: -1280.721
Total T: 27800 Episode Num: 139 Episode T: 200 Reward: -1522.662
Total T: 28000 Episode Num: 140 Episode T: 200 Reward: -1346.909
Total T: 28200 Episode Num: 141 Episode T: 200 Reward: -1024.166
Total T: 28400 Episode Num: 142 Episode T: 200 Reward: -1043.701
Total T: 28600 Episode Num: 143 Episode T: 200 Reward: -1512.510
Total T: 28800 Episode Num: 144 Episode T: 200 Reward: -795.091
Total T: 29000 Episode Num: 145 Episode T: 200 Reward: -407.503
Total T: 29200 Episode Num: 146 Episode T: 200 Reward: -1515.015
Total T: 29400 Episode Num: 147 Episode T: 200 Reward: -422.010
Total T: 29600 Episode Num: 148 Episode T: 200 Reward: -127.812
Total T: 29800 Episode Num: 149 Episode T: 200 Reward: -128.147
Total T: 30000 Episode Num: 150 Episode T: 200 Reward: -1.178
---------------------------------------
Evaluation over 10 episodes: -268.974
---------------------------------------
Total T: 30200 Episode Num: 151 Episode T: 200 Reward: -272.097
Total T: 30400 Episode Num: 152 Episode T: 200 Reward: -386.567
Total T: 30600 Episode Num: 153 Episode T: 200 Reward: -278.168
Total T: 30800 Episode Num: 154 Episode T: 200 Reward: -454.467
Total T: 31000 Episode Num: 155 Episode T: 200 Reward: -125.972
Total T: 31200 Episode Num: 156 Episode T: 200 Reward: -2.048
Total T: 31400 Episode Num: 157 Episode T: 200 Reward: -273.125
Total T: 31600 Episode Num: 158 Episode T: 200 Reward: -332.573
Total T: 31800 Episode Num: 159 Episode T: 200 Reward: -126.548
Total T: 32000 Episode Num: 160 Episode T: 200 Reward: -374.778
Total T: 32200 Episode Num: 161 Episode T: 200 Reward: -124.215
Total T: 32400 Episode Num: 162 Episode T: 200 Reward: -125.840
Total T: 32600 Episode Num: 163 Episode T: 200 Reward: -127.150
Total T: 32800 Episode Num: 164 Episode T: 200 Reward: -331.590
Total T: 33000 Episode Num: 165 Episode T: 200 Reward: -126.185
Total T: 33200 Episode Num: 166 Episode T: 200 Reward: -117.743
Total T: 33400 Episode Num: 167 Episode T: 200 Reward: -231.016
Total T: 33600 Episode Num: 168 Episode T: 200 Reward: -121.075
Total T: 33800 Episode Num: 169 Episode T: 200 Reward: -121.798
Total T: 34000 Episode Num: 170 Episode T: 200 Reward: -234.237
Total T: 34200 Episode Num: 171 Episode T: 200 Reward: -120.916
Total T: 34400 Episode Num: 172 Episode T: 200 Reward: -237.819
Total T: 34600 Episode Num: 173 Episode T: 200 Reward: -126.749
Total T: 34800 Episode Num: 174 Episode T: 200 Reward: -121.058
Total T: 35000 Episode Num: 175 Episode T: 200 Reward: -115.012
---------------------------------------
Evaluation over 10 episodes: -120.188
---------------------------------------
Total T: 35200 Episode Num: 176 Episode T: 200 Reward: -226.843
Total T: 35400 Episode Num: 177 Episode T: 200 Reward: -119.049
Total T: 35600 Episode Num: 178 Episode T: 200 Reward: -130.000
Total T: 35800 Episode Num: 179 Episode T: 200 Reward: -119.907
Total T: 36000 Episode Num: 180 Episode T: 200 Reward: -339.173
Total T: 36200 Episode Num: 181 Episode T: 200 Reward: -127.244
Total T: 36400 Episode Num: 182 Episode T: 200 Reward: -118.797
Total T: 36600 Episode Num: 183 Episode T: 200 Reward: -117.680
Total T: 36800 Episode Num: 184 Episode T: 200 Reward: -230.531
Total T: 37000 Episode Num: 185 Episode T: 200 Reward: -121.858
Total T: 37200 Episode Num: 186 Episode T: 200 Reward: -238.059
Total T: 37400 Episode Num: 187 Episode T: 200 Reward: -118.592
Total T: 37600 Episode Num: 188 Episode T: 200 Reward: -118.099
Total T: 37800 Episode Num: 189 Episode T: 200 Reward: -244.050
Total T: 38000 Episode Num: 190 Episode T: 200 Reward: -348.813
Total T: 38200 Episode Num: 191 Episode T: 200 Reward: -227.661
Total T: 38400 Episode Num: 192 Episode T: 200 Reward: -122.747
Total T: 38600 Episode Num: 193 Episode T: 200 Reward: -230.904
Total T: 38800 Episode Num: 194 Episode T: 200 Reward: -120.217
Total T: 39000 Episode Num: 195 Episode T: 200 Reward: -2.638
Total T: 39200 Episode Num: 196 Episode T: 200 Reward: -0.518
Total T: 39400 Episode Num: 197 Episode T: 200 Reward: -251.262
Total T: 39600 Episode Num: 198 Episode T: 200 Reward: -116.779
Total T: 39800 Episode Num: 199 Episode T: 200 Reward: -118.656
Total T: 40000 Episode Num: 200 Episode T: 200 Reward: -122.410
---------------------------------------
Evaluation over 10 episodes: -118.380
---------------------------------------
Total T: 40200 Episode Num: 201 Episode T: 200 Reward: -122.381
Total T: 40400 Episode Num: 202 Episode T: 200 Reward: -123.449
Total T: 40600 Episode Num: 203 Episode T: 200 Reward: -117.957
Total T: 40800 Episode Num: 204 Episode T: 200 Reward: -123.996
Total T: 41000 Episode Num: 205 Episode T: 200 Reward: -226.533
Total T: 41200 Episode Num: 206 Episode T: 200 Reward: -114.399
Total T: 41400 Episode Num: 207 Episode T: 200 Reward: -0.188
Total T: 41600 Episode Num: 208 Episode T: 200 Reward: -120.962
Total T: 41800 Episode Num: 209 Episode T: 200 Reward: -119.304
Total T: 42000 Episode Num: 210 Episode T: 200 Reward: -117.597
Total T: 42200 Episode Num: 211 Episode T: 200 Reward: -224.080
Total T: 42400 Episode Num: 212 Episode T: 200 Reward: -225.521
Total T: 42600 Episode Num: 213 Episode T: 200 Reward: -117.184
Total T: 42800 Episode Num: 214 Episode T: 200 Reward: -0.192
Total T: 43000 Episode Num: 215 Episode T: 200 Reward: -113.412
Total T: 43200 Episode Num: 216 Episode T: 200 Reward: -120.341
Total T: 43400 Episode Num: 217 Episode T: 200 Reward: -120.548
Total T: 43600 Episode Num: 218 Episode T: 200 Reward: -118.240
Total T: 43800 Episode Num: 219 Episode T: 200 Reward: -118.615
Total T: 44000 Episode Num: 220 Episode T: 200 Reward: -0.162
Total T: 44200 Episode Num: 221 Episode T: 200 Reward: -124.864
Total T: 44400 Episode Num: 222 Episode T: 200 Reward: -124.824
Total T: 44600 Episode Num: 223 Episode T: 200 Reward: -296.158
Total T: 44800 Episode Num: 224 Episode T: 200 Reward: -123.008
Total T: 45000 Episode Num: 225 Episode T: 200 Reward: -122.753
---------------------------------------
Evaluation over 10 episodes: -117.144
---------------------------------------
Total T: 45200 Episode Num: 226 Episode T: 200 Reward: -119.068
Total T: 45400 Episode Num: 227 Episode T: 200 Reward: -238.244
Total T: 45600 Episode Num: 228 Episode T: 200 Reward: -123.289
Total T: 45800 Episode Num: 229 Episode T: 200 Reward: -119.777
Total T: 46000 Episode Num: 230 Episode T: 200 Reward: -119.374
Total T: 46200 Episode Num: 231 Episode T: 200 Reward: -225.685
Total T: 46400 Episode Num: 232 Episode T: 200 Reward: -0.212
Total T: 46600 Episode Num: 233 Episode T: 200 Reward: -2.806
Total T: 46800 Episode Num: 234 Episode T: 200 Reward: -118.149
Total T: 47000 Episode Num: 235 Episode T: 200 Reward: -120.297
Total T: 47200 Episode Num: 236 Episode T: 200 Reward: -342.298
Total T: 47400 Episode Num: 237 Episode T: 200 Reward: -262.136
Total T: 47600 Episode Num: 238 Episode T: 200 Reward: -125.952
Total T: 47800 Episode Num: 239 Episode T: 200 Reward: -118.993
Total T: 48000 Episode Num: 240 Episode T: 200 Reward: -122.267
Total T: 48200 Episode Num: 241 Episode T: 200 Reward: -0.260
Total T: 48400 Episode Num: 242 Episode T: 200 Reward: -231.913
Total T: 48600 Episode Num: 243 Episode T: 200 Reward: -117.270
Total T: 48800 Episode Num: 244 Episode T: 200 Reward: -113.700
Total T: 49000 Episode Num: 245 Episode T: 200 Reward: -123.416
Total T: 49200 Episode Num: 246 Episode T: 200 Reward: -114.818
Total T: 49400 Episode Num: 247 Episode T: 200 Reward: -119.880
Total T: 49600 Episode Num: 248 Episode T: 200 Reward: -126.677
Total T: 49800 Episode Num: 249 Episode T: 200 Reward: -119.773
Total T: 50000 Episode Num: 250 Episode T: 200 Reward: -241.573
---------------------------------------
Evaluation over 10 episodes: -118.860
---------------------------------------
Total T: 50200 Episode Num: 251 Episode T: 200 Reward: -124.630
Total T: 50400 Episode Num: 252 Episode T: 200 Reward: -117.622
Total T: 50600 Episode Num: 253 Episode T: 200 Reward: -228.773
Total T: 50800 Episode Num: 254 Episode T: 200 Reward: -231.006
Total T: 51000 Episode Num: 255 Episode T: 200 Reward: -116.545
Total T: 51200 Episode Num: 256 Episode T: 200 Reward: -319.361
Total T: 51400 Episode Num: 257 Episode T: 200 Reward: -129.102
Total T: 51600 Episode Num: 258 Episode T: 200 Reward: -0.323
Total T: 51800 Episode Num: 259 Episode T: 200 Reward: -114.422
Total T: 52000 Episode Num: 260 Episode T: 200 Reward: -230.966
Total T: 52200 Episode Num: 261 Episode T: 200 Reward: -232.023
Total T: 52400 Episode Num: 262 Episode T: 200 Reward: -0.723
Total T: 52600 Episode Num: 263 Episode T: 200 Reward: -118.286
Total T: 52800 Episode Num: 264 Episode T: 200 Reward: -118.885
Total T: 53000 Episode Num: 265 Episode T: 200 Reward: -116.491
Total T: 53200 Episode Num: 266 Episode T: 200 Reward: -342.133
Total T: 53400 Episode Num: 267 Episode T: 200 Reward: -228.367
Total T: 53600 Episode Num: 268 Episode T: 200 Reward: -329.169
Total T: 53800 Episode Num: 269 Episode T: 200 Reward: -224.255
Total T: 54000 Episode Num: 270 Episode T: 200 Reward: -239.897
Total T: 54200 Episode Num: 271 Episode T: 200 Reward: -226.834
Total T: 54400 Episode Num: 272 Episode T: 200 Reward: -119.765
Total T: 54600 Episode Num: 273 Episode T: 200 Reward: -122.676
Total T: 54800 Episode Num: 274 Episode T: 200 Reward: -321.501
Total T: 55000 Episode Num: 275 Episode T: 200 Reward: -120.496
---------------------------------------
Evaluation over 10 episodes: -118.859
---------------------------------------
Total T: 55200 Episode Num: 276 Episode T: 200 Reward: -1.338
Total T: 55400 Episode Num: 277 Episode T: 200 Reward: -122.263
Total T: 55600 Episode Num: 278 Episode T: 200 Reward: -0.846
Total T: 55800 Episode Num: 279 Episode T: 200 Reward: -117.022
Total T: 56000 Episode Num: 280 Episode T: 200 Reward: -0.802
Total T: 56200 Episode Num: 281 Episode T: 200 Reward: -122.660
Total T: 56400 Episode Num: 282 Episode T: 200 Reward: -1.862
Total T: 56600 Episode Num: 283 Episode T: 200 Reward: -119.379
Total T: 56800 Episode Num: 284 Episode T: 200 Reward: -236.068
Total T: 57000 Episode Num: 285 Episode T: 200 Reward: -224.778
Total T: 57200 Episode Num: 286 Episode T: 200 Reward: -119.182
Total T: 57400 Episode Num: 287 Episode T: 200 Reward: -249.704
Total T: 57600 Episode Num: 288 Episode T: 200 Reward: -1.037
Total T: 57800 Episode Num: 289 Episode T: 200 Reward: -231.018
Total T: 58000 Episode Num: 290 Episode T: 200 Reward: -236.657
Total T: 58200 Episode Num: 291 Episode T: 200 Reward: -118.868
Total T: 58400 Episode Num: 292 Episode T: 200 Reward: -122.007
Total T: 58600 Episode Num: 293 Episode T: 200 Reward: -1.126
Total T: 58800 Episode Num: 294 Episode T: 200 Reward: -118.957
Total T: 59000 Episode Num: 295 Episode T: 200 Reward: -119.460
Total T: 59200 Episode Num: 296 Episode T: 200 Reward: -227.893
Total T: 59400 Episode Num: 297 Episode T: 200 Reward: -123.130
Total T: 59600 Episode Num: 298 Episode T: 200 Reward: -120.190
Total T: 59800 Episode Num: 299 Episode T: 200 Reward: -115.113
Total T: 60000 Episode Num: 300 Episode T: 200 Reward: -128.181
---------------------------------------
Evaluation over 10 episodes: -118.840
---------------------------------------
Total T: 60200 Episode Num: 301 Episode T: 200 Reward: -118.272
Total T: 60400 Episode Num: 302 Episode T: 200 Reward: -233.057
Total T: 60600 Episode Num: 303 Episode T: 200 Reward: -236.814
Total T: 60800 Episode Num: 304 Episode T: 200 Reward: -4.006
Total T: 61000 Episode Num: 305 Episode T: 200 Reward: -4.988
Total T: 61200 Episode Num: 306 Episode T: 200 Reward: -3.239
Total T: 61400 Episode Num: 307 Episode T: 200 Reward: -2.733
Total T: 61600 Episode Num: 308 Episode T: 200 Reward: -350.259
Total T: 61800 Episode Num: 309 Episode T: 200 Reward: -128.978
Total T: 62000 Episode Num: 310 Episode T: 200 Reward: -229.638
Total T: 62200 Episode Num: 311 Episode T: 200 Reward: -120.348
Total T: 62400 Episode Num: 312 Episode T: 200 Reward: -128.707
Total T: 62600 Episode Num: 313 Episode T: 200 Reward: -122.645
Total T: 62800 Episode Num: 314 Episode T: 200 Reward: -123.068
Total T: 63000 Episode Num: 315 Episode T: 200 Reward: -117.150
Total T: 63200 Episode Num: 316 Episode T: 200 Reward: -128.084
Total T: 63400 Episode Num: 317 Episode T: 200 Reward: -4.144
Total T: 63600 Episode Num: 318 Episode T: 200 Reward: -119.204
Total T: 63800 Episode Num: 319 Episode T: 200 Reward: -118.275
Total T: 64000 Episode Num: 320 Episode T: 200 Reward: -123.564
Total T: 64200 Episode Num: 321 Episode T: 200 Reward: -222.781
Total T: 64400 Episode Num: 322 Episode T: 200 Reward: -125.656
Total T: 64600 Episode Num: 323 Episode T: 200 Reward: -241.217
Total T: 64800 Episode Num: 324 Episode T: 200 Reward: -230.692
Total T: 65000 Episode Num: 325 Episode T: 200 Reward: -322.008
---------------------------------------
Evaluation over 10 episodes: -119.421
---------------------------------------
Total T: 65200 Episode Num: 326 Episode T: 200 Reward: -122.346
Total T: 65400 Episode Num: 327 Episode T: 200 Reward: -247.176
Total T: 65600 Episode Num: 328 Episode T: 200 Reward: -242.094
Total T: 65800 Episode Num: 329 Episode T: 200 Reward: -332.096
Total T: 66000 Episode Num: 330 Episode T: 200 Reward: -122.267
Total T: 66200 Episode Num: 331 Episode T: 200 Reward: -244.872
Total T: 66400 Episode Num: 332 Episode T: 200 Reward: -117.246
Total T: 66600 Episode Num: 333 Episode T: 200 Reward: -121.937
Total T: 66800 Episode Num: 334 Episode T: 200 Reward: -291.898
Total T: 67000 Episode Num: 335 Episode T: 200 Reward: -3.639
Total T: 67200 Episode Num: 336 Episode T: 200 Reward: -3.220
Total T: 67400 Episode Num: 337 Episode T: 200 Reward: -118.077
Total T: 67600 Episode Num: 338 Episode T: 200 Reward: -2.860
Total T: 67800 Episode Num: 339 Episode T: 200 Reward: -123.284
Total T: 68000 Episode Num: 340 Episode T: 200 Reward: -234.762
Total T: 68200 Episode Num: 341 Episode T: 200 Reward: -117.719
Total T: 68400 Episode Num: 342 Episode T: 200 Reward: -5.252
Total T: 68600 Episode Num: 343 Episode T: 200 Reward: -252.491
Total T: 68800 Episode Num: 344 Episode T: 200 Reward: -236.821
Total T: 69000 Episode Num: 345 Episode T: 200 Reward: -236.892
Total T: 69200 Episode Num: 346 Episode T: 200 Reward: -243.842
Total T: 69400 Episode Num: 347 Episode T: 200 Reward: -3.181
Total T: 69600 Episode Num: 348 Episode T: 200 Reward: -129.494
Total T: 69800 Episode Num: 349 Episode T: 200 Reward: -226.767
Total T: 70000 Episode Num: 350 Episode T: 200 Reward: -247.839
---------------------------------------
Evaluation over 10 episodes: -119.999
---------------------------------------
Total T: 70200 Episode Num: 351 Episode T: 200 Reward: -128.104
Total T: 70400 Episode Num: 352 Episode T: 200 Reward: -226.960
Total T: 70600 Episode Num: 353 Episode T: 200 Reward: -124.460
Total T: 70800 Episode Num: 354 Episode T: 200 Reward: -2.897
Total T: 71000 Episode Num: 355 Episode T: 200 Reward: -237.794
Total T: 71200 Episode Num: 356 Episode T: 200 Reward: -118.375
Total T: 71400 Episode Num: 357 Episode T: 200 Reward: -123.159
Total T: 71600 Episode Num: 358 Episode T: 200 Reward: -118.278
Total T: 71800 Episode Num: 359 Episode T: 200 Reward: -229.237
Total T: 72000 Episode Num: 360 Episode T: 200 Reward: -121.507
Total T: 72200 Episode Num: 361 Episode T: 200 Reward: -118.704
Total T: 72400 Episode Num: 362 Episode T: 200 Reward: -128.237
Total T: 72600 Episode Num: 363 Episode T: 200 Reward: -232.219
Total T: 72800 Episode Num: 364 Episode T: 200 Reward: -123.265
Total T: 73000 Episode Num: 365 Episode T: 200 Reward: -233.808
Total T: 73200 Episode Num: 366 Episode T: 200 Reward: -237.961
Total T: 73400 Episode Num: 367 Episode T: 200 Reward: -342.439
Total T: 73600 Episode Num: 368 Episode T: 200 Reward: -120.324
Total T: 73800 Episode Num: 369 Episode T: 200 Reward: -123.995
Total T: 74000 Episode Num: 370 Episode T: 200 Reward: -123.880
Total T: 74200 Episode Num: 371 Episode T: 200 Reward: -253.998
Total T: 74400 Episode Num: 372 Episode T: 200 Reward: -127.133
Total T: 74600 Episode Num: 373 Episode T: 200 Reward: -126.937
Total T: 74800 Episode Num: 374 Episode T: 200 Reward: -122.502
Total T: 75000 Episode Num: 375 Episode T: 200 Reward: -122.946
---------------------------------------
Evaluation over 10 episodes: -118.701
---------------------------------------
Total T: 75200 Episode Num: 376 Episode T: 200 Reward: -119.241
Total T: 75400 Episode Num: 377 Episode T: 200 Reward: -121.349
Total T: 75600 Episode Num: 378 Episode T: 200 Reward: -123.426
Total T: 75800 Episode Num: 379 Episode T: 200 Reward: -130.949
Total T: 76000 Episode Num: 380 Episode T: 200 Reward: -120.846
Total T: 76200 Episode Num: 381 Episode T: 200 Reward: -124.280
Total T: 76400 Episode Num: 382 Episode T: 200 Reward: -246.359
Total T: 76600 Episode Num: 383 Episode T: 200 Reward: -232.858
Total T: 76800 Episode Num: 384 Episode T: 200 Reward: -121.948
Total T: 77000 Episode Num: 385 Episode T: 200 Reward: -227.962
Total T: 77200 Episode Num: 386 Episode T: 200 Reward: -118.192
Total T: 77400 Episode Num: 387 Episode T: 200 Reward: -304.394
Total T: 77600 Episode Num: 388 Episode T: 200 Reward: -226.449
Total T: 77800 Episode Num: 389 Episode T: 200 Reward: -130.945
Total T: 78000 Episode Num: 390 Episode T: 200 Reward: -125.108
Total T: 78200 Episode Num: 391 Episode T: 200 Reward: -125.269
Total T: 78400 Episode Num: 392 Episode T: 200 Reward: -249.213
Total T: 78600 Episode Num: 393 Episode T: 200 Reward: -121.631
Total T: 78800 Episode Num: 394 Episode T: 200 Reward: -122.793
Total T: 79000 Episode Num: 395 Episode T: 200 Reward: -127.528
Total T: 79200 Episode Num: 396 Episode T: 200 Reward: -120.205
Total T: 79400 Episode Num: 397 Episode T: 200 Reward: -125.282
Total T: 79600 Episode Num: 398 Episode T: 200 Reward: -118.251
Total T: 79800 Episode Num: 399 Episode T: 200 Reward: -0.349
Total T: 80000 Episode Num: 400 Episode T: 200 Reward: -227.092
---------------------------------------
Evaluation over 10 episodes: -119.490
---------------------------------------
Total T: 80200 Episode Num: 401 Episode T: 200 Reward: -121.154
Total T: 80400 Episode Num: 402 Episode T: 200 Reward: -125.709
Total T: 80600 Episode Num: 403 Episode T: 200 Reward: -245.296
Total T: 80800 Episode Num: 404 Episode T: 200 Reward: -126.261
Total T: 81000 Episode Num: 405 Episode T: 200 Reward: -237.383
Total T: 81200 Episode Num: 406 Episode T: 200 Reward: -116.135
Total T: 81400 Episode Num: 407 Episode T: 200 Reward: -0.354
Total T: 81600 Episode Num: 408 Episode T: 200 Reward: -334.324
Total T: 81800 Episode Num: 409 Episode T: 200 Reward: -127.235
Total T: 82000 Episode Num: 410 Episode T: 200 Reward: -125.150
Total T: 82200 Episode Num: 411 Episode T: 200 Reward: -123.650
Total T: 82400 Episode Num: 412 Episode T: 200 Reward: -125.384
Total T: 82600 Episode Num: 413 Episode T: 200 Reward: -127.496
Total T: 82800 Episode Num: 414 Episode T: 200 Reward: -130.364
Total T: 83000 Episode Num: 415 Episode T: 200 Reward: -122.971
Total T: 83200 Episode Num: 416 Episode T: 200 Reward: -3.794
Total T: 83400 Episode Num: 417 Episode T: 200 Reward: -1.518
Total T: 83600 Episode Num: 418 Episode T: 200 Reward: -119.684
Total T: 83800 Episode Num: 419 Episode T: 200 Reward: -332.416
Total T: 84000 Episode Num: 420 Episode T: 200 Reward: -226.173
Total T: 84200 Episode Num: 421 Episode T: 200 Reward: -304.645
Total T: 84400 Episode Num: 422 Episode T: 200 Reward: -224.690
Total T: 84600 Episode Num: 423 Episode T: 200 Reward: -228.778
Total T: 84800 Episode Num: 424 Episode T: 200 Reward: -116.782
Total T: 85000 Episode Num: 425 Episode T: 200 Reward: -125.661
---------------------------------------
Evaluation over 10 episodes: -117.734
---------------------------------------
Total T: 85200 Episode Num: 426 Episode T: 200 Reward: -0.484
Total T: 85400 Episode Num: 427 Episode T: 200 Reward: -243.672
Total T: 85600 Episode Num: 428 Episode T: 200 Reward: -241.124
Total T: 85800 Episode Num: 429 Episode T: 200 Reward: -239.739
Total T: 86000 Episode Num: 430 Episode T: 200 Reward: -124.131
Total T: 86200 Episode Num: 431 Episode T: 200 Reward: -119.396
Total T: 86400 Episode Num: 432 Episode T: 200 Reward: -119.509
Total T: 86600 Episode Num: 433 Episode T: 200 Reward: -124.740
Total T: 86800 Episode Num: 434 Episode T: 200 Reward: -126.196
Total T: 87000 Episode Num: 435 Episode T: 200 Reward: -251.711
Total T: 87200 Episode Num: 436 Episode T: 200 Reward: -224.671
Total T: 87400 Episode Num: 437 Episode T: 200 Reward: -120.052
Total T: 87600 Episode Num: 438 Episode T: 200 Reward: -225.243
Total T: 87800 Episode Num: 439 Episode T: 200 Reward: -230.276
Total T: 88000 Episode Num: 440 Episode T: 200 Reward: -116.661
Total T: 88200 Episode Num: 441 Episode T: 200 Reward: -246.716
Total T: 88400 Episode Num: 442 Episode T: 200 Reward: -125.501
Total T: 88600 Episode Num: 443 Episode T: 200 Reward: -123.690
Total T: 88800 Episode Num: 444 Episode T: 200 Reward: -122.385
Total T: 89000 Episode Num: 445 Episode T: 200 Reward: -328.778
Total T: 89200 Episode Num: 446 Episode T: 200 Reward: -123.199
Total T: 89400 Episode Num: 447 Episode T: 200 Reward: -1.353
Total T: 89600 Episode Num: 448 Episode T: 200 Reward: -233.642
Total T: 89800 Episode Num: 449 Episode T: 200 Reward: -338.909
Total T: 90000 Episode Num: 450 Episode T: 200 Reward: -357.690
---------------------------------------
Evaluation over 10 episodes: -118.334
---------------------------------------
Total T: 90200 Episode Num: 451 Episode T: 200 Reward: -243.720
Total T: 90400 Episode Num: 452 Episode T: 200 Reward: -249.066
Total T: 90600 Episode Num: 453 Episode T: 200 Reward: -234.129
Total T: 90800 Episode Num: 454 Episode T: 200 Reward: -123.767
Total T: 91000 Episode Num: 455 Episode T: 200 Reward: -226.586
Total T: 91200 Episode Num: 456 Episode T: 200 Reward: -4.573
Total T: 91400 Episode Num: 457 Episode T: 200 Reward: -124.983
Total T: 91600 Episode Num: 458 Episode T: 200 Reward: -230.502
Total T: 91800 Episode Num: 459 Episode T: 200 Reward: -122.438
Total T: 92000 Episode Num: 460 Episode T: 200 Reward: -122.069
Total T: 92200 Episode Num: 461 Episode T: 200 Reward: -233.769
Total T: 92400 Episode Num: 462 Episode T: 200 Reward: -122.123
Total T: 92600 Episode Num: 463 Episode T: 200 Reward: -8.104
Total T: 92800 Episode Num: 464 Episode T: 200 Reward: -131.506
Total T: 93000 Episode Num: 465 Episode T: 200 Reward: -7.141
Total T: 93200 Episode Num: 466 Episode T: 200 Reward: -240.027
Total T: 93400 Episode Num: 467 Episode T: 200 Reward: -127.700
Total T: 93600 Episode Num: 468 Episode T: 200 Reward: -253.109
Total T: 93800 Episode Num: 469 Episode T: 200 Reward: -129.742
Total T: 94000 Episode Num: 470 Episode T: 200 Reward: -123.263
Total T: 94200 Episode Num: 471 Episode T: 200 Reward: -124.032
Total T: 94400 Episode Num: 472 Episode T: 200 Reward: -127.274
Total T: 94600 Episode Num: 473 Episode T: 200 Reward: -124.011
Total T: 94800 Episode Num: 474 Episode T: 200 Reward: -127.173
Total T: 95000 Episode Num: 475 Episode T: 200 Reward: -124.227
---------------------------------------
Evaluation over 10 episodes: -121.691
---------------------------------------
Total T: 95200 Episode Num: 476 Episode T: 200 Reward: -126.814
Total T: 95400 Episode Num: 477 Episode T: 200 Reward: -123.077
Total T: 95600 Episode Num: 478 Episode T: 200 Reward: -121.080
Total T: 95800 Episode Num: 479 Episode T: 200 Reward: -5.494
Total T: 96000 Episode Num: 480 Episode T: 200 Reward: -374.081
Total T: 96200 Episode Num: 481 Episode T: 200 Reward: -242.491
Total T: 96400 Episode Num: 482 Episode T: 200 Reward: -131.314
Total T: 96600 Episode Num: 483 Episode T: 200 Reward: -125.809
Total T: 96800 Episode Num: 484 Episode T: 200 Reward: -243.315
Total T: 97000 Episode Num: 485 Episode T: 200 Reward: -128.073
Total T: 97200 Episode Num: 486 Episode T: 200 Reward: -121.082
Total T: 97400 Episode Num: 487 Episode T: 200 Reward: -122.062
Total T: 97600 Episode Num: 488 Episode T: 200 Reward: -130.256
Total T: 97800 Episode Num: 489 Episode T: 200 Reward: -241.300
Total T: 98000 Episode Num: 490 Episode T: 200 Reward: -226.718
Total T: 98200 Episode Num: 491 Episode T: 200 Reward: -124.586
Total T: 98400 Episode Num: 492 Episode T: 200 Reward: -6.713
Total T: 98600 Episode Num: 493 Episode T: 200 Reward: -5.739
Total T: 98800 Episode Num: 494 Episode T: 200 Reward: -225.180
Total T: 99000 Episode Num: 495 Episode T: 200 Reward: -235.192
Total T: 99200 Episode Num: 496 Episode T: 200 Reward: -6.499
Total T: 99400 Episode Num: 497 Episode T: 200 Reward: -128.038
Total T: 99600 Episode Num: 498 Episode T: 200 Reward: -122.840
Total T: 99800 Episode Num: 499 Episode T: 200 Reward: -5.339
Total T: 100000 Episode Num: 500 Episode T: 200 Reward: -126.113
---------------------------------------
Evaluation over 10 episodes: -122.162
---------------------------------------
Saving .json file
Juste pour tester max timesteps per episode: 200
