---------------------------------------
Policy: TD3, Env: Pendulum-v1, Seed: 1
---------------------------------------
---------------------------------------
Evaluation over 10 episodes: -1339.281
---------------------------------------
Total T: 200 Episode Num: 1 Episode T: 200 Reward: -1366.691
Total T: 400 Episode Num: 2 Episode T: 200 Reward: -1094.514
Total T: 600 Episode Num: 3 Episode T: 200 Reward: -1306.828
Total T: 800 Episode Num: 4 Episode T: 200 Reward: -797.210
Total T: 1000 Episode Num: 5 Episode T: 200 Reward: -1044.857
Total T: 1200 Episode Num: 6 Episode T: 200 Reward: -1078.357
Total T: 1400 Episode Num: 7 Episode T: 200 Reward: -1071.686
Total T: 1600 Episode Num: 8 Episode T: 200 Reward: -1349.295
Total T: 1800 Episode Num: 9 Episode T: 200 Reward: -1147.167
Total T: 2000 Episode Num: 10 Episode T: 200 Reward: -1070.487
Total T: 2200 Episode Num: 11 Episode T: 200 Reward: -995.586
Total T: 2400 Episode Num: 12 Episode T: 200 Reward: -1627.714
Total T: 2600 Episode Num: 13 Episode T: 200 Reward: -950.444
Total T: 2800 Episode Num: 14 Episode T: 200 Reward: -1325.653
Total T: 3000 Episode Num: 15 Episode T: 200 Reward: -913.107
Total T: 3200 Episode Num: 16 Episode T: 200 Reward: -935.962
Total T: 3400 Episode Num: 17 Episode T: 200 Reward: -868.738
Total T: 3600 Episode Num: 18 Episode T: 200 Reward: -1662.153
Total T: 3800 Episode Num: 19 Episode T: 200 Reward: -868.857
Total T: 4000 Episode Num: 20 Episode T: 200 Reward: -862.435
Total T: 4200 Episode Num: 21 Episode T: 200 Reward: -866.297
Total T: 4400 Episode Num: 22 Episode T: 200 Reward: -1400.985
Total T: 4600 Episode Num: 23 Episode T: 200 Reward: -944.067
Total T: 4800 Episode Num: 24 Episode T: 200 Reward: -1448.888
Total T: 5000 Episode Num: 25 Episode T: 200 Reward: -1173.847
---------------------------------------
Evaluation over 10 episodes: -1339.281
---------------------------------------
Total T: 5200 Episode Num: 26 Episode T: 200 Reward: -1379.235
Total T: 5400 Episode Num: 27 Episode T: 200 Reward: -1617.047
Total T: 5600 Episode Num: 28 Episode T: 200 Reward: -1591.572
Total T: 5800 Episode Num: 29 Episode T: 200 Reward: -1546.671
Total T: 6000 Episode Num: 30 Episode T: 200 Reward: -867.458
Total T: 6200 Episode Num: 31 Episode T: 200 Reward: -1210.883
Total T: 6400 Episode Num: 32 Episode T: 200 Reward: -1316.550
Total T: 6600 Episode Num: 33 Episode T: 200 Reward: -1074.382
Total T: 6800 Episode Num: 34 Episode T: 200 Reward: -1162.043
Total T: 7000 Episode Num: 35 Episode T: 200 Reward: -1345.614
Total T: 7200 Episode Num: 36 Episode T: 200 Reward: -1569.705
Total T: 7400 Episode Num: 37 Episode T: 200 Reward: -1064.407
Total T: 7600 Episode Num: 38 Episode T: 200 Reward: -937.266
Total T: 7800 Episode Num: 39 Episode T: 200 Reward: -1426.130
Total T: 8000 Episode Num: 40 Episode T: 200 Reward: -957.975
Total T: 8200 Episode Num: 41 Episode T: 200 Reward: -1081.113
Total T: 8400 Episode Num: 42 Episode T: 200 Reward: -1400.023
Total T: 8600 Episode Num: 43 Episode T: 200 Reward: -1093.622
Total T: 8800 Episode Num: 44 Episode T: 200 Reward: -1065.611
Total T: 9000 Episode Num: 45 Episode T: 200 Reward: -1029.039
Total T: 9200 Episode Num: 46 Episode T: 200 Reward: -968.286
Total T: 9400 Episode Num: 47 Episode T: 200 Reward: -1096.174
Total T: 9600 Episode Num: 48 Episode T: 200 Reward: -1632.116
Total T: 9800 Episode Num: 49 Episode T: 200 Reward: -936.010
Total T: 10000 Episode Num: 50 Episode T: 200 Reward: -1031.170
---------------------------------------
Evaluation over 10 episodes: -1339.281
---------------------------------------
Total T: 10200 Episode Num: 51 Episode T: 200 Reward: -1408.097
Total T: 10400 Episode Num: 52 Episode T: 200 Reward: -1296.317
Total T: 10600 Episode Num: 53 Episode T: 200 Reward: -874.437
Total T: 10800 Episode Num: 54 Episode T: 200 Reward: -1590.695
Total T: 11000 Episode Num: 55 Episode T: 200 Reward: -1345.788
Total T: 11200 Episode Num: 56 Episode T: 200 Reward: -1204.954
Total T: 11400 Episode Num: 57 Episode T: 200 Reward: -1088.137
Total T: 11600 Episode Num: 58 Episode T: 200 Reward: -915.003
Total T: 11800 Episode Num: 59 Episode T: 200 Reward: -1167.722
Total T: 12000 Episode Num: 60 Episode T: 200 Reward: -1036.359
Total T: 12200 Episode Num: 61 Episode T: 200 Reward: -1222.013
Total T: 12400 Episode Num: 62 Episode T: 200 Reward: -896.241
Total T: 12600 Episode Num: 63 Episode T: 200 Reward: -1484.820
Total T: 12800 Episode Num: 64 Episode T: 200 Reward: -976.393
Total T: 13000 Episode Num: 65 Episode T: 200 Reward: -1135.443
Total T: 13200 Episode Num: 66 Episode T: 200 Reward: -1759.696
Total T: 13400 Episode Num: 67 Episode T: 200 Reward: -1293.478
Total T: 13600 Episode Num: 68 Episode T: 200 Reward: -865.833
Total T: 13800 Episode Num: 69 Episode T: 200 Reward: -861.803
Total T: 14000 Episode Num: 70 Episode T: 200 Reward: -1433.482
Total T: 14200 Episode Num: 71 Episode T: 200 Reward: -1350.132
Total T: 14400 Episode Num: 72 Episode T: 200 Reward: -1052.795
Total T: 14600 Episode Num: 73 Episode T: 200 Reward: -965.619
Total T: 14800 Episode Num: 74 Episode T: 200 Reward: -781.004
Total T: 15000 Episode Num: 75 Episode T: 200 Reward: -1809.812
---------------------------------------
Evaluation over 10 episodes: -1339.281
---------------------------------------
Total T: 15200 Episode Num: 76 Episode T: 200 Reward: -1110.965
Total T: 15400 Episode Num: 77 Episode T: 200 Reward: -1480.205
Total T: 15600 Episode Num: 78 Episode T: 200 Reward: -1278.618
Total T: 15800 Episode Num: 79 Episode T: 200 Reward: -1177.501
Total T: 16000 Episode Num: 80 Episode T: 200 Reward: -1109.132
Total T: 16200 Episode Num: 81 Episode T: 200 Reward: -877.566
Total T: 16400 Episode Num: 82 Episode T: 200 Reward: -871.302
Total T: 16600 Episode Num: 83 Episode T: 200 Reward: -1141.795
Total T: 16800 Episode Num: 84 Episode T: 200 Reward: -1280.954
Total T: 17000 Episode Num: 85 Episode T: 200 Reward: -1317.973
Total T: 17200 Episode Num: 86 Episode T: 200 Reward: -952.492
Total T: 17400 Episode Num: 87 Episode T: 200 Reward: -779.110
Total T: 17600 Episode Num: 88 Episode T: 200 Reward: -1641.709
Total T: 17800 Episode Num: 89 Episode T: 200 Reward: -1747.964
Total T: 18000 Episode Num: 90 Episode T: 200 Reward: -1173.068
Total T: 18200 Episode Num: 91 Episode T: 200 Reward: -1438.991
Total T: 18400 Episode Num: 92 Episode T: 200 Reward: -1779.846
Total T: 18600 Episode Num: 93 Episode T: 200 Reward: -1663.425
Total T: 18800 Episode Num: 94 Episode T: 200 Reward: -1504.585
Total T: 19000 Episode Num: 95 Episode T: 200 Reward: -1199.065
Total T: 19200 Episode Num: 96 Episode T: 200 Reward: -864.142
Total T: 19400 Episode Num: 97 Episode T: 200 Reward: -1612.534
Total T: 19600 Episode Num: 98 Episode T: 200 Reward: -1191.866
Total T: 19800 Episode Num: 99 Episode T: 200 Reward: -1385.971
Total T: 20000 Episode Num: 100 Episode T: 200 Reward: -868.898
---------------------------------------
Evaluation over 10 episodes: -1339.281
---------------------------------------
Total T: 20200 Episode Num: 101 Episode T: 200 Reward: -1395.222
Total T: 20400 Episode Num: 102 Episode T: 200 Reward: -1466.552
Total T: 20600 Episode Num: 103 Episode T: 200 Reward: -1036.742
Total T: 20800 Episode Num: 104 Episode T: 200 Reward: -1295.001
Total T: 21000 Episode Num: 105 Episode T: 200 Reward: -1402.819
Total T: 21200 Episode Num: 106 Episode T: 200 Reward: -853.487
Total T: 21400 Episode Num: 107 Episode T: 200 Reward: -1065.050
Total T: 21600 Episode Num: 108 Episode T: 200 Reward: -1703.207
Total T: 21800 Episode Num: 109 Episode T: 200 Reward: -1177.827
Total T: 22000 Episode Num: 110 Episode T: 200 Reward: -1637.877
Total T: 22200 Episode Num: 111 Episode T: 200 Reward: -1360.103
Total T: 22400 Episode Num: 112 Episode T: 200 Reward: -1507.085
Total T: 22600 Episode Num: 113 Episode T: 200 Reward: -1164.621
Total T: 22800 Episode Num: 114 Episode T: 200 Reward: -1484.323
Total T: 23000 Episode Num: 115 Episode T: 200 Reward: -1291.103
Total T: 23200 Episode Num: 116 Episode T: 200 Reward: -861.580
Total T: 23400 Episode Num: 117 Episode T: 200 Reward: -1568.806
Total T: 23600 Episode Num: 118 Episode T: 200 Reward: -984.754
Total T: 23800 Episode Num: 119 Episode T: 200 Reward: -1558.825
Total T: 24000 Episode Num: 120 Episode T: 200 Reward: -1380.317
Total T: 24200 Episode Num: 121 Episode T: 200 Reward: -1371.787
Total T: 24400 Episode Num: 122 Episode T: 200 Reward: -1001.200
Total T: 24600 Episode Num: 123 Episode T: 200 Reward: -1187.988
Total T: 24800 Episode Num: 124 Episode T: 200 Reward: -1186.984
Total T: 25000 Episode Num: 125 Episode T: 200 Reward: -1072.320
---------------------------------------
Evaluation over 10 episodes: -1339.281
---------------------------------------
Total T: 25200 Episode Num: 126 Episode T: 200 Reward: -972.348
Total T: 25400 Episode Num: 127 Episode T: 200 Reward: -1688.577
Total T: 25600 Episode Num: 128 Episode T: 200 Reward: -1798.718
Total T: 25800 Episode Num: 129 Episode T: 200 Reward: -1767.132
Total T: 26000 Episode Num: 130 Episode T: 200 Reward: -1464.912
Total T: 26200 Episode Num: 131 Episode T: 200 Reward: -1506.342
Total T: 26400 Episode Num: 132 Episode T: 200 Reward: -1506.723
Total T: 26600 Episode Num: 133 Episode T: 200 Reward: -1517.128
Total T: 26800 Episode Num: 134 Episode T: 200 Reward: -1495.449
Total T: 27000 Episode Num: 135 Episode T: 200 Reward: -1543.114
Total T: 27200 Episode Num: 136 Episode T: 200 Reward: -1413.127
Total T: 27400 Episode Num: 137 Episode T: 200 Reward: -1399.613
Total T: 27600 Episode Num: 138 Episode T: 200 Reward: -1517.635
Total T: 27800 Episode Num: 139 Episode T: 200 Reward: -1421.268
Total T: 28000 Episode Num: 140 Episode T: 200 Reward: -1082.182
Total T: 28200 Episode Num: 141 Episode T: 200 Reward: -1076.017
Total T: 28400 Episode Num: 142 Episode T: 200 Reward: -1515.268
Total T: 28600 Episode Num: 143 Episode T: 200 Reward: -1024.689
Total T: 28800 Episode Num: 144 Episode T: 200 Reward: -796.081
Total T: 29000 Episode Num: 145 Episode T: 200 Reward: -667.586
Total T: 29200 Episode Num: 146 Episode T: 200 Reward: -706.880
Total T: 29400 Episode Num: 147 Episode T: 200 Reward: -263.010
Total T: 29600 Episode Num: 148 Episode T: 200 Reward: -137.498
Total T: 29800 Episode Num: 149 Episode T: 200 Reward: -1491.804
Total T: 30000 Episode Num: 150 Episode T: 200 Reward: -128.597
---------------------------------------
Evaluation over 10 episodes: -187.073
---------------------------------------
Total T: 30200 Episode Num: 151 Episode T: 200 Reward: -2.886
Total T: 30400 Episode Num: 152 Episode T: 200 Reward: -130.991
Total T: 30600 Episode Num: 153 Episode T: 200 Reward: -416.007
Total T: 30800 Episode Num: 154 Episode T: 200 Reward: -267.828
Total T: 31000 Episode Num: 155 Episode T: 200 Reward: -127.942
Total T: 31200 Episode Num: 156 Episode T: 200 Reward: -131.165
Total T: 31400 Episode Num: 157 Episode T: 200 Reward: -131.657
Total T: 31600 Episode Num: 158 Episode T: 200 Reward: -128.277
Total T: 31800 Episode Num: 159 Episode T: 200 Reward: -238.105
Total T: 32000 Episode Num: 160 Episode T: 200 Reward: -117.086
Total T: 32200 Episode Num: 161 Episode T: 200 Reward: -337.805
Total T: 32400 Episode Num: 162 Episode T: 200 Reward: -124.154
Total T: 32600 Episode Num: 163 Episode T: 200 Reward: -127.751
Total T: 32800 Episode Num: 164 Episode T: 200 Reward: -230.902
Total T: 33000 Episode Num: 165 Episode T: 200 Reward: -123.318
Total T: 33200 Episode Num: 166 Episode T: 200 Reward: -120.303
Total T: 33400 Episode Num: 167 Episode T: 200 Reward: -126.727
Total T: 33600 Episode Num: 168 Episode T: 200 Reward: -124.843
Total T: 33800 Episode Num: 169 Episode T: 200 Reward: -114.916
Total T: 34000 Episode Num: 170 Episode T: 200 Reward: -118.467
Total T: 34200 Episode Num: 171 Episode T: 200 Reward: -115.346
Total T: 34400 Episode Num: 172 Episode T: 200 Reward: -1.821
Total T: 34600 Episode Num: 173 Episode T: 200 Reward: -2.243
Total T: 34800 Episode Num: 174 Episode T: 200 Reward: -120.282
Total T: 35000 Episode Num: 175 Episode T: 200 Reward: -126.420
---------------------------------------
Evaluation over 10 episodes: -139.035
---------------------------------------
Total T: 35200 Episode Num: 176 Episode T: 200 Reward: -2.413
Total T: 35400 Episode Num: 177 Episode T: 200 Reward: -118.310
Total T: 35600 Episode Num: 178 Episode T: 200 Reward: -126.274
Total T: 35800 Episode Num: 179 Episode T: 200 Reward: -0.965
Total T: 36000 Episode Num: 180 Episode T: 200 Reward: -124.370
Total T: 36200 Episode Num: 181 Episode T: 200 Reward: -116.179
Total T: 36400 Episode Num: 182 Episode T: 200 Reward: -229.476
Total T: 36600 Episode Num: 183 Episode T: 200 Reward: -123.147
Total T: 36800 Episode Num: 184 Episode T: 200 Reward: -2.514
Total T: 37000 Episode Num: 185 Episode T: 200 Reward: -126.176
Total T: 37200 Episode Num: 186 Episode T: 200 Reward: -116.442
Total T: 37400 Episode Num: 187 Episode T: 200 Reward: -1.099
Total T: 37600 Episode Num: 188 Episode T: 200 Reward: -246.253
Total T: 37800 Episode Num: 189 Episode T: 200 Reward: -119.435
Total T: 38000 Episode Num: 190 Episode T: 200 Reward: -127.169
Total T: 38200 Episode Num: 191 Episode T: 200 Reward: -113.872
Total T: 38400 Episode Num: 192 Episode T: 200 Reward: -117.306
Total T: 38600 Episode Num: 193 Episode T: 200 Reward: -125.751
Total T: 38800 Episode Num: 194 Episode T: 200 Reward: -116.224
Total T: 39000 Episode Num: 195 Episode T: 200 Reward: -0.684
Total T: 39200 Episode Num: 196 Episode T: 200 Reward: -128.298
Total T: 39400 Episode Num: 197 Episode T: 200 Reward: -125.104
Total T: 39600 Episode Num: 198 Episode T: 200 Reward: -117.391
Total T: 39800 Episode Num: 199 Episode T: 200 Reward: -117.598
Total T: 40000 Episode Num: 200 Episode T: 200 Reward: -224.168
---------------------------------------
Evaluation over 10 episodes: -141.047
---------------------------------------
Total T: 40200 Episode Num: 201 Episode T: 200 Reward: -122.520
Total T: 40400 Episode Num: 202 Episode T: 200 Reward: -119.659
Total T: 40600 Episode Num: 203 Episode T: 200 Reward: -121.014
Total T: 40800 Episode Num: 204 Episode T: 200 Reward: -124.179
Total T: 41000 Episode Num: 205 Episode T: 200 Reward: -331.329
Total T: 41200 Episode Num: 206 Episode T: 200 Reward: -127.938
Total T: 41400 Episode Num: 207 Episode T: 200 Reward: -228.241
Total T: 41600 Episode Num: 208 Episode T: 200 Reward: -345.882
Total T: 41800 Episode Num: 209 Episode T: 200 Reward: -245.167
Total T: 42000 Episode Num: 210 Episode T: 200 Reward: -120.807
Total T: 42200 Episode Num: 211 Episode T: 200 Reward: -127.361
Total T: 42400 Episode Num: 212 Episode T: 200 Reward: -120.183
Total T: 42600 Episode Num: 213 Episode T: 200 Reward: -117.314
Total T: 42800 Episode Num: 214 Episode T: 200 Reward: -1.630
Total T: 43000 Episode Num: 215 Episode T: 200 Reward: -118.683
Total T: 43200 Episode Num: 216 Episode T: 200 Reward: -1.490
Total T: 43400 Episode Num: 217 Episode T: 200 Reward: -122.409
Total T: 43600 Episode Num: 218 Episode T: 200 Reward: -236.164
Total T: 43800 Episode Num: 219 Episode T: 200 Reward: -232.482
Total T: 44000 Episode Num: 220 Episode T: 200 Reward: -231.191
Total T: 44200 Episode Num: 221 Episode T: 200 Reward: -2.692
Total T: 44400 Episode Num: 222 Episode T: 200 Reward: -118.610
Total T: 44600 Episode Num: 223 Episode T: 200 Reward: -3.192
Total T: 44800 Episode Num: 224 Episode T: 200 Reward: -236.706
Total T: 45000 Episode Num: 225 Episode T: 200 Reward: -123.874
---------------------------------------
Evaluation over 10 episodes: -138.814
---------------------------------------
Total T: 45200 Episode Num: 226 Episode T: 200 Reward: -242.163
Total T: 45400 Episode Num: 227 Episode T: 200 Reward: -119.467
Total T: 45600 Episode Num: 228 Episode T: 200 Reward: -126.557
Total T: 45800 Episode Num: 229 Episode T: 200 Reward: -332.901
Total T: 46000 Episode Num: 230 Episode T: 200 Reward: -119.093
Total T: 46200 Episode Num: 231 Episode T: 200 Reward: -121.956
Total T: 46400 Episode Num: 232 Episode T: 200 Reward: -119.314
Total T: 46600 Episode Num: 233 Episode T: 200 Reward: -232.439
Total T: 46800 Episode Num: 234 Episode T: 200 Reward: -118.258
Total T: 47000 Episode Num: 235 Episode T: 200 Reward: -119.385
Total T: 47200 Episode Num: 236 Episode T: 200 Reward: -123.057
Total T: 47400 Episode Num: 237 Episode T: 200 Reward: -227.511
Total T: 47600 Episode Num: 238 Episode T: 200 Reward: -243.827
Total T: 47800 Episode Num: 239 Episode T: 200 Reward: -123.817
Total T: 48000 Episode Num: 240 Episode T: 200 Reward: -236.084
Total T: 48200 Episode Num: 241 Episode T: 200 Reward: -117.222
Total T: 48400 Episode Num: 242 Episode T: 200 Reward: -119.997
Total T: 48600 Episode Num: 243 Episode T: 200 Reward: -347.488
Total T: 48800 Episode Num: 244 Episode T: 200 Reward: -121.285
Total T: 49000 Episode Num: 245 Episode T: 200 Reward: -124.395
Total T: 49200 Episode Num: 246 Episode T: 200 Reward: -118.388
Total T: 49400 Episode Num: 247 Episode T: 200 Reward: -115.096
Total T: 49600 Episode Num: 248 Episode T: 200 Reward: -238.573
Total T: 49800 Episode Num: 249 Episode T: 200 Reward: -117.004
Total T: 50000 Episode Num: 250 Episode T: 200 Reward: -126.682
---------------------------------------
Evaluation over 10 episodes: -139.608
---------------------------------------
Total T: 50200 Episode Num: 251 Episode T: 200 Reward: -122.372
Total T: 50400 Episode Num: 252 Episode T: 200 Reward: -232.703
Total T: 50600 Episode Num: 253 Episode T: 200 Reward: -120.503
Total T: 50800 Episode Num: 254 Episode T: 200 Reward: -123.399
Total T: 51000 Episode Num: 255 Episode T: 200 Reward: -125.779
Total T: 51200 Episode Num: 256 Episode T: 200 Reward: -121.807
Total T: 51400 Episode Num: 257 Episode T: 200 Reward: -121.587
Total T: 51600 Episode Num: 258 Episode T: 200 Reward: -231.682
Total T: 51800 Episode Num: 259 Episode T: 200 Reward: -125.704
Total T: 52000 Episode Num: 260 Episode T: 200 Reward: -1.342
Total T: 52200 Episode Num: 261 Episode T: 200 Reward: -228.685
Total T: 52400 Episode Num: 262 Episode T: 200 Reward: -1.346
Total T: 52600 Episode Num: 263 Episode T: 200 Reward: -125.115
Total T: 52800 Episode Num: 264 Episode T: 200 Reward: -127.456
Total T: 53000 Episode Num: 265 Episode T: 200 Reward: -121.700
Total T: 53200 Episode Num: 266 Episode T: 200 Reward: -119.569
Total T: 53400 Episode Num: 267 Episode T: 200 Reward: -124.139
Total T: 53600 Episode Num: 268 Episode T: 200 Reward: -222.385
Total T: 53800 Episode Num: 269 Episode T: 200 Reward: -250.375
Total T: 54000 Episode Num: 270 Episode T: 200 Reward: -226.743
Total T: 54200 Episode Num: 271 Episode T: 200 Reward: -118.434
Total T: 54400 Episode Num: 272 Episode T: 200 Reward: -119.121
Total T: 54600 Episode Num: 273 Episode T: 200 Reward: -118.295
Total T: 54800 Episode Num: 274 Episode T: 200 Reward: -115.923
Total T: 55000 Episode Num: 275 Episode T: 200 Reward: -228.400
---------------------------------------
Evaluation over 10 episodes: -132.595
---------------------------------------
Total T: 55200 Episode Num: 276 Episode T: 200 Reward: -122.311
Total T: 55400 Episode Num: 277 Episode T: 200 Reward: -120.947
Total T: 55600 Episode Num: 278 Episode T: 200 Reward: -123.315
Total T: 55800 Episode Num: 279 Episode T: 200 Reward: -115.522
Total T: 56000 Episode Num: 280 Episode T: 200 Reward: -226.964
Total T: 56200 Episode Num: 281 Episode T: 200 Reward: -241.573
Total T: 56400 Episode Num: 282 Episode T: 200 Reward: -1.679
Total T: 56600 Episode Num: 283 Episode T: 200 Reward: -1.773
Total T: 56800 Episode Num: 284 Episode T: 200 Reward: -1.579
Total T: 57000 Episode Num: 285 Episode T: 200 Reward: -2.679
Total T: 57200 Episode Num: 286 Episode T: 200 Reward: -124.188
Total T: 57400 Episode Num: 287 Episode T: 200 Reward: -243.215
Total T: 57600 Episode Num: 288 Episode T: 200 Reward: -119.423
Total T: 57800 Episode Num: 289 Episode T: 200 Reward: -118.282
Total T: 58000 Episode Num: 290 Episode T: 200 Reward: -1.850
Total T: 58200 Episode Num: 291 Episode T: 200 Reward: -223.975
Total T: 58400 Episode Num: 292 Episode T: 200 Reward: -124.129
Total T: 58600 Episode Num: 293 Episode T: 200 Reward: -117.122
Total T: 58800 Episode Num: 294 Episode T: 200 Reward: -235.752
Total T: 59000 Episode Num: 295 Episode T: 200 Reward: -356.428
Total T: 59200 Episode Num: 296 Episode T: 200 Reward: -1.035
Total T: 59400 Episode Num: 297 Episode T: 200 Reward: -120.268
Total T: 59600 Episode Num: 298 Episode T: 200 Reward: -120.899
Total T: 59800 Episode Num: 299 Episode T: 200 Reward: -121.608
Total T: 60000 Episode Num: 300 Episode T: 200 Reward: -114.261
---------------------------------------
Evaluation over 10 episodes: -131.495
---------------------------------------
Total T: 60200 Episode Num: 301 Episode T: 200 Reward: -114.250
Total T: 60400 Episode Num: 302 Episode T: 200 Reward: -114.694
Total T: 60600 Episode Num: 303 Episode T: 200 Reward: -121.480
Total T: 60800 Episode Num: 304 Episode T: 200 Reward: -123.105
Total T: 61000 Episode Num: 305 Episode T: 200 Reward: -126.687
Total T: 61200 Episode Num: 306 Episode T: 200 Reward: -222.907
Total T: 61400 Episode Num: 307 Episode T: 200 Reward: -233.984
Total T: 61600 Episode Num: 308 Episode T: 200 Reward: -0.247
Total T: 61800 Episode Num: 309 Episode T: 200 Reward: -233.683
Total T: 62000 Episode Num: 310 Episode T: 200 Reward: -228.270
Total T: 62200 Episode Num: 311 Episode T: 200 Reward: -333.284
Total T: 62400 Episode Num: 312 Episode T: 200 Reward: -119.071
Total T: 62600 Episode Num: 313 Episode T: 200 Reward: -115.134
Total T: 62800 Episode Num: 314 Episode T: 200 Reward: -124.606
Total T: 63000 Episode Num: 315 Episode T: 200 Reward: -116.904
Total T: 63200 Episode Num: 316 Episode T: 200 Reward: -0.387
Total T: 63400 Episode Num: 317 Episode T: 200 Reward: -126.554
Total T: 63600 Episode Num: 318 Episode T: 200 Reward: -116.587
Total T: 63800 Episode Num: 319 Episode T: 200 Reward: -233.208
Total T: 64000 Episode Num: 320 Episode T: 200 Reward: -113.541
Total T: 64200 Episode Num: 321 Episode T: 200 Reward: -0.408
Total T: 64400 Episode Num: 322 Episode T: 200 Reward: -129.231
Total T: 64600 Episode Num: 323 Episode T: 200 Reward: -230.436
Total T: 64800 Episode Num: 324 Episode T: 200 Reward: -114.248
Total T: 65000 Episode Num: 325 Episode T: 200 Reward: -360.639
---------------------------------------
Evaluation over 10 episodes: -132.134
---------------------------------------
Total T: 65200 Episode Num: 326 Episode T: 200 Reward: -115.888
Total T: 65400 Episode Num: 327 Episode T: 200 Reward: -1.392
Total T: 65600 Episode Num: 328 Episode T: 200 Reward: -119.018
Total T: 65800 Episode Num: 329 Episode T: 200 Reward: -120.020
Total T: 66000 Episode Num: 330 Episode T: 200 Reward: -125.094
Total T: 66200 Episode Num: 331 Episode T: 200 Reward: -243.357
Total T: 66400 Episode Num: 332 Episode T: 200 Reward: -115.133
Total T: 66600 Episode Num: 333 Episode T: 200 Reward: -116.078
Total T: 66800 Episode Num: 334 Episode T: 200 Reward: -245.383
Total T: 67000 Episode Num: 335 Episode T: 200 Reward: -120.609
Total T: 67200 Episode Num: 336 Episode T: 200 Reward: -226.218
Total T: 67400 Episode Num: 337 Episode T: 200 Reward: -122.994
Total T: 67600 Episode Num: 338 Episode T: 200 Reward: -125.369
Total T: 67800 Episode Num: 339 Episode T: 200 Reward: -1.650
Total T: 68000 Episode Num: 340 Episode T: 200 Reward: -113.868
Total T: 68200 Episode Num: 341 Episode T: 200 Reward: -1.091
Total T: 68400 Episode Num: 342 Episode T: 200 Reward: -126.593
Total T: 68600 Episode Num: 343 Episode T: 200 Reward: -122.339
Total T: 68800 Episode Num: 344 Episode T: 200 Reward: -119.437
Total T: 69000 Episode Num: 345 Episode T: 200 Reward: -122.461
Total T: 69200 Episode Num: 346 Episode T: 200 Reward: -129.121
Total T: 69400 Episode Num: 347 Episode T: 200 Reward: -241.861
Total T: 69600 Episode Num: 348 Episode T: 200 Reward: -138.963
Total T: 69800 Episode Num: 349 Episode T: 200 Reward: -135.660
Total T: 70000 Episode Num: 350 Episode T: 200 Reward: -267.330
---------------------------------------
Evaluation over 10 episodes: -148.989
---------------------------------------
Total T: 70200 Episode Num: 351 Episode T: 200 Reward: -136.275
Total T: 70400 Episode Num: 352 Episode T: 200 Reward: -236.005
Total T: 70600 Episode Num: 353 Episode T: 200 Reward: -265.106
Total T: 70800 Episode Num: 354 Episode T: 200 Reward: -132.724
Total T: 71000 Episode Num: 355 Episode T: 200 Reward: -129.914
Total T: 71200 Episode Num: 356 Episode T: 200 Reward: -131.534
Total T: 71400 Episode Num: 357 Episode T: 200 Reward: -131.966
Total T: 71600 Episode Num: 358 Episode T: 200 Reward: -126.632
Total T: 71800 Episode Num: 359 Episode T: 200 Reward: -232.339
Total T: 72000 Episode Num: 360 Episode T: 200 Reward: -14.613
Total T: 72200 Episode Num: 361 Episode T: 200 Reward: -237.044
Total T: 72400 Episode Num: 362 Episode T: 200 Reward: -128.925
Total T: 72600 Episode Num: 363 Episode T: 200 Reward: -235.632
Total T: 72800 Episode Num: 364 Episode T: 200 Reward: -129.088
Total T: 73000 Episode Num: 365 Episode T: 200 Reward: -131.886
Total T: 73200 Episode Num: 366 Episode T: 200 Reward: -128.963
Total T: 73400 Episode Num: 367 Episode T: 200 Reward: -133.230
Total T: 73600 Episode Num: 368 Episode T: 200 Reward: -137.506
Total T: 73800 Episode Num: 369 Episode T: 200 Reward: -14.102
Total T: 74000 Episode Num: 370 Episode T: 200 Reward: -15.705
Total T: 74200 Episode Num: 371 Episode T: 200 Reward: -135.630
Total T: 74400 Episode Num: 372 Episode T: 200 Reward: -237.744
Total T: 74600 Episode Num: 373 Episode T: 200 Reward: -133.671
Total T: 74800 Episode Num: 374 Episode T: 200 Reward: -234.570
Total T: 75000 Episode Num: 375 Episode T: 200 Reward: -130.492
---------------------------------------
Evaluation over 10 episodes: -144.449
---------------------------------------
Total T: 75200 Episode Num: 376 Episode T: 200 Reward: -132.008
Total T: 75400 Episode Num: 377 Episode T: 200 Reward: -256.640
Total T: 75600 Episode Num: 378 Episode T: 200 Reward: -133.081
Total T: 75800 Episode Num: 379 Episode T: 200 Reward: -128.781
Total T: 76000 Episode Num: 380 Episode T: 200 Reward: -131.187
Total T: 76200 Episode Num: 381 Episode T: 200 Reward: -16.113
Total T: 76400 Episode Num: 382 Episode T: 200 Reward: -239.954
Total T: 76600 Episode Num: 383 Episode T: 200 Reward: -237.639
Total T: 76800 Episode Num: 384 Episode T: 200 Reward: -245.554
Total T: 77000 Episode Num: 385 Episode T: 200 Reward: -133.030
Total T: 77200 Episode Num: 386 Episode T: 200 Reward: -254.600
Total T: 77400 Episode Num: 387 Episode T: 200 Reward: -351.142
Total T: 77600 Episode Num: 388 Episode T: 200 Reward: -240.464
Total T: 77800 Episode Num: 389 Episode T: 200 Reward: -140.330
Total T: 78000 Episode Num: 390 Episode T: 200 Reward: -132.288
Total T: 78200 Episode Num: 391 Episode T: 200 Reward: -135.816
Total T: 78400 Episode Num: 392 Episode T: 200 Reward: -130.670
Total T: 78600 Episode Num: 393 Episode T: 200 Reward: -132.379
Total T: 78800 Episode Num: 394 Episode T: 200 Reward: -137.168
Total T: 79000 Episode Num: 395 Episode T: 200 Reward: -15.653
Total T: 79200 Episode Num: 396 Episode T: 200 Reward: -131.696
Total T: 79400 Episode Num: 397 Episode T: 200 Reward: -245.029
Total T: 79600 Episode Num: 398 Episode T: 200 Reward: -258.238
Total T: 79800 Episode Num: 399 Episode T: 200 Reward: -241.388
Total T: 80000 Episode Num: 400 Episode T: 200 Reward: -358.020
---------------------------------------
Evaluation over 10 episodes: -145.167
---------------------------------------
Total T: 80200 Episode Num: 401 Episode T: 200 Reward: -132.945
Total T: 80400 Episode Num: 402 Episode T: 200 Reward: -8.947
Total T: 80600 Episode Num: 403 Episode T: 200 Reward: -232.418
Total T: 80800 Episode Num: 404 Episode T: 200 Reward: -9.000
Total T: 81000 Episode Num: 405 Episode T: 200 Reward: -124.362
Total T: 81200 Episode Num: 406 Episode T: 200 Reward: -305.151
Total T: 81400 Episode Num: 407 Episode T: 200 Reward: -134.759
Total T: 81600 Episode Num: 408 Episode T: 200 Reward: -238.223
Total T: 81800 Episode Num: 409 Episode T: 200 Reward: -128.738
Total T: 82000 Episode Num: 410 Episode T: 200 Reward: -235.909
Total T: 82200 Episode Num: 411 Episode T: 200 Reward: -134.752
Total T: 82400 Episode Num: 412 Episode T: 200 Reward: -130.241
Total T: 82600 Episode Num: 413 Episode T: 200 Reward: -130.970
Total T: 82800 Episode Num: 414 Episode T: 200 Reward: -348.191
Total T: 83000 Episode Num: 415 Episode T: 200 Reward: -125.714
Total T: 83200 Episode Num: 416 Episode T: 200 Reward: -125.705
Total T: 83400 Episode Num: 417 Episode T: 200 Reward: -123.222
Total T: 83600 Episode Num: 418 Episode T: 200 Reward: -133.711
Total T: 83800 Episode Num: 419 Episode T: 200 Reward: -123.290
Total T: 84000 Episode Num: 420 Episode T: 200 Reward: -233.875
Total T: 84200 Episode Num: 421 Episode T: 200 Reward: -9.805
Total T: 84400 Episode Num: 422 Episode T: 200 Reward: -130.142
Total T: 84600 Episode Num: 423 Episode T: 200 Reward: -229.353
Total T: 84800 Episode Num: 424 Episode T: 200 Reward: -132.772
Total T: 85000 Episode Num: 425 Episode T: 200 Reward: -237.335
---------------------------------------
Evaluation over 10 episodes: -144.419
---------------------------------------
Total T: 85200 Episode Num: 426 Episode T: 200 Reward: -126.021
Total T: 85400 Episode Num: 427 Episode T: 200 Reward: -126.176
Total T: 85600 Episode Num: 428 Episode T: 200 Reward: -132.520
Total T: 85800 Episode Num: 429 Episode T: 200 Reward: -135.068
Total T: 86000 Episode Num: 430 Episode T: 200 Reward: -123.662
Total T: 86200 Episode Num: 431 Episode T: 200 Reward: -128.298
Total T: 86400 Episode Num: 432 Episode T: 200 Reward: -9.293
Total T: 86600 Episode Num: 433 Episode T: 200 Reward: -132.831
Total T: 86800 Episode Num: 434 Episode T: 200 Reward: -235.596
Total T: 87000 Episode Num: 435 Episode T: 200 Reward: -260.102
Total T: 87200 Episode Num: 436 Episode T: 200 Reward: -124.911
Total T: 87400 Episode Num: 437 Episode T: 200 Reward: -133.943
Total T: 87600 Episode Num: 438 Episode T: 200 Reward: -131.627
Total T: 87800 Episode Num: 439 Episode T: 200 Reward: -133.206
Total T: 88000 Episode Num: 440 Episode T: 200 Reward: -126.354
Total T: 88200 Episode Num: 441 Episode T: 200 Reward: -12.166
Total T: 88400 Episode Num: 442 Episode T: 200 Reward: -231.082
Total T: 88600 Episode Num: 443 Episode T: 200 Reward: -362.645
Total T: 88800 Episode Num: 444 Episode T: 200 Reward: -124.065
Total T: 89000 Episode Num: 445 Episode T: 200 Reward: -256.907
Total T: 89200 Episode Num: 446 Episode T: 200 Reward: -127.384
Total T: 89400 Episode Num: 447 Episode T: 200 Reward: -137.240
Total T: 89600 Episode Num: 448 Episode T: 200 Reward: -133.802
Total T: 89800 Episode Num: 449 Episode T: 200 Reward: -135.330
Total T: 90000 Episode Num: 450 Episode T: 200 Reward: -334.608
---------------------------------------
Evaluation over 10 episodes: -146.572
---------------------------------------
Total T: 90200 Episode Num: 451 Episode T: 200 Reward: -130.371
Total T: 90400 Episode Num: 452 Episode T: 200 Reward: -126.698
Total T: 90600 Episode Num: 453 Episode T: 200 Reward: -352.607
Total T: 90800 Episode Num: 454 Episode T: 200 Reward: -238.425
Total T: 91000 Episode Num: 455 Episode T: 200 Reward: -233.223
Total T: 91200 Episode Num: 456 Episode T: 200 Reward: -137.388
Total T: 91400 Episode Num: 457 Episode T: 200 Reward: -133.094
Total T: 91600 Episode Num: 458 Episode T: 200 Reward: -13.427
Total T: 91800 Episode Num: 459 Episode T: 200 Reward: -132.134
Total T: 92000 Episode Num: 460 Episode T: 200 Reward: -130.489
Total T: 92200 Episode Num: 461 Episode T: 200 Reward: -136.963
Total T: 92400 Episode Num: 462 Episode T: 200 Reward: -135.109
Total T: 92600 Episode Num: 463 Episode T: 200 Reward: -14.276
Total T: 92800 Episode Num: 464 Episode T: 200 Reward: -137.345
Total T: 93000 Episode Num: 465 Episode T: 200 Reward: -337.327
Total T: 93200 Episode Num: 466 Episode T: 200 Reward: -330.766
Total T: 93400 Episode Num: 467 Episode T: 200 Reward: -136.262
Total T: 93600 Episode Num: 468 Episode T: 200 Reward: -137.803
Total T: 93800 Episode Num: 469 Episode T: 200 Reward: -134.352
Total T: 94000 Episode Num: 470 Episode T: 200 Reward: -14.926
Total T: 94200 Episode Num: 471 Episode T: 200 Reward: -14.520
Total T: 94400 Episode Num: 472 Episode T: 200 Reward: -236.829
Total T: 94600 Episode Num: 473 Episode T: 200 Reward: -246.800
Total T: 94800 Episode Num: 474 Episode T: 200 Reward: -135.357
Total T: 95000 Episode Num: 475 Episode T: 200 Reward: -127.897
---------------------------------------
Evaluation over 10 episodes: -148.228
---------------------------------------
Total T: 95200 Episode Num: 476 Episode T: 200 Reward: -131.581
Total T: 95400 Episode Num: 477 Episode T: 200 Reward: -129.153
Total T: 95600 Episode Num: 478 Episode T: 200 Reward: -13.952
Total T: 95800 Episode Num: 479 Episode T: 200 Reward: -126.847
Total T: 96000 Episode Num: 480 Episode T: 200 Reward: -129.564
Total T: 96200 Episode Num: 481 Episode T: 200 Reward: -131.301
Total T: 96400 Episode Num: 482 Episode T: 200 Reward: -278.439
Total T: 96600 Episode Num: 483 Episode T: 200 Reward: -13.605
Total T: 96800 Episode Num: 484 Episode T: 200 Reward: -128.044
Total T: 97000 Episode Num: 485 Episode T: 200 Reward: -337.358
Total T: 97200 Episode Num: 486 Episode T: 200 Reward: -15.728
Total T: 97400 Episode Num: 487 Episode T: 200 Reward: -139.148
Total T: 97600 Episode Num: 488 Episode T: 200 Reward: -133.405
Total T: 97800 Episode Num: 489 Episode T: 200 Reward: -138.803
Total T: 98000 Episode Num: 490 Episode T: 200 Reward: -245.044
Total T: 98200 Episode Num: 491 Episode T: 200 Reward: -237.664
Total T: 98400 Episode Num: 492 Episode T: 200 Reward: -130.648
Total T: 98600 Episode Num: 493 Episode T: 200 Reward: -126.734
Total T: 98800 Episode Num: 494 Episode T: 200 Reward: -127.935
Total T: 99000 Episode Num: 495 Episode T: 200 Reward: -11.803
Total T: 99200 Episode Num: 496 Episode T: 200 Reward: -133.265
Total T: 99400 Episode Num: 497 Episode T: 200 Reward: -237.840
Total T: 99600 Episode Num: 498 Episode T: 200 Reward: -268.137
Total T: 99800 Episode Num: 499 Episode T: 200 Reward: -229.482
Total T: 100000 Episode Num: 500 Episode T: 200 Reward: -136.353
---------------------------------------
Evaluation over 10 episodes: -146.798
---------------------------------------
Saving .json file
Juste pour tester max timesteps per episode: 200
