---------------------------------------
Policy: TD3, Env: Pendulum-v1, Seed: 9
---------------------------------------
---------------------------------------
Evaluation over 10 episodes: -1409.747
---------------------------------------
Total T: 200 Episode Num: 1 Episode T: 200 Reward: -974.392
Total T: 400 Episode Num: 2 Episode T: 200 Reward: -1090.049
Total T: 600 Episode Num: 3 Episode T: 200 Reward: -1331.975
Total T: 800 Episode Num: 4 Episode T: 200 Reward: -1683.522
Total T: 1000 Episode Num: 5 Episode T: 200 Reward: -902.313
Total T: 1200 Episode Num: 6 Episode T: 200 Reward: -1736.416
Total T: 1400 Episode Num: 7 Episode T: 200 Reward: -1447.892
Total T: 1600 Episode Num: 8 Episode T: 200 Reward: -825.846
Total T: 1800 Episode Num: 9 Episode T: 200 Reward: -1175.323
Total T: 2000 Episode Num: 10 Episode T: 200 Reward: -962.888
Total T: 2200 Episode Num: 11 Episode T: 200 Reward: -1769.055
Total T: 2400 Episode Num: 12 Episode T: 200 Reward: -1285.867
Total T: 2600 Episode Num: 13 Episode T: 200 Reward: -1102.677
Total T: 2800 Episode Num: 14 Episode T: 200 Reward: -1643.236
Total T: 3000 Episode Num: 15 Episode T: 200 Reward: -864.531
Total T: 3200 Episode Num: 16 Episode T: 200 Reward: -749.180
Total T: 3400 Episode Num: 17 Episode T: 200 Reward: -1265.757
Total T: 3600 Episode Num: 18 Episode T: 200 Reward: -1511.085
Total T: 3800 Episode Num: 19 Episode T: 200 Reward: -1646.061
Total T: 4000 Episode Num: 20 Episode T: 200 Reward: -993.476
Total T: 4200 Episode Num: 21 Episode T: 200 Reward: -1187.687
Total T: 4400 Episode Num: 22 Episode T: 200 Reward: -1513.438
Total T: 4600 Episode Num: 23 Episode T: 200 Reward: -1167.529
Total T: 4800 Episode Num: 24 Episode T: 200 Reward: -881.870
Total T: 5000 Episode Num: 25 Episode T: 200 Reward: -1298.035
---------------------------------------
Evaluation over 10 episodes: -1409.747
---------------------------------------
Total T: 5200 Episode Num: 26 Episode T: 200 Reward: -1237.356
Total T: 5400 Episode Num: 27 Episode T: 200 Reward: -1274.752
Total T: 5600 Episode Num: 28 Episode T: 200 Reward: -1291.482
Total T: 5800 Episode Num: 29 Episode T: 200 Reward: -1625.756
Total T: 6000 Episode Num: 30 Episode T: 200 Reward: -1117.784
Total T: 6200 Episode Num: 31 Episode T: 200 Reward: -938.327
Total T: 6400 Episode Num: 32 Episode T: 200 Reward: -925.277
Total T: 6600 Episode Num: 33 Episode T: 200 Reward: -879.833
Total T: 6800 Episode Num: 34 Episode T: 200 Reward: -961.020
Total T: 7000 Episode Num: 35 Episode T: 200 Reward: -1624.510
Total T: 7200 Episode Num: 36 Episode T: 200 Reward: -972.413
Total T: 7400 Episode Num: 37 Episode T: 200 Reward: -1015.278
Total T: 7600 Episode Num: 38 Episode T: 200 Reward: -1395.561
Total T: 7800 Episode Num: 39 Episode T: 200 Reward: -933.048
Total T: 8000 Episode Num: 40 Episode T: 200 Reward: -915.232
Total T: 8200 Episode Num: 41 Episode T: 200 Reward: -1070.841
Total T: 8400 Episode Num: 42 Episode T: 200 Reward: -1074.280
Total T: 8600 Episode Num: 43 Episode T: 200 Reward: -1166.211
Total T: 8800 Episode Num: 44 Episode T: 200 Reward: -1718.583
Total T: 9000 Episode Num: 45 Episode T: 200 Reward: -1555.043
Total T: 9200 Episode Num: 46 Episode T: 200 Reward: -1208.944
Total T: 9400 Episode Num: 47 Episode T: 200 Reward: -913.594
Total T: 9600 Episode Num: 48 Episode T: 200 Reward: -1144.781
Total T: 9800 Episode Num: 49 Episode T: 200 Reward: -1023.207
Total T: 10000 Episode Num: 50 Episode T: 200 Reward: -1072.782
---------------------------------------
Evaluation over 10 episodes: -1409.747
---------------------------------------
Total T: 10200 Episode Num: 51 Episode T: 200 Reward: -1486.974
Total T: 10400 Episode Num: 52 Episode T: 200 Reward: -1195.602
Total T: 10600 Episode Num: 53 Episode T: 200 Reward: -991.378
Total T: 10800 Episode Num: 54 Episode T: 200 Reward: -996.997
Total T: 11000 Episode Num: 55 Episode T: 200 Reward: -770.932
Total T: 11200 Episode Num: 56 Episode T: 200 Reward: -784.906
Total T: 11400 Episode Num: 57 Episode T: 200 Reward: -1828.670
Total T: 11600 Episode Num: 58 Episode T: 200 Reward: -879.783
Total T: 11800 Episode Num: 59 Episode T: 200 Reward: -1347.357
Total T: 12000 Episode Num: 60 Episode T: 200 Reward: -965.492
Total T: 12200 Episode Num: 61 Episode T: 200 Reward: -1490.119
Total T: 12400 Episode Num: 62 Episode T: 200 Reward: -1162.979
Total T: 12600 Episode Num: 63 Episode T: 200 Reward: -869.434
Total T: 12800 Episode Num: 64 Episode T: 200 Reward: -1160.962
Total T: 13000 Episode Num: 65 Episode T: 200 Reward: -1287.440
Total T: 13200 Episode Num: 66 Episode T: 200 Reward: -1066.063
Total T: 13400 Episode Num: 67 Episode T: 200 Reward: -871.713
Total T: 13600 Episode Num: 68 Episode T: 200 Reward: -1286.248
Total T: 13800 Episode Num: 69 Episode T: 200 Reward: -1704.215
Total T: 14000 Episode Num: 70 Episode T: 200 Reward: -1241.019
Total T: 14200 Episode Num: 71 Episode T: 200 Reward: -1362.555
Total T: 14400 Episode Num: 72 Episode T: 200 Reward: -989.447
Total T: 14600 Episode Num: 73 Episode T: 200 Reward: -1160.112
Total T: 14800 Episode Num: 74 Episode T: 200 Reward: -971.347
Total T: 15000 Episode Num: 75 Episode T: 200 Reward: -843.503
---------------------------------------
Evaluation over 10 episodes: -1409.747
---------------------------------------
Total T: 15200 Episode Num: 76 Episode T: 200 Reward: -881.663
Total T: 15400 Episode Num: 77 Episode T: 200 Reward: -751.862
Total T: 15600 Episode Num: 78 Episode T: 200 Reward: -762.843
Total T: 15800 Episode Num: 79 Episode T: 200 Reward: -931.995
Total T: 16000 Episode Num: 80 Episode T: 200 Reward: -761.127
Total T: 16200 Episode Num: 81 Episode T: 200 Reward: -1520.286
Total T: 16400 Episode Num: 82 Episode T: 200 Reward: -1237.437
Total T: 16600 Episode Num: 83 Episode T: 200 Reward: -1051.259
Total T: 16800 Episode Num: 84 Episode T: 200 Reward: -1666.841
Total T: 17000 Episode Num: 85 Episode T: 200 Reward: -1143.293
Total T: 17200 Episode Num: 86 Episode T: 200 Reward: -988.393
Total T: 17400 Episode Num: 87 Episode T: 200 Reward: -1064.419
Total T: 17600 Episode Num: 88 Episode T: 200 Reward: -966.028
Total T: 17800 Episode Num: 89 Episode T: 200 Reward: -1074.703
Total T: 18000 Episode Num: 90 Episode T: 200 Reward: -766.229
Total T: 18200 Episode Num: 91 Episode T: 200 Reward: -1347.251
Total T: 18400 Episode Num: 92 Episode T: 200 Reward: -1629.650
Total T: 18600 Episode Num: 93 Episode T: 200 Reward: -861.366
Total T: 18800 Episode Num: 94 Episode T: 200 Reward: -1328.643
Total T: 19000 Episode Num: 95 Episode T: 200 Reward: -1003.077
Total T: 19200 Episode Num: 96 Episode T: 200 Reward: -1650.666
Total T: 19400 Episode Num: 97 Episode T: 200 Reward: -725.918
Total T: 19600 Episode Num: 98 Episode T: 200 Reward: -1239.865
Total T: 19800 Episode Num: 99 Episode T: 200 Reward: -1434.578
Total T: 20000 Episode Num: 100 Episode T: 200 Reward: -1563.848
---------------------------------------
Evaluation over 10 episodes: -1409.747
---------------------------------------
Total T: 20200 Episode Num: 101 Episode T: 200 Reward: -1070.773
Total T: 20400 Episode Num: 102 Episode T: 200 Reward: -1297.732
Total T: 20600 Episode Num: 103 Episode T: 200 Reward: -875.617
Total T: 20800 Episode Num: 104 Episode T: 200 Reward: -1705.177
Total T: 21000 Episode Num: 105 Episode T: 200 Reward: -1170.341
Total T: 21200 Episode Num: 106 Episode T: 200 Reward: -1510.444
Total T: 21400 Episode Num: 107 Episode T: 200 Reward: -1615.865
Total T: 21600 Episode Num: 108 Episode T: 200 Reward: -1301.772
Total T: 21800 Episode Num: 109 Episode T: 200 Reward: -1509.509
Total T: 22000 Episode Num: 110 Episode T: 200 Reward: -979.244
Total T: 22200 Episode Num: 111 Episode T: 200 Reward: -1123.944
Total T: 22400 Episode Num: 112 Episode T: 200 Reward: -877.265
Total T: 22600 Episode Num: 113 Episode T: 200 Reward: -860.430
Total T: 22800 Episode Num: 114 Episode T: 200 Reward: -747.060
Total T: 23000 Episode Num: 115 Episode T: 200 Reward: -1288.750
Total T: 23200 Episode Num: 116 Episode T: 200 Reward: -853.464
Total T: 23400 Episode Num: 117 Episode T: 200 Reward: -1556.605
Total T: 23600 Episode Num: 118 Episode T: 200 Reward: -876.418
Total T: 23800 Episode Num: 119 Episode T: 200 Reward: -1382.542
Total T: 24000 Episode Num: 120 Episode T: 200 Reward: -874.718
Total T: 24200 Episode Num: 121 Episode T: 200 Reward: -1472.727
Total T: 24400 Episode Num: 122 Episode T: 200 Reward: -1596.361
Total T: 24600 Episode Num: 123 Episode T: 200 Reward: -1535.270
Total T: 24800 Episode Num: 124 Episode T: 200 Reward: -1419.249
Total T: 25000 Episode Num: 125 Episode T: 200 Reward: -966.541
---------------------------------------
Evaluation over 10 episodes: -1409.747
---------------------------------------
Total T: 25200 Episode Num: 126 Episode T: 200 Reward: -1891.437
Total T: 25400 Episode Num: 127 Episode T: 200 Reward: -1617.721
Total T: 25600 Episode Num: 128 Episode T: 200 Reward: -1846.517
Total T: 25800 Episode Num: 129 Episode T: 200 Reward: -1713.763
Total T: 26000 Episode Num: 130 Episode T: 200 Reward: -1563.148
Total T: 26200 Episode Num: 131 Episode T: 200 Reward: -1487.978
Total T: 26400 Episode Num: 132 Episode T: 200 Reward: -1511.331
Total T: 26600 Episode Num: 133 Episode T: 200 Reward: -1532.067
Total T: 26800 Episode Num: 134 Episode T: 200 Reward: -1366.119
Total T: 27000 Episode Num: 135 Episode T: 200 Reward: -1274.467
Total T: 27200 Episode Num: 136 Episode T: 200 Reward: -1276.157
Total T: 27400 Episode Num: 137 Episode T: 200 Reward: -1355.529
Total T: 27600 Episode Num: 138 Episode T: 200 Reward: -1252.482
Total T: 27800 Episode Num: 139 Episode T: 200 Reward: -1140.817
Total T: 28000 Episode Num: 140 Episode T: 200 Reward: -10.866
Total T: 28200 Episode Num: 141 Episode T: 200 Reward: -544.004
Total T: 28400 Episode Num: 142 Episode T: 200 Reward: -908.682
Total T: 28600 Episode Num: 143 Episode T: 200 Reward: -810.023
Total T: 28800 Episode Num: 144 Episode T: 200 Reward: -2.837
Total T: 29000 Episode Num: 145 Episode T: 200 Reward: -0.393
Total T: 29200 Episode Num: 146 Episode T: 200 Reward: -602.142
Total T: 29400 Episode Num: 147 Episode T: 200 Reward: -132.671
Total T: 29600 Episode Num: 148 Episode T: 200 Reward: -482.410
Total T: 29800 Episode Num: 149 Episode T: 200 Reward: -130.186
Total T: 30000 Episode Num: 150 Episode T: 200 Reward: -265.268
---------------------------------------
Evaluation over 10 episodes: -173.758
---------------------------------------
Total T: 30200 Episode Num: 151 Episode T: 200 Reward: -259.773
Total T: 30400 Episode Num: 152 Episode T: 200 Reward: -367.044
Total T: 30600 Episode Num: 153 Episode T: 200 Reward: -128.220
Total T: 30800 Episode Num: 154 Episode T: 200 Reward: -124.382
Total T: 31000 Episode Num: 155 Episode T: 200 Reward: -126.586
Total T: 31200 Episode Num: 156 Episode T: 200 Reward: -0.315
Total T: 31400 Episode Num: 157 Episode T: 200 Reward: -123.411
Total T: 31600 Episode Num: 158 Episode T: 200 Reward: -279.319
Total T: 31800 Episode Num: 159 Episode T: 200 Reward: -124.209
Total T: 32000 Episode Num: 160 Episode T: 200 Reward: -124.507
Total T: 32200 Episode Num: 161 Episode T: 200 Reward: -121.072
Total T: 32400 Episode Num: 162 Episode T: 200 Reward: -118.579
Total T: 32600 Episode Num: 163 Episode T: 200 Reward: -117.815
Total T: 32800 Episode Num: 164 Episode T: 200 Reward: -126.723
Total T: 33000 Episode Num: 165 Episode T: 200 Reward: -321.934
Total T: 33200 Episode Num: 166 Episode T: 200 Reward: -128.170
Total T: 33400 Episode Num: 167 Episode T: 200 Reward: -117.457
Total T: 33600 Episode Num: 168 Episode T: 200 Reward: -321.230
Total T: 33800 Episode Num: 169 Episode T: 200 Reward: -2.956
Total T: 34000 Episode Num: 170 Episode T: 200 Reward: -116.746
Total T: 34200 Episode Num: 171 Episode T: 200 Reward: -122.916
Total T: 34400 Episode Num: 172 Episode T: 200 Reward: -4.461
Total T: 34600 Episode Num: 173 Episode T: 200 Reward: -3.694
Total T: 34800 Episode Num: 174 Episode T: 200 Reward: -246.357
Total T: 35000 Episode Num: 175 Episode T: 200 Reward: -123.796
---------------------------------------
Evaluation over 10 episodes: -149.575
---------------------------------------
Total T: 35200 Episode Num: 176 Episode T: 200 Reward: -116.578
Total T: 35400 Episode Num: 177 Episode T: 200 Reward: -6.051
Total T: 35600 Episode Num: 178 Episode T: 200 Reward: -120.781
Total T: 35800 Episode Num: 179 Episode T: 200 Reward: -125.558
Total T: 36000 Episode Num: 180 Episode T: 200 Reward: -287.260
Total T: 36200 Episode Num: 181 Episode T: 200 Reward: -341.984
Total T: 36400 Episode Num: 182 Episode T: 200 Reward: -2.816
Total T: 36600 Episode Num: 183 Episode T: 200 Reward: -121.712
Total T: 36800 Episode Num: 184 Episode T: 200 Reward: -122.113
Total T: 37000 Episode Num: 185 Episode T: 200 Reward: -226.449
Total T: 37200 Episode Num: 186 Episode T: 200 Reward: -366.142
Total T: 37400 Episode Num: 187 Episode T: 200 Reward: -119.221
Total T: 37600 Episode Num: 188 Episode T: 200 Reward: -240.570
Total T: 37800 Episode Num: 189 Episode T: 200 Reward: -232.015
Total T: 38000 Episode Num: 190 Episode T: 200 Reward: -119.813
Total T: 38200 Episode Num: 191 Episode T: 200 Reward: -120.715
Total T: 38400 Episode Num: 192 Episode T: 200 Reward: -120.282
Total T: 38600 Episode Num: 193 Episode T: 200 Reward: -1.488
Total T: 38800 Episode Num: 194 Episode T: 200 Reward: -126.374
Total T: 39000 Episode Num: 195 Episode T: 200 Reward: -121.574
Total T: 39200 Episode Num: 196 Episode T: 200 Reward: -118.947
Total T: 39400 Episode Num: 197 Episode T: 200 Reward: -1.249
Total T: 39600 Episode Num: 198 Episode T: 200 Reward: -1.155
Total T: 39800 Episode Num: 199 Episode T: 200 Reward: -115.981
Total T: 40000 Episode Num: 200 Episode T: 200 Reward: -229.135
---------------------------------------
Evaluation over 10 episodes: -153.364
---------------------------------------
Total T: 40200 Episode Num: 201 Episode T: 200 Reward: -124.568
Total T: 40400 Episode Num: 202 Episode T: 200 Reward: -248.653
Total T: 40600 Episode Num: 203 Episode T: 200 Reward: -121.538
Total T: 40800 Episode Num: 204 Episode T: 200 Reward: -256.871
Total T: 41000 Episode Num: 205 Episode T: 200 Reward: -0.566
Total T: 41200 Episode Num: 206 Episode T: 200 Reward: -117.419
Total T: 41400 Episode Num: 207 Episode T: 200 Reward: -118.856
Total T: 41600 Episode Num: 208 Episode T: 200 Reward: -114.562
Total T: 41800 Episode Num: 209 Episode T: 200 Reward: -118.748
Total T: 42000 Episode Num: 210 Episode T: 200 Reward: -234.558
Total T: 42200 Episode Num: 211 Episode T: 200 Reward: -0.808
Total T: 42400 Episode Num: 212 Episode T: 200 Reward: -126.477
Total T: 42600 Episode Num: 213 Episode T: 200 Reward: -120.288
Total T: 42800 Episode Num: 214 Episode T: 200 Reward: -0.865
Total T: 43000 Episode Num: 215 Episode T: 200 Reward: -124.866
Total T: 43200 Episode Num: 216 Episode T: 200 Reward: -226.560
Total T: 43400 Episode Num: 217 Episode T: 200 Reward: -115.838
Total T: 43600 Episode Num: 218 Episode T: 200 Reward: -124.450
Total T: 43800 Episode Num: 219 Episode T: 200 Reward: -121.610
Total T: 44000 Episode Num: 220 Episode T: 200 Reward: -244.150
Total T: 44200 Episode Num: 221 Episode T: 200 Reward: -120.966
Total T: 44400 Episode Num: 222 Episode T: 200 Reward: -115.411
Total T: 44600 Episode Num: 223 Episode T: 200 Reward: -119.355
Total T: 44800 Episode Num: 224 Episode T: 200 Reward: -120.323
Total T: 45000 Episode Num: 225 Episode T: 200 Reward: -120.929
---------------------------------------
Evaluation over 10 episodes: -152.998
---------------------------------------
Total T: 45200 Episode Num: 226 Episode T: 200 Reward: -122.556
Total T: 45400 Episode Num: 227 Episode T: 200 Reward: -120.279
Total T: 45600 Episode Num: 228 Episode T: 200 Reward: -115.692
Total T: 45800 Episode Num: 229 Episode T: 200 Reward: -236.227
Total T: 46000 Episode Num: 230 Episode T: 200 Reward: -119.810
Total T: 46200 Episode Num: 231 Episode T: 200 Reward: -122.099
Total T: 46400 Episode Num: 232 Episode T: 200 Reward: -2.230
Total T: 46600 Episode Num: 233 Episode T: 200 Reward: -124.853
Total T: 46800 Episode Num: 234 Episode T: 200 Reward: -119.632
Total T: 47000 Episode Num: 235 Episode T: 200 Reward: -243.066
Total T: 47200 Episode Num: 236 Episode T: 200 Reward: -116.500
Total T: 47400 Episode Num: 237 Episode T: 200 Reward: -235.492
Total T: 47600 Episode Num: 238 Episode T: 200 Reward: -121.095
Total T: 47800 Episode Num: 239 Episode T: 200 Reward: -126.457
Total T: 48000 Episode Num: 240 Episode T: 200 Reward: -310.267
Total T: 48200 Episode Num: 241 Episode T: 200 Reward: -117.629
Total T: 48400 Episode Num: 242 Episode T: 200 Reward: -127.125
Total T: 48600 Episode Num: 243 Episode T: 200 Reward: -1.492
Total T: 48800 Episode Num: 244 Episode T: 200 Reward: -230.893
Total T: 49000 Episode Num: 245 Episode T: 200 Reward: -239.308
Total T: 49200 Episode Num: 246 Episode T: 200 Reward: -233.952
Total T: 49400 Episode Num: 247 Episode T: 200 Reward: -126.939
Total T: 49600 Episode Num: 248 Episode T: 200 Reward: -124.069
Total T: 49800 Episode Num: 249 Episode T: 200 Reward: -123.294
Total T: 50000 Episode Num: 250 Episode T: 200 Reward: -117.262
---------------------------------------
Evaluation over 10 episodes: -153.788
---------------------------------------
Total T: 50200 Episode Num: 251 Episode T: 200 Reward: -3.070
Total T: 50400 Episode Num: 252 Episode T: 200 Reward: -118.134
Total T: 50600 Episode Num: 253 Episode T: 200 Reward: -128.166
Total T: 50800 Episode Num: 254 Episode T: 200 Reward: -127.068
Total T: 51000 Episode Num: 255 Episode T: 200 Reward: -250.692
Total T: 51200 Episode Num: 256 Episode T: 200 Reward: -238.957
Total T: 51400 Episode Num: 257 Episode T: 200 Reward: -122.715
Total T: 51600 Episode Num: 258 Episode T: 200 Reward: -126.568
Total T: 51800 Episode Num: 259 Episode T: 200 Reward: -121.899
Total T: 52000 Episode Num: 260 Episode T: 200 Reward: -229.907
Total T: 52200 Episode Num: 261 Episode T: 200 Reward: -127.469
Total T: 52400 Episode Num: 262 Episode T: 200 Reward: -226.061
Total T: 52600 Episode Num: 263 Episode T: 200 Reward: -128.390
Total T: 52800 Episode Num: 264 Episode T: 200 Reward: -4.027
Total T: 53000 Episode Num: 265 Episode T: 200 Reward: -118.838
Total T: 53200 Episode Num: 266 Episode T: 200 Reward: -120.227
Total T: 53400 Episode Num: 267 Episode T: 200 Reward: -129.136
Total T: 53600 Episode Num: 268 Episode T: 200 Reward: -343.566
Total T: 53800 Episode Num: 269 Episode T: 200 Reward: -4.450
Total T: 54000 Episode Num: 270 Episode T: 200 Reward: -241.108
Total T: 54200 Episode Num: 271 Episode T: 200 Reward: -238.210
Total T: 54400 Episode Num: 272 Episode T: 200 Reward: -120.788
Total T: 54600 Episode Num: 273 Episode T: 200 Reward: -243.673
Total T: 54800 Episode Num: 274 Episode T: 200 Reward: -120.069
Total T: 55000 Episode Num: 275 Episode T: 200 Reward: -127.982
---------------------------------------
Evaluation over 10 episodes: -156.488
---------------------------------------
Total T: 55200 Episode Num: 276 Episode T: 200 Reward: -123.098
Total T: 55400 Episode Num: 277 Episode T: 200 Reward: -317.834
Total T: 55600 Episode Num: 278 Episode T: 200 Reward: -7.140
Total T: 55800 Episode Num: 279 Episode T: 200 Reward: -129.245
Total T: 56000 Episode Num: 280 Episode T: 200 Reward: -125.808
Total T: 56200 Episode Num: 281 Episode T: 200 Reward: -127.197
Total T: 56400 Episode Num: 282 Episode T: 200 Reward: -6.512
Total T: 56600 Episode Num: 283 Episode T: 200 Reward: -120.042
Total T: 56800 Episode Num: 284 Episode T: 200 Reward: -236.499
Total T: 57000 Episode Num: 285 Episode T: 200 Reward: -127.178
Total T: 57200 Episode Num: 286 Episode T: 200 Reward: -4.385
Total T: 57400 Episode Num: 287 Episode T: 200 Reward: -352.330
Total T: 57600 Episode Num: 288 Episode T: 200 Reward: -240.204
Total T: 57800 Episode Num: 289 Episode T: 200 Reward: -116.257
Total T: 58000 Episode Num: 290 Episode T: 200 Reward: -123.349
Total T: 58200 Episode Num: 291 Episode T: 200 Reward: -119.500
Total T: 58400 Episode Num: 292 Episode T: 200 Reward: -224.571
Total T: 58600 Episode Num: 293 Episode T: 200 Reward: -125.001
Total T: 58800 Episode Num: 294 Episode T: 200 Reward: -236.082
Total T: 59000 Episode Num: 295 Episode T: 200 Reward: -127.892
Total T: 59200 Episode Num: 296 Episode T: 200 Reward: -229.716
Total T: 59400 Episode Num: 297 Episode T: 200 Reward: -117.304
Total T: 59600 Episode Num: 298 Episode T: 200 Reward: -3.078
Total T: 59800 Episode Num: 299 Episode T: 200 Reward: -241.911
Total T: 60000 Episode Num: 300 Episode T: 200 Reward: -120.968
---------------------------------------
Evaluation over 10 episodes: -151.153
---------------------------------------
Total T: 60200 Episode Num: 301 Episode T: 200 Reward: -118.597
Total T: 60400 Episode Num: 302 Episode T: 200 Reward: -232.543
Total T: 60600 Episode Num: 303 Episode T: 200 Reward: -251.684
Total T: 60800 Episode Num: 304 Episode T: 200 Reward: -131.280
Total T: 61000 Episode Num: 305 Episode T: 200 Reward: -247.154
Total T: 61200 Episode Num: 306 Episode T: 200 Reward: -129.254
Total T: 61400 Episode Num: 307 Episode T: 200 Reward: -126.703
Total T: 61600 Episode Num: 308 Episode T: 200 Reward: -121.753
Total T: 61800 Episode Num: 309 Episode T: 200 Reward: -234.311
Total T: 62000 Episode Num: 310 Episode T: 200 Reward: -131.845
Total T: 62200 Episode Num: 311 Episode T: 200 Reward: -133.884
Total T: 62400 Episode Num: 312 Episode T: 200 Reward: -120.639
Total T: 62600 Episode Num: 313 Episode T: 200 Reward: -4.263
Total T: 62800 Episode Num: 314 Episode T: 200 Reward: -119.172
Total T: 63000 Episode Num: 315 Episode T: 200 Reward: -119.518
Total T: 63200 Episode Num: 316 Episode T: 200 Reward: -247.461
Total T: 63400 Episode Num: 317 Episode T: 200 Reward: -126.522
Total T: 63600 Episode Num: 318 Episode T: 200 Reward: -120.562
Total T: 63800 Episode Num: 319 Episode T: 200 Reward: -131.180
Total T: 64000 Episode Num: 320 Episode T: 200 Reward: -125.651
Total T: 64200 Episode Num: 321 Episode T: 200 Reward: -228.101
Total T: 64400 Episode Num: 322 Episode T: 200 Reward: -124.122
Total T: 64600 Episode Num: 323 Episode T: 200 Reward: -127.019
Total T: 64800 Episode Num: 324 Episode T: 200 Reward: -117.405
Total T: 65000 Episode Num: 325 Episode T: 200 Reward: -128.607
---------------------------------------
Evaluation over 10 episodes: -150.460
---------------------------------------
Total T: 65200 Episode Num: 326 Episode T: 200 Reward: -120.978
Total T: 65400 Episode Num: 327 Episode T: 200 Reward: -242.428
Total T: 65600 Episode Num: 328 Episode T: 200 Reward: -286.765
Total T: 65800 Episode Num: 329 Episode T: 200 Reward: -130.485
Total T: 66000 Episode Num: 330 Episode T: 200 Reward: -123.380
Total T: 66200 Episode Num: 331 Episode T: 200 Reward: -129.092
Total T: 66400 Episode Num: 332 Episode T: 200 Reward: -120.884
Total T: 66600 Episode Num: 333 Episode T: 200 Reward: -126.858
Total T: 66800 Episode Num: 334 Episode T: 200 Reward: -3.926
Total T: 67000 Episode Num: 335 Episode T: 200 Reward: -233.509
Total T: 67200 Episode Num: 336 Episode T: 200 Reward: -125.831
Total T: 67400 Episode Num: 337 Episode T: 200 Reward: -128.859
Total T: 67600 Episode Num: 338 Episode T: 200 Reward: -117.507
Total T: 67800 Episode Num: 339 Episode T: 200 Reward: -246.080
Total T: 68000 Episode Num: 340 Episode T: 200 Reward: -126.977
Total T: 68200 Episode Num: 341 Episode T: 200 Reward: -230.246
Total T: 68400 Episode Num: 342 Episode T: 200 Reward: -128.499
Total T: 68600 Episode Num: 343 Episode T: 200 Reward: -119.949
Total T: 68800 Episode Num: 344 Episode T: 200 Reward: -235.221
Total T: 69000 Episode Num: 345 Episode T: 200 Reward: -119.348
Total T: 69200 Episode Num: 346 Episode T: 200 Reward: -121.543
Total T: 69400 Episode Num: 347 Episode T: 200 Reward: -128.303
Total T: 69600 Episode Num: 348 Episode T: 200 Reward: -4.842
Total T: 69800 Episode Num: 349 Episode T: 200 Reward: -131.063
Total T: 70000 Episode Num: 350 Episode T: 200 Reward: -129.445
---------------------------------------
Evaluation over 10 episodes: -150.058
---------------------------------------
Total T: 70200 Episode Num: 351 Episode T: 200 Reward: -121.546
Total T: 70400 Episode Num: 352 Episode T: 200 Reward: -119.747
Total T: 70600 Episode Num: 353 Episode T: 200 Reward: -119.957
Total T: 70800 Episode Num: 354 Episode T: 200 Reward: -127.503
Total T: 71000 Episode Num: 355 Episode T: 200 Reward: -120.308
Total T: 71200 Episode Num: 356 Episode T: 200 Reward: -121.097
Total T: 71400 Episode Num: 357 Episode T: 200 Reward: -129.234
Total T: 71600 Episode Num: 358 Episode T: 200 Reward: -116.747
Total T: 71800 Episode Num: 359 Episode T: 200 Reward: -120.100
Total T: 72000 Episode Num: 360 Episode T: 200 Reward: -120.103
Total T: 72200 Episode Num: 361 Episode T: 200 Reward: -119.895
Total T: 72400 Episode Num: 362 Episode T: 200 Reward: -128.184
Total T: 72600 Episode Num: 363 Episode T: 200 Reward: -126.191
Total T: 72800 Episode Num: 364 Episode T: 200 Reward: -1.784
Total T: 73000 Episode Num: 365 Episode T: 200 Reward: -231.573
Total T: 73200 Episode Num: 366 Episode T: 200 Reward: -124.939
Total T: 73400 Episode Num: 367 Episode T: 200 Reward: -124.471
Total T: 73600 Episode Num: 368 Episode T: 200 Reward: -120.305
Total T: 73800 Episode Num: 369 Episode T: 200 Reward: -236.553
Total T: 74000 Episode Num: 370 Episode T: 200 Reward: -126.425
Total T: 74200 Episode Num: 371 Episode T: 200 Reward: -232.175
Total T: 74400 Episode Num: 372 Episode T: 200 Reward: -126.414
Total T: 74600 Episode Num: 373 Episode T: 200 Reward: -128.007
Total T: 74800 Episode Num: 374 Episode T: 200 Reward: -1.383
Total T: 75000 Episode Num: 375 Episode T: 200 Reward: -116.149
---------------------------------------
Evaluation over 10 episodes: -148.641
---------------------------------------
Total T: 75200 Episode Num: 376 Episode T: 200 Reward: -122.135
Total T: 75400 Episode Num: 377 Episode T: 200 Reward: -118.701
Total T: 75600 Episode Num: 378 Episode T: 200 Reward: -127.375
Total T: 75800 Episode Num: 379 Episode T: 200 Reward: -228.239
Total T: 76000 Episode Num: 380 Episode T: 200 Reward: -125.742
Total T: 76200 Episode Num: 381 Episode T: 200 Reward: -129.350
Total T: 76400 Episode Num: 382 Episode T: 200 Reward: -125.696
Total T: 76600 Episode Num: 383 Episode T: 200 Reward: -1.596
Total T: 76800 Episode Num: 384 Episode T: 200 Reward: -117.320
Total T: 77000 Episode Num: 385 Episode T: 200 Reward: -2.831
Total T: 77200 Episode Num: 386 Episode T: 200 Reward: -123.391
Total T: 77400 Episode Num: 387 Episode T: 200 Reward: -1.826
Total T: 77600 Episode Num: 388 Episode T: 200 Reward: -229.020
Total T: 77800 Episode Num: 389 Episode T: 200 Reward: -125.036
Total T: 78000 Episode Num: 390 Episode T: 200 Reward: -1.399
Total T: 78200 Episode Num: 391 Episode T: 200 Reward: -2.525
Total T: 78400 Episode Num: 392 Episode T: 200 Reward: -126.816
Total T: 78600 Episode Num: 393 Episode T: 200 Reward: -126.868
Total T: 78800 Episode Num: 394 Episode T: 200 Reward: -225.813
Total T: 79000 Episode Num: 395 Episode T: 200 Reward: -236.263
Total T: 79200 Episode Num: 396 Episode T: 200 Reward: -241.575
Total T: 79400 Episode Num: 397 Episode T: 200 Reward: -226.321
Total T: 79600 Episode Num: 398 Episode T: 200 Reward: -1.293
Total T: 79800 Episode Num: 399 Episode T: 200 Reward: -122.434
Total T: 80000 Episode Num: 400 Episode T: 200 Reward: -120.940
---------------------------------------
Evaluation over 10 episodes: -148.808
---------------------------------------
Total T: 80200 Episode Num: 401 Episode T: 200 Reward: -117.909
Total T: 80400 Episode Num: 402 Episode T: 200 Reward: -324.808
Total T: 80600 Episode Num: 403 Episode T: 200 Reward: -120.046
Total T: 80800 Episode Num: 404 Episode T: 200 Reward: -123.431
Total T: 81000 Episode Num: 405 Episode T: 200 Reward: -1.998
Total T: 81200 Episode Num: 406 Episode T: 200 Reward: -228.036
Total T: 81400 Episode Num: 407 Episode T: 200 Reward: -234.891
Total T: 81600 Episode Num: 408 Episode T: 200 Reward: -229.544
Total T: 81800 Episode Num: 409 Episode T: 200 Reward: -235.783
Total T: 82000 Episode Num: 410 Episode T: 200 Reward: -119.326
Total T: 82200 Episode Num: 411 Episode T: 200 Reward: -124.439
Total T: 82400 Episode Num: 412 Episode T: 200 Reward: -363.972
Total T: 82600 Episode Num: 413 Episode T: 200 Reward: -307.742
Total T: 82800 Episode Num: 414 Episode T: 200 Reward: -117.400
Total T: 83000 Episode Num: 415 Episode T: 200 Reward: -230.910
Total T: 83200 Episode Num: 416 Episode T: 200 Reward: -117.895
Total T: 83400 Episode Num: 417 Episode T: 200 Reward: -119.451
Total T: 83600 Episode Num: 418 Episode T: 200 Reward: -240.957
Total T: 83800 Episode Num: 419 Episode T: 200 Reward: -126.192
Total T: 84000 Episode Num: 420 Episode T: 200 Reward: -117.619
Total T: 84200 Episode Num: 421 Episode T: 200 Reward: -120.827
Total T: 84400 Episode Num: 422 Episode T: 200 Reward: -125.021
Total T: 84600 Episode Num: 423 Episode T: 200 Reward: -127.105
Total T: 84800 Episode Num: 424 Episode T: 200 Reward: -128.988
Total T: 85000 Episode Num: 425 Episode T: 200 Reward: -122.973
---------------------------------------
Evaluation over 10 episodes: -148.830
---------------------------------------
Total T: 85200 Episode Num: 426 Episode T: 200 Reward: -1.299
Total T: 85400 Episode Num: 427 Episode T: 200 Reward: -1.369
Total T: 85600 Episode Num: 428 Episode T: 200 Reward: -1.695
Total T: 85800 Episode Num: 429 Episode T: 200 Reward: -1.805
Total T: 86000 Episode Num: 430 Episode T: 200 Reward: -125.292
Total T: 86200 Episode Num: 431 Episode T: 200 Reward: -315.457
Total T: 86400 Episode Num: 432 Episode T: 200 Reward: -372.998
Total T: 86600 Episode Num: 433 Episode T: 200 Reward: -230.730
Total T: 86800 Episode Num: 434 Episode T: 200 Reward: -1.952
Total T: 87000 Episode Num: 435 Episode T: 200 Reward: -229.390
Total T: 87200 Episode Num: 436 Episode T: 200 Reward: -1.413
Total T: 87400 Episode Num: 437 Episode T: 200 Reward: -234.926
Total T: 87600 Episode Num: 438 Episode T: 200 Reward: -121.120
Total T: 87800 Episode Num: 439 Episode T: 200 Reward: -3.224
Total T: 88000 Episode Num: 440 Episode T: 200 Reward: -120.925
Total T: 88200 Episode Num: 441 Episode T: 200 Reward: -121.363
Total T: 88400 Episode Num: 442 Episode T: 200 Reward: -233.295
Total T: 88600 Episode Num: 443 Episode T: 200 Reward: -127.889
Total T: 88800 Episode Num: 444 Episode T: 200 Reward: -126.877
Total T: 89000 Episode Num: 445 Episode T: 200 Reward: -117.842
Total T: 89200 Episode Num: 446 Episode T: 200 Reward: -121.606
Total T: 89400 Episode Num: 447 Episode T: 200 Reward: -2.207
Total T: 89600 Episode Num: 448 Episode T: 200 Reward: -330.212
Total T: 89800 Episode Num: 449 Episode T: 200 Reward: -121.078
Total T: 90000 Episode Num: 450 Episode T: 200 Reward: -3.647
---------------------------------------
Evaluation over 10 episodes: -146.974
---------------------------------------
Total T: 90200 Episode Num: 451 Episode T: 200 Reward: -2.539
Total T: 90400 Episode Num: 452 Episode T: 200 Reward: -243.709
Total T: 90600 Episode Num: 453 Episode T: 200 Reward: -231.213
Total T: 90800 Episode Num: 454 Episode T: 200 Reward: -130.727
Total T: 91000 Episode Num: 455 Episode T: 200 Reward: -120.948
Total T: 91200 Episode Num: 456 Episode T: 200 Reward: -280.167
Total T: 91400 Episode Num: 457 Episode T: 200 Reward: -120.335
Total T: 91600 Episode Num: 458 Episode T: 200 Reward: -228.576
Total T: 91800 Episode Num: 459 Episode T: 200 Reward: -126.068
Total T: 92000 Episode Num: 460 Episode T: 200 Reward: -116.542
Total T: 92200 Episode Num: 461 Episode T: 200 Reward: -1.691
Total T: 92400 Episode Num: 462 Episode T: 200 Reward: -241.675
Total T: 92600 Episode Num: 463 Episode T: 200 Reward: -223.221
Total T: 92800 Episode Num: 464 Episode T: 200 Reward: -127.628
Total T: 93000 Episode Num: 465 Episode T: 200 Reward: -118.998
Total T: 93200 Episode Num: 466 Episode T: 200 Reward: -126.090
Total T: 93400 Episode Num: 467 Episode T: 200 Reward: -126.970
Total T: 93600 Episode Num: 468 Episode T: 200 Reward: -229.746
Total T: 93800 Episode Num: 469 Episode T: 200 Reward: -119.032
Total T: 94000 Episode Num: 470 Episode T: 200 Reward: -125.350
Total T: 94200 Episode Num: 471 Episode T: 200 Reward: -230.238
Total T: 94400 Episode Num: 472 Episode T: 200 Reward: -127.852
Total T: 94600 Episode Num: 473 Episode T: 200 Reward: -234.840
Total T: 94800 Episode Num: 474 Episode T: 200 Reward: -219.527
Total T: 95000 Episode Num: 475 Episode T: 200 Reward: -128.023
---------------------------------------
Evaluation over 10 episodes: -147.906
---------------------------------------
Total T: 95200 Episode Num: 476 Episode T: 200 Reward: -243.298
Total T: 95400 Episode Num: 477 Episode T: 200 Reward: -117.061
Total T: 95600 Episode Num: 478 Episode T: 200 Reward: -121.415
Total T: 95800 Episode Num: 479 Episode T: 200 Reward: -123.454
Total T: 96000 Episode Num: 480 Episode T: 200 Reward: -124.960
Total T: 96200 Episode Num: 481 Episode T: 200 Reward: -121.553
Total T: 96400 Episode Num: 482 Episode T: 200 Reward: -115.091
Total T: 96600 Episode Num: 483 Episode T: 200 Reward: -220.683
Total T: 96800 Episode Num: 484 Episode T: 200 Reward: -125.373
Total T: 97000 Episode Num: 485 Episode T: 200 Reward: -229.238
Total T: 97200 Episode Num: 486 Episode T: 200 Reward: -1.853
Total T: 97400 Episode Num: 487 Episode T: 200 Reward: -121.706
Total T: 97600 Episode Num: 488 Episode T: 200 Reward: -119.294
Total T: 97800 Episode Num: 489 Episode T: 200 Reward: -122.690
Total T: 98000 Episode Num: 490 Episode T: 200 Reward: -122.887
Total T: 98200 Episode Num: 491 Episode T: 200 Reward: -125.838
Total T: 98400 Episode Num: 492 Episode T: 200 Reward: -119.100
Total T: 98600 Episode Num: 493 Episode T: 200 Reward: -230.300
Total T: 98800 Episode Num: 494 Episode T: 200 Reward: -123.516
Total T: 99000 Episode Num: 495 Episode T: 200 Reward: -119.671
Total T: 99200 Episode Num: 496 Episode T: 200 Reward: -127.024
Total T: 99400 Episode Num: 497 Episode T: 200 Reward: -116.569
Total T: 99600 Episode Num: 498 Episode T: 200 Reward: -123.358
Total T: 99800 Episode Num: 499 Episode T: 200 Reward: -120.937
Total T: 100000 Episode Num: 500 Episode T: 200 Reward: -241.137
---------------------------------------
Evaluation over 10 episodes: -149.968
---------------------------------------
Saving .json file
Juste pour tester max timesteps per episode: 200
