---------------------------------------
Policy: TD3, Env: Pendulum-v1, Seed: 5
---------------------------------------
---------------------------------------
Evaluation over 10 episodes: -1326.255
---------------------------------------
Total T: 200 Episode Num: 1 Episode T: 200 Reward: -739.301
Total T: 400 Episode Num: 2 Episode T: 200 Reward: -1444.785
Total T: 600 Episode Num: 3 Episode T: 200 Reward: -913.154
Total T: 800 Episode Num: 4 Episode T: 200 Reward: -1497.335
Total T: 1000 Episode Num: 5 Episode T: 200 Reward: -862.205
Total T: 1200 Episode Num: 6 Episode T: 200 Reward: -629.361
Total T: 1400 Episode Num: 7 Episode T: 200 Reward: -1678.619
Total T: 1600 Episode Num: 8 Episode T: 200 Reward: -1088.968
Total T: 1800 Episode Num: 9 Episode T: 200 Reward: -1085.354
Total T: 2000 Episode Num: 10 Episode T: 200 Reward: -1014.617
Total T: 2200 Episode Num: 11 Episode T: 200 Reward: -1560.638
Total T: 2400 Episode Num: 12 Episode T: 200 Reward: -1080.079
Total T: 2600 Episode Num: 13 Episode T: 200 Reward: -1335.115
Total T: 2800 Episode Num: 14 Episode T: 200 Reward: -1633.114
Total T: 3000 Episode Num: 15 Episode T: 200 Reward: -1086.490
Total T: 3200 Episode Num: 16 Episode T: 200 Reward: -966.755
Total T: 3400 Episode Num: 17 Episode T: 200 Reward: -1136.767
Total T: 3600 Episode Num: 18 Episode T: 200 Reward: -1170.753
Total T: 3800 Episode Num: 19 Episode T: 200 Reward: -1316.637
Total T: 4000 Episode Num: 20 Episode T: 200 Reward: -692.578
Total T: 4200 Episode Num: 21 Episode T: 200 Reward: -1188.391
Total T: 4400 Episode Num: 22 Episode T: 200 Reward: -1339.612
Total T: 4600 Episode Num: 23 Episode T: 200 Reward: -912.377
Total T: 4800 Episode Num: 24 Episode T: 200 Reward: -1748.704
Total T: 5000 Episode Num: 25 Episode T: 200 Reward: -1695.787
---------------------------------------
Evaluation over 10 episodes: -1326.255
---------------------------------------
Total T: 5200 Episode Num: 26 Episode T: 200 Reward: -744.298
Total T: 5400 Episode Num: 27 Episode T: 200 Reward: -878.105
Total T: 5600 Episode Num: 28 Episode T: 200 Reward: -769.862
Total T: 5800 Episode Num: 29 Episode T: 200 Reward: -1330.061
Total T: 6000 Episode Num: 30 Episode T: 200 Reward: -1089.502
Total T: 6200 Episode Num: 31 Episode T: 200 Reward: -1186.131
Total T: 6400 Episode Num: 32 Episode T: 200 Reward: -1539.535
Total T: 6600 Episode Num: 33 Episode T: 200 Reward: -947.318
Total T: 6800 Episode Num: 34 Episode T: 200 Reward: -1163.566
Total T: 7000 Episode Num: 35 Episode T: 200 Reward: -1147.502
Total T: 7200 Episode Num: 36 Episode T: 200 Reward: -844.054
Total T: 7400 Episode Num: 37 Episode T: 200 Reward: -914.076
Total T: 7600 Episode Num: 38 Episode T: 200 Reward: -1773.332
Total T: 7800 Episode Num: 39 Episode T: 200 Reward: -1374.477
Total T: 8000 Episode Num: 40 Episode T: 200 Reward: -1066.792
Total T: 8200 Episode Num: 41 Episode T: 200 Reward: -1069.225
Total T: 8400 Episode Num: 42 Episode T: 200 Reward: -904.520
Total T: 8600 Episode Num: 43 Episode T: 200 Reward: -891.706
Total T: 8800 Episode Num: 44 Episode T: 200 Reward: -1847.148
Total T: 9000 Episode Num: 45 Episode T: 200 Reward: -823.199
Total T: 9200 Episode Num: 46 Episode T: 200 Reward: -1565.645
Total T: 9400 Episode Num: 47 Episode T: 200 Reward: -1784.493
Total T: 9600 Episode Num: 48 Episode T: 200 Reward: -1279.307
Total T: 9800 Episode Num: 49 Episode T: 200 Reward: -898.970
Total T: 10000 Episode Num: 50 Episode T: 200 Reward: -1471.355
---------------------------------------
Evaluation over 10 episodes: -1326.255
---------------------------------------
Total T: 10200 Episode Num: 51 Episode T: 200 Reward: -1397.958
Total T: 10400 Episode Num: 52 Episode T: 200 Reward: -1257.270
Total T: 10600 Episode Num: 53 Episode T: 200 Reward: -860.392
Total T: 10800 Episode Num: 54 Episode T: 200 Reward: -1675.792
Total T: 11000 Episode Num: 55 Episode T: 200 Reward: -879.109
Total T: 11200 Episode Num: 56 Episode T: 200 Reward: -1701.603
Total T: 11400 Episode Num: 57 Episode T: 200 Reward: -1057.481
Total T: 11600 Episode Num: 58 Episode T: 200 Reward: -1716.350
Total T: 11800 Episode Num: 59 Episode T: 200 Reward: -1007.802
Total T: 12000 Episode Num: 60 Episode T: 200 Reward: -1539.595
Total T: 12200 Episode Num: 61 Episode T: 200 Reward: -1336.504
Total T: 12400 Episode Num: 62 Episode T: 200 Reward: -879.906
Total T: 12600 Episode Num: 63 Episode T: 200 Reward: -753.739
Total T: 12800 Episode Num: 64 Episode T: 200 Reward: -1194.247
Total T: 13000 Episode Num: 65 Episode T: 200 Reward: -1775.113
Total T: 13200 Episode Num: 66 Episode T: 200 Reward: -1406.997
Total T: 13400 Episode Num: 67 Episode T: 200 Reward: -1600.225
Total T: 13600 Episode Num: 68 Episode T: 200 Reward: -1073.948
Total T: 13800 Episode Num: 69 Episode T: 200 Reward: -1170.016
Total T: 14000 Episode Num: 70 Episode T: 200 Reward: -899.607
Total T: 14200 Episode Num: 71 Episode T: 200 Reward: -1353.045
Total T: 14400 Episode Num: 72 Episode T: 200 Reward: -1083.023
Total T: 14600 Episode Num: 73 Episode T: 200 Reward: -1071.489
Total T: 14800 Episode Num: 74 Episode T: 200 Reward: -1165.523
Total T: 15000 Episode Num: 75 Episode T: 200 Reward: -925.115
---------------------------------------
Evaluation over 10 episodes: -1326.255
---------------------------------------
Total T: 15200 Episode Num: 76 Episode T: 200 Reward: -947.046
Total T: 15400 Episode Num: 77 Episode T: 200 Reward: -846.977
Total T: 15600 Episode Num: 78 Episode T: 200 Reward: -1642.828
Total T: 15800 Episode Num: 79 Episode T: 200 Reward: -759.591
Total T: 16000 Episode Num: 80 Episode T: 200 Reward: -1858.244
Total T: 16200 Episode Num: 81 Episode T: 200 Reward: -772.360
Total T: 16400 Episode Num: 82 Episode T: 200 Reward: -1258.924
Total T: 16600 Episode Num: 83 Episode T: 200 Reward: -1126.464
Total T: 16800 Episode Num: 84 Episode T: 200 Reward: -886.362
Total T: 17000 Episode Num: 85 Episode T: 200 Reward: -883.643
Total T: 17200 Episode Num: 86 Episode T: 200 Reward: -1306.044
Total T: 17400 Episode Num: 87 Episode T: 200 Reward: -1277.115
Total T: 17600 Episode Num: 88 Episode T: 200 Reward: -1073.902
Total T: 17800 Episode Num: 89 Episode T: 200 Reward: -1170.159
Total T: 18000 Episode Num: 90 Episode T: 200 Reward: -1552.003
Total T: 18200 Episode Num: 91 Episode T: 200 Reward: -1365.191
Total T: 18400 Episode Num: 92 Episode T: 200 Reward: -1059.656
Total T: 18600 Episode Num: 93 Episode T: 200 Reward: -1672.998
Total T: 18800 Episode Num: 94 Episode T: 200 Reward: -1156.456
Total T: 19000 Episode Num: 95 Episode T: 200 Reward: -763.936
Total T: 19200 Episode Num: 96 Episode T: 200 Reward: -1221.514
Total T: 19400 Episode Num: 97 Episode T: 200 Reward: -1715.063
Total T: 19600 Episode Num: 98 Episode T: 200 Reward: -1073.974
Total T: 19800 Episode Num: 99 Episode T: 200 Reward: -1256.372
Total T: 20000 Episode Num: 100 Episode T: 200 Reward: -1529.246
---------------------------------------
Evaluation over 10 episodes: -1326.255
---------------------------------------
Total T: 20200 Episode Num: 101 Episode T: 200 Reward: -895.387
Total T: 20400 Episode Num: 102 Episode T: 200 Reward: -1654.751
Total T: 20600 Episode Num: 103 Episode T: 200 Reward: -1175.030
Total T: 20800 Episode Num: 104 Episode T: 200 Reward: -787.734
Total T: 21000 Episode Num: 105 Episode T: 200 Reward: -1754.625
Total T: 21200 Episode Num: 106 Episode T: 200 Reward: -939.626
Total T: 21400 Episode Num: 107 Episode T: 200 Reward: -1625.925
Total T: 21600 Episode Num: 108 Episode T: 200 Reward: -767.400
Total T: 21800 Episode Num: 109 Episode T: 200 Reward: -961.105
Total T: 22000 Episode Num: 110 Episode T: 200 Reward: -986.026
Total T: 22200 Episode Num: 111 Episode T: 200 Reward: -1325.359
Total T: 22400 Episode Num: 112 Episode T: 200 Reward: -750.963
Total T: 22600 Episode Num: 113 Episode T: 200 Reward: -1794.698
Total T: 22800 Episode Num: 114 Episode T: 200 Reward: -1372.656
Total T: 23000 Episode Num: 115 Episode T: 200 Reward: -1036.447
Total T: 23200 Episode Num: 116 Episode T: 200 Reward: -1581.751
Total T: 23400 Episode Num: 117 Episode T: 200 Reward: -1281.099
Total T: 23600 Episode Num: 118 Episode T: 200 Reward: -813.315
Total T: 23800 Episode Num: 119 Episode T: 200 Reward: -1735.728
Total T: 24000 Episode Num: 120 Episode T: 200 Reward: -1463.651
Total T: 24200 Episode Num: 121 Episode T: 200 Reward: -987.177
Total T: 24400 Episode Num: 122 Episode T: 200 Reward: -1504.466
Total T: 24600 Episode Num: 123 Episode T: 200 Reward: -1304.287
Total T: 24800 Episode Num: 124 Episode T: 200 Reward: -1723.273
Total T: 25000 Episode Num: 125 Episode T: 200 Reward: -996.823
---------------------------------------
Evaluation over 10 episodes: -1326.255
---------------------------------------
Total T: 25200 Episode Num: 126 Episode T: 200 Reward: -1171.078
Total T: 25400 Episode Num: 127 Episode T: 200 Reward: -1829.410
Total T: 25600 Episode Num: 128 Episode T: 200 Reward: -1878.006
Total T: 25800 Episode Num: 129 Episode T: 200 Reward: -1845.830
Total T: 26000 Episode Num: 130 Episode T: 200 Reward: -1820.228
Total T: 26200 Episode Num: 131 Episode T: 200 Reward: -1869.328
Total T: 26400 Episode Num: 132 Episode T: 200 Reward: -1552.298
Total T: 26600 Episode Num: 133 Episode T: 200 Reward: -1479.802
Total T: 26800 Episode Num: 134 Episode T: 200 Reward: -1459.461
Total T: 27000 Episode Num: 135 Episode T: 200 Reward: -1514.923
Total T: 27200 Episode Num: 136 Episode T: 200 Reward: -1508.093
Total T: 27400 Episode Num: 137 Episode T: 200 Reward: -1186.996
Total T: 27600 Episode Num: 138 Episode T: 200 Reward: -1149.694
Total T: 27800 Episode Num: 139 Episode T: 200 Reward: -1194.323
Total T: 28000 Episode Num: 140 Episode T: 200 Reward: -1526.989
Total T: 28200 Episode Num: 141 Episode T: 200 Reward: -1514.983
Total T: 28400 Episode Num: 142 Episode T: 200 Reward: -969.311
Total T: 28600 Episode Num: 143 Episode T: 200 Reward: -0.964
Total T: 28800 Episode Num: 144 Episode T: 200 Reward: -568.600
Total T: 29000 Episode Num: 145 Episode T: 200 Reward: -262.515
Total T: 29200 Episode Num: 146 Episode T: 200 Reward: -268.964
Total T: 29400 Episode Num: 147 Episode T: 200 Reward: -271.426
Total T: 29600 Episode Num: 148 Episode T: 200 Reward: -377.905
Total T: 29800 Episode Num: 149 Episode T: 200 Reward: -132.991
Total T: 30000 Episode Num: 150 Episode T: 200 Reward: -133.601
---------------------------------------
Evaluation over 10 episodes: -162.828
---------------------------------------
Total T: 30200 Episode Num: 151 Episode T: 200 Reward: -126.553
Total T: 30400 Episode Num: 152 Episode T: 200 Reward: -248.364
Total T: 30600 Episode Num: 153 Episode T: 200 Reward: -264.167
Total T: 30800 Episode Num: 154 Episode T: 200 Reward: -127.826
Total T: 31000 Episode Num: 155 Episode T: 200 Reward: -361.043
Total T: 31200 Episode Num: 156 Episode T: 200 Reward: -336.082
Total T: 31400 Episode Num: 157 Episode T: 200 Reward: -133.040
Total T: 31600 Episode Num: 158 Episode T: 200 Reward: -322.423
Total T: 31800 Episode Num: 159 Episode T: 200 Reward: -124.011
Total T: 32000 Episode Num: 160 Episode T: 200 Reward: -129.632
Total T: 32200 Episode Num: 161 Episode T: 200 Reward: -126.494
Total T: 32400 Episode Num: 162 Episode T: 200 Reward: -2.816
Total T: 32600 Episode Num: 163 Episode T: 200 Reward: -119.528
Total T: 32800 Episode Num: 164 Episode T: 200 Reward: -5.175
Total T: 33000 Episode Num: 165 Episode T: 200 Reward: -116.159
Total T: 33200 Episode Num: 166 Episode T: 200 Reward: -1.012
Total T: 33400 Episode Num: 167 Episode T: 200 Reward: -117.687
Total T: 33600 Episode Num: 168 Episode T: 200 Reward: -1.767
Total T: 33800 Episode Num: 169 Episode T: 200 Reward: -5.337
Total T: 34000 Episode Num: 170 Episode T: 200 Reward: -121.871
Total T: 34200 Episode Num: 171 Episode T: 200 Reward: -128.051
Total T: 34400 Episode Num: 172 Episode T: 200 Reward: -119.449
Total T: 34600 Episode Num: 173 Episode T: 200 Reward: -234.411
Total T: 34800 Episode Num: 174 Episode T: 200 Reward: -124.416
Total T: 35000 Episode Num: 175 Episode T: 200 Reward: -3.260
---------------------------------------
Evaluation over 10 episodes: -133.609
---------------------------------------
Total T: 35200 Episode Num: 176 Episode T: 200 Reward: -122.195
Total T: 35400 Episode Num: 177 Episode T: 200 Reward: -1.146
Total T: 35600 Episode Num: 178 Episode T: 200 Reward: -222.971
Total T: 35800 Episode Num: 179 Episode T: 200 Reward: -314.810
Total T: 36000 Episode Num: 180 Episode T: 200 Reward: -115.888
Total T: 36200 Episode Num: 181 Episode T: 200 Reward: -120.362
Total T: 36400 Episode Num: 182 Episode T: 200 Reward: -342.641
Total T: 36600 Episode Num: 183 Episode T: 200 Reward: -116.267
Total T: 36800 Episode Num: 184 Episode T: 200 Reward: -113.934
Total T: 37000 Episode Num: 185 Episode T: 200 Reward: -234.781
Total T: 37200 Episode Num: 186 Episode T: 200 Reward: -230.089
Total T: 37400 Episode Num: 187 Episode T: 200 Reward: -0.559
Total T: 37600 Episode Num: 188 Episode T: 200 Reward: -116.489
Total T: 37800 Episode Num: 189 Episode T: 200 Reward: -235.781
Total T: 38000 Episode Num: 190 Episode T: 200 Reward: -119.057
Total T: 38200 Episode Num: 191 Episode T: 200 Reward: -241.874
Total T: 38400 Episode Num: 192 Episode T: 200 Reward: -117.626
Total T: 38600 Episode Num: 193 Episode T: 200 Reward: -113.840
Total T: 38800 Episode Num: 194 Episode T: 200 Reward: -354.620
Total T: 39000 Episode Num: 195 Episode T: 200 Reward: -126.984
Total T: 39200 Episode Num: 196 Episode T: 200 Reward: -116.363
Total T: 39400 Episode Num: 197 Episode T: 200 Reward: -0.266
Total T: 39600 Episode Num: 198 Episode T: 200 Reward: -121.057
Total T: 39800 Episode Num: 199 Episode T: 200 Reward: -304.165
Total T: 40000 Episode Num: 200 Episode T: 200 Reward: -229.432
---------------------------------------
Evaluation over 10 episodes: -131.279
---------------------------------------
Total T: 40200 Episode Num: 201 Episode T: 200 Reward: -119.417
Total T: 40400 Episode Num: 202 Episode T: 200 Reward: -120.503
Total T: 40600 Episode Num: 203 Episode T: 200 Reward: -123.833
Total T: 40800 Episode Num: 204 Episode T: 200 Reward: -266.272
Total T: 41000 Episode Num: 205 Episode T: 200 Reward: -118.824
Total T: 41200 Episode Num: 206 Episode T: 200 Reward: -125.052
Total T: 41400 Episode Num: 207 Episode T: 200 Reward: -116.391
Total T: 41600 Episode Num: 208 Episode T: 200 Reward: -114.535
Total T: 41800 Episode Num: 209 Episode T: 200 Reward: -0.599
Total T: 42000 Episode Num: 210 Episode T: 200 Reward: -227.717
Total T: 42200 Episode Num: 211 Episode T: 200 Reward: -119.913
Total T: 42400 Episode Num: 212 Episode T: 200 Reward: -117.449
Total T: 42600 Episode Num: 213 Episode T: 200 Reward: -127.119
Total T: 42800 Episode Num: 214 Episode T: 200 Reward: -324.223
Total T: 43000 Episode Num: 215 Episode T: 200 Reward: -121.841
Total T: 43200 Episode Num: 216 Episode T: 200 Reward: -127.302
Total T: 43400 Episode Num: 217 Episode T: 200 Reward: -235.655
Total T: 43600 Episode Num: 218 Episode T: 200 Reward: -344.428
Total T: 43800 Episode Num: 219 Episode T: 200 Reward: -126.948
Total T: 44000 Episode Num: 220 Episode T: 200 Reward: -118.728
Total T: 44200 Episode Num: 221 Episode T: 200 Reward: -122.719
Total T: 44400 Episode Num: 222 Episode T: 200 Reward: -117.221
Total T: 44600 Episode Num: 223 Episode T: 200 Reward: -335.738
Total T: 44800 Episode Num: 224 Episode T: 200 Reward: -238.045
Total T: 45000 Episode Num: 225 Episode T: 200 Reward: -124.230
---------------------------------------
Evaluation over 10 episodes: -131.610
---------------------------------------
Total T: 45200 Episode Num: 226 Episode T: 200 Reward: -1.056
Total T: 45400 Episode Num: 227 Episode T: 200 Reward: -125.360
Total T: 45600 Episode Num: 228 Episode T: 200 Reward: -118.545
Total T: 45800 Episode Num: 229 Episode T: 200 Reward: -1.798
Total T: 46000 Episode Num: 230 Episode T: 200 Reward: -339.866
Total T: 46200 Episode Num: 231 Episode T: 200 Reward: -234.733
Total T: 46400 Episode Num: 232 Episode T: 200 Reward: -117.642
Total T: 46600 Episode Num: 233 Episode T: 200 Reward: -240.155
Total T: 46800 Episode Num: 234 Episode T: 200 Reward: -123.571
Total T: 47000 Episode Num: 235 Episode T: 200 Reward: -1.089
Total T: 47200 Episode Num: 236 Episode T: 200 Reward: -223.498
Total T: 47400 Episode Num: 237 Episode T: 200 Reward: -234.140
Total T: 47600 Episode Num: 238 Episode T: 200 Reward: -239.366
Total T: 47800 Episode Num: 239 Episode T: 200 Reward: -238.948
Total T: 48000 Episode Num: 240 Episode T: 200 Reward: -2.286
Total T: 48200 Episode Num: 241 Episode T: 200 Reward: -230.971
Total T: 48400 Episode Num: 242 Episode T: 200 Reward: -235.421
Total T: 48600 Episode Num: 243 Episode T: 200 Reward: -117.651
Total T: 48800 Episode Num: 244 Episode T: 200 Reward: -240.581
Total T: 49000 Episode Num: 245 Episode T: 200 Reward: -121.348
Total T: 49200 Episode Num: 246 Episode T: 200 Reward: -120.305
Total T: 49400 Episode Num: 247 Episode T: 200 Reward: -124.525
Total T: 49600 Episode Num: 248 Episode T: 200 Reward: -116.377
Total T: 49800 Episode Num: 249 Episode T: 200 Reward: -119.349
Total T: 50000 Episode Num: 250 Episode T: 200 Reward: -118.289
---------------------------------------
Evaluation over 10 episodes: -131.024
---------------------------------------
Total T: 50200 Episode Num: 251 Episode T: 200 Reward: -118.595
Total T: 50400 Episode Num: 252 Episode T: 200 Reward: -127.257
Total T: 50600 Episode Num: 253 Episode T: 200 Reward: -121.900
Total T: 50800 Episode Num: 254 Episode T: 200 Reward: -120.551
Total T: 51000 Episode Num: 255 Episode T: 200 Reward: -118.180
Total T: 51200 Episode Num: 256 Episode T: 200 Reward: -123.213
Total T: 51400 Episode Num: 257 Episode T: 200 Reward: -123.544
Total T: 51600 Episode Num: 258 Episode T: 200 Reward: -121.151
Total T: 51800 Episode Num: 259 Episode T: 200 Reward: -237.512
Total T: 52000 Episode Num: 260 Episode T: 200 Reward: -1.743
Total T: 52200 Episode Num: 261 Episode T: 200 Reward: -118.756
Total T: 52400 Episode Num: 262 Episode T: 200 Reward: -126.030
Total T: 52600 Episode Num: 263 Episode T: 200 Reward: -121.477
Total T: 52800 Episode Num: 264 Episode T: 200 Reward: -121.089
Total T: 53000 Episode Num: 265 Episode T: 200 Reward: -238.352
Total T: 53200 Episode Num: 266 Episode T: 200 Reward: -119.061
Total T: 53400 Episode Num: 267 Episode T: 200 Reward: -0.277
Total T: 53600 Episode Num: 268 Episode T: 200 Reward: -354.201
Total T: 53800 Episode Num: 269 Episode T: 200 Reward: -1.193
Total T: 54000 Episode Num: 270 Episode T: 200 Reward: -326.974
Total T: 54200 Episode Num: 271 Episode T: 200 Reward: -0.564
Total T: 54400 Episode Num: 272 Episode T: 200 Reward: -120.498
Total T: 54600 Episode Num: 273 Episode T: 200 Reward: -123.412
Total T: 54800 Episode Num: 274 Episode T: 200 Reward: -115.788
Total T: 55000 Episode Num: 275 Episode T: 200 Reward: -340.685
---------------------------------------
Evaluation over 10 episodes: -131.750
---------------------------------------
Total T: 55200 Episode Num: 276 Episode T: 200 Reward: -0.971
Total T: 55400 Episode Num: 277 Episode T: 200 Reward: -126.246
Total T: 55600 Episode Num: 278 Episode T: 200 Reward: -121.582
Total T: 55800 Episode Num: 279 Episode T: 200 Reward: -361.266
Total T: 56000 Episode Num: 280 Episode T: 200 Reward: -125.077
Total T: 56200 Episode Num: 281 Episode T: 200 Reward: -226.511
Total T: 56400 Episode Num: 282 Episode T: 200 Reward: -122.153
Total T: 56600 Episode Num: 283 Episode T: 200 Reward: -244.627
Total T: 56800 Episode Num: 284 Episode T: 200 Reward: -124.646
Total T: 57000 Episode Num: 285 Episode T: 200 Reward: -119.602
Total T: 57200 Episode Num: 286 Episode T: 200 Reward: -230.602
Total T: 57400 Episode Num: 287 Episode T: 200 Reward: -228.611
Total T: 57600 Episode Num: 288 Episode T: 200 Reward: -241.746
Total T: 57800 Episode Num: 289 Episode T: 200 Reward: -239.436
Total T: 58000 Episode Num: 290 Episode T: 200 Reward: -120.634
Total T: 58200 Episode Num: 291 Episode T: 200 Reward: -121.390
Total T: 58400 Episode Num: 292 Episode T: 200 Reward: -223.922
Total T: 58600 Episode Num: 293 Episode T: 200 Reward: -128.871
Total T: 58800 Episode Num: 294 Episode T: 200 Reward: -237.365
Total T: 59000 Episode Num: 295 Episode T: 200 Reward: -2.704
Total T: 59200 Episode Num: 296 Episode T: 200 Reward: -126.542
Total T: 59400 Episode Num: 297 Episode T: 200 Reward: -122.046
Total T: 59600 Episode Num: 298 Episode T: 200 Reward: -2.753
Total T: 59800 Episode Num: 299 Episode T: 200 Reward: -118.536
Total T: 60000 Episode Num: 300 Episode T: 200 Reward: -122.871
---------------------------------------
Evaluation over 10 episodes: -134.633
---------------------------------------
Total T: 60200 Episode Num: 301 Episode T: 200 Reward: -131.100
Total T: 60400 Episode Num: 302 Episode T: 200 Reward: -125.746
Total T: 60600 Episode Num: 303 Episode T: 200 Reward: -130.869
Total T: 60800 Episode Num: 304 Episode T: 200 Reward: -244.993
Total T: 61000 Episode Num: 305 Episode T: 200 Reward: -129.029
Total T: 61200 Episode Num: 306 Episode T: 200 Reward: -236.900
Total T: 61400 Episode Num: 307 Episode T: 200 Reward: -233.282
Total T: 61600 Episode Num: 308 Episode T: 200 Reward: -121.864
Total T: 61800 Episode Num: 309 Episode T: 200 Reward: -2.023
Total T: 62000 Episode Num: 310 Episode T: 200 Reward: -123.484
Total T: 62200 Episode Num: 311 Episode T: 200 Reward: -123.792
Total T: 62400 Episode Num: 312 Episode T: 200 Reward: -2.315
Total T: 62600 Episode Num: 313 Episode T: 200 Reward: -225.517
Total T: 62800 Episode Num: 314 Episode T: 200 Reward: -244.705
Total T: 63000 Episode Num: 315 Episode T: 200 Reward: -241.115
Total T: 63200 Episode Num: 316 Episode T: 200 Reward: -243.284
Total T: 63400 Episode Num: 317 Episode T: 200 Reward: -240.417
Total T: 63600 Episode Num: 318 Episode T: 200 Reward: -123.760
Total T: 63800 Episode Num: 319 Episode T: 200 Reward: -122.402
Total T: 64000 Episode Num: 320 Episode T: 200 Reward: -240.667
Total T: 64200 Episode Num: 321 Episode T: 200 Reward: -13.376
Total T: 64400 Episode Num: 322 Episode T: 200 Reward: -343.226
Total T: 64600 Episode Num: 323 Episode T: 200 Reward: -237.149
Total T: 64800 Episode Num: 324 Episode T: 200 Reward: -255.767
Total T: 65000 Episode Num: 325 Episode T: 200 Reward: -130.229
---------------------------------------
Evaluation over 10 episodes: -145.043
---------------------------------------
Total T: 65200 Episode Num: 326 Episode T: 200 Reward: -237.739
Total T: 65400 Episode Num: 327 Episode T: 200 Reward: -133.023
Total T: 65600 Episode Num: 328 Episode T: 200 Reward: -15.390
Total T: 65800 Episode Num: 329 Episode T: 200 Reward: -129.044
Total T: 66000 Episode Num: 330 Episode T: 200 Reward: -140.784
Total T: 66200 Episode Num: 331 Episode T: 200 Reward: -140.388
Total T: 66400 Episode Num: 332 Episode T: 200 Reward: -131.316
Total T: 66600 Episode Num: 333 Episode T: 200 Reward: -239.782
Total T: 66800 Episode Num: 334 Episode T: 200 Reward: -237.621
Total T: 67000 Episode Num: 335 Episode T: 200 Reward: -250.974
Total T: 67200 Episode Num: 336 Episode T: 200 Reward: -124.965
Total T: 67400 Episode Num: 337 Episode T: 200 Reward: -128.783
Total T: 67600 Episode Num: 338 Episode T: 200 Reward: -131.364
Total T: 67800 Episode Num: 339 Episode T: 200 Reward: -234.419
Total T: 68000 Episode Num: 340 Episode T: 200 Reward: -230.837
Total T: 68200 Episode Num: 341 Episode T: 200 Reward: -261.903
Total T: 68400 Episode Num: 342 Episode T: 200 Reward: -245.742
Total T: 68600 Episode Num: 343 Episode T: 200 Reward: -132.432
Total T: 68800 Episode Num: 344 Episode T: 200 Reward: -123.008
Total T: 69000 Episode Num: 345 Episode T: 200 Reward: -7.429
Total T: 69200 Episode Num: 346 Episode T: 200 Reward: -128.823
Total T: 69400 Episode Num: 347 Episode T: 200 Reward: -126.058
Total T: 69600 Episode Num: 348 Episode T: 200 Reward: -123.007
Total T: 69800 Episode Num: 349 Episode T: 200 Reward: -11.482
Total T: 70000 Episode Num: 350 Episode T: 200 Reward: -233.699
---------------------------------------
Evaluation over 10 episodes: -140.539
---------------------------------------
Total T: 70200 Episode Num: 351 Episode T: 200 Reward: -348.888
Total T: 70400 Episode Num: 352 Episode T: 200 Reward: -133.715
Total T: 70600 Episode Num: 353 Episode T: 200 Reward: -122.630
Total T: 70800 Episode Num: 354 Episode T: 200 Reward: -11.822
Total T: 71000 Episode Num: 355 Episode T: 200 Reward: -242.724
Total T: 71200 Episode Num: 356 Episode T: 200 Reward: -133.646
Total T: 71400 Episode Num: 357 Episode T: 200 Reward: -12.052
Total T: 71600 Episode Num: 358 Episode T: 200 Reward: -254.963
Total T: 71800 Episode Num: 359 Episode T: 200 Reward: -10.410
Total T: 72000 Episode Num: 360 Episode T: 200 Reward: -236.200
Total T: 72200 Episode Num: 361 Episode T: 200 Reward: -336.354
Total T: 72400 Episode Num: 362 Episode T: 200 Reward: -132.269
Total T: 72600 Episode Num: 363 Episode T: 200 Reward: -11.227
Total T: 72800 Episode Num: 364 Episode T: 200 Reward: -234.305
Total T: 73000 Episode Num: 365 Episode T: 200 Reward: -245.387
Total T: 73200 Episode Num: 366 Episode T: 200 Reward: -378.574
Total T: 73400 Episode Num: 367 Episode T: 200 Reward: -131.197
Total T: 73600 Episode Num: 368 Episode T: 200 Reward: -125.279
Total T: 73800 Episode Num: 369 Episode T: 200 Reward: -236.763
Total T: 74000 Episode Num: 370 Episode T: 200 Reward: -122.528
Total T: 74200 Episode Num: 371 Episode T: 200 Reward: -130.945
Total T: 74400 Episode Num: 372 Episode T: 200 Reward: -365.424
Total T: 74600 Episode Num: 373 Episode T: 200 Reward: -238.727
Total T: 74800 Episode Num: 374 Episode T: 200 Reward: -131.583
Total T: 75000 Episode Num: 375 Episode T: 200 Reward: -125.301
---------------------------------------
Evaluation over 10 episodes: -139.478
---------------------------------------
Total T: 75200 Episode Num: 376 Episode T: 200 Reward: -130.147
Total T: 75400 Episode Num: 377 Episode T: 200 Reward: -127.629
Total T: 75600 Episode Num: 378 Episode T: 200 Reward: -347.566
Total T: 75800 Episode Num: 379 Episode T: 200 Reward: -135.640
Total T: 76000 Episode Num: 380 Episode T: 200 Reward: -122.355
Total T: 76200 Episode Num: 381 Episode T: 200 Reward: -125.280
Total T: 76400 Episode Num: 382 Episode T: 200 Reward: -122.942
Total T: 76600 Episode Num: 383 Episode T: 200 Reward: -250.811
Total T: 76800 Episode Num: 384 Episode T: 200 Reward: -136.309
Total T: 77000 Episode Num: 385 Episode T: 200 Reward: -249.436
Total T: 77200 Episode Num: 386 Episode T: 200 Reward: -124.960
Total T: 77400 Episode Num: 387 Episode T: 200 Reward: -122.578
Total T: 77600 Episode Num: 388 Episode T: 200 Reward: -129.648
Total T: 77800 Episode Num: 389 Episode T: 200 Reward: -8.146
Total T: 78000 Episode Num: 390 Episode T: 200 Reward: -136.090
Total T: 78200 Episode Num: 391 Episode T: 200 Reward: -339.220
Total T: 78400 Episode Num: 392 Episode T: 200 Reward: -250.566
Total T: 78600 Episode Num: 393 Episode T: 200 Reward: -125.863
Total T: 78800 Episode Num: 394 Episode T: 200 Reward: -250.135
Total T: 79000 Episode Num: 395 Episode T: 200 Reward: -128.790
Total T: 79200 Episode Num: 396 Episode T: 200 Reward: -353.433
Total T: 79400 Episode Num: 397 Episode T: 200 Reward: -13.170
Total T: 79600 Episode Num: 398 Episode T: 200 Reward: -134.100
Total T: 79800 Episode Num: 399 Episode T: 200 Reward: -327.658
Total T: 80000 Episode Num: 400 Episode T: 200 Reward: -233.210
---------------------------------------
Evaluation over 10 episodes: -142.781
---------------------------------------
Total T: 80200 Episode Num: 401 Episode T: 200 Reward: -15.045
Total T: 80400 Episode Num: 402 Episode T: 200 Reward: -13.791
Total T: 80600 Episode Num: 403 Episode T: 200 Reward: -125.793
Total T: 80800 Episode Num: 404 Episode T: 200 Reward: -124.790
Total T: 81000 Episode Num: 405 Episode T: 200 Reward: -320.679
Total T: 81200 Episode Num: 406 Episode T: 200 Reward: -237.772
Total T: 81400 Episode Num: 407 Episode T: 200 Reward: -243.779
Total T: 81600 Episode Num: 408 Episode T: 200 Reward: -127.898
Total T: 81800 Episode Num: 409 Episode T: 200 Reward: -15.321
Total T: 82000 Episode Num: 410 Episode T: 200 Reward: -127.004
Total T: 82200 Episode Num: 411 Episode T: 200 Reward: -242.976
Total T: 82400 Episode Num: 412 Episode T: 200 Reward: -238.391
Total T: 82600 Episode Num: 413 Episode T: 200 Reward: -236.391
Total T: 82800 Episode Num: 414 Episode T: 200 Reward: -123.546
Total T: 83000 Episode Num: 415 Episode T: 200 Reward: -143.636
Total T: 83200 Episode Num: 416 Episode T: 200 Reward: -249.478
Total T: 83400 Episode Num: 417 Episode T: 200 Reward: -128.377
Total T: 83600 Episode Num: 418 Episode T: 200 Reward: -126.833
Total T: 83800 Episode Num: 419 Episode T: 200 Reward: -11.594
Total T: 84000 Episode Num: 420 Episode T: 200 Reward: -129.908
Total T: 84200 Episode Num: 421 Episode T: 200 Reward: -253.641
Total T: 84400 Episode Num: 422 Episode T: 200 Reward: -256.904
Total T: 84600 Episode Num: 423 Episode T: 200 Reward: -133.912
Total T: 84800 Episode Num: 424 Episode T: 200 Reward: -11.117
Total T: 85000 Episode Num: 425 Episode T: 200 Reward: -127.432
---------------------------------------
Evaluation over 10 episodes: -142.217
---------------------------------------
Total T: 85200 Episode Num: 426 Episode T: 200 Reward: -131.508
Total T: 85400 Episode Num: 427 Episode T: 200 Reward: -139.206
Total T: 85600 Episode Num: 428 Episode T: 200 Reward: -239.136
Total T: 85800 Episode Num: 429 Episode T: 200 Reward: -16.771
Total T: 86000 Episode Num: 430 Episode T: 200 Reward: -17.223
Total T: 86200 Episode Num: 431 Episode T: 200 Reward: -135.518
Total T: 86400 Episode Num: 432 Episode T: 200 Reward: -11.136
Total T: 86600 Episode Num: 433 Episode T: 200 Reward: -239.958
Total T: 86800 Episode Num: 434 Episode T: 200 Reward: -11.672
Total T: 87000 Episode Num: 435 Episode T: 200 Reward: -244.729
Total T: 87200 Episode Num: 436 Episode T: 200 Reward: -252.282
Total T: 87400 Episode Num: 437 Episode T: 200 Reward: -134.052
Total T: 87600 Episode Num: 438 Episode T: 200 Reward: -366.148
Total T: 87800 Episode Num: 439 Episode T: 200 Reward: -16.547
Total T: 88000 Episode Num: 440 Episode T: 200 Reward: -132.075
Total T: 88200 Episode Num: 441 Episode T: 200 Reward: -128.414
Total T: 88400 Episode Num: 442 Episode T: 200 Reward: -238.418
Total T: 88600 Episode Num: 443 Episode T: 200 Reward: -240.699
Total T: 88800 Episode Num: 444 Episode T: 200 Reward: -338.534
Total T: 89000 Episode Num: 445 Episode T: 200 Reward: -133.851
Total T: 89200 Episode Num: 446 Episode T: 200 Reward: -130.894
Total T: 89400 Episode Num: 447 Episode T: 200 Reward: -139.739
Total T: 89600 Episode Num: 448 Episode T: 200 Reward: -132.987
Total T: 89800 Episode Num: 449 Episode T: 200 Reward: -230.977
Total T: 90000 Episode Num: 450 Episode T: 200 Reward: -233.335
---------------------------------------
Evaluation over 10 episodes: -143.482
---------------------------------------
Total T: 90200 Episode Num: 451 Episode T: 200 Reward: -131.964
Total T: 90400 Episode Num: 452 Episode T: 200 Reward: -238.712
Total T: 90600 Episode Num: 453 Episode T: 200 Reward: -15.600
Total T: 90800 Episode Num: 454 Episode T: 200 Reward: -319.717
Total T: 91000 Episode Num: 455 Episode T: 200 Reward: -131.709
Total T: 91200 Episode Num: 456 Episode T: 200 Reward: -241.613
Total T: 91400 Episode Num: 457 Episode T: 200 Reward: -132.042
Total T: 91600 Episode Num: 458 Episode T: 200 Reward: -140.626
Total T: 91800 Episode Num: 459 Episode T: 200 Reward: -138.779
Total T: 92000 Episode Num: 460 Episode T: 200 Reward: -131.567
Total T: 92200 Episode Num: 461 Episode T: 200 Reward: -139.205
Total T: 92400 Episode Num: 462 Episode T: 200 Reward: -254.689
Total T: 92600 Episode Num: 463 Episode T: 200 Reward: -134.082
Total T: 92800 Episode Num: 464 Episode T: 200 Reward: -131.316
Total T: 93000 Episode Num: 465 Episode T: 200 Reward: -138.494
Total T: 93200 Episode Num: 466 Episode T: 200 Reward: -133.125
Total T: 93400 Episode Num: 467 Episode T: 200 Reward: -128.560
Total T: 93600 Episode Num: 468 Episode T: 200 Reward: -130.287
Total T: 93800 Episode Num: 469 Episode T: 200 Reward: -254.323
Total T: 94000 Episode Num: 470 Episode T: 200 Reward: -357.516
Total T: 94200 Episode Num: 471 Episode T: 200 Reward: -131.351
Total T: 94400 Episode Num: 472 Episode T: 200 Reward: -272.371
Total T: 94600 Episode Num: 473 Episode T: 200 Reward: -129.791
Total T: 94800 Episode Num: 474 Episode T: 200 Reward: -243.063
Total T: 95000 Episode Num: 475 Episode T: 200 Reward: -130.730
---------------------------------------
Evaluation over 10 episodes: -146.284
---------------------------------------
Total T: 95200 Episode Num: 476 Episode T: 200 Reward: -128.970
Total T: 95400 Episode Num: 477 Episode T: 200 Reward: -16.319
Total T: 95600 Episode Num: 478 Episode T: 200 Reward: -344.057
Total T: 95800 Episode Num: 479 Episode T: 200 Reward: -354.871
Total T: 96000 Episode Num: 480 Episode T: 200 Reward: -139.626
Total T: 96200 Episode Num: 481 Episode T: 200 Reward: -350.382
Total T: 96400 Episode Num: 482 Episode T: 200 Reward: -139.364
Total T: 96600 Episode Num: 483 Episode T: 200 Reward: -18.236
Total T: 96800 Episode Num: 484 Episode T: 200 Reward: -253.271
Total T: 97000 Episode Num: 485 Episode T: 200 Reward: -237.703
Total T: 97200 Episode Num: 486 Episode T: 200 Reward: -352.821
Total T: 97400 Episode Num: 487 Episode T: 200 Reward: -134.961
Total T: 97600 Episode Num: 488 Episode T: 200 Reward: -134.608
Total T: 97800 Episode Num: 489 Episode T: 200 Reward: -138.238
Total T: 98000 Episode Num: 490 Episode T: 200 Reward: -362.744
Total T: 98200 Episode Num: 491 Episode T: 200 Reward: -132.278
Total T: 98400 Episode Num: 492 Episode T: 200 Reward: -133.548
Total T: 98600 Episode Num: 493 Episode T: 200 Reward: -131.989
Total T: 98800 Episode Num: 494 Episode T: 200 Reward: -132.357
Total T: 99000 Episode Num: 495 Episode T: 200 Reward: -133.624
Total T: 99200 Episode Num: 496 Episode T: 200 Reward: -140.708
Total T: 99400 Episode Num: 497 Episode T: 200 Reward: -137.422
Total T: 99600 Episode Num: 498 Episode T: 200 Reward: -243.476
Total T: 99800 Episode Num: 499 Episode T: 200 Reward: -240.657
Total T: 100000 Episode Num: 500 Episode T: 200 Reward: -243.095
---------------------------------------
Evaluation over 10 episodes: -145.522
---------------------------------------
Saving .json file
Juste pour tester max timesteps per episode: 200
