---------------------------------------
Policy: TD3, Env: Pendulum-v1, Seed: 8
---------------------------------------
---------------------------------------
Evaluation over 10 episodes: -1296.869
---------------------------------------
Total T: 200 Episode Num: 1 Episode T: 200 Reward: -855.002
Total T: 400 Episode Num: 2 Episode T: 200 Reward: -1616.849
Total T: 600 Episode Num: 3 Episode T: 200 Reward: -965.957
Total T: 800 Episode Num: 4 Episode T: 200 Reward: -1550.250
Total T: 1000 Episode Num: 5 Episode T: 200 Reward: -1054.682
Total T: 1200 Episode Num: 6 Episode T: 200 Reward: -1387.337
Total T: 1400 Episode Num: 7 Episode T: 200 Reward: -1199.289
Total T: 1600 Episode Num: 8 Episode T: 200 Reward: -1194.275
Total T: 1800 Episode Num: 9 Episode T: 200 Reward: -1085.863
Total T: 2000 Episode Num: 10 Episode T: 200 Reward: -1555.019
Total T: 2200 Episode Num: 11 Episode T: 200 Reward: -980.013
Total T: 2400 Episode Num: 12 Episode T: 200 Reward: -1694.655
Total T: 2600 Episode Num: 13 Episode T: 200 Reward: -864.580
Total T: 2800 Episode Num: 14 Episode T: 200 Reward: -840.835
Total T: 3000 Episode Num: 15 Episode T: 200 Reward: -994.836
Total T: 3200 Episode Num: 16 Episode T: 200 Reward: -1200.233
Total T: 3400 Episode Num: 17 Episode T: 200 Reward: -1699.246
Total T: 3600 Episode Num: 18 Episode T: 200 Reward: -897.714
Total T: 3800 Episode Num: 19 Episode T: 200 Reward: -1335.505
Total T: 4000 Episode Num: 20 Episode T: 200 Reward: -1827.870
Total T: 4200 Episode Num: 21 Episode T: 200 Reward: -1584.553
Total T: 4400 Episode Num: 22 Episode T: 200 Reward: -1163.019
Total T: 4600 Episode Num: 23 Episode T: 200 Reward: -1278.007
Total T: 4800 Episode Num: 24 Episode T: 200 Reward: -1069.091
Total T: 5000 Episode Num: 25 Episode T: 200 Reward: -848.516
---------------------------------------
Evaluation over 10 episodes: -1296.869
---------------------------------------
Total T: 5200 Episode Num: 26 Episode T: 200 Reward: -1018.445
Total T: 5400 Episode Num: 27 Episode T: 200 Reward: -1390.685
Total T: 5600 Episode Num: 28 Episode T: 200 Reward: -1546.208
Total T: 5800 Episode Num: 29 Episode T: 200 Reward: -882.244
Total T: 6000 Episode Num: 30 Episode T: 200 Reward: -989.026
Total T: 6200 Episode Num: 31 Episode T: 200 Reward: -900.551
Total T: 6400 Episode Num: 32 Episode T: 200 Reward: -887.137
Total T: 6600 Episode Num: 33 Episode T: 200 Reward: -1180.120
Total T: 6800 Episode Num: 34 Episode T: 200 Reward: -903.944
Total T: 7000 Episode Num: 35 Episode T: 200 Reward: -783.733
Total T: 7200 Episode Num: 36 Episode T: 200 Reward: -870.009
Total T: 7400 Episode Num: 37 Episode T: 200 Reward: -1266.820
Total T: 7600 Episode Num: 38 Episode T: 200 Reward: -1168.958
Total T: 7800 Episode Num: 39 Episode T: 200 Reward: -885.802
Total T: 8000 Episode Num: 40 Episode T: 200 Reward: -1192.697
Total T: 8200 Episode Num: 41 Episode T: 200 Reward: -981.328
Total T: 8400 Episode Num: 42 Episode T: 200 Reward: -1657.104
Total T: 8600 Episode Num: 43 Episode T: 200 Reward: -1242.525
Total T: 8800 Episode Num: 44 Episode T: 200 Reward: -1308.268
Total T: 9000 Episode Num: 45 Episode T: 200 Reward: -1534.122
Total T: 9200 Episode Num: 46 Episode T: 200 Reward: -961.592
Total T: 9400 Episode Num: 47 Episode T: 200 Reward: -1633.833
Total T: 9600 Episode Num: 48 Episode T: 200 Reward: -903.349
Total T: 9800 Episode Num: 49 Episode T: 200 Reward: -938.345
Total T: 10000 Episode Num: 50 Episode T: 200 Reward: -1434.812
---------------------------------------
Evaluation over 10 episodes: -1296.869
---------------------------------------
Total T: 10200 Episode Num: 51 Episode T: 200 Reward: -1620.679
Total T: 10400 Episode Num: 52 Episode T: 200 Reward: -1703.727
Total T: 10600 Episode Num: 53 Episode T: 200 Reward: -985.014
Total T: 10800 Episode Num: 54 Episode T: 200 Reward: -1030.804
Total T: 11000 Episode Num: 55 Episode T: 200 Reward: -764.605
Total T: 11200 Episode Num: 56 Episode T: 200 Reward: -1391.196
Total T: 11400 Episode Num: 57 Episode T: 200 Reward: -1276.560
Total T: 11600 Episode Num: 58 Episode T: 200 Reward: -958.843
Total T: 11800 Episode Num: 59 Episode T: 200 Reward: -1080.599
Total T: 12000 Episode Num: 60 Episode T: 200 Reward: -1182.228
Total T: 12200 Episode Num: 61 Episode T: 200 Reward: -874.356
Total T: 12400 Episode Num: 62 Episode T: 200 Reward: -1601.596
Total T: 12600 Episode Num: 63 Episode T: 200 Reward: -970.575
Total T: 12800 Episode Num: 64 Episode T: 200 Reward: -1000.699
Total T: 13000 Episode Num: 65 Episode T: 200 Reward: -1685.181
Total T: 13200 Episode Num: 66 Episode T: 200 Reward: -865.720
Total T: 13400 Episode Num: 67 Episode T: 200 Reward: -1070.177
Total T: 13600 Episode Num: 68 Episode T: 200 Reward: -1692.493
Total T: 13800 Episode Num: 69 Episode T: 200 Reward: -1691.805
Total T: 14000 Episode Num: 70 Episode T: 200 Reward: -1399.977
Total T: 14200 Episode Num: 71 Episode T: 200 Reward: -985.292
Total T: 14400 Episode Num: 72 Episode T: 200 Reward: -1300.267
Total T: 14600 Episode Num: 73 Episode T: 200 Reward: -1655.207
Total T: 14800 Episode Num: 74 Episode T: 200 Reward: -1739.431
Total T: 15000 Episode Num: 75 Episode T: 200 Reward: -1211.217
---------------------------------------
Evaluation over 10 episodes: -1296.869
---------------------------------------
Total T: 15200 Episode Num: 76 Episode T: 200 Reward: -1084.369
Total T: 15400 Episode Num: 77 Episode T: 200 Reward: -1337.992
Total T: 15600 Episode Num: 78 Episode T: 200 Reward: -1630.981
Total T: 15800 Episode Num: 79 Episode T: 200 Reward: -1185.872
Total T: 16000 Episode Num: 80 Episode T: 200 Reward: -1443.513
Total T: 16200 Episode Num: 81 Episode T: 200 Reward: -1312.993
Total T: 16400 Episode Num: 82 Episode T: 200 Reward: -1360.801
Total T: 16600 Episode Num: 83 Episode T: 200 Reward: -1175.719
Total T: 16800 Episode Num: 84 Episode T: 200 Reward: -1264.325
Total T: 17000 Episode Num: 85 Episode T: 200 Reward: -1752.437
Total T: 17200 Episode Num: 86 Episode T: 200 Reward: -1282.675
Total T: 17400 Episode Num: 87 Episode T: 200 Reward: -1342.754
Total T: 17600 Episode Num: 88 Episode T: 200 Reward: -1506.254
Total T: 17800 Episode Num: 89 Episode T: 200 Reward: -1176.288
Total T: 18000 Episode Num: 90 Episode T: 200 Reward: -1121.481
Total T: 18200 Episode Num: 91 Episode T: 200 Reward: -1564.440
Total T: 18400 Episode Num: 92 Episode T: 200 Reward: -1338.256
Total T: 18600 Episode Num: 93 Episode T: 200 Reward: -883.760
Total T: 18800 Episode Num: 94 Episode T: 200 Reward: -1381.957
Total T: 19000 Episode Num: 95 Episode T: 200 Reward: -1055.065
Total T: 19200 Episode Num: 96 Episode T: 200 Reward: -1563.729
Total T: 19400 Episode Num: 97 Episode T: 200 Reward: -973.802
Total T: 19600 Episode Num: 98 Episode T: 200 Reward: -1457.960
Total T: 19800 Episode Num: 99 Episode T: 200 Reward: -1677.654
Total T: 20000 Episode Num: 100 Episode T: 200 Reward: -1316.441
---------------------------------------
Evaluation over 10 episodes: -1296.869
---------------------------------------
Total T: 20200 Episode Num: 101 Episode T: 200 Reward: -1508.668
Total T: 20400 Episode Num: 102 Episode T: 200 Reward: -1411.636
Total T: 20600 Episode Num: 103 Episode T: 200 Reward: -1068.113
Total T: 20800 Episode Num: 104 Episode T: 200 Reward: -1665.409
Total T: 21000 Episode Num: 105 Episode T: 200 Reward: -771.952
Total T: 21200 Episode Num: 106 Episode T: 200 Reward: -1315.346
Total T: 21400 Episode Num: 107 Episode T: 200 Reward: -1743.391
Total T: 21600 Episode Num: 108 Episode T: 200 Reward: -855.186
Total T: 21800 Episode Num: 109 Episode T: 200 Reward: -883.873
Total T: 22000 Episode Num: 110 Episode T: 200 Reward: -1227.830
Total T: 22200 Episode Num: 111 Episode T: 200 Reward: -1220.941
Total T: 22400 Episode Num: 112 Episode T: 200 Reward: -1458.460
Total T: 22600 Episode Num: 113 Episode T: 200 Reward: -1170.623
Total T: 22800 Episode Num: 114 Episode T: 200 Reward: -1333.656
Total T: 23000 Episode Num: 115 Episode T: 200 Reward: -1283.924
Total T: 23200 Episode Num: 116 Episode T: 200 Reward: -1444.639
Total T: 23400 Episode Num: 117 Episode T: 200 Reward: -1081.763
Total T: 23600 Episode Num: 118 Episode T: 200 Reward: -1140.653
Total T: 23800 Episode Num: 119 Episode T: 200 Reward: -1574.044
Total T: 24000 Episode Num: 120 Episode T: 200 Reward: -774.935
Total T: 24200 Episode Num: 121 Episode T: 200 Reward: -1081.846
Total T: 24400 Episode Num: 122 Episode T: 200 Reward: -905.328
Total T: 24600 Episode Num: 123 Episode T: 200 Reward: -902.971
Total T: 24800 Episode Num: 124 Episode T: 200 Reward: -1331.174
Total T: 25000 Episode Num: 125 Episode T: 200 Reward: -1275.171
---------------------------------------
Evaluation over 10 episodes: -1296.869
---------------------------------------
Total T: 25200 Episode Num: 126 Episode T: 200 Reward: -1687.886
Total T: 25400 Episode Num: 127 Episode T: 200 Reward: -1883.238
Total T: 25600 Episode Num: 128 Episode T: 200 Reward: -1864.982
Total T: 25800 Episode Num: 129 Episode T: 200 Reward: -1923.134
Total T: 26000 Episode Num: 130 Episode T: 200 Reward: -1697.075
Total T: 26200 Episode Num: 131 Episode T: 200 Reward: -1407.296
Total T: 26400 Episode Num: 132 Episode T: 200 Reward: -1516.743
Total T: 26600 Episode Num: 133 Episode T: 200 Reward: -1520.636
Total T: 26800 Episode Num: 134 Episode T: 200 Reward: -1083.293
Total T: 27000 Episode Num: 135 Episode T: 200 Reward: -1446.221
Total T: 27200 Episode Num: 136 Episode T: 200 Reward: -1268.526
Total T: 27400 Episode Num: 137 Episode T: 200 Reward: -1209.078
Total T: 27600 Episode Num: 138 Episode T: 200 Reward: -1513.676
Total T: 27800 Episode Num: 139 Episode T: 200 Reward: -1159.447
Total T: 28000 Episode Num: 140 Episode T: 200 Reward: -1069.104
Total T: 28200 Episode Num: 141 Episode T: 200 Reward: -679.582
Total T: 28400 Episode Num: 142 Episode T: 200 Reward: -1052.782
Total T: 28600 Episode Num: 143 Episode T: 200 Reward: -916.439
Total T: 28800 Episode Num: 144 Episode T: 200 Reward: -1510.122
Total T: 29000 Episode Num: 145 Episode T: 200 Reward: -782.675
Total T: 29200 Episode Num: 146 Episode T: 200 Reward: -4.018
Total T: 29400 Episode Num: 147 Episode T: 200 Reward: -570.489
Total T: 29600 Episode Num: 148 Episode T: 200 Reward: -0.806
Total T: 29800 Episode Num: 149 Episode T: 200 Reward: -267.792
Total T: 30000 Episode Num: 150 Episode T: 200 Reward: -273.247
---------------------------------------
Evaluation over 10 episodes: -268.686
---------------------------------------
Total T: 30200 Episode Num: 151 Episode T: 200 Reward: -131.890
Total T: 30400 Episode Num: 152 Episode T: 200 Reward: -133.130
Total T: 30600 Episode Num: 153 Episode T: 200 Reward: -131.427
Total T: 30800 Episode Num: 154 Episode T: 200 Reward: -137.301
Total T: 31000 Episode Num: 155 Episode T: 200 Reward: -128.031
Total T: 31200 Episode Num: 156 Episode T: 200 Reward: -127.934
Total T: 31400 Episode Num: 157 Episode T: 200 Reward: -2.535
Total T: 31600 Episode Num: 158 Episode T: 200 Reward: -125.281
Total T: 31800 Episode Num: 159 Episode T: 200 Reward: -114.006
Total T: 32000 Episode Num: 160 Episode T: 200 Reward: -129.087
Total T: 32200 Episode Num: 161 Episode T: 200 Reward: -118.497
Total T: 32400 Episode Num: 162 Episode T: 200 Reward: -117.374
Total T: 32600 Episode Num: 163 Episode T: 200 Reward: -127.371
Total T: 32800 Episode Num: 164 Episode T: 200 Reward: -120.275
Total T: 33000 Episode Num: 165 Episode T: 200 Reward: -122.105
Total T: 33200 Episode Num: 166 Episode T: 200 Reward: -122.487
Total T: 33400 Episode Num: 167 Episode T: 200 Reward: -121.108
Total T: 33600 Episode Num: 168 Episode T: 200 Reward: -243.757
Total T: 33800 Episode Num: 169 Episode T: 200 Reward: -124.523
Total T: 34000 Episode Num: 170 Episode T: 200 Reward: -125.202
Total T: 34200 Episode Num: 171 Episode T: 200 Reward: -126.466
Total T: 34400 Episode Num: 172 Episode T: 200 Reward: -242.771
Total T: 34600 Episode Num: 173 Episode T: 200 Reward: -245.785
Total T: 34800 Episode Num: 174 Episode T: 200 Reward: -1.719
Total T: 35000 Episode Num: 175 Episode T: 200 Reward: -118.967
---------------------------------------
Evaluation over 10 episodes: -128.106
---------------------------------------
Total T: 35200 Episode Num: 176 Episode T: 200 Reward: -119.248
Total T: 35400 Episode Num: 177 Episode T: 200 Reward: -121.020
Total T: 35600 Episode Num: 178 Episode T: 200 Reward: -117.810
Total T: 35800 Episode Num: 179 Episode T: 200 Reward: -125.015
Total T: 36000 Episode Num: 180 Episode T: 200 Reward: -241.799
Total T: 36200 Episode Num: 181 Episode T: 200 Reward: -2.405
Total T: 36400 Episode Num: 182 Episode T: 200 Reward: -0.814
Total T: 36600 Episode Num: 183 Episode T: 200 Reward: -351.090
Total T: 36800 Episode Num: 184 Episode T: 200 Reward: -119.763
Total T: 37000 Episode Num: 185 Episode T: 200 Reward: -117.563
Total T: 37200 Episode Num: 186 Episode T: 200 Reward: -124.791
Total T: 37400 Episode Num: 187 Episode T: 200 Reward: -125.769
Total T: 37600 Episode Num: 188 Episode T: 200 Reward: -124.046
Total T: 37800 Episode Num: 189 Episode T: 200 Reward: -126.418
Total T: 38000 Episode Num: 190 Episode T: 200 Reward: -233.458
Total T: 38200 Episode Num: 191 Episode T: 200 Reward: -0.854
Total T: 38400 Episode Num: 192 Episode T: 200 Reward: -117.866
Total T: 38600 Episode Num: 193 Episode T: 200 Reward: -235.472
Total T: 38800 Episode Num: 194 Episode T: 200 Reward: -1.786
Total T: 39000 Episode Num: 195 Episode T: 200 Reward: -117.839
Total T: 39200 Episode Num: 196 Episode T: 200 Reward: -119.920
Total T: 39400 Episode Num: 197 Episode T: 200 Reward: -237.735
Total T: 39600 Episode Num: 198 Episode T: 200 Reward: -347.338
Total T: 39800 Episode Num: 199 Episode T: 200 Reward: -244.706
Total T: 40000 Episode Num: 200 Episode T: 200 Reward: -348.542
---------------------------------------
Evaluation over 10 episodes: -132.593
---------------------------------------
Total T: 40200 Episode Num: 201 Episode T: 200 Reward: -114.516
Total T: 40400 Episode Num: 202 Episode T: 200 Reward: -378.987
Total T: 40600 Episode Num: 203 Episode T: 200 Reward: -116.060
Total T: 40800 Episode Num: 204 Episode T: 200 Reward: -251.183
Total T: 41000 Episode Num: 205 Episode T: 200 Reward: -117.127
Total T: 41200 Episode Num: 206 Episode T: 200 Reward: -0.886
Total T: 41400 Episode Num: 207 Episode T: 200 Reward: -114.480
Total T: 41600 Episode Num: 208 Episode T: 200 Reward: -0.393
Total T: 41800 Episode Num: 209 Episode T: 200 Reward: -122.978
Total T: 42000 Episode Num: 210 Episode T: 200 Reward: -118.437
Total T: 42200 Episode Num: 211 Episode T: 200 Reward: -0.825
Total T: 42400 Episode Num: 212 Episode T: 200 Reward: -119.115
Total T: 42600 Episode Num: 213 Episode T: 200 Reward: -232.907
Total T: 42800 Episode Num: 214 Episode T: 200 Reward: -125.429
Total T: 43000 Episode Num: 215 Episode T: 200 Reward: -123.711
Total T: 43200 Episode Num: 216 Episode T: 200 Reward: -121.049
Total T: 43400 Episode Num: 217 Episode T: 200 Reward: -242.943
Total T: 43600 Episode Num: 218 Episode T: 200 Reward: -117.718
Total T: 43800 Episode Num: 219 Episode T: 200 Reward: -0.983
Total T: 44000 Episode Num: 220 Episode T: 200 Reward: -0.548
Total T: 44200 Episode Num: 221 Episode T: 200 Reward: -120.522
Total T: 44400 Episode Num: 222 Episode T: 200 Reward: -118.407
Total T: 44600 Episode Num: 223 Episode T: 200 Reward: -231.144
Total T: 44800 Episode Num: 224 Episode T: 200 Reward: -0.752
Total T: 45000 Episode Num: 225 Episode T: 200 Reward: -125.332
---------------------------------------
Evaluation over 10 episodes: -128.560
---------------------------------------
Total T: 45200 Episode Num: 226 Episode T: 200 Reward: -331.583
Total T: 45400 Episode Num: 227 Episode T: 200 Reward: -120.081
Total T: 45600 Episode Num: 228 Episode T: 200 Reward: -229.634
Total T: 45800 Episode Num: 229 Episode T: 200 Reward: -225.648
Total T: 46000 Episode Num: 230 Episode T: 200 Reward: -237.015
Total T: 46200 Episode Num: 231 Episode T: 200 Reward: -231.015
Total T: 46400 Episode Num: 232 Episode T: 200 Reward: -119.068
Total T: 46600 Episode Num: 233 Episode T: 200 Reward: -0.364
Total T: 46800 Episode Num: 234 Episode T: 200 Reward: -0.274
Total T: 47000 Episode Num: 235 Episode T: 200 Reward: -120.039
Total T: 47200 Episode Num: 236 Episode T: 200 Reward: -245.008
Total T: 47400 Episode Num: 237 Episode T: 200 Reward: -233.264
Total T: 47600 Episode Num: 238 Episode T: 200 Reward: -123.741
Total T: 47800 Episode Num: 239 Episode T: 200 Reward: -127.258
Total T: 48000 Episode Num: 240 Episode T: 200 Reward: -117.847
Total T: 48200 Episode Num: 241 Episode T: 200 Reward: -118.746
Total T: 48400 Episode Num: 242 Episode T: 200 Reward: -0.793
Total T: 48600 Episode Num: 243 Episode T: 200 Reward: -0.128
Total T: 48800 Episode Num: 244 Episode T: 200 Reward: -0.580
Total T: 49000 Episode Num: 245 Episode T: 200 Reward: -227.067
Total T: 49200 Episode Num: 246 Episode T: 200 Reward: -239.160
Total T: 49400 Episode Num: 247 Episode T: 200 Reward: -0.496
Total T: 49600 Episode Num: 248 Episode T: 200 Reward: -118.154
Total T: 49800 Episode Num: 249 Episode T: 200 Reward: -118.036
Total T: 50000 Episode Num: 250 Episode T: 200 Reward: -119.445
---------------------------------------
Evaluation over 10 episodes: -127.374
---------------------------------------
Total T: 50200 Episode Num: 251 Episode T: 200 Reward: -0.190
Total T: 50400 Episode Num: 252 Episode T: 200 Reward: -260.791
Total T: 50600 Episode Num: 253 Episode T: 200 Reward: -121.373
Total T: 50800 Episode Num: 254 Episode T: 200 Reward: -123.554
Total T: 51000 Episode Num: 255 Episode T: 200 Reward: -0.288
Total T: 51200 Episode Num: 256 Episode T: 200 Reward: -119.904
Total T: 51400 Episode Num: 257 Episode T: 200 Reward: -121.513
Total T: 51600 Episode Num: 258 Episode T: 200 Reward: -1.890
Total T: 51800 Episode Num: 259 Episode T: 200 Reward: -240.729
Total T: 52000 Episode Num: 260 Episode T: 200 Reward: -234.043
Total T: 52200 Episode Num: 261 Episode T: 200 Reward: -126.601
Total T: 52400 Episode Num: 262 Episode T: 200 Reward: -0.913
Total T: 52600 Episode Num: 263 Episode T: 200 Reward: -126.080
Total T: 52800 Episode Num: 264 Episode T: 200 Reward: -240.797
Total T: 53000 Episode Num: 265 Episode T: 200 Reward: -121.422
Total T: 53200 Episode Num: 266 Episode T: 200 Reward: -121.784
Total T: 53400 Episode Num: 267 Episode T: 200 Reward: -318.524
Total T: 53600 Episode Num: 268 Episode T: 200 Reward: -226.098
Total T: 53800 Episode Num: 269 Episode T: 200 Reward: -122.900
Total T: 54000 Episode Num: 270 Episode T: 200 Reward: -119.229
Total T: 54200 Episode Num: 271 Episode T: 200 Reward: -117.038
Total T: 54400 Episode Num: 272 Episode T: 200 Reward: -123.460
Total T: 54600 Episode Num: 273 Episode T: 200 Reward: -118.513
Total T: 54800 Episode Num: 274 Episode T: 200 Reward: -3.483
Total T: 55000 Episode Num: 275 Episode T: 200 Reward: -127.092
---------------------------------------
Evaluation over 10 episodes: -128.559
---------------------------------------
Total T: 55200 Episode Num: 276 Episode T: 200 Reward: -1.763
Total T: 55400 Episode Num: 277 Episode T: 200 Reward: -231.584
Total T: 55600 Episode Num: 278 Episode T: 200 Reward: -117.866
Total T: 55800 Episode Num: 279 Episode T: 200 Reward: -118.820
Total T: 56000 Episode Num: 280 Episode T: 200 Reward: -118.920
Total T: 56200 Episode Num: 281 Episode T: 200 Reward: -241.444
Total T: 56400 Episode Num: 282 Episode T: 200 Reward: -121.442
Total T: 56600 Episode Num: 283 Episode T: 200 Reward: -130.149
Total T: 56800 Episode Num: 284 Episode T: 200 Reward: -128.349
Total T: 57000 Episode Num: 285 Episode T: 200 Reward: -248.182
Total T: 57200 Episode Num: 286 Episode T: 200 Reward: -129.270
Total T: 57400 Episode Num: 287 Episode T: 200 Reward: -123.697
Total T: 57600 Episode Num: 288 Episode T: 200 Reward: -128.384
Total T: 57800 Episode Num: 289 Episode T: 200 Reward: -130.808
Total T: 58000 Episode Num: 290 Episode T: 200 Reward: -8.546
Total T: 58200 Episode Num: 291 Episode T: 200 Reward: -355.069
Total T: 58400 Episode Num: 292 Episode T: 200 Reward: -133.894
Total T: 58600 Episode Num: 293 Episode T: 200 Reward: -131.228
Total T: 58800 Episode Num: 294 Episode T: 200 Reward: -122.944
Total T: 59000 Episode Num: 295 Episode T: 200 Reward: -135.455
Total T: 59200 Episode Num: 296 Episode T: 200 Reward: -128.478
Total T: 59400 Episode Num: 297 Episode T: 200 Reward: -126.041
Total T: 59600 Episode Num: 298 Episode T: 200 Reward: -132.292
Total T: 59800 Episode Num: 299 Episode T: 200 Reward: -241.534
Total T: 60000 Episode Num: 300 Episode T: 200 Reward: -343.046
---------------------------------------
Evaluation over 10 episodes: -138.065
---------------------------------------
Total T: 60200 Episode Num: 301 Episode T: 200 Reward: -12.545
Total T: 60400 Episode Num: 302 Episode T: 200 Reward: -140.163
Total T: 60600 Episode Num: 303 Episode T: 200 Reward: -256.403
Total T: 60800 Episode Num: 304 Episode T: 200 Reward: -129.690
Total T: 61000 Episode Num: 305 Episode T: 200 Reward: -12.162
Total T: 61200 Episode Num: 306 Episode T: 200 Reward: -126.072
Total T: 61400 Episode Num: 307 Episode T: 200 Reward: -130.293
Total T: 61600 Episode Num: 308 Episode T: 200 Reward: -11.875
Total T: 61800 Episode Num: 309 Episode T: 200 Reward: -126.933
Total T: 62000 Episode Num: 310 Episode T: 200 Reward: -12.475
Total T: 62200 Episode Num: 311 Episode T: 200 Reward: -132.066
Total T: 62400 Episode Num: 312 Episode T: 200 Reward: -134.719
Total T: 62600 Episode Num: 313 Episode T: 200 Reward: -127.385
Total T: 62800 Episode Num: 314 Episode T: 200 Reward: -126.675
Total T: 63000 Episode Num: 315 Episode T: 200 Reward: -132.142
Total T: 63200 Episode Num: 316 Episode T: 200 Reward: -8.383
Total T: 63400 Episode Num: 317 Episode T: 200 Reward: -252.949
Total T: 63600 Episode Num: 318 Episode T: 200 Reward: -251.971
Total T: 63800 Episode Num: 319 Episode T: 200 Reward: -315.972
Total T: 64000 Episode Num: 320 Episode T: 200 Reward: -134.291
Total T: 64200 Episode Num: 321 Episode T: 200 Reward: -249.520
Total T: 64400 Episode Num: 322 Episode T: 200 Reward: -124.694
Total T: 64600 Episode Num: 323 Episode T: 200 Reward: -234.343
Total T: 64800 Episode Num: 324 Episode T: 200 Reward: -124.602
Total T: 65000 Episode Num: 325 Episode T: 200 Reward: -133.970
---------------------------------------
Evaluation over 10 episodes: -136.213
---------------------------------------
Total T: 65200 Episode Num: 326 Episode T: 200 Reward: -251.352
Total T: 65400 Episode Num: 327 Episode T: 200 Reward: -10.719
Total T: 65600 Episode Num: 328 Episode T: 200 Reward: -132.564
Total T: 65800 Episode Num: 329 Episode T: 200 Reward: -9.542
Total T: 66000 Episode Num: 330 Episode T: 200 Reward: -121.565
Total T: 66200 Episode Num: 331 Episode T: 200 Reward: -128.799
Total T: 66400 Episode Num: 332 Episode T: 200 Reward: -240.692
Total T: 66600 Episode Num: 333 Episode T: 200 Reward: -127.250
Total T: 66800 Episode Num: 334 Episode T: 200 Reward: -127.911
Total T: 67000 Episode Num: 335 Episode T: 200 Reward: -244.610
Total T: 67200 Episode Num: 336 Episode T: 200 Reward: -237.678
Total T: 67400 Episode Num: 337 Episode T: 200 Reward: -10.430
Total T: 67600 Episode Num: 338 Episode T: 200 Reward: -133.895
Total T: 67800 Episode Num: 339 Episode T: 200 Reward: -129.996
Total T: 68000 Episode Num: 340 Episode T: 200 Reward: -125.396
Total T: 68200 Episode Num: 341 Episode T: 200 Reward: -124.127
Total T: 68400 Episode Num: 342 Episode T: 200 Reward: -227.871
Total T: 68600 Episode Num: 343 Episode T: 200 Reward: -135.679
Total T: 68800 Episode Num: 344 Episode T: 200 Reward: -131.752
Total T: 69000 Episode Num: 345 Episode T: 200 Reward: -130.970
Total T: 69200 Episode Num: 346 Episode T: 200 Reward: -11.510
Total T: 69400 Episode Num: 347 Episode T: 200 Reward: -322.177
Total T: 69600 Episode Num: 348 Episode T: 200 Reward: -131.851
Total T: 69800 Episode Num: 349 Episode T: 200 Reward: -128.810
Total T: 70000 Episode Num: 350 Episode T: 200 Reward: -244.755
---------------------------------------
Evaluation over 10 episodes: -135.538
---------------------------------------
Total T: 70200 Episode Num: 351 Episode T: 200 Reward: -235.250
Total T: 70400 Episode Num: 352 Episode T: 200 Reward: -133.570
Total T: 70600 Episode Num: 353 Episode T: 200 Reward: -306.534
Total T: 70800 Episode Num: 354 Episode T: 200 Reward: -358.470
Total T: 71000 Episode Num: 355 Episode T: 200 Reward: -8.114
Total T: 71200 Episode Num: 356 Episode T: 200 Reward: -340.310
Total T: 71400 Episode Num: 357 Episode T: 200 Reward: -134.358
Total T: 71600 Episode Num: 358 Episode T: 200 Reward: -8.213
Total T: 71800 Episode Num: 359 Episode T: 200 Reward: -123.922
Total T: 72000 Episode Num: 360 Episode T: 200 Reward: -124.561
Total T: 72200 Episode Num: 361 Episode T: 200 Reward: -128.921
Total T: 72400 Episode Num: 362 Episode T: 200 Reward: -125.562
Total T: 72600 Episode Num: 363 Episode T: 200 Reward: -123.070
Total T: 72800 Episode Num: 364 Episode T: 200 Reward: -133.738
Total T: 73000 Episode Num: 365 Episode T: 200 Reward: -7.368
Total T: 73200 Episode Num: 366 Episode T: 200 Reward: -244.194
Total T: 73400 Episode Num: 367 Episode T: 200 Reward: -131.588
Total T: 73600 Episode Num: 368 Episode T: 200 Reward: -249.889
Total T: 73800 Episode Num: 369 Episode T: 200 Reward: -239.685
Total T: 74000 Episode Num: 370 Episode T: 200 Reward: -238.180
Total T: 74200 Episode Num: 371 Episode T: 200 Reward: -128.714
Total T: 74400 Episode Num: 372 Episode T: 200 Reward: -129.457
Total T: 74600 Episode Num: 373 Episode T: 200 Reward: -134.079
Total T: 74800 Episode Num: 374 Episode T: 200 Reward: -121.238
Total T: 75000 Episode Num: 375 Episode T: 200 Reward: -125.519
---------------------------------------
Evaluation over 10 episodes: -132.667
---------------------------------------
Total T: 75200 Episode Num: 376 Episode T: 200 Reward: -130.077
Total T: 75400 Episode Num: 377 Episode T: 200 Reward: -130.444
Total T: 75600 Episode Num: 378 Episode T: 200 Reward: -122.157
Total T: 75800 Episode Num: 379 Episode T: 200 Reward: -234.106
Total T: 76000 Episode Num: 380 Episode T: 200 Reward: -231.622
Total T: 76200 Episode Num: 381 Episode T: 200 Reward: -121.059
Total T: 76400 Episode Num: 382 Episode T: 200 Reward: -125.738
Total T: 76600 Episode Num: 383 Episode T: 200 Reward: -246.230
Total T: 76800 Episode Num: 384 Episode T: 200 Reward: -243.703
Total T: 77000 Episode Num: 385 Episode T: 200 Reward: -254.706
Total T: 77200 Episode Num: 386 Episode T: 200 Reward: -122.938
Total T: 77400 Episode Num: 387 Episode T: 200 Reward: -343.512
Total T: 77600 Episode Num: 388 Episode T: 200 Reward: -338.258
Total T: 77800 Episode Num: 389 Episode T: 200 Reward: -127.847
Total T: 78000 Episode Num: 390 Episode T: 200 Reward: -121.745
Total T: 78200 Episode Num: 391 Episode T: 200 Reward: -327.353
Total T: 78400 Episode Num: 392 Episode T: 200 Reward: -125.344
Total T: 78600 Episode Num: 393 Episode T: 200 Reward: -122.170
Total T: 78800 Episode Num: 394 Episode T: 200 Reward: -125.547
Total T: 79000 Episode Num: 395 Episode T: 200 Reward: -126.957
Total T: 79200 Episode Num: 396 Episode T: 200 Reward: -119.388
Total T: 79400 Episode Num: 397 Episode T: 200 Reward: -121.164
Total T: 79600 Episode Num: 398 Episode T: 200 Reward: -8.045
Total T: 79800 Episode Num: 399 Episode T: 200 Reward: -129.986
Total T: 80000 Episode Num: 400 Episode T: 200 Reward: -130.728
---------------------------------------
Evaluation over 10 episodes: -133.712
---------------------------------------
Total T: 80200 Episode Num: 401 Episode T: 200 Reward: -230.528
Total T: 80400 Episode Num: 402 Episode T: 200 Reward: -123.752
Total T: 80600 Episode Num: 403 Episode T: 200 Reward: -127.402
Total T: 80800 Episode Num: 404 Episode T: 200 Reward: -5.351
Total T: 81000 Episode Num: 405 Episode T: 200 Reward: -124.670
Total T: 81200 Episode Num: 406 Episode T: 200 Reward: -5.843
Total T: 81400 Episode Num: 407 Episode T: 200 Reward: -5.562
Total T: 81600 Episode Num: 408 Episode T: 200 Reward: -350.334
Total T: 81800 Episode Num: 409 Episode T: 200 Reward: -228.848
Total T: 82000 Episode Num: 410 Episode T: 200 Reward: -126.968
Total T: 82200 Episode Num: 411 Episode T: 200 Reward: -234.250
Total T: 82400 Episode Num: 412 Episode T: 200 Reward: -232.525
Total T: 82600 Episode Num: 413 Episode T: 200 Reward: -121.858
Total T: 82800 Episode Num: 414 Episode T: 200 Reward: -5.822
Total T: 83000 Episode Num: 415 Episode T: 200 Reward: -123.303
Total T: 83200 Episode Num: 416 Episode T: 200 Reward: -129.959
Total T: 83400 Episode Num: 417 Episode T: 200 Reward: -5.303
Total T: 83600 Episode Num: 418 Episode T: 200 Reward: -120.248
Total T: 83800 Episode Num: 419 Episode T: 200 Reward: -129.841
Total T: 84000 Episode Num: 420 Episode T: 200 Reward: -119.576
Total T: 84200 Episode Num: 421 Episode T: 200 Reward: -130.104
Total T: 84400 Episode Num: 422 Episode T: 200 Reward: -125.170
Total T: 84600 Episode Num: 423 Episode T: 200 Reward: -124.504
Total T: 84800 Episode Num: 424 Episode T: 200 Reward: -123.531
Total T: 85000 Episode Num: 425 Episode T: 200 Reward: -123.706
---------------------------------------
Evaluation over 10 episodes: -130.075
---------------------------------------
Total T: 85200 Episode Num: 426 Episode T: 200 Reward: -4.044
Total T: 85400 Episode Num: 427 Episode T: 200 Reward: -126.228
Total T: 85600 Episode Num: 428 Episode T: 200 Reward: -122.217
Total T: 85800 Episode Num: 429 Episode T: 200 Reward: -2.560
Total T: 86000 Episode Num: 430 Episode T: 200 Reward: -121.097
Total T: 86200 Episode Num: 431 Episode T: 200 Reward: -123.436
Total T: 86400 Episode Num: 432 Episode T: 200 Reward: -120.275
Total T: 86600 Episode Num: 433 Episode T: 200 Reward: -118.425
Total T: 86800 Episode Num: 434 Episode T: 200 Reward: -130.871
Total T: 87000 Episode Num: 435 Episode T: 200 Reward: -122.997
Total T: 87200 Episode Num: 436 Episode T: 200 Reward: -130.113
Total T: 87400 Episode Num: 437 Episode T: 200 Reward: -130.246
Total T: 87600 Episode Num: 438 Episode T: 200 Reward: -236.120
Total T: 87800 Episode Num: 439 Episode T: 200 Reward: -230.024
Total T: 88000 Episode Num: 440 Episode T: 200 Reward: -122.966
Total T: 88200 Episode Num: 441 Episode T: 200 Reward: -233.913
Total T: 88400 Episode Num: 442 Episode T: 200 Reward: -130.827
Total T: 88600 Episode Num: 443 Episode T: 200 Reward: -129.861
Total T: 88800 Episode Num: 444 Episode T: 200 Reward: -227.641
Total T: 89000 Episode Num: 445 Episode T: 200 Reward: -236.367
Total T: 89200 Episode Num: 446 Episode T: 200 Reward: -121.475
Total T: 89400 Episode Num: 447 Episode T: 200 Reward: -121.205
Total T: 89600 Episode Num: 448 Episode T: 200 Reward: -234.836
Total T: 89800 Episode Num: 449 Episode T: 200 Reward: -232.488
Total T: 90000 Episode Num: 450 Episode T: 200 Reward: -240.115
---------------------------------------
Evaluation over 10 episodes: -132.480
---------------------------------------
Total T: 90200 Episode Num: 451 Episode T: 200 Reward: -132.489
Total T: 90400 Episode Num: 452 Episode T: 200 Reward: -242.802
Total T: 90600 Episode Num: 453 Episode T: 200 Reward: -131.052
Total T: 90800 Episode Num: 454 Episode T: 200 Reward: -239.354
Total T: 91000 Episode Num: 455 Episode T: 200 Reward: -124.873
Total T: 91200 Episode Num: 456 Episode T: 200 Reward: -130.765
Total T: 91400 Episode Num: 457 Episode T: 200 Reward: -236.828
Total T: 91600 Episode Num: 458 Episode T: 200 Reward: -124.012
Total T: 91800 Episode Num: 459 Episode T: 200 Reward: -126.411
Total T: 92000 Episode Num: 460 Episode T: 200 Reward: -7.647
Total T: 92200 Episode Num: 461 Episode T: 200 Reward: -121.965
Total T: 92400 Episode Num: 462 Episode T: 200 Reward: -7.595
Total T: 92600 Episode Num: 463 Episode T: 200 Reward: -7.073
Total T: 92800 Episode Num: 464 Episode T: 200 Reward: -118.248
Total T: 93000 Episode Num: 465 Episode T: 200 Reward: -236.393
Total T: 93200 Episode Num: 466 Episode T: 200 Reward: -7.198
Total T: 93400 Episode Num: 467 Episode T: 200 Reward: -238.785
Total T: 93600 Episode Num: 468 Episode T: 200 Reward: -241.503
Total T: 93800 Episode Num: 469 Episode T: 200 Reward: -122.440
Total T: 94000 Episode Num: 470 Episode T: 200 Reward: -132.353
Total T: 94200 Episode Num: 471 Episode T: 200 Reward: -133.081
Total T: 94400 Episode Num: 472 Episode T: 200 Reward: -239.515
Total T: 94600 Episode Num: 473 Episode T: 200 Reward: -123.043
Total T: 94800 Episode Num: 474 Episode T: 200 Reward: -127.029
Total T: 95000 Episode Num: 475 Episode T: 200 Reward: -226.645
---------------------------------------
Evaluation over 10 episodes: -133.301
---------------------------------------
Total T: 95200 Episode Num: 476 Episode T: 200 Reward: -6.839
Total T: 95400 Episode Num: 477 Episode T: 200 Reward: -132.219
Total T: 95600 Episode Num: 478 Episode T: 200 Reward: -132.401
Total T: 95800 Episode Num: 479 Episode T: 200 Reward: -228.752
Total T: 96000 Episode Num: 480 Episode T: 200 Reward: -129.695
Total T: 96200 Episode Num: 481 Episode T: 200 Reward: -133.273
Total T: 96400 Episode Num: 482 Episode T: 200 Reward: -129.214
Total T: 96600 Episode Num: 483 Episode T: 200 Reward: -135.217
Total T: 96800 Episode Num: 484 Episode T: 200 Reward: -130.161
Total T: 97000 Episode Num: 485 Episode T: 200 Reward: -125.145
Total T: 97200 Episode Num: 486 Episode T: 200 Reward: -132.907
Total T: 97400 Episode Num: 487 Episode T: 200 Reward: -131.572
Total T: 97600 Episode Num: 488 Episode T: 200 Reward: -236.030
Total T: 97800 Episode Num: 489 Episode T: 200 Reward: -124.866
Total T: 98000 Episode Num: 490 Episode T: 200 Reward: -130.314
Total T: 98200 Episode Num: 491 Episode T: 200 Reward: -124.256
Total T: 98400 Episode Num: 492 Episode T: 200 Reward: -6.932
Total T: 98600 Episode Num: 493 Episode T: 200 Reward: -7.497
Total T: 98800 Episode Num: 494 Episode T: 200 Reward: -132.510
Total T: 99000 Episode Num: 495 Episode T: 200 Reward: -124.512
Total T: 99200 Episode Num: 496 Episode T: 200 Reward: -132.379
Total T: 99400 Episode Num: 497 Episode T: 200 Reward: -329.652
Total T: 99600 Episode Num: 498 Episode T: 200 Reward: -130.634
Total T: 99800 Episode Num: 499 Episode T: 200 Reward: -134.566
Total T: 100000 Episode Num: 500 Episode T: 200 Reward: -7.108
---------------------------------------
Evaluation over 10 episodes: -133.681
---------------------------------------
Saving .json file
Juste pour tester max timesteps per episode: 200
