---------------------------------------
Policy: TD3, Env: Pendulum-v1, Seed: 7
---------------------------------------
---------------------------------------
Evaluation over 10 episodes: -1289.865
---------------------------------------
Total T: 200 Episode Num: 1 Episode T: 200 Reward: -1268.853
Total T: 400 Episode Num: 2 Episode T: 200 Reward: -976.876
Total T: 600 Episode Num: 3 Episode T: 200 Reward: -1840.698
Total T: 800 Episode Num: 4 Episode T: 200 Reward: -1206.066
Total T: 1000 Episode Num: 5 Episode T: 200 Reward: -1209.981
Total T: 1200 Episode Num: 6 Episode T: 200 Reward: -980.129
Total T: 1400 Episode Num: 7 Episode T: 200 Reward: -817.270
Total T: 1600 Episode Num: 8 Episode T: 200 Reward: -1706.511
Total T: 1800 Episode Num: 9 Episode T: 200 Reward: -1004.244
Total T: 2000 Episode Num: 10 Episode T: 200 Reward: -1162.893
Total T: 2200 Episode Num: 11 Episode T: 200 Reward: -879.478
Total T: 2400 Episode Num: 12 Episode T: 200 Reward: -1629.712
Total T: 2600 Episode Num: 13 Episode T: 200 Reward: -865.094
Total T: 2800 Episode Num: 14 Episode T: 200 Reward: -998.229
Total T: 3000 Episode Num: 15 Episode T: 200 Reward: -864.324
Total T: 3200 Episode Num: 16 Episode T: 200 Reward: -1751.149
Total T: 3400 Episode Num: 17 Episode T: 200 Reward: -979.275
Total T: 3600 Episode Num: 18 Episode T: 200 Reward: -885.336
Total T: 3800 Episode Num: 19 Episode T: 200 Reward: -1388.161
Total T: 4000 Episode Num: 20 Episode T: 200 Reward: -1013.953
Total T: 4200 Episode Num: 21 Episode T: 200 Reward: -1022.739
Total T: 4400 Episode Num: 22 Episode T: 200 Reward: -1074.453
Total T: 4600 Episode Num: 23 Episode T: 200 Reward: -1555.567
Total T: 4800 Episode Num: 24 Episode T: 200 Reward: -976.182
Total T: 5000 Episode Num: 25 Episode T: 200 Reward: -1234.485
---------------------------------------
Evaluation over 10 episodes: -1289.865
---------------------------------------
Total T: 5200 Episode Num: 26 Episode T: 200 Reward: -1691.271
Total T: 5400 Episode Num: 27 Episode T: 200 Reward: -1016.209
Total T: 5600 Episode Num: 28 Episode T: 200 Reward: -1466.326
Total T: 5800 Episode Num: 29 Episode T: 200 Reward: -1743.670
Total T: 6000 Episode Num: 30 Episode T: 200 Reward: -890.180
Total T: 6200 Episode Num: 31 Episode T: 200 Reward: -868.097
Total T: 6400 Episode Num: 32 Episode T: 200 Reward: -874.933
Total T: 6600 Episode Num: 33 Episode T: 200 Reward: -877.725
Total T: 6800 Episode Num: 34 Episode T: 200 Reward: -1851.210
Total T: 7000 Episode Num: 35 Episode T: 200 Reward: -917.164
Total T: 7200 Episode Num: 36 Episode T: 200 Reward: -1517.623
Total T: 7400 Episode Num: 37 Episode T: 200 Reward: -1272.867
Total T: 7600 Episode Num: 38 Episode T: 200 Reward: -1521.048
Total T: 7800 Episode Num: 39 Episode T: 200 Reward: -754.517
Total T: 8000 Episode Num: 40 Episode T: 200 Reward: -912.902
Total T: 8200 Episode Num: 41 Episode T: 200 Reward: -1196.690
Total T: 8400 Episode Num: 42 Episode T: 200 Reward: -1483.585
Total T: 8600 Episode Num: 43 Episode T: 200 Reward: -1071.621
Total T: 8800 Episode Num: 44 Episode T: 200 Reward: -777.747
Total T: 9000 Episode Num: 45 Episode T: 200 Reward: -1584.614
Total T: 9200 Episode Num: 46 Episode T: 200 Reward: -963.451
Total T: 9400 Episode Num: 47 Episode T: 200 Reward: -1120.127
Total T: 9600 Episode Num: 48 Episode T: 200 Reward: -1636.325
Total T: 9800 Episode Num: 49 Episode T: 200 Reward: -1805.673
Total T: 10000 Episode Num: 50 Episode T: 200 Reward: -1667.274
---------------------------------------
Evaluation over 10 episodes: -1289.865
---------------------------------------
Total T: 10200 Episode Num: 51 Episode T: 200 Reward: -872.505
Total T: 10400 Episode Num: 52 Episode T: 200 Reward: -1415.339
Total T: 10600 Episode Num: 53 Episode T: 200 Reward: -1172.766
Total T: 10800 Episode Num: 54 Episode T: 200 Reward: -966.729
Total T: 11000 Episode Num: 55 Episode T: 200 Reward: -1181.159
Total T: 11200 Episode Num: 56 Episode T: 200 Reward: -1351.687
Total T: 11400 Episode Num: 57 Episode T: 200 Reward: -1803.857
Total T: 11600 Episode Num: 58 Episode T: 200 Reward: -975.945
Total T: 11800 Episode Num: 59 Episode T: 200 Reward: -1081.592
Total T: 12000 Episode Num: 60 Episode T: 200 Reward: -1560.921
Total T: 12200 Episode Num: 61 Episode T: 200 Reward: -1297.067
Total T: 12400 Episode Num: 62 Episode T: 200 Reward: -1241.645
Total T: 12600 Episode Num: 63 Episode T: 200 Reward: -1304.282
Total T: 12800 Episode Num: 64 Episode T: 200 Reward: -1510.442
Total T: 13000 Episode Num: 65 Episode T: 200 Reward: -1777.870
Total T: 13200 Episode Num: 66 Episode T: 200 Reward: -988.461
Total T: 13400 Episode Num: 67 Episode T: 200 Reward: -1698.135
Total T: 13600 Episode Num: 68 Episode T: 200 Reward: -1800.844
Total T: 13800 Episode Num: 69 Episode T: 200 Reward: -760.384
Total T: 14000 Episode Num: 70 Episode T: 200 Reward: -1131.652
Total T: 14200 Episode Num: 71 Episode T: 200 Reward: -854.701
Total T: 14400 Episode Num: 72 Episode T: 200 Reward: -924.950
Total T: 14600 Episode Num: 73 Episode T: 200 Reward: -1579.275
Total T: 14800 Episode Num: 74 Episode T: 200 Reward: -889.442
Total T: 15000 Episode Num: 75 Episode T: 200 Reward: -1042.410
---------------------------------------
Evaluation over 10 episodes: -1289.865
---------------------------------------
Total T: 15200 Episode Num: 76 Episode T: 200 Reward: -945.652
Total T: 15400 Episode Num: 77 Episode T: 200 Reward: -883.916
Total T: 15600 Episode Num: 78 Episode T: 200 Reward: -1166.523
Total T: 15800 Episode Num: 79 Episode T: 200 Reward: -1169.742
Total T: 16000 Episode Num: 80 Episode T: 200 Reward: -1523.969
Total T: 16200 Episode Num: 81 Episode T: 200 Reward: -1516.307
Total T: 16400 Episode Num: 82 Episode T: 200 Reward: -630.451
Total T: 16600 Episode Num: 83 Episode T: 200 Reward: -889.138
Total T: 16800 Episode Num: 84 Episode T: 200 Reward: -834.816
Total T: 17000 Episode Num: 85 Episode T: 200 Reward: -964.943
Total T: 17200 Episode Num: 86 Episode T: 200 Reward: -931.082
Total T: 17400 Episode Num: 87 Episode T: 200 Reward: -1570.734
Total T: 17600 Episode Num: 88 Episode T: 200 Reward: -1411.909
Total T: 17800 Episode Num: 89 Episode T: 200 Reward: -1247.747
Total T: 18000 Episode Num: 90 Episode T: 200 Reward: -1645.543
Total T: 18200 Episode Num: 91 Episode T: 200 Reward: -1393.610
Total T: 18400 Episode Num: 92 Episode T: 200 Reward: -1518.005
Total T: 18600 Episode Num: 93 Episode T: 200 Reward: -1594.149
Total T: 18800 Episode Num: 94 Episode T: 200 Reward: -1151.676
Total T: 19000 Episode Num: 95 Episode T: 200 Reward: -1314.206
Total T: 19200 Episode Num: 96 Episode T: 200 Reward: -1789.992
Total T: 19400 Episode Num: 97 Episode T: 200 Reward: -1418.276
Total T: 19600 Episode Num: 98 Episode T: 200 Reward: -1789.668
Total T: 19800 Episode Num: 99 Episode T: 200 Reward: -1803.290
Total T: 20000 Episode Num: 100 Episode T: 200 Reward: -1271.583
---------------------------------------
Evaluation over 10 episodes: -1289.865
---------------------------------------
Total T: 20200 Episode Num: 101 Episode T: 200 Reward: -970.683
Total T: 20400 Episode Num: 102 Episode T: 200 Reward: -872.678
Total T: 20600 Episode Num: 103 Episode T: 200 Reward: -1171.745
Total T: 20800 Episode Num: 104 Episode T: 200 Reward: -1426.155
Total T: 21000 Episode Num: 105 Episode T: 200 Reward: -927.234
Total T: 21200 Episode Num: 106 Episode T: 200 Reward: -1419.020
Total T: 21400 Episode Num: 107 Episode T: 200 Reward: -1332.927
Total T: 21600 Episode Num: 108 Episode T: 200 Reward: -1466.922
Total T: 21800 Episode Num: 109 Episode T: 200 Reward: -1293.853
Total T: 22000 Episode Num: 110 Episode T: 200 Reward: -1582.738
Total T: 22200 Episode Num: 111 Episode T: 200 Reward: -998.573
Total T: 22400 Episode Num: 112 Episode T: 200 Reward: -908.066
Total T: 22600 Episode Num: 113 Episode T: 200 Reward: -861.501
Total T: 22800 Episode Num: 114 Episode T: 200 Reward: -1544.374
Total T: 23000 Episode Num: 115 Episode T: 200 Reward: -966.491
Total T: 23200 Episode Num: 116 Episode T: 200 Reward: -1628.998
Total T: 23400 Episode Num: 117 Episode T: 200 Reward: -1485.227
Total T: 23600 Episode Num: 118 Episode T: 200 Reward: -1167.470
Total T: 23800 Episode Num: 119 Episode T: 200 Reward: -970.781
Total T: 24000 Episode Num: 120 Episode T: 200 Reward: -901.434
Total T: 24200 Episode Num: 121 Episode T: 200 Reward: -1097.369
Total T: 24400 Episode Num: 122 Episode T: 200 Reward: -1513.544
Total T: 24600 Episode Num: 123 Episode T: 200 Reward: -1626.316
Total T: 24800 Episode Num: 124 Episode T: 200 Reward: -1205.935
Total T: 25000 Episode Num: 125 Episode T: 200 Reward: -891.344
---------------------------------------
Evaluation over 10 episodes: -1289.865
---------------------------------------
Total T: 25200 Episode Num: 126 Episode T: 200 Reward: -1700.892
Total T: 25400 Episode Num: 127 Episode T: 200 Reward: -1348.553
Total T: 25600 Episode Num: 128 Episode T: 200 Reward: -1865.296
Total T: 25800 Episode Num: 129 Episode T: 200 Reward: -1698.510
Total T: 26000 Episode Num: 130 Episode T: 200 Reward: -1881.607
Total T: 26200 Episode Num: 131 Episode T: 200 Reward: -1857.327
Total T: 26400 Episode Num: 132 Episode T: 200 Reward: -1586.511
Total T: 26600 Episode Num: 133 Episode T: 200 Reward: -1538.809
Total T: 26800 Episode Num: 134 Episode T: 200 Reward: -1450.311
Total T: 27000 Episode Num: 135 Episode T: 200 Reward: -1395.101
Total T: 27200 Episode Num: 136 Episode T: 200 Reward: -1260.545
Total T: 27400 Episode Num: 137 Episode T: 200 Reward: -1251.517
Total T: 27600 Episode Num: 138 Episode T: 200 Reward: -1518.501
Total T: 27800 Episode Num: 139 Episode T: 200 Reward: -1218.985
Total T: 28000 Episode Num: 140 Episode T: 200 Reward: -1133.100
Total T: 28200 Episode Num: 141 Episode T: 200 Reward: -1508.738
Total T: 28400 Episode Num: 142 Episode T: 200 Reward: -1020.213
Total T: 28600 Episode Num: 143 Episode T: 200 Reward: -931.970
Total T: 28800 Episode Num: 144 Episode T: 200 Reward: -812.689
Total T: 29000 Episode Num: 145 Episode T: 200 Reward: -548.066
Total T: 29200 Episode Num: 146 Episode T: 200 Reward: -395.629
Total T: 29400 Episode Num: 147 Episode T: 200 Reward: -389.714
Total T: 29600 Episode Num: 148 Episode T: 200 Reward: -1170.840
Total T: 29800 Episode Num: 149 Episode T: 200 Reward: -266.892
Total T: 30000 Episode Num: 150 Episode T: 200 Reward: -131.405
---------------------------------------
Evaluation over 10 episodes: -134.430
---------------------------------------
Total T: 30200 Episode Num: 151 Episode T: 200 Reward: -125.368
Total T: 30400 Episode Num: 152 Episode T: 200 Reward: -127.649
Total T: 30600 Episode Num: 153 Episode T: 200 Reward: -126.987
Total T: 30800 Episode Num: 154 Episode T: 200 Reward: -364.800
Total T: 31000 Episode Num: 155 Episode T: 200 Reward: -0.762
Total T: 31200 Episode Num: 156 Episode T: 200 Reward: -129.648
Total T: 31400 Episode Num: 157 Episode T: 200 Reward: -129.387
Total T: 31600 Episode Num: 158 Episode T: 200 Reward: -292.009
Total T: 31800 Episode Num: 159 Episode T: 200 Reward: -258.102
Total T: 32000 Episode Num: 160 Episode T: 200 Reward: -352.534
Total T: 32200 Episode Num: 161 Episode T: 200 Reward: -121.906
Total T: 32400 Episode Num: 162 Episode T: 200 Reward: -282.635
Total T: 32600 Episode Num: 163 Episode T: 200 Reward: -273.043
Total T: 32800 Episode Num: 164 Episode T: 200 Reward: -238.586
Total T: 33000 Episode Num: 165 Episode T: 200 Reward: -128.657
Total T: 33200 Episode Num: 166 Episode T: 200 Reward: -125.064
Total T: 33400 Episode Num: 167 Episode T: 200 Reward: -244.322
Total T: 33600 Episode Num: 168 Episode T: 200 Reward: -124.267
Total T: 33800 Episode Num: 169 Episode T: 200 Reward: -2.550
Total T: 34000 Episode Num: 170 Episode T: 200 Reward: -122.557
Total T: 34200 Episode Num: 171 Episode T: 200 Reward: -122.496
Total T: 34400 Episode Num: 172 Episode T: 200 Reward: -262.760
Total T: 34600 Episode Num: 173 Episode T: 200 Reward: -233.226
Total T: 34800 Episode Num: 174 Episode T: 200 Reward: -116.703
Total T: 35000 Episode Num: 175 Episode T: 200 Reward: -114.870
---------------------------------------
Evaluation over 10 episodes: -106.646
---------------------------------------
Total T: 35200 Episode Num: 176 Episode T: 200 Reward: -355.228
Total T: 35400 Episode Num: 177 Episode T: 200 Reward: -236.369
Total T: 35600 Episode Num: 178 Episode T: 200 Reward: -241.738
Total T: 35800 Episode Num: 179 Episode T: 200 Reward: -119.614
Total T: 36000 Episode Num: 180 Episode T: 200 Reward: -118.120
Total T: 36200 Episode Num: 181 Episode T: 200 Reward: -118.927
Total T: 36400 Episode Num: 182 Episode T: 200 Reward: -125.048
Total T: 36600 Episode Num: 183 Episode T: 200 Reward: -128.155
Total T: 36800 Episode Num: 184 Episode T: 200 Reward: -243.308
Total T: 37000 Episode Num: 185 Episode T: 200 Reward: -234.979
Total T: 37200 Episode Num: 186 Episode T: 200 Reward: -334.415
Total T: 37400 Episode Num: 187 Episode T: 200 Reward: -119.836
Total T: 37600 Episode Num: 188 Episode T: 200 Reward: -117.408
Total T: 37800 Episode Num: 189 Episode T: 200 Reward: -0.799
Total T: 38000 Episode Num: 190 Episode T: 200 Reward: -231.377
Total T: 38200 Episode Num: 191 Episode T: 200 Reward: -130.693
Total T: 38400 Episode Num: 192 Episode T: 200 Reward: -116.821
Total T: 38600 Episode Num: 193 Episode T: 200 Reward: -228.003
Total T: 38800 Episode Num: 194 Episode T: 200 Reward: -115.994
Total T: 39000 Episode Num: 195 Episode T: 200 Reward: -117.934
Total T: 39200 Episode Num: 196 Episode T: 200 Reward: -119.799
Total T: 39400 Episode Num: 197 Episode T: 200 Reward: -118.357
Total T: 39600 Episode Num: 198 Episode T: 200 Reward: -118.883
Total T: 39800 Episode Num: 199 Episode T: 200 Reward: -229.551
Total T: 40000 Episode Num: 200 Episode T: 200 Reward: -121.213
---------------------------------------
Evaluation over 10 episodes: -107.119
---------------------------------------
Total T: 40200 Episode Num: 201 Episode T: 200 Reward: -242.324
Total T: 40400 Episode Num: 202 Episode T: 200 Reward: -262.770
Total T: 40600 Episode Num: 203 Episode T: 200 Reward: -124.371
Total T: 40800 Episode Num: 204 Episode T: 200 Reward: -118.838
Total T: 41000 Episode Num: 205 Episode T: 200 Reward: -118.162
Total T: 41200 Episode Num: 206 Episode T: 200 Reward: -370.162
Total T: 41400 Episode Num: 207 Episode T: 200 Reward: -127.768
Total T: 41600 Episode Num: 208 Episode T: 200 Reward: -121.842
Total T: 41800 Episode Num: 209 Episode T: 200 Reward: -120.606
Total T: 42000 Episode Num: 210 Episode T: 200 Reward: -125.467
Total T: 42200 Episode Num: 211 Episode T: 200 Reward: -277.414
Total T: 42400 Episode Num: 212 Episode T: 200 Reward: -321.611
Total T: 42600 Episode Num: 213 Episode T: 200 Reward: -0.477
Total T: 42800 Episode Num: 214 Episode T: 200 Reward: -117.811
Total T: 43000 Episode Num: 215 Episode T: 200 Reward: -118.838
Total T: 43200 Episode Num: 216 Episode T: 200 Reward: -126.493
Total T: 43400 Episode Num: 217 Episode T: 200 Reward: -280.660
Total T: 43600 Episode Num: 218 Episode T: 200 Reward: -0.774
Total T: 43800 Episode Num: 219 Episode T: 200 Reward: -0.893
Total T: 44000 Episode Num: 220 Episode T: 200 Reward: -125.229
Total T: 44200 Episode Num: 221 Episode T: 200 Reward: -119.302
Total T: 44400 Episode Num: 222 Episode T: 200 Reward: -116.779
Total T: 44600 Episode Num: 223 Episode T: 200 Reward: -115.948
Total T: 44800 Episode Num: 224 Episode T: 200 Reward: -125.824
Total T: 45000 Episode Num: 225 Episode T: 200 Reward: -0.422
---------------------------------------
Evaluation over 10 episodes: -105.693
---------------------------------------
Total T: 45200 Episode Num: 226 Episode T: 200 Reward: -115.743
Total T: 45400 Episode Num: 227 Episode T: 200 Reward: -121.312
Total T: 45600 Episode Num: 228 Episode T: 200 Reward: -1.321
Total T: 45800 Episode Num: 229 Episode T: 200 Reward: -117.779
Total T: 46000 Episode Num: 230 Episode T: 200 Reward: -0.432
Total T: 46200 Episode Num: 231 Episode T: 200 Reward: -0.109
Total T: 46400 Episode Num: 232 Episode T: 200 Reward: -118.664
Total T: 46600 Episode Num: 233 Episode T: 200 Reward: -235.439
Total T: 46800 Episode Num: 234 Episode T: 200 Reward: -0.965
Total T: 47000 Episode Num: 235 Episode T: 200 Reward: -235.970
Total T: 47200 Episode Num: 236 Episode T: 200 Reward: -230.832
Total T: 47400 Episode Num: 237 Episode T: 200 Reward: -125.975
Total T: 47600 Episode Num: 238 Episode T: 200 Reward: -120.302
Total T: 47800 Episode Num: 239 Episode T: 200 Reward: -124.484
Total T: 48000 Episode Num: 240 Episode T: 200 Reward: -117.584
Total T: 48200 Episode Num: 241 Episode T: 200 Reward: -1.671
Total T: 48400 Episode Num: 242 Episode T: 200 Reward: -121.286
Total T: 48600 Episode Num: 243 Episode T: 200 Reward: -122.768
Total T: 48800 Episode Num: 244 Episode T: 200 Reward: -223.862
Total T: 49000 Episode Num: 245 Episode T: 200 Reward: -122.216
Total T: 49200 Episode Num: 246 Episode T: 200 Reward: -232.056
Total T: 49400 Episode Num: 247 Episode T: 200 Reward: -120.362
Total T: 49600 Episode Num: 248 Episode T: 200 Reward: -234.303
Total T: 49800 Episode Num: 249 Episode T: 200 Reward: -0.409
Total T: 50000 Episode Num: 250 Episode T: 200 Reward: -2.517
---------------------------------------
Evaluation over 10 episodes: -105.710
---------------------------------------
Total T: 50200 Episode Num: 251 Episode T: 200 Reward: -117.714
Total T: 50400 Episode Num: 252 Episode T: 200 Reward: -117.047
Total T: 50600 Episode Num: 253 Episode T: 200 Reward: -122.901
Total T: 50800 Episode Num: 254 Episode T: 200 Reward: -115.581
Total T: 51000 Episode Num: 255 Episode T: 200 Reward: -117.913
Total T: 51200 Episode Num: 256 Episode T: 200 Reward: -244.622
Total T: 51400 Episode Num: 257 Episode T: 200 Reward: -118.439
Total T: 51600 Episode Num: 258 Episode T: 200 Reward: -241.212
Total T: 51800 Episode Num: 259 Episode T: 200 Reward: -117.817
Total T: 52000 Episode Num: 260 Episode T: 200 Reward: -122.848
Total T: 52200 Episode Num: 261 Episode T: 200 Reward: -117.224
Total T: 52400 Episode Num: 262 Episode T: 200 Reward: -0.525
Total T: 52600 Episode Num: 263 Episode T: 200 Reward: -120.070
Total T: 52800 Episode Num: 264 Episode T: 200 Reward: -117.810
Total T: 53000 Episode Num: 265 Episode T: 200 Reward: -115.787
Total T: 53200 Episode Num: 266 Episode T: 200 Reward: -2.736
Total T: 53400 Episode Num: 267 Episode T: 200 Reward: -120.862
Total T: 53600 Episode Num: 268 Episode T: 200 Reward: -227.846
Total T: 53800 Episode Num: 269 Episode T: 200 Reward: -116.932
Total T: 54000 Episode Num: 270 Episode T: 200 Reward: -229.678
Total T: 54200 Episode Num: 271 Episode T: 200 Reward: -124.590
Total T: 54400 Episode Num: 272 Episode T: 200 Reward: -117.857
Total T: 54600 Episode Num: 273 Episode T: 200 Reward: -116.968
Total T: 54800 Episode Num: 274 Episode T: 200 Reward: -0.699
Total T: 55000 Episode Num: 275 Episode T: 200 Reward: -1.873
---------------------------------------
Evaluation over 10 episodes: -106.207
---------------------------------------
Total T: 55200 Episode Num: 276 Episode T: 200 Reward: -223.654
Total T: 55400 Episode Num: 277 Episode T: 200 Reward: -115.818
Total T: 55600 Episode Num: 278 Episode T: 200 Reward: -296.841
Total T: 55800 Episode Num: 279 Episode T: 200 Reward: -114.724
Total T: 56000 Episode Num: 280 Episode T: 200 Reward: -128.093
Total T: 56200 Episode Num: 281 Episode T: 200 Reward: -127.088
Total T: 56400 Episode Num: 282 Episode T: 200 Reward: -119.175
Total T: 56600 Episode Num: 283 Episode T: 200 Reward: -119.032
Total T: 56800 Episode Num: 284 Episode T: 200 Reward: -125.271
Total T: 57000 Episode Num: 285 Episode T: 200 Reward: -120.047
Total T: 57200 Episode Num: 286 Episode T: 200 Reward: -227.181
Total T: 57400 Episode Num: 287 Episode T: 200 Reward: -123.087
Total T: 57600 Episode Num: 288 Episode T: 200 Reward: -121.948
Total T: 57800 Episode Num: 289 Episode T: 200 Reward: -118.718
Total T: 58000 Episode Num: 290 Episode T: 200 Reward: -225.609
Total T: 58200 Episode Num: 291 Episode T: 200 Reward: -228.389
Total T: 58400 Episode Num: 292 Episode T: 200 Reward: -259.394
Total T: 58600 Episode Num: 293 Episode T: 200 Reward: -225.285
Total T: 58800 Episode Num: 294 Episode T: 200 Reward: -123.844
Total T: 59000 Episode Num: 295 Episode T: 200 Reward: -122.181
Total T: 59200 Episode Num: 296 Episode T: 200 Reward: -234.059
Total T: 59400 Episode Num: 297 Episode T: 200 Reward: -121.439
Total T: 59600 Episode Num: 298 Episode T: 200 Reward: -379.923
Total T: 59800 Episode Num: 299 Episode T: 200 Reward: -119.073
Total T: 60000 Episode Num: 300 Episode T: 200 Reward: -230.679
---------------------------------------
Evaluation over 10 episodes: -105.895
---------------------------------------
Total T: 60200 Episode Num: 301 Episode T: 200 Reward: -120.842
Total T: 60400 Episode Num: 302 Episode T: 200 Reward: -224.197
Total T: 60600 Episode Num: 303 Episode T: 200 Reward: -119.162
Total T: 60800 Episode Num: 304 Episode T: 200 Reward: -241.171
Total T: 61000 Episode Num: 305 Episode T: 200 Reward: -230.069
Total T: 61200 Episode Num: 306 Episode T: 200 Reward: -229.443
Total T: 61400 Episode Num: 307 Episode T: 200 Reward: -328.276
Total T: 61600 Episode Num: 308 Episode T: 200 Reward: -115.569
Total T: 61800 Episode Num: 309 Episode T: 200 Reward: -115.378
Total T: 62000 Episode Num: 310 Episode T: 200 Reward: -115.239
Total T: 62200 Episode Num: 311 Episode T: 200 Reward: -242.138
Total T: 62400 Episode Num: 312 Episode T: 200 Reward: -121.097
Total T: 62600 Episode Num: 313 Episode T: 200 Reward: -121.333
Total T: 62800 Episode Num: 314 Episode T: 200 Reward: -0.662
Total T: 63000 Episode Num: 315 Episode T: 200 Reward: -126.331
Total T: 63200 Episode Num: 316 Episode T: 200 Reward: -228.697
Total T: 63400 Episode Num: 317 Episode T: 200 Reward: -117.171
Total T: 63600 Episode Num: 318 Episode T: 200 Reward: -120.241
Total T: 63800 Episode Num: 319 Episode T: 200 Reward: -1.485
Total T: 64000 Episode Num: 320 Episode T: 200 Reward: -120.544
Total T: 64200 Episode Num: 321 Episode T: 200 Reward: -124.437
Total T: 64400 Episode Num: 322 Episode T: 200 Reward: -127.627
Total T: 64600 Episode Num: 323 Episode T: 200 Reward: -121.137
Total T: 64800 Episode Num: 324 Episode T: 200 Reward: -306.236
Total T: 65000 Episode Num: 325 Episode T: 200 Reward: -120.408
---------------------------------------
Evaluation over 10 episodes: -106.907
---------------------------------------
Total T: 65200 Episode Num: 326 Episode T: 200 Reward: -119.483
Total T: 65400 Episode Num: 327 Episode T: 200 Reward: -1.546
Total T: 65600 Episode Num: 328 Episode T: 200 Reward: -127.960
Total T: 65800 Episode Num: 329 Episode T: 200 Reward: -118.968
Total T: 66000 Episode Num: 330 Episode T: 200 Reward: -115.912
Total T: 66200 Episode Num: 331 Episode T: 200 Reward: -114.485
Total T: 66400 Episode Num: 332 Episode T: 200 Reward: -2.113
Total T: 66600 Episode Num: 333 Episode T: 200 Reward: -116.989
Total T: 66800 Episode Num: 334 Episode T: 200 Reward: -119.247
Total T: 67000 Episode Num: 335 Episode T: 200 Reward: -1.200
Total T: 67200 Episode Num: 336 Episode T: 200 Reward: -233.152
Total T: 67400 Episode Num: 337 Episode T: 200 Reward: -1.449
Total T: 67600 Episode Num: 338 Episode T: 200 Reward: -239.058
Total T: 67800 Episode Num: 339 Episode T: 200 Reward: -222.776
Total T: 68000 Episode Num: 340 Episode T: 200 Reward: -352.077
Total T: 68200 Episode Num: 341 Episode T: 200 Reward: -128.826
Total T: 68400 Episode Num: 342 Episode T: 200 Reward: -231.593
Total T: 68600 Episode Num: 343 Episode T: 200 Reward: -118.443
Total T: 68800 Episode Num: 344 Episode T: 200 Reward: -1.867
Total T: 69000 Episode Num: 345 Episode T: 200 Reward: -120.653
Total T: 69200 Episode Num: 346 Episode T: 200 Reward: -124.986
Total T: 69400 Episode Num: 347 Episode T: 200 Reward: -235.218
Total T: 69600 Episode Num: 348 Episode T: 200 Reward: -237.667
Total T: 69800 Episode Num: 349 Episode T: 200 Reward: -123.329
Total T: 70000 Episode Num: 350 Episode T: 200 Reward: -125.969
---------------------------------------
Evaluation over 10 episodes: -106.700
---------------------------------------
Total T: 70200 Episode Num: 351 Episode T: 200 Reward: -125.521
Total T: 70400 Episode Num: 352 Episode T: 200 Reward: -1.785
Total T: 70600 Episode Num: 353 Episode T: 200 Reward: -129.029
Total T: 70800 Episode Num: 354 Episode T: 200 Reward: -120.831
Total T: 71000 Episode Num: 355 Episode T: 200 Reward: -122.445
Total T: 71200 Episode Num: 356 Episode T: 200 Reward: -129.364
Total T: 71400 Episode Num: 357 Episode T: 200 Reward: -125.331
Total T: 71600 Episode Num: 358 Episode T: 200 Reward: -125.621
Total T: 71800 Episode Num: 359 Episode T: 200 Reward: -119.793
Total T: 72000 Episode Num: 360 Episode T: 200 Reward: -233.722
Total T: 72200 Episode Num: 361 Episode T: 200 Reward: -244.713
Total T: 72400 Episode Num: 362 Episode T: 200 Reward: -115.767
Total T: 72600 Episode Num: 363 Episode T: 200 Reward: -234.337
Total T: 72800 Episode Num: 364 Episode T: 200 Reward: -234.129
Total T: 73000 Episode Num: 365 Episode T: 200 Reward: -116.643
Total T: 73200 Episode Num: 366 Episode T: 200 Reward: -246.093
Total T: 73400 Episode Num: 367 Episode T: 200 Reward: -117.887
Total T: 73600 Episode Num: 368 Episode T: 200 Reward: -0.546
Total T: 73800 Episode Num: 369 Episode T: 200 Reward: -126.272
Total T: 74000 Episode Num: 370 Episode T: 200 Reward: -126.844
Total T: 74200 Episode Num: 371 Episode T: 200 Reward: -119.002
Total T: 74400 Episode Num: 372 Episode T: 200 Reward: -118.727
Total T: 74600 Episode Num: 373 Episode T: 200 Reward: -119.952
Total T: 74800 Episode Num: 374 Episode T: 200 Reward: -232.124
Total T: 75000 Episode Num: 375 Episode T: 200 Reward: -0.787
---------------------------------------
Evaluation over 10 episodes: -105.676
---------------------------------------
Total T: 75200 Episode Num: 376 Episode T: 200 Reward: -0.217
Total T: 75400 Episode Num: 377 Episode T: 200 Reward: -224.456
Total T: 75600 Episode Num: 378 Episode T: 200 Reward: -230.128
Total T: 75800 Episode Num: 379 Episode T: 200 Reward: -226.454
Total T: 76000 Episode Num: 380 Episode T: 200 Reward: -124.948
Total T: 76200 Episode Num: 381 Episode T: 200 Reward: -117.063
Total T: 76400 Episode Num: 382 Episode T: 200 Reward: -122.170
Total T: 76600 Episode Num: 383 Episode T: 200 Reward: -116.813
Total T: 76800 Episode Num: 384 Episode T: 200 Reward: -117.660
Total T: 77000 Episode Num: 385 Episode T: 200 Reward: -222.505
Total T: 77200 Episode Num: 386 Episode T: 200 Reward: -120.627
Total T: 77400 Episode Num: 387 Episode T: 200 Reward: -115.948
Total T: 77600 Episode Num: 388 Episode T: 200 Reward: -2.038
Total T: 77800 Episode Num: 389 Episode T: 200 Reward: -247.211
Total T: 78000 Episode Num: 390 Episode T: 200 Reward: -119.031
Total T: 78200 Episode Num: 391 Episode T: 200 Reward: -236.589
Total T: 78400 Episode Num: 392 Episode T: 200 Reward: -121.240
Total T: 78600 Episode Num: 393 Episode T: 200 Reward: -240.484
Total T: 78800 Episode Num: 394 Episode T: 200 Reward: -230.003
Total T: 79000 Episode Num: 395 Episode T: 200 Reward: -266.701
Total T: 79200 Episode Num: 396 Episode T: 200 Reward: -232.483
Total T: 79400 Episode Num: 397 Episode T: 200 Reward: -236.561
Total T: 79600 Episode Num: 398 Episode T: 200 Reward: -1.078
Total T: 79800 Episode Num: 399 Episode T: 200 Reward: -117.204
Total T: 80000 Episode Num: 400 Episode T: 200 Reward: -324.920
---------------------------------------
Evaluation over 10 episodes: -106.020
---------------------------------------
Total T: 80200 Episode Num: 401 Episode T: 200 Reward: -118.508
Total T: 80400 Episode Num: 402 Episode T: 200 Reward: -115.004
Total T: 80600 Episode Num: 403 Episode T: 200 Reward: -330.079
Total T: 80800 Episode Num: 404 Episode T: 200 Reward: -1.450
Total T: 81000 Episode Num: 405 Episode T: 200 Reward: -243.441
Total T: 81200 Episode Num: 406 Episode T: 200 Reward: -241.279
Total T: 81400 Episode Num: 407 Episode T: 200 Reward: -127.813
Total T: 81600 Episode Num: 408 Episode T: 200 Reward: -0.809
Total T: 81800 Episode Num: 409 Episode T: 200 Reward: -125.939
Total T: 82000 Episode Num: 410 Episode T: 200 Reward: -223.383
Total T: 82200 Episode Num: 411 Episode T: 200 Reward: -117.222
Total T: 82400 Episode Num: 412 Episode T: 200 Reward: -120.844
Total T: 82600 Episode Num: 413 Episode T: 200 Reward: -115.528
Total T: 82800 Episode Num: 414 Episode T: 200 Reward: -117.308
Total T: 83000 Episode Num: 415 Episode T: 200 Reward: -117.793
Total T: 83200 Episode Num: 416 Episode T: 200 Reward: -120.979
Total T: 83400 Episode Num: 417 Episode T: 200 Reward: -114.354
Total T: 83600 Episode Num: 418 Episode T: 200 Reward: -119.064
Total T: 83800 Episode Num: 419 Episode T: 200 Reward: -119.400
Total T: 84000 Episode Num: 420 Episode T: 200 Reward: -237.496
Total T: 84200 Episode Num: 421 Episode T: 200 Reward: -3.015
Total T: 84400 Episode Num: 422 Episode T: 200 Reward: -124.391
Total T: 84600 Episode Num: 423 Episode T: 200 Reward: -129.593
Total T: 84800 Episode Num: 424 Episode T: 200 Reward: -120.727
Total T: 85000 Episode Num: 425 Episode T: 200 Reward: -307.294
---------------------------------------
Evaluation over 10 episodes: -105.674
---------------------------------------
Total T: 85200 Episode Num: 426 Episode T: 200 Reward: -116.204
Total T: 85400 Episode Num: 427 Episode T: 200 Reward: -330.350
Total T: 85600 Episode Num: 428 Episode T: 200 Reward: -124.421
Total T: 85800 Episode Num: 429 Episode T: 200 Reward: -278.957
Total T: 86000 Episode Num: 430 Episode T: 200 Reward: -0.237
Total T: 86200 Episode Num: 431 Episode T: 200 Reward: -119.439
Total T: 86400 Episode Num: 432 Episode T: 200 Reward: -121.214
Total T: 86600 Episode Num: 433 Episode T: 200 Reward: -246.692
Total T: 86800 Episode Num: 434 Episode T: 200 Reward: -228.708
Total T: 87000 Episode Num: 435 Episode T: 200 Reward: -122.054
Total T: 87200 Episode Num: 436 Episode T: 200 Reward: -303.926
Total T: 87400 Episode Num: 437 Episode T: 200 Reward: -126.639
Total T: 87600 Episode Num: 438 Episode T: 200 Reward: -120.617
Total T: 87800 Episode Num: 439 Episode T: 200 Reward: -119.324
Total T: 88000 Episode Num: 440 Episode T: 200 Reward: -226.724
Total T: 88200 Episode Num: 441 Episode T: 200 Reward: -228.517
Total T: 88400 Episode Num: 442 Episode T: 200 Reward: -229.380
Total T: 88600 Episode Num: 443 Episode T: 200 Reward: -227.003
Total T: 88800 Episode Num: 444 Episode T: 200 Reward: -126.083
Total T: 89000 Episode Num: 445 Episode T: 200 Reward: -253.316
Total T: 89200 Episode Num: 446 Episode T: 200 Reward: -122.497
Total T: 89400 Episode Num: 447 Episode T: 200 Reward: -239.924
Total T: 89600 Episode Num: 448 Episode T: 200 Reward: -120.933
Total T: 89800 Episode Num: 449 Episode T: 200 Reward: -128.085
Total T: 90000 Episode Num: 450 Episode T: 200 Reward: -117.645
---------------------------------------
Evaluation over 10 episodes: -105.530
---------------------------------------
Total T: 90200 Episode Num: 451 Episode T: 200 Reward: -228.512
Total T: 90400 Episode Num: 452 Episode T: 200 Reward: -123.024
Total T: 90600 Episode Num: 453 Episode T: 200 Reward: -318.649
Total T: 90800 Episode Num: 454 Episode T: 200 Reward: -227.840
Total T: 91000 Episode Num: 455 Episode T: 200 Reward: -119.059
Total T: 91200 Episode Num: 456 Episode T: 200 Reward: -117.547
Total T: 91400 Episode Num: 457 Episode T: 200 Reward: -113.623
Total T: 91600 Episode Num: 458 Episode T: 200 Reward: -223.033
Total T: 91800 Episode Num: 459 Episode T: 200 Reward: -118.901
Total T: 92000 Episode Num: 460 Episode T: 200 Reward: -126.639
Total T: 92200 Episode Num: 461 Episode T: 200 Reward: -0.236
Total T: 92400 Episode Num: 462 Episode T: 200 Reward: -127.614
Total T: 92600 Episode Num: 463 Episode T: 200 Reward: -119.366
Total T: 92800 Episode Num: 464 Episode T: 200 Reward: -221.877
Total T: 93000 Episode Num: 465 Episode T: 200 Reward: -120.232
Total T: 93200 Episode Num: 466 Episode T: 200 Reward: -240.127
Total T: 93400 Episode Num: 467 Episode T: 200 Reward: -222.450
Total T: 93600 Episode Num: 468 Episode T: 200 Reward: -343.903
Total T: 93800 Episode Num: 469 Episode T: 200 Reward: -238.677
Total T: 94000 Episode Num: 470 Episode T: 200 Reward: -0.097
Total T: 94200 Episode Num: 471 Episode T: 200 Reward: -225.927
Total T: 94400 Episode Num: 472 Episode T: 200 Reward: -221.925
Total T: 94600 Episode Num: 473 Episode T: 200 Reward: -131.136
Total T: 94800 Episode Num: 474 Episode T: 200 Reward: -124.930
Total T: 95000 Episode Num: 475 Episode T: 200 Reward: -2.714
---------------------------------------
Evaluation over 10 episodes: -105.748
---------------------------------------
Total T: 95200 Episode Num: 476 Episode T: 200 Reward: -124.213
Total T: 95400 Episode Num: 477 Episode T: 200 Reward: -120.409
Total T: 95600 Episode Num: 478 Episode T: 200 Reward: -0.786
Total T: 95800 Episode Num: 479 Episode T: 200 Reward: -0.879
Total T: 96000 Episode Num: 480 Episode T: 200 Reward: -2.862
Total T: 96200 Episode Num: 481 Episode T: 200 Reward: -229.829
Total T: 96400 Episode Num: 482 Episode T: 200 Reward: -349.092
Total T: 96600 Episode Num: 483 Episode T: 200 Reward: -125.958
Total T: 96800 Episode Num: 484 Episode T: 200 Reward: -119.675
Total T: 97000 Episode Num: 485 Episode T: 200 Reward: -124.399
Total T: 97200 Episode Num: 486 Episode T: 200 Reward: -240.992
Total T: 97400 Episode Num: 487 Episode T: 200 Reward: -0.921
Total T: 97600 Episode Num: 488 Episode T: 200 Reward: -120.222
Total T: 97800 Episode Num: 489 Episode T: 200 Reward: -119.193
Total T: 98000 Episode Num: 490 Episode T: 200 Reward: -122.513
Total T: 98200 Episode Num: 491 Episode T: 200 Reward: -245.641
Total T: 98400 Episode Num: 492 Episode T: 200 Reward: -117.113
Total T: 98600 Episode Num: 493 Episode T: 200 Reward: -125.640
Total T: 98800 Episode Num: 494 Episode T: 200 Reward: -228.768
Total T: 99000 Episode Num: 495 Episode T: 200 Reward: -128.934
Total T: 99200 Episode Num: 496 Episode T: 200 Reward: -121.983
Total T: 99400 Episode Num: 497 Episode T: 200 Reward: -227.517
Total T: 99600 Episode Num: 498 Episode T: 200 Reward: -119.614
Total T: 99800 Episode Num: 499 Episode T: 200 Reward: -271.621
Total T: 100000 Episode Num: 500 Episode T: 200 Reward: -221.363
---------------------------------------
Evaluation over 10 episodes: -105.767
---------------------------------------
Saving .json file
Juste pour tester max timesteps per episode: 200
