---------------------------------------
Policy: TD3, Env: MountainCarContinuous-v0, Seed: 0
---------------------------------------
---------------------------------------
Evaluation over 10 episodes: -0.278
---------------------------------------
Total T: 999 Episode Num: 1 Episode T: 999 Reward: -34.756
Total T: 1998 Episode Num: 2 Episode T: 999 Reward: -32.485
Total T: 2997 Episode Num: 3 Episode T: 999 Reward: -31.856
Total T: 3996 Episode Num: 4 Episode T: 999 Reward: -30.110
Total T: 4995 Episode Num: 5 Episode T: 999 Reward: -34.926
---------------------------------------
Evaluation over 10 episodes: -0.278
---------------------------------------
Total T: 5994 Episode Num: 6 Episode T: 999 Reward: -34.095
Total T: 6993 Episode Num: 7 Episode T: 999 Reward: -33.215
Total T: 7992 Episode Num: 8 Episode T: 999 Reward: -32.886
Total T: 8991 Episode Num: 9 Episode T: 999 Reward: -33.823
Total T: 9990 Episode Num: 10 Episode T: 999 Reward: -33.773
---------------------------------------
Evaluation over 10 episodes: -0.278
---------------------------------------
Total T: 10989 Episode Num: 11 Episode T: 999 Reward: -32.275
Total T: 11988 Episode Num: 12 Episode T: 999 Reward: -33.716
Total T: 12987 Episode Num: 13 Episode T: 999 Reward: -33.097
Total T: 13986 Episode Num: 14 Episode T: 999 Reward: -32.821
Total T: 14985 Episode Num: 15 Episode T: 999 Reward: -33.306
---------------------------------------
Evaluation over 10 episodes: -0.278
---------------------------------------
Total T: 15984 Episode Num: 16 Episode T: 999 Reward: -30.387
Total T: 16983 Episode Num: 17 Episode T: 999 Reward: -32.960
Total T: 17982 Episode Num: 18 Episode T: 999 Reward: -33.443
Total T: 18981 Episode Num: 19 Episode T: 999 Reward: -33.456
Total T: 19980 Episode Num: 20 Episode T: 999 Reward: -32.779
---------------------------------------
Evaluation over 10 episodes: -0.278
---------------------------------------
Total T: 20979 Episode Num: 21 Episode T: 999 Reward: -33.045
Total T: 21978 Episode Num: 22 Episode T: 999 Reward: -33.732
Total T: 22977 Episode Num: 23 Episode T: 999 Reward: -33.065
Total T: 23976 Episode Num: 24 Episode T: 999 Reward: -32.785
Total T: 24975 Episode Num: 25 Episode T: 999 Reward: -34.632
---------------------------------------
Evaluation over 10 episodes: -0.278
---------------------------------------
Total T: 25974 Episode Num: 26 Episode T: 999 Reward: -36.694
Total T: 26973 Episode Num: 27 Episode T: 999 Reward: -34.674
Total T: 27972 Episode Num: 28 Episode T: 999 Reward: -36.168
Total T: 28971 Episode Num: 29 Episode T: 999 Reward: -37.170
Total T: 29970 Episode Num: 30 Episode T: 999 Reward: -35.427
---------------------------------------
Evaluation over 10 episodes: -0.011
---------------------------------------
Total T: 30969 Episode Num: 31 Episode T: 999 Reward: -35.718
Total T: 31968 Episode Num: 32 Episode T: 999 Reward: -35.276
Total T: 32967 Episode Num: 33 Episode T: 999 Reward: -37.135
Total T: 33966 Episode Num: 34 Episode T: 999 Reward: -37.428
Total T: 34965 Episode Num: 35 Episode T: 999 Reward: -35.909
---------------------------------------
Evaluation over 10 episodes: -0.030
---------------------------------------
Total T: 35964 Episode Num: 36 Episode T: 999 Reward: -39.034
Total T: 36963 Episode Num: 37 Episode T: 999 Reward: -35.924
Total T: 37962 Episode Num: 38 Episode T: 999 Reward: -36.656
Total T: 38961 Episode Num: 39 Episode T: 999 Reward: -36.650
Total T: 39960 Episode Num: 40 Episode T: 999 Reward: -35.708
---------------------------------------
Evaluation over 10 episodes: -0.002
---------------------------------------
Total T: 40959 Episode Num: 41 Episode T: 999 Reward: -38.447
Total T: 41958 Episode Num: 42 Episode T: 999 Reward: -37.840
Total T: 42957 Episode Num: 43 Episode T: 999 Reward: -36.844
Total T: 43956 Episode Num: 44 Episode T: 999 Reward: -36.774
Total T: 44955 Episode Num: 45 Episode T: 999 Reward: -35.498
---------------------------------------
Evaluation over 10 episodes: -0.009
---------------------------------------
Total T: 45954 Episode Num: 46 Episode T: 999 Reward: -37.688
Total T: 46953 Episode Num: 47 Episode T: 999 Reward: -34.563
Total T: 47952 Episode Num: 48 Episode T: 999 Reward: -37.361
Total T: 48951 Episode Num: 49 Episode T: 999 Reward: -33.877
Total T: 49950 Episode Num: 50 Episode T: 999 Reward: -37.486
---------------------------------------
Evaluation over 10 episodes: -0.038
---------------------------------------
Total T: 50949 Episode Num: 51 Episode T: 999 Reward: -36.941
Total T: 51948 Episode Num: 52 Episode T: 999 Reward: -37.323
Total T: 52947 Episode Num: 53 Episode T: 999 Reward: -37.206
Total T: 53946 Episode Num: 54 Episode T: 999 Reward: -35.887
Total T: 54945 Episode Num: 55 Episode T: 999 Reward: -37.300
---------------------------------------
Evaluation over 10 episodes: -0.006
---------------------------------------
Total T: 55944 Episode Num: 56 Episode T: 999 Reward: -37.285
Total T: 56943 Episode Num: 57 Episode T: 999 Reward: -35.590
Total T: 57942 Episode Num: 58 Episode T: 999 Reward: -36.802
Total T: 58941 Episode Num: 59 Episode T: 999 Reward: -37.082
Total T: 59940 Episode Num: 60 Episode T: 999 Reward: -36.297
---------------------------------------
Evaluation over 10 episodes: -0.004
---------------------------------------
Total T: 60939 Episode Num: 61 Episode T: 999 Reward: -35.416
Total T: 61938 Episode Num: 62 Episode T: 999 Reward: -36.570
Total T: 62937 Episode Num: 63 Episode T: 999 Reward: -37.734
Total T: 63936 Episode Num: 64 Episode T: 999 Reward: -36.002
Total T: 64935 Episode Num: 65 Episode T: 999 Reward: -37.738
---------------------------------------
Evaluation over 10 episodes: -0.007
---------------------------------------
Total T: 65934 Episode Num: 66 Episode T: 999 Reward: -36.640
Total T: 66933 Episode Num: 67 Episode T: 999 Reward: -37.786
Total T: 67932 Episode Num: 68 Episode T: 999 Reward: -37.215
Total T: 68931 Episode Num: 69 Episode T: 999 Reward: -38.092
Total T: 69930 Episode Num: 70 Episode T: 999 Reward: -34.166
---------------------------------------
Evaluation over 10 episodes: -0.010
---------------------------------------
Total T: 70929 Episode Num: 71 Episode T: 999 Reward: -37.050
Total T: 71928 Episode Num: 72 Episode T: 999 Reward: -35.171
Total T: 72927 Episode Num: 73 Episode T: 999 Reward: -36.026
Total T: 73926 Episode Num: 74 Episode T: 999 Reward: -36.910
Total T: 74925 Episode Num: 75 Episode T: 999 Reward: -36.436
---------------------------------------
Evaluation over 10 episodes: -0.010
---------------------------------------
Total T: 75924 Episode Num: 76 Episode T: 999 Reward: -38.016
Total T: 76923 Episode Num: 77 Episode T: 999 Reward: -38.214
Total T: 77922 Episode Num: 78 Episode T: 999 Reward: -37.435
Total T: 78921 Episode Num: 79 Episode T: 999 Reward: -35.749
Total T: 79920 Episode Num: 80 Episode T: 999 Reward: -36.015
---------------------------------------
Evaluation over 10 episodes: -0.090
---------------------------------------
Total T: 80919 Episode Num: 81 Episode T: 999 Reward: -38.306
Total T: 81918 Episode Num: 82 Episode T: 999 Reward: -36.385
Total T: 82917 Episode Num: 83 Episode T: 999 Reward: -36.919
Total T: 83916 Episode Num: 84 Episode T: 999 Reward: -38.746
Total T: 84915 Episode Num: 85 Episode T: 999 Reward: -35.901
---------------------------------------
Evaluation over 10 episodes: -0.009
---------------------------------------
Total T: 85914 Episode Num: 86 Episode T: 999 Reward: -36.905
Total T: 86913 Episode Num: 87 Episode T: 999 Reward: -37.001
Total T: 87912 Episode Num: 88 Episode T: 999 Reward: -36.112
Total T: 88911 Episode Num: 89 Episode T: 999 Reward: -37.978
Total T: 89910 Episode Num: 90 Episode T: 999 Reward: -38.067
---------------------------------------
Evaluation over 10 episodes: -0.062
---------------------------------------
Total T: 90909 Episode Num: 91 Episode T: 999 Reward: -37.093
Total T: 91908 Episode Num: 92 Episode T: 999 Reward: -36.083
Total T: 92907 Episode Num: 93 Episode T: 999 Reward: -36.353
Total T: 93906 Episode Num: 94 Episode T: 999 Reward: -36.377
Total T: 94905 Episode Num: 95 Episode T: 999 Reward: -35.037
---------------------------------------
Evaluation over 10 episodes: -0.065
---------------------------------------
Total T: 95904 Episode Num: 96 Episode T: 999 Reward: -33.945
Total T: 96903 Episode Num: 97 Episode T: 999 Reward: -38.453
Total T: 97902 Episode Num: 98 Episode T: 999 Reward: -35.714
Total T: 98901 Episode Num: 99 Episode T: 999 Reward: -36.749
Total T: 99900 Episode Num: 100 Episode T: 999 Reward: -37.182
---------------------------------------
Evaluation over 10 episodes: -0.075
---------------------------------------
Total T: 100899 Episode Num: 101 Episode T: 999 Reward: -37.001
Total T: 101898 Episode Num: 102 Episode T: 999 Reward: -37.189
Total T: 102897 Episode Num: 103 Episode T: 999 Reward: -38.238
Total T: 103896 Episode Num: 104 Episode T: 999 Reward: -35.800
Total T: 104895 Episode Num: 105 Episode T: 999 Reward: -37.712
---------------------------------------
Evaluation over 10 episodes: -0.036
---------------------------------------
Total T: 105894 Episode Num: 106 Episode T: 999 Reward: -38.084
Total T: 106893 Episode Num: 107 Episode T: 999 Reward: -37.565
Total T: 107892 Episode Num: 108 Episode T: 999 Reward: -36.933
Total T: 108891 Episode Num: 109 Episode T: 999 Reward: -37.704
Total T: 109890 Episode Num: 110 Episode T: 999 Reward: -34.713
---------------------------------------
Evaluation over 10 episodes: -0.029
---------------------------------------
Total T: 110889 Episode Num: 111 Episode T: 999 Reward: -36.982
Total T: 111888 Episode Num: 112 Episode T: 999 Reward: -34.467
Total T: 112887 Episode Num: 113 Episode T: 999 Reward: -34.301
Total T: 113886 Episode Num: 114 Episode T: 999 Reward: -34.860
Total T: 114885 Episode Num: 115 Episode T: 999 Reward: -36.434
---------------------------------------
Evaluation over 10 episodes: -0.028
---------------------------------------
Total T: 115884 Episode Num: 116 Episode T: 999 Reward: -35.128
Total T: 116883 Episode Num: 117 Episode T: 999 Reward: -37.086
Total T: 117882 Episode Num: 118 Episode T: 999 Reward: -37.210
Total T: 118881 Episode Num: 119 Episode T: 999 Reward: -36.658
Total T: 119880 Episode Num: 120 Episode T: 999 Reward: -35.855
---------------------------------------
Evaluation over 10 episodes: -0.028
---------------------------------------
Total T: 120879 Episode Num: 121 Episode T: 999 Reward: -37.436
Total T: 121878 Episode Num: 122 Episode T: 999 Reward: -38.243
Total T: 122877 Episode Num: 123 Episode T: 999 Reward: -35.625
Total T: 123876 Episode Num: 124 Episode T: 999 Reward: -36.497
Total T: 124875 Episode Num: 125 Episode T: 999 Reward: -36.309
---------------------------------------
Evaluation over 10 episodes: -0.028
---------------------------------------
Total T: 125874 Episode Num: 126 Episode T: 999 Reward: -36.610
Total T: 126873 Episode Num: 127 Episode T: 999 Reward: -37.283
Total T: 127872 Episode Num: 128 Episode T: 999 Reward: -36.772
Total T: 128871 Episode Num: 129 Episode T: 999 Reward: -36.070
Total T: 129870 Episode Num: 130 Episode T: 999 Reward: -38.266
---------------------------------------
Evaluation over 10 episodes: -0.027
---------------------------------------
Total T: 130869 Episode Num: 131 Episode T: 999 Reward: -40.115
Total T: 131868 Episode Num: 132 Episode T: 999 Reward: -37.628
Total T: 132867 Episode Num: 133 Episode T: 999 Reward: -37.492
Total T: 133866 Episode Num: 134 Episode T: 999 Reward: -37.026
Total T: 134865 Episode Num: 135 Episode T: 999 Reward: -34.802
---------------------------------------
Evaluation over 10 episodes: -0.027
---------------------------------------
Total T: 135864 Episode Num: 136 Episode T: 999 Reward: -38.430
Total T: 136863 Episode Num: 137 Episode T: 999 Reward: -39.099
Total T: 137862 Episode Num: 138 Episode T: 999 Reward: -37.358
Total T: 138861 Episode Num: 139 Episode T: 999 Reward: -38.970
Total T: 139860 Episode Num: 140 Episode T: 999 Reward: -37.310
---------------------------------------
Evaluation over 10 episodes: -0.022
---------------------------------------
Total T: 140859 Episode Num: 141 Episode T: 999 Reward: -37.202
Total T: 141858 Episode Num: 142 Episode T: 999 Reward: -37.663
Total T: 142857 Episode Num: 143 Episode T: 999 Reward: -37.504
Total T: 143856 Episode Num: 144 Episode T: 999 Reward: -35.629
Total T: 144855 Episode Num: 145 Episode T: 999 Reward: -37.918
---------------------------------------
Evaluation over 10 episodes: -0.030
---------------------------------------
Total T: 145854 Episode Num: 146 Episode T: 999 Reward: -36.816
Total T: 146853 Episode Num: 147 Episode T: 999 Reward: -35.713
Total T: 147852 Episode Num: 148 Episode T: 999 Reward: -35.804
Total T: 148851 Episode Num: 149 Episode T: 999 Reward: -36.923
Total T: 149850 Episode Num: 150 Episode T: 999 Reward: -36.451
---------------------------------------
Evaluation over 10 episodes: -0.028
---------------------------------------
Total T: 150849 Episode Num: 151 Episode T: 999 Reward: -36.519
Total T: 151848 Episode Num: 152 Episode T: 999 Reward: -36.544
Total T: 152847 Episode Num: 153 Episode T: 999 Reward: -34.623
Total T: 153846 Episode Num: 154 Episode T: 999 Reward: -37.191
Total T: 154845 Episode Num: 155 Episode T: 999 Reward: -34.887
---------------------------------------
Evaluation over 10 episodes: -0.025
---------------------------------------
Total T: 155844 Episode Num: 156 Episode T: 999 Reward: -34.639
Total T: 156843 Episode Num: 157 Episode T: 999 Reward: -38.079
Total T: 157842 Episode Num: 158 Episode T: 999 Reward: -37.647
Total T: 158841 Episode Num: 159 Episode T: 999 Reward: -35.778
Total T: 159840 Episode Num: 160 Episode T: 999 Reward: -37.495
---------------------------------------
Evaluation over 10 episodes: -0.042
---------------------------------------
Total T: 160839 Episode Num: 161 Episode T: 999 Reward: -36.137
Total T: 161838 Episode Num: 162 Episode T: 999 Reward: -36.503
Total T: 162837 Episode Num: 163 Episode T: 999 Reward: -36.410
Total T: 163836 Episode Num: 164 Episode T: 999 Reward: -37.256
Total T: 164835 Episode Num: 165 Episode T: 999 Reward: -37.007
---------------------------------------
Evaluation over 10 episodes: -0.031
---------------------------------------
Total T: 165834 Episode Num: 166 Episode T: 999 Reward: -37.974
Total T: 166833 Episode Num: 167 Episode T: 999 Reward: -36.931
Total T: 167832 Episode Num: 168 Episode T: 999 Reward: -36.782
Total T: 168831 Episode Num: 169 Episode T: 999 Reward: -37.744
Total T: 169830 Episode Num: 170 Episode T: 999 Reward: -36.019
---------------------------------------
Evaluation over 10 episodes: -0.036
---------------------------------------
Total T: 170829 Episode Num: 171 Episode T: 999 Reward: -37.121
Total T: 171828 Episode Num: 172 Episode T: 999 Reward: -37.280
Total T: 172827 Episode Num: 173 Episode T: 999 Reward: -37.971
Total T: 173826 Episode Num: 174 Episode T: 999 Reward: -37.227
Total T: 174825 Episode Num: 175 Episode T: 999 Reward: -35.542
---------------------------------------
Evaluation over 10 episodes: -0.030
---------------------------------------
Total T: 175824 Episode Num: 176 Episode T: 999 Reward: -35.746
Total T: 176823 Episode Num: 177 Episode T: 999 Reward: -38.287
Total T: 177822 Episode Num: 178 Episode T: 999 Reward: -38.496
Total T: 178821 Episode Num: 179 Episode T: 999 Reward: -37.660
Total T: 179820 Episode Num: 180 Episode T: 999 Reward: -35.221
---------------------------------------
Evaluation over 10 episodes: -0.053
---------------------------------------
Total T: 180819 Episode Num: 181 Episode T: 999 Reward: -36.361
Total T: 181818 Episode Num: 182 Episode T: 999 Reward: -36.293
Total T: 182817 Episode Num: 183 Episode T: 999 Reward: -36.416
Total T: 183816 Episode Num: 184 Episode T: 999 Reward: -37.917
Total T: 184815 Episode Num: 185 Episode T: 999 Reward: -36.782
---------------------------------------
Evaluation over 10 episodes: -0.015
---------------------------------------
Total T: 185814 Episode Num: 186 Episode T: 999 Reward: -37.303
Total T: 186813 Episode Num: 187 Episode T: 999 Reward: -37.618
Total T: 187812 Episode Num: 188 Episode T: 999 Reward: -35.274
Total T: 188811 Episode Num: 189 Episode T: 999 Reward: -36.738
Total T: 189810 Episode Num: 190 Episode T: 999 Reward: -35.939
---------------------------------------
Evaluation over 10 episodes: -0.013
---------------------------------------
Total T: 190809 Episode Num: 191 Episode T: 999 Reward: -36.889
Total T: 191808 Episode Num: 192 Episode T: 999 Reward: -36.057
Total T: 192807 Episode Num: 193 Episode T: 999 Reward: -37.220
Total T: 193806 Episode Num: 194 Episode T: 999 Reward: -37.122
Total T: 194805 Episode Num: 195 Episode T: 999 Reward: -33.668
---------------------------------------
Evaluation over 10 episodes: -0.021
---------------------------------------
Total T: 195804 Episode Num: 196 Episode T: 999 Reward: -38.800
Total T: 196803 Episode Num: 197 Episode T: 999 Reward: -36.251
Total T: 197802 Episode Num: 198 Episode T: 999 Reward: -36.591
Total T: 198801 Episode Num: 199 Episode T: 999 Reward: -38.688
Total T: 199800 Episode Num: 200 Episode T: 999 Reward: -35.641
---------------------------------------
Evaluation over 10 episodes: -0.015
---------------------------------------
Total T: 200799 Episode Num: 201 Episode T: 999 Reward: -34.681
Total T: 201798 Episode Num: 202 Episode T: 999 Reward: -37.123
Total T: 202797 Episode Num: 203 Episode T: 999 Reward: -35.553
Total T: 203796 Episode Num: 204 Episode T: 999 Reward: -36.426
Total T: 204795 Episode Num: 205 Episode T: 999 Reward: -36.140
---------------------------------------
Evaluation over 10 episodes: -0.008
---------------------------------------
Total T: 205794 Episode Num: 206 Episode T: 999 Reward: -35.404
Total T: 206793 Episode Num: 207 Episode T: 999 Reward: -35.988
Total T: 207792 Episode Num: 208 Episode T: 999 Reward: -38.382
Total T: 208791 Episode Num: 209 Episode T: 999 Reward: -35.147
Total T: 209790 Episode Num: 210 Episode T: 999 Reward: -37.609
---------------------------------------
Evaluation over 10 episodes: -0.027
---------------------------------------
Total T: 210789 Episode Num: 211 Episode T: 999 Reward: -36.051
Total T: 211788 Episode Num: 212 Episode T: 999 Reward: -36.447
Total T: 212787 Episode Num: 213 Episode T: 999 Reward: -39.716
Total T: 213786 Episode Num: 214 Episode T: 999 Reward: -36.023
Total T: 214785 Episode Num: 215 Episode T: 999 Reward: -35.819
---------------------------------------
Evaluation over 10 episodes: -0.017
---------------------------------------
Total T: 215784 Episode Num: 216 Episode T: 999 Reward: -34.577
Total T: 216783 Episode Num: 217 Episode T: 999 Reward: -36.403
Total T: 217782 Episode Num: 218 Episode T: 999 Reward: -37.196
Total T: 218781 Episode Num: 219 Episode T: 999 Reward: -37.301
Total T: 219780 Episode Num: 220 Episode T: 999 Reward: -34.129
---------------------------------------
Evaluation over 10 episodes: -0.017
---------------------------------------
Total T: 220779 Episode Num: 221 Episode T: 999 Reward: -36.087
Total T: 221778 Episode Num: 222 Episode T: 999 Reward: -36.634
Total T: 222777 Episode Num: 223 Episode T: 999 Reward: -34.968
Total T: 223776 Episode Num: 224 Episode T: 999 Reward: -38.521
Total T: 224775 Episode Num: 225 Episode T: 999 Reward: -37.504
---------------------------------------
Evaluation over 10 episodes: -0.021
---------------------------------------
Total T: 225774 Episode Num: 226 Episode T: 999 Reward: -36.406
Total T: 226773 Episode Num: 227 Episode T: 999 Reward: -36.546
Total T: 227772 Episode Num: 228 Episode T: 999 Reward: -38.225
Total T: 228771 Episode Num: 229 Episode T: 999 Reward: -36.716
Total T: 229770 Episode Num: 230 Episode T: 999 Reward: -37.338
---------------------------------------
Evaluation over 10 episodes: -0.002
---------------------------------------
Total T: 230769 Episode Num: 231 Episode T: 999 Reward: -38.283
Total T: 231768 Episode Num: 232 Episode T: 999 Reward: -37.886
Total T: 232767 Episode Num: 233 Episode T: 999 Reward: -36.672
Total T: 233766 Episode Num: 234 Episode T: 999 Reward: -36.884
Total T: 234765 Episode Num: 235 Episode T: 999 Reward: -35.401
---------------------------------------
Evaluation over 10 episodes: -0.003
---------------------------------------
Total T: 235764 Episode Num: 236 Episode T: 999 Reward: -38.841
Total T: 236763 Episode Num: 237 Episode T: 999 Reward: -34.573
Total T: 237762 Episode Num: 238 Episode T: 999 Reward: -37.132
Total T: 238761 Episode Num: 239 Episode T: 999 Reward: -37.497
Total T: 239760 Episode Num: 240 Episode T: 999 Reward: -36.956
---------------------------------------
Evaluation over 10 episodes: -0.006
---------------------------------------
Total T: 240759 Episode Num: 241 Episode T: 999 Reward: -38.581
Total T: 241758 Episode Num: 242 Episode T: 999 Reward: -38.388
Total T: 242757 Episode Num: 243 Episode T: 999 Reward: -35.142
Total T: 243756 Episode Num: 244 Episode T: 999 Reward: -37.724
Total T: 244755 Episode Num: 245 Episode T: 999 Reward: -37.653
---------------------------------------
Evaluation over 10 episodes: -0.006
---------------------------------------
Total T: 245754 Episode Num: 246 Episode T: 999 Reward: -35.207
Total T: 246753 Episode Num: 247 Episode T: 999 Reward: -37.368
Total T: 247752 Episode Num: 248 Episode T: 999 Reward: -36.901
Total T: 248751 Episode Num: 249 Episode T: 999 Reward: -35.040
Total T: 249750 Episode Num: 250 Episode T: 999 Reward: -36.942
---------------------------------------
Evaluation over 10 episodes: -0.004
---------------------------------------
Total T: 250749 Episode Num: 251 Episode T: 999 Reward: -35.245
Total T: 251748 Episode Num: 252 Episode T: 999 Reward: -36.997
Total T: 252747 Episode Num: 253 Episode T: 999 Reward: -37.032
Total T: 253746 Episode Num: 254 Episode T: 999 Reward: -34.261
Total T: 254745 Episode Num: 255 Episode T: 999 Reward: -35.305
---------------------------------------
Evaluation over 10 episodes: -0.004
---------------------------------------
Total T: 255744 Episode Num: 256 Episode T: 999 Reward: -36.543
Total T: 256743 Episode Num: 257 Episode T: 999 Reward: -35.307
Total T: 257742 Episode Num: 258 Episode T: 999 Reward: -34.875
Total T: 258741 Episode Num: 259 Episode T: 999 Reward: -37.127
Total T: 259740 Episode Num: 260 Episode T: 999 Reward: -37.485
---------------------------------------
Evaluation over 10 episodes: -0.003
---------------------------------------
Total T: 260739 Episode Num: 261 Episode T: 999 Reward: -37.606
Total T: 261738 Episode Num: 262 Episode T: 999 Reward: -39.493
Total T: 262737 Episode Num: 263 Episode T: 999 Reward: -37.491
Total T: 263736 Episode Num: 264 Episode T: 999 Reward: -36.923
Total T: 264735 Episode Num: 265 Episode T: 999 Reward: -35.517
---------------------------------------
Evaluation over 10 episodes: -0.007
---------------------------------------
Total T: 265734 Episode Num: 266 Episode T: 999 Reward: -36.733
Total T: 266733 Episode Num: 267 Episode T: 999 Reward: -39.214
Total T: 267732 Episode Num: 268 Episode T: 999 Reward: -36.668
Total T: 268731 Episode Num: 269 Episode T: 999 Reward: -35.379
Total T: 269730 Episode Num: 270 Episode T: 999 Reward: -35.712
---------------------------------------
Evaluation over 10 episodes: -0.023
---------------------------------------
Total T: 270729 Episode Num: 271 Episode T: 999 Reward: -37.521
Total T: 271728 Episode Num: 272 Episode T: 999 Reward: -35.878
Total T: 272727 Episode Num: 273 Episode T: 999 Reward: -39.211
Total T: 273726 Episode Num: 274 Episode T: 999 Reward: -36.934
Total T: 274725 Episode Num: 275 Episode T: 999 Reward: -39.483
---------------------------------------
Evaluation over 10 episodes: -0.002
---------------------------------------
Total T: 275724 Episode Num: 276 Episode T: 999 Reward: -35.302
Total T: 276723 Episode Num: 277 Episode T: 999 Reward: -37.217
Total T: 277722 Episode Num: 278 Episode T: 999 Reward: -36.660
Total T: 278721 Episode Num: 279 Episode T: 999 Reward: -35.888
Total T: 279720 Episode Num: 280 Episode T: 999 Reward: -35.360
---------------------------------------
Evaluation over 10 episodes: -0.014
---------------------------------------
Total T: 280719 Episode Num: 281 Episode T: 999 Reward: -36.679
Total T: 281718 Episode Num: 282 Episode T: 999 Reward: -35.809
Total T: 282717 Episode Num: 283 Episode T: 999 Reward: -38.266
Total T: 283716 Episode Num: 284 Episode T: 999 Reward: -37.740
Total T: 284715 Episode Num: 285 Episode T: 999 Reward: -37.397
---------------------------------------
Evaluation over 10 episodes: -0.007
---------------------------------------
Total T: 285714 Episode Num: 286 Episode T: 999 Reward: -34.371
Total T: 286713 Episode Num: 287 Episode T: 999 Reward: -36.021
Total T: 287712 Episode Num: 288 Episode T: 999 Reward: -36.064
Total T: 288711 Episode Num: 289 Episode T: 999 Reward: -36.213
Total T: 289710 Episode Num: 290 Episode T: 999 Reward: -34.231
---------------------------------------
Evaluation over 10 episodes: -0.009
---------------------------------------
Total T: 290709 Episode Num: 291 Episode T: 999 Reward: -34.950
Total T: 291708 Episode Num: 292 Episode T: 999 Reward: -36.238
Total T: 292707 Episode Num: 293 Episode T: 999 Reward: -35.446
Total T: 293706 Episode Num: 294 Episode T: 999 Reward: -36.954
Total T: 294705 Episode Num: 295 Episode T: 999 Reward: -39.426
---------------------------------------
Evaluation over 10 episodes: -0.014
---------------------------------------
Total T: 295704 Episode Num: 296 Episode T: 999 Reward: -37.505
Total T: 296703 Episode Num: 297 Episode T: 999 Reward: -37.585
Total T: 297702 Episode Num: 298 Episode T: 999 Reward: -34.008
Total T: 298701 Episode Num: 299 Episode T: 999 Reward: -36.442
Total T: 299700 Episode Num: 300 Episode T: 999 Reward: -34.147
---------------------------------------
Evaluation over 10 episodes: -0.004
---------------------------------------
Total T: 300699 Episode Num: 301 Episode T: 999 Reward: -35.172
Total T: 301698 Episode Num: 302 Episode T: 999 Reward: -38.390
Total T: 302697 Episode Num: 303 Episode T: 999 Reward: -37.722
Total T: 303696 Episode Num: 304 Episode T: 999 Reward: -36.179
Total T: 304695 Episode Num: 305 Episode T: 999 Reward: -37.330
---------------------------------------
Evaluation over 10 episodes: -0.021
---------------------------------------
Total T: 305694 Episode Num: 306 Episode T: 999 Reward: -37.420
Total T: 306693 Episode Num: 307 Episode T: 999 Reward: -34.778
Total T: 307692 Episode Num: 308 Episode T: 999 Reward: -35.588
Total T: 308691 Episode Num: 309 Episode T: 999 Reward: -38.446
Total T: 309690 Episode Num: 310 Episode T: 999 Reward: -35.913
---------------------------------------
Evaluation over 10 episodes: -0.019
---------------------------------------
Total T: 310689 Episode Num: 311 Episode T: 999 Reward: -36.747
Total T: 311688 Episode Num: 312 Episode T: 999 Reward: -39.219
Total T: 312687 Episode Num: 313 Episode T: 999 Reward: -34.582
Total T: 313686 Episode Num: 314 Episode T: 999 Reward: -35.951
Total T: 314685 Episode Num: 315 Episode T: 999 Reward: -38.295
---------------------------------------
Evaluation over 10 episodes: -0.011
---------------------------------------
Total T: 315684 Episode Num: 316 Episode T: 999 Reward: -36.507
Total T: 316683 Episode Num: 317 Episode T: 999 Reward: -37.588
Total T: 317682 Episode Num: 318 Episode T: 999 Reward: -36.499
Total T: 318681 Episode Num: 319 Episode T: 999 Reward: -34.463
Total T: 319680 Episode Num: 320 Episode T: 999 Reward: -36.957
---------------------------------------
Evaluation over 10 episodes: -0.012
---------------------------------------
Total T: 320679 Episode Num: 321 Episode T: 999 Reward: -38.717
Total T: 321678 Episode Num: 322 Episode T: 999 Reward: -36.008
Total T: 322677 Episode Num: 323 Episode T: 999 Reward: -36.489
Total T: 323676 Episode Num: 324 Episode T: 999 Reward: -34.834
Total T: 324675 Episode Num: 325 Episode T: 999 Reward: -36.056
---------------------------------------
Evaluation over 10 episodes: -0.006
---------------------------------------
Total T: 325674 Episode Num: 326 Episode T: 999 Reward: -37.434
Total T: 326673 Episode Num: 327 Episode T: 999 Reward: -38.433
Total T: 327672 Episode Num: 328 Episode T: 999 Reward: -38.471
Total T: 328671 Episode Num: 329 Episode T: 999 Reward: -35.763
Total T: 329670 Episode Num: 330 Episode T: 999 Reward: -37.010
---------------------------------------
Evaluation over 10 episodes: -0.002
---------------------------------------
Total T: 330669 Episode Num: 331 Episode T: 999 Reward: -34.655
Total T: 331668 Episode Num: 332 Episode T: 999 Reward: -38.207
Total T: 332667 Episode Num: 333 Episode T: 999 Reward: -35.568
Total T: 333666 Episode Num: 334 Episode T: 999 Reward: -37.842
Total T: 334665 Episode Num: 335 Episode T: 999 Reward: -37.245
---------------------------------------
Evaluation over 10 episodes: -0.002
---------------------------------------
Total T: 335664 Episode Num: 336 Episode T: 999 Reward: -36.872
Total T: 336663 Episode Num: 337 Episode T: 999 Reward: -37.013
Total T: 337662 Episode Num: 338 Episode T: 999 Reward: -35.538
Total T: 338661 Episode Num: 339 Episode T: 999 Reward: -37.420
Total T: 339660 Episode Num: 340 Episode T: 999 Reward: -37.077
---------------------------------------
Evaluation over 10 episodes: -0.008
---------------------------------------
Total T: 340659 Episode Num: 341 Episode T: 999 Reward: -37.892
Total T: 341658 Episode Num: 342 Episode T: 999 Reward: -36.311
Total T: 342657 Episode Num: 343 Episode T: 999 Reward: -38.539
Total T: 343656 Episode Num: 344 Episode T: 999 Reward: -36.664
Total T: 344655 Episode Num: 345 Episode T: 999 Reward: -36.596
---------------------------------------
Evaluation over 10 episodes: -0.004
---------------------------------------
Total T: 345654 Episode Num: 346 Episode T: 999 Reward: -36.692
Total T: 346653 Episode Num: 347 Episode T: 999 Reward: -36.859
Total T: 347652 Episode Num: 348 Episode T: 999 Reward: -37.244
Total T: 348651 Episode Num: 349 Episode T: 999 Reward: -37.267
Total T: 349650 Episode Num: 350 Episode T: 999 Reward: -34.204
---------------------------------------
Evaluation over 10 episodes: -0.012
---------------------------------------
Total T: 350649 Episode Num: 351 Episode T: 999 Reward: -37.640
Total T: 351648 Episode Num: 352 Episode T: 999 Reward: -40.292
Total T: 352647 Episode Num: 353 Episode T: 999 Reward: -36.411
Total T: 353646 Episode Num: 354 Episode T: 999 Reward: -36.448
Total T: 354645 Episode Num: 355 Episode T: 999 Reward: -35.218
---------------------------------------
Evaluation over 10 episodes: -0.019
---------------------------------------
Total T: 355644 Episode Num: 356 Episode T: 999 Reward: -36.836
Total T: 356643 Episode Num: 357 Episode T: 999 Reward: -34.391
Total T: 357642 Episode Num: 358 Episode T: 999 Reward: -35.584
Total T: 358641 Episode Num: 359 Episode T: 999 Reward: -37.640
Total T: 359640 Episode Num: 360 Episode T: 999 Reward: -35.311
---------------------------------------
Evaluation over 10 episodes: -0.036
---------------------------------------
Total T: 360639 Episode Num: 361 Episode T: 999 Reward: -35.259
Total T: 361638 Episode Num: 362 Episode T: 999 Reward: -36.400
Total T: 362637 Episode Num: 363 Episode T: 999 Reward: -38.840
Total T: 363636 Episode Num: 364 Episode T: 999 Reward: -36.562
Total T: 364635 Episode Num: 365 Episode T: 999 Reward: -38.831
---------------------------------------
Evaluation over 10 episodes: -0.040
---------------------------------------
Total T: 365634 Episode Num: 366 Episode T: 999 Reward: -35.827
Total T: 366633 Episode Num: 367 Episode T: 999 Reward: -36.146
Total T: 367632 Episode Num: 368 Episode T: 999 Reward: -36.795
Total T: 368631 Episode Num: 369 Episode T: 999 Reward: -34.803
Total T: 369630 Episode Num: 370 Episode T: 999 Reward: -36.225
---------------------------------------
Evaluation over 10 episodes: -0.025
---------------------------------------
Total T: 370629 Episode Num: 371 Episode T: 999 Reward: -37.115
Total T: 371628 Episode Num: 372 Episode T: 999 Reward: -36.482
Total T: 372627 Episode Num: 373 Episode T: 999 Reward: -37.815
Total T: 373626 Episode Num: 374 Episode T: 999 Reward: -37.347
Total T: 374625 Episode Num: 375 Episode T: 999 Reward: -37.968
---------------------------------------
Evaluation over 10 episodes: -0.011
---------------------------------------
Total T: 375624 Episode Num: 376 Episode T: 999 Reward: -37.041
Total T: 376623 Episode Num: 377 Episode T: 999 Reward: -36.773
Total T: 377622 Episode Num: 378 Episode T: 999 Reward: -37.562
Total T: 378621 Episode Num: 379 Episode T: 999 Reward: -36.041
Total T: 379620 Episode Num: 380 Episode T: 999 Reward: -35.908
---------------------------------------
Evaluation over 10 episodes: -0.022
---------------------------------------
Total T: 380619 Episode Num: 381 Episode T: 999 Reward: -38.301
Total T: 381618 Episode Num: 382 Episode T: 999 Reward: -36.536
Total T: 382617 Episode Num: 383 Episode T: 999 Reward: -36.115
Total T: 383616 Episode Num: 384 Episode T: 999 Reward: -35.004
Total T: 384615 Episode Num: 385 Episode T: 999 Reward: -36.265
---------------------------------------
Evaluation over 10 episodes: -0.024
---------------------------------------
Total T: 385605 Episode Num: 386 Episode T: 990 Reward: 64.318
Total T: 386604 Episode Num: 387 Episode T: 999 Reward: -36.038
Total T: 387603 Episode Num: 388 Episode T: 999 Reward: -36.827
Total T: 388602 Episode Num: 389 Episode T: 999 Reward: -37.525
Total T: 389601 Episode Num: 390 Episode T: 999 Reward: -35.520
---------------------------------------
Evaluation over 10 episodes: -0.011
---------------------------------------
Total T: 390600 Episode Num: 391 Episode T: 999 Reward: -35.458
Total T: 391599 Episode Num: 392 Episode T: 999 Reward: -35.596
Total T: 392598 Episode Num: 393 Episode T: 999 Reward: -36.609
Total T: 393597 Episode Num: 394 Episode T: 999 Reward: -37.995
Total T: 394596 Episode Num: 395 Episode T: 999 Reward: -36.352
---------------------------------------
Evaluation over 10 episodes: -0.096
---------------------------------------
Total T: 395595 Episode Num: 396 Episode T: 999 Reward: -35.940
Total T: 396594 Episode Num: 397 Episode T: 999 Reward: -39.240
Total T: 397593 Episode Num: 398 Episode T: 999 Reward: -37.223
Total T: 398592 Episode Num: 399 Episode T: 999 Reward: -35.187
Total T: 399591 Episode Num: 400 Episode T: 999 Reward: -38.204
---------------------------------------
Evaluation over 10 episodes: -0.079
---------------------------------------
Total T: 400590 Episode Num: 401 Episode T: 999 Reward: -36.860
Total T: 401589 Episode Num: 402 Episode T: 999 Reward: -36.940
Total T: 402588 Episode Num: 403 Episode T: 999 Reward: -37.166
Total T: 403587 Episode Num: 404 Episode T: 999 Reward: -37.207
Total T: 404586 Episode Num: 405 Episode T: 999 Reward: -36.390
---------------------------------------
Evaluation over 10 episodes: -0.008
---------------------------------------
Total T: 405585 Episode Num: 406 Episode T: 999 Reward: -36.809
Total T: 406584 Episode Num: 407 Episode T: 999 Reward: -35.810
Total T: 407583 Episode Num: 408 Episode T: 999 Reward: -36.582
Total T: 408582 Episode Num: 409 Episode T: 999 Reward: -37.836
Total T: 409581 Episode Num: 410 Episode T: 999 Reward: -35.866
---------------------------------------
Evaluation over 10 episodes: -0.016
---------------------------------------
Total T: 410580 Episode Num: 411 Episode T: 999 Reward: -37.384
Total T: 411579 Episode Num: 412 Episode T: 999 Reward: -38.347
Total T: 412578 Episode Num: 413 Episode T: 999 Reward: -37.039
Total T: 413577 Episode Num: 414 Episode T: 999 Reward: -36.173
Total T: 414576 Episode Num: 415 Episode T: 999 Reward: -40.324
---------------------------------------
Evaluation over 10 episodes: -0.033
---------------------------------------
Total T: 415575 Episode Num: 416 Episode T: 999 Reward: -39.561
Total T: 416574 Episode Num: 417 Episode T: 999 Reward: -37.177
Total T: 417573 Episode Num: 418 Episode T: 999 Reward: -36.195
Total T: 418572 Episode Num: 419 Episode T: 999 Reward: -38.532
Total T: 419571 Episode Num: 420 Episode T: 999 Reward: -36.549
---------------------------------------
Evaluation over 10 episodes: -0.132
---------------------------------------
Total T: 420570 Episode Num: 421 Episode T: 999 Reward: -38.942
Total T: 421569 Episode Num: 422 Episode T: 999 Reward: -36.238
Total T: 422568 Episode Num: 423 Episode T: 999 Reward: -36.096
Total T: 423567 Episode Num: 424 Episode T: 999 Reward: -36.925
Total T: 424566 Episode Num: 425 Episode T: 999 Reward: -35.920
---------------------------------------
Evaluation over 10 episodes: -0.043
---------------------------------------
Total T: 425565 Episode Num: 426 Episode T: 999 Reward: -37.793
Total T: 426564 Episode Num: 427 Episode T: 999 Reward: -36.768
Total T: 427563 Episode Num: 428 Episode T: 999 Reward: -37.456
Total T: 428562 Episode Num: 429 Episode T: 999 Reward: -36.912
Total T: 429561 Episode Num: 430 Episode T: 999 Reward: -36.885
---------------------------------------
Evaluation over 10 episodes: -0.327
---------------------------------------
Total T: 430560 Episode Num: 431 Episode T: 999 Reward: -35.479
Total T: 431559 Episode Num: 432 Episode T: 999 Reward: -35.455
Total T: 432558 Episode Num: 433 Episode T: 999 Reward: -38.139
Total T: 433557 Episode Num: 434 Episode T: 999 Reward: -35.383
Total T: 434556 Episode Num: 435 Episode T: 999 Reward: -37.376
---------------------------------------
Evaluation over 10 episodes: -0.027
---------------------------------------
Total T: 435555 Episode Num: 436 Episode T: 999 Reward: -37.246
Total T: 436554 Episode Num: 437 Episode T: 999 Reward: -36.054
Total T: 437553 Episode Num: 438 Episode T: 999 Reward: -37.219
Total T: 438552 Episode Num: 439 Episode T: 999 Reward: -37.170
Total T: 439551 Episode Num: 440 Episode T: 999 Reward: -35.163
---------------------------------------
Evaluation over 10 episodes: -0.078
---------------------------------------
Total T: 440550 Episode Num: 441 Episode T: 999 Reward: -37.216
Total T: 441549 Episode Num: 442 Episode T: 999 Reward: -37.645
Total T: 442548 Episode Num: 443 Episode T: 999 Reward: -37.807
Total T: 443547 Episode Num: 444 Episode T: 999 Reward: -38.357
Total T: 444546 Episode Num: 445 Episode T: 999 Reward: -35.138
---------------------------------------
Evaluation over 10 episodes: -0.024
---------------------------------------
Total T: 445545 Episode Num: 446 Episode T: 999 Reward: -37.333
Total T: 446544 Episode Num: 447 Episode T: 999 Reward: -36.371
Total T: 447543 Episode Num: 448 Episode T: 999 Reward: -36.716
Total T: 448542 Episode Num: 449 Episode T: 999 Reward: -38.252
Total T: 449541 Episode Num: 450 Episode T: 999 Reward: -37.078
---------------------------------------
Evaluation over 10 episodes: -0.185
---------------------------------------
Total T: 450540 Episode Num: 451 Episode T: 999 Reward: -37.202
Total T: 451539 Episode Num: 452 Episode T: 999 Reward: -38.318
Total T: 452538 Episode Num: 453 Episode T: 999 Reward: -35.903
Total T: 453537 Episode Num: 454 Episode T: 999 Reward: -36.409
Total T: 454536 Episode Num: 455 Episode T: 999 Reward: -35.147
---------------------------------------
Evaluation over 10 episodes: -0.104
---------------------------------------
Total T: 455535 Episode Num: 456 Episode T: 999 Reward: -36.201
Total T: 456534 Episode Num: 457 Episode T: 999 Reward: -34.147
Total T: 457533 Episode Num: 458 Episode T: 999 Reward: -36.846
Total T: 458532 Episode Num: 459 Episode T: 999 Reward: -35.170
Total T: 459531 Episode Num: 460 Episode T: 999 Reward: -37.048
---------------------------------------
Evaluation over 10 episodes: -0.192
---------------------------------------
Total T: 460530 Episode Num: 461 Episode T: 999 Reward: -39.393
Total T: 461529 Episode Num: 462 Episode T: 999 Reward: -38.572
Total T: 462528 Episode Num: 463 Episode T: 999 Reward: -36.436
Total T: 463527 Episode Num: 464 Episode T: 999 Reward: -36.349
Total T: 464526 Episode Num: 465 Episode T: 999 Reward: -37.053
---------------------------------------
Evaluation over 10 episodes: -0.196
---------------------------------------
Total T: 465525 Episode Num: 466 Episode T: 999 Reward: -36.154
Total T: 466524 Episode Num: 467 Episode T: 999 Reward: -35.122
Total T: 467523 Episode Num: 468 Episode T: 999 Reward: -39.143
Total T: 468522 Episode Num: 469 Episode T: 999 Reward: -36.288
Total T: 469521 Episode Num: 470 Episode T: 999 Reward: -36.631
---------------------------------------
Evaluation over 10 episodes: -0.026
---------------------------------------
Total T: 470520 Episode Num: 471 Episode T: 999 Reward: -37.600
Total T: 471519 Episode Num: 472 Episode T: 999 Reward: -38.081
Total T: 472518 Episode Num: 473 Episode T: 999 Reward: -36.238
Total T: 473517 Episode Num: 474 Episode T: 999 Reward: -36.715
Total T: 474516 Episode Num: 475 Episode T: 999 Reward: -36.659
---------------------------------------
Evaluation over 10 episodes: -0.125
---------------------------------------
Total T: 475515 Episode Num: 476 Episode T: 999 Reward: -34.484
Total T: 476514 Episode Num: 477 Episode T: 999 Reward: -36.614
Total T: 477513 Episode Num: 478 Episode T: 999 Reward: -35.474
Total T: 478512 Episode Num: 479 Episode T: 999 Reward: -35.734
Total T: 479511 Episode Num: 480 Episode T: 999 Reward: -36.884
---------------------------------------
Evaluation over 10 episodes: -0.147
---------------------------------------
Total T: 480510 Episode Num: 481 Episode T: 999 Reward: -37.520
Total T: 481509 Episode Num: 482 Episode T: 999 Reward: -34.845
Total T: 482508 Episode Num: 483 Episode T: 999 Reward: -35.713
Total T: 483507 Episode Num: 484 Episode T: 999 Reward: -38.251
Total T: 484506 Episode Num: 485 Episode T: 999 Reward: -37.774
---------------------------------------
Evaluation over 10 episodes: -0.577
---------------------------------------
Total T: 485505 Episode Num: 486 Episode T: 999 Reward: -37.743
Total T: 486504 Episode Num: 487 Episode T: 999 Reward: -38.214
Total T: 487503 Episode Num: 488 Episode T: 999 Reward: -38.089
Total T: 488502 Episode Num: 489 Episode T: 999 Reward: -38.077
Total T: 489501 Episode Num: 490 Episode T: 999 Reward: -36.346
---------------------------------------
Evaluation over 10 episodes: -1.290
---------------------------------------
Total T: 490500 Episode Num: 491 Episode T: 999 Reward: -38.236
Total T: 491499 Episode Num: 492 Episode T: 999 Reward: -38.284
Total T: 492498 Episode Num: 493 Episode T: 999 Reward: -37.245
Total T: 493497 Episode Num: 494 Episode T: 999 Reward: -38.182
Total T: 494496 Episode Num: 495 Episode T: 999 Reward: -37.617
---------------------------------------
Evaluation over 10 episodes: -1.581
---------------------------------------
Total T: 495495 Episode Num: 496 Episode T: 999 Reward: -38.883
Total T: 496494 Episode Num: 497 Episode T: 999 Reward: -38.186
Total T: 497493 Episode Num: 498 Episode T: 999 Reward: -37.541
Total T: 498492 Episode Num: 499 Episode T: 999 Reward: -36.567
Total T: 499491 Episode Num: 500 Episode T: 999 Reward: -37.393
---------------------------------------
Evaluation over 10 episodes: -1.413
---------------------------------------
Total T: 500490 Episode Num: 501 Episode T: 999 Reward: -40.359
Total T: 501489 Episode Num: 502 Episode T: 999 Reward: -37.456
Total T: 502488 Episode Num: 503 Episode T: 999 Reward: -37.209
Total T: 503487 Episode Num: 504 Episode T: 999 Reward: -35.469
Total T: 504486 Episode Num: 505 Episode T: 999 Reward: -37.983
---------------------------------------
Evaluation over 10 episodes: -1.022
---------------------------------------
Total T: 505485 Episode Num: 506 Episode T: 999 Reward: -37.972
Total T: 506484 Episode Num: 507 Episode T: 999 Reward: -36.982
Total T: 507483 Episode Num: 508 Episode T: 999 Reward: -37.412
Total T: 508482 Episode Num: 509 Episode T: 999 Reward: -35.695
Total T: 509481 Episode Num: 510 Episode T: 999 Reward: -37.181
---------------------------------------
Evaluation over 10 episodes: -0.939
---------------------------------------
Total T: 510480 Episode Num: 511 Episode T: 999 Reward: -38.349
Total T: 511479 Episode Num: 512 Episode T: 999 Reward: -36.507
Total T: 512478 Episode Num: 513 Episode T: 999 Reward: -37.325
Total T: 513477 Episode Num: 514 Episode T: 999 Reward: -36.528
Total T: 514476 Episode Num: 515 Episode T: 999 Reward: -35.235
---------------------------------------
Evaluation over 10 episodes: -0.811
---------------------------------------
Total T: 515475 Episode Num: 516 Episode T: 999 Reward: -36.290
Total T: 516474 Episode Num: 517 Episode T: 999 Reward: -38.644
Total T: 517473 Episode Num: 518 Episode T: 999 Reward: -38.175
Total T: 518472 Episode Num: 519 Episode T: 999 Reward: -38.359
Total T: 519471 Episode Num: 520 Episode T: 999 Reward: -37.015
---------------------------------------
Evaluation over 10 episodes: -0.705
---------------------------------------
Total T: 520470 Episode Num: 521 Episode T: 999 Reward: -37.623
Total T: 521469 Episode Num: 522 Episode T: 999 Reward: -35.930
Total T: 522468 Episode Num: 523 Episode T: 999 Reward: -37.901
Total T: 523467 Episode Num: 524 Episode T: 999 Reward: -37.705
Total T: 524466 Episode Num: 525 Episode T: 999 Reward: -37.142
---------------------------------------
Evaluation over 10 episodes: -0.163
---------------------------------------
Total T: 525465 Episode Num: 526 Episode T: 999 Reward: -36.021
Total T: 526464 Episode Num: 527 Episode T: 999 Reward: -35.082
Total T: 527463 Episode Num: 528 Episode T: 999 Reward: -34.931
Total T: 528462 Episode Num: 529 Episode T: 999 Reward: -36.670
Total T: 529461 Episode Num: 530 Episode T: 999 Reward: -36.650
---------------------------------------
Evaluation over 10 episodes: -0.221
---------------------------------------
Total T: 530460 Episode Num: 531 Episode T: 999 Reward: -36.414
Total T: 531459 Episode Num: 532 Episode T: 999 Reward: -36.711
Total T: 532458 Episode Num: 533 Episode T: 999 Reward: -36.215
Total T: 533457 Episode Num: 534 Episode T: 999 Reward: -38.280
Total T: 534456 Episode Num: 535 Episode T: 999 Reward: -37.677
---------------------------------------
Evaluation over 10 episodes: -0.451
---------------------------------------
Total T: 535455 Episode Num: 536 Episode T: 999 Reward: -37.640
Total T: 536454 Episode Num: 537 Episode T: 999 Reward: -36.542
Total T: 537453 Episode Num: 538 Episode T: 999 Reward: -36.525
Total T: 538452 Episode Num: 539 Episode T: 999 Reward: -37.743
Total T: 539451 Episode Num: 540 Episode T: 999 Reward: -36.321
---------------------------------------
Evaluation over 10 episodes: -0.427
---------------------------------------
Total T: 540450 Episode Num: 541 Episode T: 999 Reward: -38.563
Total T: 541449 Episode Num: 542 Episode T: 999 Reward: -35.576
Total T: 542448 Episode Num: 543 Episode T: 999 Reward: -38.172
Total T: 543447 Episode Num: 544 Episode T: 999 Reward: -38.473
Total T: 544446 Episode Num: 545 Episode T: 999 Reward: -36.471
---------------------------------------
Evaluation over 10 episodes: -0.491
---------------------------------------
Total T: 545445 Episode Num: 546 Episode T: 999 Reward: -37.694
Total T: 546444 Episode Num: 547 Episode T: 999 Reward: -35.849
Total T: 547443 Episode Num: 548 Episode T: 999 Reward: -38.470
Total T: 548442 Episode Num: 549 Episode T: 999 Reward: -37.247
Total T: 549441 Episode Num: 550 Episode T: 999 Reward: -36.644
---------------------------------------
Evaluation over 10 episodes: -0.400
---------------------------------------
Total T: 550440 Episode Num: 551 Episode T: 999 Reward: -38.721
Total T: 551439 Episode Num: 552 Episode T: 999 Reward: -38.803
Total T: 552438 Episode Num: 553 Episode T: 999 Reward: -38.426
Total T: 553437 Episode Num: 554 Episode T: 999 Reward: -35.927
Total T: 554436 Episode Num: 555 Episode T: 999 Reward: -36.339
---------------------------------------
Evaluation over 10 episodes: -0.321
---------------------------------------
Total T: 555435 Episode Num: 556 Episode T: 999 Reward: -36.418
Total T: 556434 Episode Num: 557 Episode T: 999 Reward: -36.923
Total T: 557433 Episode Num: 558 Episode T: 999 Reward: -37.723
Total T: 558432 Episode Num: 559 Episode T: 999 Reward: -36.416
Total T: 559431 Episode Num: 560 Episode T: 999 Reward: -38.573
---------------------------------------
Evaluation over 10 episodes: -0.289
---------------------------------------
Total T: 560430 Episode Num: 561 Episode T: 999 Reward: -37.376
Total T: 561429 Episode Num: 562 Episode T: 999 Reward: -37.518
Total T: 562428 Episode Num: 563 Episode T: 999 Reward: -34.559
Total T: 563427 Episode Num: 564 Episode T: 999 Reward: -37.725
Total T: 564426 Episode Num: 565 Episode T: 999 Reward: -37.381
---------------------------------------
Evaluation over 10 episodes: -0.237
---------------------------------------
Total T: 565425 Episode Num: 566 Episode T: 999 Reward: -36.102
Total T: 566424 Episode Num: 567 Episode T: 999 Reward: -37.137
Total T: 567423 Episode Num: 568 Episode T: 999 Reward: -37.002
Total T: 568422 Episode Num: 569 Episode T: 999 Reward: -36.866
Total T: 569421 Episode Num: 570 Episode T: 999 Reward: -36.697
---------------------------------------
Evaluation over 10 episodes: -0.193
---------------------------------------
Total T: 570420 Episode Num: 571 Episode T: 999 Reward: -37.416
Total T: 571419 Episode Num: 572 Episode T: 999 Reward: -38.417
Total T: 572418 Episode Num: 573 Episode T: 999 Reward: -36.986
Total T: 573417 Episode Num: 574 Episode T: 999 Reward: -33.885
Total T: 574416 Episode Num: 575 Episode T: 999 Reward: -34.071
---------------------------------------
Evaluation over 10 episodes: -0.178
---------------------------------------
Total T: 575415 Episode Num: 576 Episode T: 999 Reward: -36.959
Total T: 576414 Episode Num: 577 Episode T: 999 Reward: -36.414
Total T: 577413 Episode Num: 578 Episode T: 999 Reward: -35.695
Total T: 578412 Episode Num: 579 Episode T: 999 Reward: -36.721
Total T: 579411 Episode Num: 580 Episode T: 999 Reward: -37.067
---------------------------------------
Evaluation over 10 episodes: -0.108
---------------------------------------
Total T: 580410 Episode Num: 581 Episode T: 999 Reward: -38.526
Total T: 581409 Episode Num: 582 Episode T: 999 Reward: -38.649
Total T: 582408 Episode Num: 583 Episode T: 999 Reward: -37.995
Total T: 583407 Episode Num: 584 Episode T: 999 Reward: -36.279
Total T: 584406 Episode Num: 585 Episode T: 999 Reward: -37.578
---------------------------------------
Evaluation over 10 episodes: -0.083
---------------------------------------
Total T: 585405 Episode Num: 586 Episode T: 999 Reward: -38.379
Total T: 586404 Episode Num: 587 Episode T: 999 Reward: -36.947
Total T: 587403 Episode Num: 588 Episode T: 999 Reward: -36.151
Total T: 588402 Episode Num: 589 Episode T: 999 Reward: -36.396
Total T: 589401 Episode Num: 590 Episode T: 999 Reward: -36.571
---------------------------------------
Evaluation over 10 episodes: -0.062
---------------------------------------
Total T: 590400 Episode Num: 591 Episode T: 999 Reward: -35.651
Total T: 591399 Episode Num: 592 Episode T: 999 Reward: -36.736
Total T: 592398 Episode Num: 593 Episode T: 999 Reward: -37.767
Total T: 593397 Episode Num: 594 Episode T: 999 Reward: -36.953
Total T: 594396 Episode Num: 595 Episode T: 999 Reward: -36.421
---------------------------------------
Evaluation over 10 episodes: -0.036
---------------------------------------
Total T: 595395 Episode Num: 596 Episode T: 999 Reward: -37.618
Total T: 596394 Episode Num: 597 Episode T: 999 Reward: -37.941
Total T: 597393 Episode Num: 598 Episode T: 999 Reward: -33.755
Total T: 598392 Episode Num: 599 Episode T: 999 Reward: -36.216
Total T: 599391 Episode Num: 600 Episode T: 999 Reward: -36.748
---------------------------------------
Evaluation over 10 episodes: -0.028
---------------------------------------
Total T: 600390 Episode Num: 601 Episode T: 999 Reward: -34.191
Total T: 601389 Episode Num: 602 Episode T: 999 Reward: -36.035
Total T: 602388 Episode Num: 603 Episode T: 999 Reward: -36.109
Total T: 603387 Episode Num: 604 Episode T: 999 Reward: -37.018
Total T: 604386 Episode Num: 605 Episode T: 999 Reward: -35.396
---------------------------------------
Evaluation over 10 episodes: -0.028
---------------------------------------
Total T: 605385 Episode Num: 606 Episode T: 999 Reward: -35.366
Total T: 606384 Episode Num: 607 Episode T: 999 Reward: -39.111
Total T: 607383 Episode Num: 608 Episode T: 999 Reward: -37.712
Total T: 608382 Episode Num: 609 Episode T: 999 Reward: -36.833
Total T: 609381 Episode Num: 610 Episode T: 999 Reward: -36.847
---------------------------------------
Evaluation over 10 episodes: -0.032
---------------------------------------
Total T: 610380 Episode Num: 611 Episode T: 999 Reward: -37.238
Total T: 611379 Episode Num: 612 Episode T: 999 Reward: -37.792
Total T: 612378 Episode Num: 613 Episode T: 999 Reward: -36.841
Total T: 613377 Episode Num: 614 Episode T: 999 Reward: -34.674
Total T: 614376 Episode Num: 615 Episode T: 999 Reward: -36.014
---------------------------------------
Evaluation over 10 episodes: -0.028
---------------------------------------
Total T: 615375 Episode Num: 616 Episode T: 999 Reward: -36.998
Total T: 616374 Episode Num: 617 Episode T: 999 Reward: -38.224
Total T: 617373 Episode Num: 618 Episode T: 999 Reward: -35.438
Total T: 618372 Episode Num: 619 Episode T: 999 Reward: -36.913
Total T: 619371 Episode Num: 620 Episode T: 999 Reward: -36.574
---------------------------------------
Evaluation over 10 episodes: -0.030
---------------------------------------
Total T: 620370 Episode Num: 621 Episode T: 999 Reward: -38.442
Total T: 621369 Episode Num: 622 Episode T: 999 Reward: -38.357
Total T: 622368 Episode Num: 623 Episode T: 999 Reward: -37.988
Total T: 623367 Episode Num: 624 Episode T: 999 Reward: -38.424
Total T: 624366 Episode Num: 625 Episode T: 999 Reward: -37.164
---------------------------------------
Evaluation over 10 episodes: -0.029
---------------------------------------
Total T: 625365 Episode Num: 626 Episode T: 999 Reward: -36.002
Total T: 626364 Episode Num: 627 Episode T: 999 Reward: -36.944
Total T: 627363 Episode Num: 628 Episode T: 999 Reward: -36.206
Total T: 628362 Episode Num: 629 Episode T: 999 Reward: -36.615
Total T: 629361 Episode Num: 630 Episode T: 999 Reward: -38.136
---------------------------------------
Evaluation over 10 episodes: -0.031
---------------------------------------
Total T: 630360 Episode Num: 631 Episode T: 999 Reward: -37.154
Total T: 631359 Episode Num: 632 Episode T: 999 Reward: -36.824
Total T: 632358 Episode Num: 633 Episode T: 999 Reward: -35.960
Total T: 633357 Episode Num: 634 Episode T: 999 Reward: -35.519
Total T: 634356 Episode Num: 635 Episode T: 999 Reward: -37.081
---------------------------------------
Evaluation over 10 episodes: -0.050
---------------------------------------
Total T: 635355 Episode Num: 636 Episode T: 999 Reward: -36.390
Total T: 636354 Episode Num: 637 Episode T: 999 Reward: -37.424
Total T: 637353 Episode Num: 638 Episode T: 999 Reward: -35.379
Total T: 638352 Episode Num: 639 Episode T: 999 Reward: -38.097
Total T: 639351 Episode Num: 640 Episode T: 999 Reward: -35.269
---------------------------------------
Evaluation over 10 episodes: -0.039
---------------------------------------
Total T: 640350 Episode Num: 641 Episode T: 999 Reward: -37.220
Total T: 641349 Episode Num: 642 Episode T: 999 Reward: -35.102
Total T: 642348 Episode Num: 643 Episode T: 999 Reward: -35.105
Total T: 643347 Episode Num: 644 Episode T: 999 Reward: -36.648
Total T: 644346 Episode Num: 645 Episode T: 999 Reward: -37.621
---------------------------------------
Evaluation over 10 episodes: -0.054
---------------------------------------
Total T: 645345 Episode Num: 646 Episode T: 999 Reward: -37.164
Total T: 646344 Episode Num: 647 Episode T: 999 Reward: -36.577
Total T: 647343 Episode Num: 648 Episode T: 999 Reward: -36.138
Total T: 648342 Episode Num: 649 Episode T: 999 Reward: -36.256
Total T: 649341 Episode Num: 650 Episode T: 999 Reward: -37.397
---------------------------------------
Evaluation over 10 episodes: -0.045
---------------------------------------
Total T: 650340 Episode Num: 651 Episode T: 999 Reward: -37.779
Total T: 651339 Episode Num: 652 Episode T: 999 Reward: -36.234
Total T: 652338 Episode Num: 653 Episode T: 999 Reward: -37.715
Total T: 653337 Episode Num: 654 Episode T: 999 Reward: -34.716
Total T: 654336 Episode Num: 655 Episode T: 999 Reward: -37.530
---------------------------------------
Evaluation over 10 episodes: -0.047
---------------------------------------
Total T: 655335 Episode Num: 656 Episode T: 999 Reward: -36.045
Total T: 656334 Episode Num: 657 Episode T: 999 Reward: -37.911
Total T: 657333 Episode Num: 658 Episode T: 999 Reward: -38.282
Total T: 658332 Episode Num: 659 Episode T: 999 Reward: -37.815
Total T: 659331 Episode Num: 660 Episode T: 999 Reward: -36.482
---------------------------------------
Evaluation over 10 episodes: -0.057
---------------------------------------
Total T: 660330 Episode Num: 661 Episode T: 999 Reward: -36.801
Total T: 661329 Episode Num: 662 Episode T: 999 Reward: -35.542
Total T: 662328 Episode Num: 663 Episode T: 999 Reward: -39.808
Total T: 663327 Episode Num: 664 Episode T: 999 Reward: -36.640
Total T: 664326 Episode Num: 665 Episode T: 999 Reward: -35.514
---------------------------------------
Evaluation over 10 episodes: -0.062
---------------------------------------
Total T: 665325 Episode Num: 666 Episode T: 999 Reward: -38.413
Total T: 666324 Episode Num: 667 Episode T: 999 Reward: -38.651
Total T: 667323 Episode Num: 668 Episode T: 999 Reward: -34.917
Total T: 668322 Episode Num: 669 Episode T: 999 Reward: -36.847
Total T: 669321 Episode Num: 670 Episode T: 999 Reward: -38.089
---------------------------------------
Evaluation over 10 episodes: -0.080
---------------------------------------
Total T: 670320 Episode Num: 671 Episode T: 999 Reward: -36.194
Total T: 671319 Episode Num: 672 Episode T: 999 Reward: -38.283
Total T: 672318 Episode Num: 673 Episode T: 999 Reward: -36.804
Total T: 673317 Episode Num: 674 Episode T: 999 Reward: -35.279
Total T: 674316 Episode Num: 675 Episode T: 999 Reward: -36.666
---------------------------------------
Evaluation over 10 episodes: -0.095
---------------------------------------
Total T: 675315 Episode Num: 676 Episode T: 999 Reward: -39.081
Total T: 676314 Episode Num: 677 Episode T: 999 Reward: -36.665
Total T: 677313 Episode Num: 678 Episode T: 999 Reward: -36.954
Total T: 678312 Episode Num: 679 Episode T: 999 Reward: -36.701
Total T: 679311 Episode Num: 680 Episode T: 999 Reward: -38.111
---------------------------------------
Evaluation over 10 episodes: -0.115
---------------------------------------
Total T: 680310 Episode Num: 681 Episode T: 999 Reward: -37.592
Total T: 681309 Episode Num: 682 Episode T: 999 Reward: -34.107
Total T: 682308 Episode Num: 683 Episode T: 999 Reward: -36.000
Total T: 683307 Episode Num: 684 Episode T: 999 Reward: -37.499
Total T: 684306 Episode Num: 685 Episode T: 999 Reward: -35.638
---------------------------------------
Evaluation over 10 episodes: -0.118
---------------------------------------
Total T: 685305 Episode Num: 686 Episode T: 999 Reward: -35.829
Total T: 686304 Episode Num: 687 Episode T: 999 Reward: -38.074
Total T: 687303 Episode Num: 688 Episode T: 999 Reward: -36.932
Total T: 688302 Episode Num: 689 Episode T: 999 Reward: -35.319
Total T: 689301 Episode Num: 690 Episode T: 999 Reward: -36.716
---------------------------------------
Evaluation over 10 episodes: -0.123
---------------------------------------
Total T: 690300 Episode Num: 691 Episode T: 999 Reward: -38.480
Total T: 691299 Episode Num: 692 Episode T: 999 Reward: -36.904
Total T: 692298 Episode Num: 693 Episode T: 999 Reward: -37.114
Total T: 693297 Episode Num: 694 Episode T: 999 Reward: -36.197
Total T: 694296 Episode Num: 695 Episode T: 999 Reward: -34.995
---------------------------------------
Evaluation over 10 episodes: -0.147
---------------------------------------
Total T: 695295 Episode Num: 696 Episode T: 999 Reward: -36.953
Total T: 696294 Episode Num: 697 Episode T: 999 Reward: -36.480
Total T: 697293 Episode Num: 698 Episode T: 999 Reward: -35.024
Total T: 698292 Episode Num: 699 Episode T: 999 Reward: -36.818
Total T: 699291 Episode Num: 700 Episode T: 999 Reward: -34.986
---------------------------------------
Evaluation over 10 episodes: -0.164
---------------------------------------
Total T: 700290 Episode Num: 701 Episode T: 999 Reward: -36.328
Total T: 701289 Episode Num: 702 Episode T: 999 Reward: -37.710
Total T: 702288 Episode Num: 703 Episode T: 999 Reward: -36.173
Total T: 703287 Episode Num: 704 Episode T: 999 Reward: -36.138
Total T: 704286 Episode Num: 705 Episode T: 999 Reward: -36.972
---------------------------------------
Evaluation over 10 episodes: -0.150
---------------------------------------
Total T: 705285 Episode Num: 706 Episode T: 999 Reward: -37.410
Total T: 706284 Episode Num: 707 Episode T: 999 Reward: -37.467
Total T: 707283 Episode Num: 708 Episode T: 999 Reward: -36.002
Total T: 708282 Episode Num: 709 Episode T: 999 Reward: -38.186
Total T: 709281 Episode Num: 710 Episode T: 999 Reward: -37.190
---------------------------------------
Evaluation over 10 episodes: -0.153
---------------------------------------
Total T: 710280 Episode Num: 711 Episode T: 999 Reward: -35.305
Total T: 711279 Episode Num: 712 Episode T: 999 Reward: -36.659
Total T: 712278 Episode Num: 713 Episode T: 999 Reward: -37.907
Total T: 713277 Episode Num: 714 Episode T: 999 Reward: -39.917
Total T: 714276 Episode Num: 715 Episode T: 999 Reward: -35.178
---------------------------------------
Evaluation over 10 episodes: -0.191
---------------------------------------
Total T: 715275 Episode Num: 716 Episode T: 999 Reward: -36.454
Total T: 716274 Episode Num: 717 Episode T: 999 Reward: -37.223
Total T: 717273 Episode Num: 718 Episode T: 999 Reward: -37.498
Total T: 718272 Episode Num: 719 Episode T: 999 Reward: -37.728
Total T: 719271 Episode Num: 720 Episode T: 999 Reward: -37.453
---------------------------------------
Evaluation over 10 episodes: -0.187
---------------------------------------
Total T: 720270 Episode Num: 721 Episode T: 999 Reward: -37.096
Total T: 721269 Episode Num: 722 Episode T: 999 Reward: -35.485
Total T: 722268 Episode Num: 723 Episode T: 999 Reward: -37.372
Total T: 723267 Episode Num: 724 Episode T: 999 Reward: -36.672
Total T: 724266 Episode Num: 725 Episode T: 999 Reward: -37.134
---------------------------------------
Evaluation over 10 episodes: -0.185
---------------------------------------
Total T: 725265 Episode Num: 726 Episode T: 999 Reward: -38.724
Total T: 726264 Episode Num: 727 Episode T: 999 Reward: -38.436
Total T: 727263 Episode Num: 728 Episode T: 999 Reward: -36.623
Total T: 728262 Episode Num: 729 Episode T: 999 Reward: -36.258
Total T: 729261 Episode Num: 730 Episode T: 999 Reward: -35.958
---------------------------------------
Evaluation over 10 episodes: -0.210
---------------------------------------
Total T: 730260 Episode Num: 731 Episode T: 999 Reward: -37.247
Total T: 731259 Episode Num: 732 Episode T: 999 Reward: -36.050
Total T: 732258 Episode Num: 733 Episode T: 999 Reward: -38.287
Total T: 733257 Episode Num: 734 Episode T: 999 Reward: -35.514
Total T: 734256 Episode Num: 735 Episode T: 999 Reward: -37.706
---------------------------------------
Evaluation over 10 episodes: -0.203
---------------------------------------
Total T: 735255 Episode Num: 736 Episode T: 999 Reward: -36.394
Total T: 736254 Episode Num: 737 Episode T: 999 Reward: -36.541
Total T: 737253 Episode Num: 738 Episode T: 999 Reward: -36.862
Total T: 738252 Episode Num: 739 Episode T: 999 Reward: -37.316
Total T: 739251 Episode Num: 740 Episode T: 999 Reward: -35.889
---------------------------------------
Evaluation over 10 episodes: -0.235
---------------------------------------
Total T: 740250 Episode Num: 741 Episode T: 999 Reward: -38.823
Total T: 741249 Episode Num: 742 Episode T: 999 Reward: -34.960
Total T: 742248 Episode Num: 743 Episode T: 999 Reward: -35.242
Total T: 743247 Episode Num: 744 Episode T: 999 Reward: -36.588
Total T: 744246 Episode Num: 745 Episode T: 999 Reward: -36.266
---------------------------------------
Evaluation over 10 episodes: -0.259
---------------------------------------
Total T: 745245 Episode Num: 746 Episode T: 999 Reward: -37.599
Total T: 746244 Episode Num: 747 Episode T: 999 Reward: -36.069
Total T: 747243 Episode Num: 748 Episode T: 999 Reward: -35.948
Total T: 748242 Episode Num: 749 Episode T: 999 Reward: -38.308
Total T: 749241 Episode Num: 750 Episode T: 999 Reward: -36.040
---------------------------------------
Evaluation over 10 episodes: -0.285
---------------------------------------
Total T: 750240 Episode Num: 751 Episode T: 999 Reward: -39.424
Total T: 751239 Episode Num: 752 Episode T: 999 Reward: -36.571
Total T: 752238 Episode Num: 753 Episode T: 999 Reward: -37.107
Total T: 753237 Episode Num: 754 Episode T: 999 Reward: -37.057
Total T: 754236 Episode Num: 755 Episode T: 999 Reward: -37.255
---------------------------------------
Evaluation over 10 episodes: -0.298
---------------------------------------
Total T: 755235 Episode Num: 756 Episode T: 999 Reward: -36.339
Total T: 756234 Episode Num: 757 Episode T: 999 Reward: -37.455
Total T: 757233 Episode Num: 758 Episode T: 999 Reward: -35.855
Total T: 758232 Episode Num: 759 Episode T: 999 Reward: -35.686
Total T: 759231 Episode Num: 760 Episode T: 999 Reward: -37.113
---------------------------------------
Evaluation over 10 episodes: -0.272
---------------------------------------
Total T: 760230 Episode Num: 761 Episode T: 999 Reward: -36.874
Total T: 761229 Episode Num: 762 Episode T: 999 Reward: -34.987
Total T: 762228 Episode Num: 763 Episode T: 999 Reward: -36.776
Total T: 763227 Episode Num: 764 Episode T: 999 Reward: -36.058
Total T: 764226 Episode Num: 765 Episode T: 999 Reward: -37.067
---------------------------------------
Evaluation over 10 episodes: -0.257
---------------------------------------
Total T: 765225 Episode Num: 766 Episode T: 999 Reward: -35.563
Total T: 766224 Episode Num: 767 Episode T: 999 Reward: -37.972
Total T: 767223 Episode Num: 768 Episode T: 999 Reward: -37.555
Total T: 768222 Episode Num: 769 Episode T: 999 Reward: -37.895
Total T: 769221 Episode Num: 770 Episode T: 999 Reward: -37.869
---------------------------------------
Evaluation over 10 episodes: -0.237
---------------------------------------
Total T: 770220 Episode Num: 771 Episode T: 999 Reward: -36.369
Total T: 771219 Episode Num: 772 Episode T: 999 Reward: -37.837
Total T: 772218 Episode Num: 773 Episode T: 999 Reward: -37.183
Total T: 773217 Episode Num: 774 Episode T: 999 Reward: -36.745
Total T: 774216 Episode Num: 775 Episode T: 999 Reward: -38.273
---------------------------------------
Evaluation over 10 episodes: -0.236
---------------------------------------
Total T: 775215 Episode Num: 776 Episode T: 999 Reward: -35.969
Total T: 776214 Episode Num: 777 Episode T: 999 Reward: -36.640
Total T: 777213 Episode Num: 778 Episode T: 999 Reward: -39.808
Total T: 778212 Episode Num: 779 Episode T: 999 Reward: -36.337
Total T: 779211 Episode Num: 780 Episode T: 999 Reward: -38.014
---------------------------------------
Evaluation over 10 episodes: -0.240
---------------------------------------
Total T: 780210 Episode Num: 781 Episode T: 999 Reward: -36.697
Total T: 781209 Episode Num: 782 Episode T: 999 Reward: -38.475
Total T: 782208 Episode Num: 783 Episode T: 999 Reward: -34.922
Total T: 783207 Episode Num: 784 Episode T: 999 Reward: -37.016
Total T: 784206 Episode Num: 785 Episode T: 999 Reward: -36.552
---------------------------------------
Evaluation over 10 episodes: -0.226
---------------------------------------
Total T: 785205 Episode Num: 786 Episode T: 999 Reward: -38.027
Total T: 786204 Episode Num: 787 Episode T: 999 Reward: -36.626
Total T: 787203 Episode Num: 788 Episode T: 999 Reward: -37.783
Total T: 788202 Episode Num: 789 Episode T: 999 Reward: -38.085
Total T: 789201 Episode Num: 790 Episode T: 999 Reward: -39.482
---------------------------------------
Evaluation over 10 episodes: -0.246
---------------------------------------
Total T: 790200 Episode Num: 791 Episode T: 999 Reward: -36.679
Total T: 791199 Episode Num: 792 Episode T: 999 Reward: -35.769
Total T: 792198 Episode Num: 793 Episode T: 999 Reward: -38.168
Total T: 793197 Episode Num: 794 Episode T: 999 Reward: -36.552
Total T: 794196 Episode Num: 795 Episode T: 999 Reward: -37.818
---------------------------------------
Evaluation over 10 episodes: -0.239
---------------------------------------
Total T: 795195 Episode Num: 796 Episode T: 999 Reward: -38.054
Total T: 796194 Episode Num: 797 Episode T: 999 Reward: -35.383
Total T: 797193 Episode Num: 798 Episode T: 999 Reward: -36.002
Total T: 798192 Episode Num: 799 Episode T: 999 Reward: -36.070
Total T: 799191 Episode Num: 800 Episode T: 999 Reward: -37.362
---------------------------------------
Evaluation over 10 episodes: -0.263
---------------------------------------
Total T: 800190 Episode Num: 801 Episode T: 999 Reward: -37.579
Total T: 801189 Episode Num: 802 Episode T: 999 Reward: -37.918
Total T: 802188 Episode Num: 803 Episode T: 999 Reward: -35.842
Total T: 803187 Episode Num: 804 Episode T: 999 Reward: -36.062
Total T: 804186 Episode Num: 805 Episode T: 999 Reward: -38.680
---------------------------------------
Evaluation over 10 episodes: -0.278
---------------------------------------
Total T: 805185 Episode Num: 806 Episode T: 999 Reward: -37.948
Total T: 806184 Episode Num: 807 Episode T: 999 Reward: -38.257
Total T: 807183 Episode Num: 808 Episode T: 999 Reward: -36.470
Total T: 808182 Episode Num: 809 Episode T: 999 Reward: -38.450
Total T: 809181 Episode Num: 810 Episode T: 999 Reward: -36.429
---------------------------------------
Evaluation over 10 episodes: -0.298
---------------------------------------
Total T: 810180 Episode Num: 811 Episode T: 999 Reward: -38.644
Total T: 811179 Episode Num: 812 Episode T: 999 Reward: -35.501
Total T: 812178 Episode Num: 813 Episode T: 999 Reward: -34.850
Total T: 813177 Episode Num: 814 Episode T: 999 Reward: -37.705
Total T: 814176 Episode Num: 815 Episode T: 999 Reward: -38.295
---------------------------------------
Evaluation over 10 episodes: -0.267
---------------------------------------
Total T: 815175 Episode Num: 816 Episode T: 999 Reward: -37.282
Total T: 816174 Episode Num: 817 Episode T: 999 Reward: -38.799
Total T: 817173 Episode Num: 818 Episode T: 999 Reward: -35.624
Total T: 818172 Episode Num: 819 Episode T: 999 Reward: -38.046
Total T: 819171 Episode Num: 820 Episode T: 999 Reward: -37.881
---------------------------------------
Evaluation over 10 episodes: -0.253
---------------------------------------
Total T: 820170 Episode Num: 821 Episode T: 999 Reward: -36.822
Total T: 821169 Episode Num: 822 Episode T: 999 Reward: -35.838
Total T: 822168 Episode Num: 823 Episode T: 999 Reward: -35.416
Total T: 823167 Episode Num: 824 Episode T: 999 Reward: -36.425
Total T: 824166 Episode Num: 825 Episode T: 999 Reward: -34.903
---------------------------------------
Evaluation over 10 episodes: -0.276
---------------------------------------
Total T: 825165 Episode Num: 826 Episode T: 999 Reward: -38.295
Total T: 826164 Episode Num: 827 Episode T: 999 Reward: -36.730
Total T: 827163 Episode Num: 828 Episode T: 999 Reward: -37.260
Total T: 828162 Episode Num: 829 Episode T: 999 Reward: -39.004
Total T: 829161 Episode Num: 830 Episode T: 999 Reward: -40.111
---------------------------------------
Evaluation over 10 episodes: -0.314
---------------------------------------
Total T: 830160 Episode Num: 831 Episode T: 999 Reward: -36.839
Total T: 831159 Episode Num: 832 Episode T: 999 Reward: -36.405
Total T: 832158 Episode Num: 833 Episode T: 999 Reward: -37.327
Total T: 833157 Episode Num: 834 Episode T: 999 Reward: -36.251
Total T: 834156 Episode Num: 835 Episode T: 999 Reward: -36.196
---------------------------------------
Evaluation over 10 episodes: -0.310
---------------------------------------
Total T: 835155 Episode Num: 836 Episode T: 999 Reward: -35.786
Total T: 836154 Episode Num: 837 Episode T: 999 Reward: -37.149
Total T: 837153 Episode Num: 838 Episode T: 999 Reward: -39.732
Total T: 838152 Episode Num: 839 Episode T: 999 Reward: -36.887
Total T: 839151 Episode Num: 840 Episode T: 999 Reward: -34.628
---------------------------------------
Evaluation over 10 episodes: -0.289
---------------------------------------
Total T: 840150 Episode Num: 841 Episode T: 999 Reward: -34.839
Total T: 841149 Episode Num: 842 Episode T: 999 Reward: -36.799
Total T: 842148 Episode Num: 843 Episode T: 999 Reward: -35.978
Total T: 843147 Episode Num: 844 Episode T: 999 Reward: -37.802
Total T: 844146 Episode Num: 845 Episode T: 999 Reward: -36.192
---------------------------------------
Evaluation over 10 episodes: -0.306
---------------------------------------
Total T: 845145 Episode Num: 846 Episode T: 999 Reward: -37.441
Total T: 846144 Episode Num: 847 Episode T: 999 Reward: -36.071
Total T: 847143 Episode Num: 848 Episode T: 999 Reward: -37.636
Total T: 848142 Episode Num: 849 Episode T: 999 Reward: -37.857
Total T: 849141 Episode Num: 850 Episode T: 999 Reward: -38.595
---------------------------------------
Evaluation over 10 episodes: -0.337
---------------------------------------
Total T: 850140 Episode Num: 851 Episode T: 999 Reward: -36.853
Total T: 851139 Episode Num: 852 Episode T: 999 Reward: -37.993
Total T: 852138 Episode Num: 853 Episode T: 999 Reward: -37.312
Total T: 853137 Episode Num: 854 Episode T: 999 Reward: -38.550
Total T: 854136 Episode Num: 855 Episode T: 999 Reward: -35.716
---------------------------------------
Evaluation over 10 episodes: -0.325
---------------------------------------
Total T: 855135 Episode Num: 856 Episode T: 999 Reward: -37.509
Total T: 856134 Episode Num: 857 Episode T: 999 Reward: -39.632
Total T: 857133 Episode Num: 858 Episode T: 999 Reward: -36.940
Total T: 858132 Episode Num: 859 Episode T: 999 Reward: -37.964
Total T: 859131 Episode Num: 860 Episode T: 999 Reward: -37.903
---------------------------------------
Evaluation over 10 episodes: -0.321
---------------------------------------
Total T: 860130 Episode Num: 861 Episode T: 999 Reward: -37.349
Total T: 861129 Episode Num: 862 Episode T: 999 Reward: -36.533
Total T: 862128 Episode Num: 863 Episode T: 999 Reward: -36.639
Total T: 863127 Episode Num: 864 Episode T: 999 Reward: -36.249
Total T: 864126 Episode Num: 865 Episode T: 999 Reward: -35.639
---------------------------------------
Evaluation over 10 episodes: -0.297
---------------------------------------
Total T: 865125 Episode Num: 866 Episode T: 999 Reward: -36.378
Total T: 866124 Episode Num: 867 Episode T: 999 Reward: -37.384
Total T: 867123 Episode Num: 868 Episode T: 999 Reward: -37.936
Total T: 868122 Episode Num: 869 Episode T: 999 Reward: -38.000
Total T: 869121 Episode Num: 870 Episode T: 999 Reward: -36.918
---------------------------------------
Evaluation over 10 episodes: -0.328
---------------------------------------
Total T: 870120 Episode Num: 871 Episode T: 999 Reward: -37.165
Total T: 871119 Episode Num: 872 Episode T: 999 Reward: -36.566
Total T: 872118 Episode Num: 873 Episode T: 999 Reward: -38.038
Total T: 873117 Episode Num: 874 Episode T: 999 Reward: -37.074
Total T: 874116 Episode Num: 875 Episode T: 999 Reward: -38.244
---------------------------------------
Evaluation over 10 episodes: -0.334
---------------------------------------
Total T: 875115 Episode Num: 876 Episode T: 999 Reward: -36.447
Total T: 876114 Episode Num: 877 Episode T: 999 Reward: -36.708
Total T: 877113 Episode Num: 878 Episode T: 999 Reward: -37.944
Total T: 878112 Episode Num: 879 Episode T: 999 Reward: -37.441
Total T: 879111 Episode Num: 880 Episode T: 999 Reward: -36.728
---------------------------------------
Evaluation over 10 episodes: -0.352
---------------------------------------
Total T: 880110 Episode Num: 881 Episode T: 999 Reward: -37.424
Total T: 881109 Episode Num: 882 Episode T: 999 Reward: -36.370
Total T: 882108 Episode Num: 883 Episode T: 999 Reward: -38.372
Total T: 883107 Episode Num: 884 Episode T: 999 Reward: -38.500
Total T: 884106 Episode Num: 885 Episode T: 999 Reward: -37.909
---------------------------------------
Evaluation over 10 episodes: -0.355
---------------------------------------
Total T: 885105 Episode Num: 886 Episode T: 999 Reward: -37.928
Total T: 886104 Episode Num: 887 Episode T: 999 Reward: -36.523
Total T: 887103 Episode Num: 888 Episode T: 999 Reward: -36.499
Total T: 888102 Episode Num: 889 Episode T: 999 Reward: -38.440
Total T: 889101 Episode Num: 890 Episode T: 999 Reward: -36.041
---------------------------------------
Evaluation over 10 episodes: -0.374
---------------------------------------
Total T: 890100 Episode Num: 891 Episode T: 999 Reward: -36.676
Total T: 891099 Episode Num: 892 Episode T: 999 Reward: -35.596
Total T: 892098 Episode Num: 893 Episode T: 999 Reward: -38.322
Total T: 893097 Episode Num: 894 Episode T: 999 Reward: -38.583
Total T: 894096 Episode Num: 895 Episode T: 999 Reward: -34.023
---------------------------------------
Evaluation over 10 episodes: -1.319
---------------------------------------
Total T: 895095 Episode Num: 896 Episode T: 999 Reward: -37.793
Total T: 896094 Episode Num: 897 Episode T: 999 Reward: -37.117
Total T: 897093 Episode Num: 898 Episode T: 999 Reward: -35.910
Total T: 898092 Episode Num: 899 Episode T: 999 Reward: -36.198
Total T: 899091 Episode Num: 900 Episode T: 999 Reward: -36.963
---------------------------------------
Evaluation over 10 episodes: -0.592
---------------------------------------
Total T: 900090 Episode Num: 901 Episode T: 999 Reward: -38.570
Total T: 901089 Episode Num: 902 Episode T: 999 Reward: -37.395
Total T: 902088 Episode Num: 903 Episode T: 999 Reward: -38.023
Total T: 903087 Episode Num: 904 Episode T: 999 Reward: -36.442
Total T: 904086 Episode Num: 905 Episode T: 999 Reward: -36.429
---------------------------------------
Evaluation over 10 episodes: -0.382
---------------------------------------
Total T: 905085 Episode Num: 906 Episode T: 999 Reward: -36.903
Total T: 906084 Episode Num: 907 Episode T: 999 Reward: -36.556
Total T: 907083 Episode Num: 908 Episode T: 999 Reward: -37.066
Total T: 908082 Episode Num: 909 Episode T: 999 Reward: -35.289
Total T: 909081 Episode Num: 910 Episode T: 999 Reward: -36.859
---------------------------------------
Evaluation over 10 episodes: -0.342
---------------------------------------
Total T: 910080 Episode Num: 911 Episode T: 999 Reward: -37.664
Total T: 911079 Episode Num: 912 Episode T: 999 Reward: -35.964
Total T: 912078 Episode Num: 913 Episode T: 999 Reward: -36.821
Total T: 913077 Episode Num: 914 Episode T: 999 Reward: -36.668
Total T: 914076 Episode Num: 915 Episode T: 999 Reward: -39.178
---------------------------------------
Evaluation over 10 episodes: -0.306
---------------------------------------
Total T: 915075 Episode Num: 916 Episode T: 999 Reward: -36.017
Total T: 916074 Episode Num: 917 Episode T: 999 Reward: -38.002
Total T: 917073 Episode Num: 918 Episode T: 999 Reward: -36.135
Total T: 918072 Episode Num: 919 Episode T: 999 Reward: -36.636
Total T: 919071 Episode Num: 920 Episode T: 999 Reward: -35.939
---------------------------------------
Evaluation over 10 episodes: -0.330
---------------------------------------
Total T: 920070 Episode Num: 921 Episode T: 999 Reward: -36.901
Total T: 921069 Episode Num: 922 Episode T: 999 Reward: -35.978
Total T: 922068 Episode Num: 923 Episode T: 999 Reward: -37.039
Total T: 923067 Episode Num: 924 Episode T: 999 Reward: -37.793
Total T: 924066 Episode Num: 925 Episode T: 999 Reward: -37.138
---------------------------------------
Evaluation over 10 episodes: -0.335
---------------------------------------
Total T: 925065 Episode Num: 926 Episode T: 999 Reward: -39.244
Total T: 926064 Episode Num: 927 Episode T: 999 Reward: -36.587
Total T: 927063 Episode Num: 928 Episode T: 999 Reward: -37.145
Total T: 928062 Episode Num: 929 Episode T: 999 Reward: -36.428
Total T: 929061 Episode Num: 930 Episode T: 999 Reward: -37.330
---------------------------------------
Evaluation over 10 episodes: -0.323
---------------------------------------
Total T: 930060 Episode Num: 931 Episode T: 999 Reward: -37.146
Total T: 931059 Episode Num: 932 Episode T: 999 Reward: -37.013
Total T: 932058 Episode Num: 933 Episode T: 999 Reward: -35.693
Total T: 933057 Episode Num: 934 Episode T: 999 Reward: -37.048
Total T: 934056 Episode Num: 935 Episode T: 999 Reward: -37.866
---------------------------------------
Evaluation over 10 episodes: -0.344
---------------------------------------
Total T: 935055 Episode Num: 936 Episode T: 999 Reward: -36.888
Total T: 936054 Episode Num: 937 Episode T: 999 Reward: -37.244
Total T: 937053 Episode Num: 938 Episode T: 999 Reward: -36.720
Total T: 938052 Episode Num: 939 Episode T: 999 Reward: -36.550
Total T: 939051 Episode Num: 940 Episode T: 999 Reward: -34.599
---------------------------------------
Evaluation over 10 episodes: -0.343
---------------------------------------
Total T: 940050 Episode Num: 941 Episode T: 999 Reward: -37.818
Total T: 941049 Episode Num: 942 Episode T: 999 Reward: -36.813
Total T: 942048 Episode Num: 943 Episode T: 999 Reward: -34.597
Total T: 943047 Episode Num: 944 Episode T: 999 Reward: -36.600
Total T: 944046 Episode Num: 945 Episode T: 999 Reward: -38.178
---------------------------------------
Evaluation over 10 episodes: -0.304
---------------------------------------
Total T: 945045 Episode Num: 946 Episode T: 999 Reward: -36.913
Total T: 946044 Episode Num: 947 Episode T: 999 Reward: -39.630
Total T: 947043 Episode Num: 948 Episode T: 999 Reward: -37.598
Total T: 948042 Episode Num: 949 Episode T: 999 Reward: -36.807
Total T: 949041 Episode Num: 950 Episode T: 999 Reward: -37.604
---------------------------------------
Evaluation over 10 episodes: -0.356
---------------------------------------
Total T: 950040 Episode Num: 951 Episode T: 999 Reward: -38.457
Total T: 951039 Episode Num: 952 Episode T: 999 Reward: -39.146
Total T: 952038 Episode Num: 953 Episode T: 999 Reward: -36.917
Total T: 953037 Episode Num: 954 Episode T: 999 Reward: -37.241
Total T: 954036 Episode Num: 955 Episode T: 999 Reward: -34.704
---------------------------------------
Evaluation over 10 episodes: -0.323
---------------------------------------
Total T: 955035 Episode Num: 956 Episode T: 999 Reward: -35.280
Total T: 956034 Episode Num: 957 Episode T: 999 Reward: -37.856
Total T: 957033 Episode Num: 958 Episode T: 999 Reward: -37.467
Total T: 958032 Episode Num: 959 Episode T: 999 Reward: -38.525
Total T: 959031 Episode Num: 960 Episode T: 999 Reward: -37.646
---------------------------------------
Evaluation over 10 episodes: -0.313
---------------------------------------
Total T: 960030 Episode Num: 961 Episode T: 999 Reward: -38.363
Total T: 961029 Episode Num: 962 Episode T: 999 Reward: -38.306
Total T: 962028 Episode Num: 963 Episode T: 999 Reward: -37.263
Total T: 963027 Episode Num: 964 Episode T: 999 Reward: -36.169
Total T: 964026 Episode Num: 965 Episode T: 999 Reward: -36.961
---------------------------------------
Evaluation over 10 episodes: -0.301
---------------------------------------
Total T: 965025 Episode Num: 966 Episode T: 999 Reward: -35.055
Total T: 966024 Episode Num: 967 Episode T: 999 Reward: -37.233
Total T: 967023 Episode Num: 968 Episode T: 999 Reward: -37.634
Total T: 968022 Episode Num: 969 Episode T: 999 Reward: -37.565
Total T: 969021 Episode Num: 970 Episode T: 999 Reward: -37.787
---------------------------------------
Evaluation over 10 episodes: -0.303
---------------------------------------
Total T: 970020 Episode Num: 971 Episode T: 999 Reward: -36.422
Total T: 971019 Episode Num: 972 Episode T: 999 Reward: -37.654
Total T: 972018 Episode Num: 973 Episode T: 999 Reward: -37.430
Total T: 973017 Episode Num: 974 Episode T: 999 Reward: -37.184
Total T: 974016 Episode Num: 975 Episode T: 999 Reward: -38.506
---------------------------------------
Evaluation over 10 episodes: -0.359
---------------------------------------
Total T: 975015 Episode Num: 976 Episode T: 999 Reward: -35.982
Total T: 976014 Episode Num: 977 Episode T: 999 Reward: -38.572
Total T: 977013 Episode Num: 978 Episode T: 999 Reward: -37.514
Total T: 978012 Episode Num: 979 Episode T: 999 Reward: -36.879
Total T: 979011 Episode Num: 980 Episode T: 999 Reward: -36.035
---------------------------------------
Evaluation over 10 episodes: -0.212
---------------------------------------
Total T: 980010 Episode Num: 981 Episode T: 999 Reward: -39.094
Total T: 981009 Episode Num: 982 Episode T: 999 Reward: -36.257
Total T: 982008 Episode Num: 983 Episode T: 999 Reward: -35.987
Total T: 983007 Episode Num: 984 Episode T: 999 Reward: -36.038
Total T: 984006 Episode Num: 985 Episode T: 999 Reward: -37.215
---------------------------------------
Evaluation over 10 episodes: -0.034
---------------------------------------
Total T: 985005 Episode Num: 986 Episode T: 999 Reward: -38.442
Total T: 986004 Episode Num: 987 Episode T: 999 Reward: -38.879
Total T: 986853 Episode Num: 988 Episode T: 849 Reward: 67.934
Total T: 987852 Episode Num: 989 Episode T: 999 Reward: -36.098
Total T: 988365 Episode Num: 990 Episode T: 513 Reward: 80.896
Total T: 989364 Episode Num: 991 Episode T: 999 Reward: -36.551
Total T: 989607 Episode Num: 992 Episode T: 243 Reward: 90.843
Total T: 989984 Episode Num: 993 Episode T: 377 Reward: 83.828
---------------------------------------
Evaluation over 10 episodes: -1.171
---------------------------------------
Total T: 990498 Episode Num: 994 Episode T: 514 Reward: 78.454
Total T: 990848 Episode Num: 995 Episode T: 350 Reward: 85.182
Total T: 991033 Episode Num: 996 Episode T: 185 Reward: 90.490
Total T: 991244 Episode Num: 997 Episode T: 211 Reward: 89.210
Total T: 991762 Episode Num: 998 Episode T: 518 Reward: 80.419
Total T: 992141 Episode Num: 999 Episode T: 379 Reward: 81.803
Total T: 992613 Episode Num: 1000 Episode T: 472 Reward: 78.970
Total T: 993134 Episode Num: 1001 Episode T: 521 Reward: 78.822
Total T: 993357 Episode Num: 1002 Episode T: 223 Reward: 89.387
Total T: 993583 Episode Num: 1003 Episode T: 226 Reward: 89.522
Total T: 993804 Episode Num: 1004 Episode T: 221 Reward: 89.999
Total T: 994286 Episode Num: 1005 Episode T: 482 Reward: 78.295
Total T: 994583 Episode Num: 1006 Episode T: 297 Reward: 85.125
Total T: 994858 Episode Num: 1007 Episode T: 275 Reward: 85.553
---------------------------------------
Evaluation over 10 episodes: 26.276
---------------------------------------
Total T: 995217 Episode Num: 1008 Episode T: 359 Reward: 83.645
Total T: 995579 Episode Num: 1009 Episode T: 362 Reward: 84.160
Total T: 996578 Episode Num: 1010 Episode T: 999 Reward: -39.514
Total T: 996730 Episode Num: 1011 Episode T: 152 Reward: 92.509
Total T: 997112 Episode Num: 1012 Episode T: 382 Reward: 82.942
Total T: 997535 Episode Num: 1013 Episode T: 423 Reward: 83.169
Total T: 998534 Episode Num: 1014 Episode T: 999 Reward: -40.218
Total T: 998990 Episode Num: 1015 Episode T: 456 Reward: 78.963
Total T: 999140 Episode Num: 1016 Episode T: 150 Reward: 91.298
Total T: 999298 Episode Num: 1017 Episode T: 158 Reward: 90.723
Total T: 999542 Episode Num: 1018 Episode T: 244 Reward: 88.285
---------------------------------------
Evaluation over 10 episodes: -4.905
---------------------------------------
