---------------------------------------
Policy: TD3, Env: MountainCarContinuous-v0, Seed: 4
---------------------------------------
---------------------------------------
Evaluation over 10 episodes: -2.718
---------------------------------------
Total T: 999 Episode Num: 1 Episode T: 999 Reward: -32.894
Total T: 1998 Episode Num: 2 Episode T: 999 Reward: -31.935
Total T: 2997 Episode Num: 3 Episode T: 999 Reward: -32.444
Total T: 3996 Episode Num: 4 Episode T: 999 Reward: -33.340
Total T: 4995 Episode Num: 5 Episode T: 999 Reward: -32.633
---------------------------------------
Evaluation over 10 episodes: -2.718
---------------------------------------
Total T: 5994 Episode Num: 6 Episode T: 999 Reward: -33.815
Total T: 6993 Episode Num: 7 Episode T: 999 Reward: -32.466
Total T: 7992 Episode Num: 8 Episode T: 999 Reward: -32.389
Total T: 8991 Episode Num: 9 Episode T: 999 Reward: -32.655
Total T: 9990 Episode Num: 10 Episode T: 999 Reward: -32.725
---------------------------------------
Evaluation over 10 episodes: -2.718
---------------------------------------
Total T: 10989 Episode Num: 11 Episode T: 999 Reward: -34.183
Total T: 11988 Episode Num: 12 Episode T: 999 Reward: -32.803
Total T: 12987 Episode Num: 13 Episode T: 999 Reward: -32.300
Total T: 13986 Episode Num: 14 Episode T: 999 Reward: -32.247
Total T: 14985 Episode Num: 15 Episode T: 999 Reward: -32.019
---------------------------------------
Evaluation over 10 episodes: -2.718
---------------------------------------
Total T: 15984 Episode Num: 16 Episode T: 999 Reward: -33.184
Total T: 16983 Episode Num: 17 Episode T: 999 Reward: -34.355
Total T: 17982 Episode Num: 18 Episode T: 999 Reward: -32.440
Total T: 18981 Episode Num: 19 Episode T: 999 Reward: -33.640
Total T: 19980 Episode Num: 20 Episode T: 999 Reward: -33.945
---------------------------------------
Evaluation over 10 episodes: -2.718
---------------------------------------
Total T: 20979 Episode Num: 21 Episode T: 999 Reward: -32.381
Total T: 21978 Episode Num: 22 Episode T: 999 Reward: -32.628
Total T: 22977 Episode Num: 23 Episode T: 999 Reward: -34.269
Total T: 23976 Episode Num: 24 Episode T: 999 Reward: -31.434
Total T: 24975 Episode Num: 25 Episode T: 999 Reward: -34.012
---------------------------------------
Evaluation over 10 episodes: -2.718
---------------------------------------
Total T: 25974 Episode Num: 26 Episode T: 999 Reward: -37.737
Total T: 26973 Episode Num: 27 Episode T: 999 Reward: -37.112
Total T: 27972 Episode Num: 28 Episode T: 999 Reward: -38.455
Total T: 28971 Episode Num: 29 Episode T: 999 Reward: -34.195
Total T: 29970 Episode Num: 30 Episode T: 999 Reward: -36.744
---------------------------------------
Evaluation over 10 episodes: -0.006
---------------------------------------
Total T: 30969 Episode Num: 31 Episode T: 999 Reward: -35.676
Total T: 31968 Episode Num: 32 Episode T: 999 Reward: -35.499
Total T: 32967 Episode Num: 33 Episode T: 999 Reward: -37.766
Total T: 33966 Episode Num: 34 Episode T: 999 Reward: -35.539
Total T: 34965 Episode Num: 35 Episode T: 999 Reward: -35.858
---------------------------------------
Evaluation over 10 episodes: -0.003
---------------------------------------
Total T: 35964 Episode Num: 36 Episode T: 999 Reward: -35.628
Total T: 36963 Episode Num: 37 Episode T: 999 Reward: -37.739
Total T: 37962 Episode Num: 38 Episode T: 999 Reward: -37.697
Total T: 38961 Episode Num: 39 Episode T: 999 Reward: -37.007
Total T: 39960 Episode Num: 40 Episode T: 999 Reward: -35.827
---------------------------------------
Evaluation over 10 episodes: -0.002
---------------------------------------
Total T: 40959 Episode Num: 41 Episode T: 999 Reward: -37.604
Total T: 41958 Episode Num: 42 Episode T: 999 Reward: -33.252
Total T: 42957 Episode Num: 43 Episode T: 999 Reward: -35.973
Total T: 43956 Episode Num: 44 Episode T: 999 Reward: -37.132
Total T: 44955 Episode Num: 45 Episode T: 999 Reward: -36.680
---------------------------------------
Evaluation over 10 episodes: -0.004
---------------------------------------
Total T: 45954 Episode Num: 46 Episode T: 999 Reward: -33.556
Total T: 46953 Episode Num: 47 Episode T: 999 Reward: -35.473
Total T: 47952 Episode Num: 48 Episode T: 999 Reward: -36.164
Total T: 48951 Episode Num: 49 Episode T: 999 Reward: -36.873
Total T: 49950 Episode Num: 50 Episode T: 999 Reward: -37.634
---------------------------------------
Evaluation over 10 episodes: -0.044
---------------------------------------
Total T: 50949 Episode Num: 51 Episode T: 999 Reward: -38.005
Total T: 51948 Episode Num: 52 Episode T: 999 Reward: -37.369
Total T: 52947 Episode Num: 53 Episode T: 999 Reward: -37.874
Total T: 53946 Episode Num: 54 Episode T: 999 Reward: -37.042
Total T: 54945 Episode Num: 55 Episode T: 999 Reward: -35.563
---------------------------------------
Evaluation over 10 episodes: -0.044
---------------------------------------
Total T: 55944 Episode Num: 56 Episode T: 999 Reward: -36.341
Total T: 56943 Episode Num: 57 Episode T: 999 Reward: -36.479
Total T: 57942 Episode Num: 58 Episode T: 999 Reward: -35.463
Total T: 58941 Episode Num: 59 Episode T: 999 Reward: -36.338
Total T: 59940 Episode Num: 60 Episode T: 999 Reward: -37.375
---------------------------------------
Evaluation over 10 episodes: -0.035
---------------------------------------
Total T: 60939 Episode Num: 61 Episode T: 999 Reward: -35.402
Total T: 61938 Episode Num: 62 Episode T: 999 Reward: -38.180
Total T: 62937 Episode Num: 63 Episode T: 999 Reward: -37.926
Total T: 63936 Episode Num: 64 Episode T: 999 Reward: -37.553
Total T: 64935 Episode Num: 65 Episode T: 999 Reward: -37.118
---------------------------------------
Evaluation over 10 episodes: -0.021
---------------------------------------
Total T: 65934 Episode Num: 66 Episode T: 999 Reward: -35.130
Total T: 66933 Episode Num: 67 Episode T: 999 Reward: -35.664
Total T: 67932 Episode Num: 68 Episode T: 999 Reward: -36.096
Total T: 68931 Episode Num: 69 Episode T: 999 Reward: -37.924
Total T: 69930 Episode Num: 70 Episode T: 999 Reward: -37.257
---------------------------------------
Evaluation over 10 episodes: -0.010
---------------------------------------
Total T: 70929 Episode Num: 71 Episode T: 999 Reward: -35.388
Total T: 71928 Episode Num: 72 Episode T: 999 Reward: -36.450
Total T: 72927 Episode Num: 73 Episode T: 999 Reward: -37.627
Total T: 73926 Episode Num: 74 Episode T: 999 Reward: -37.466
Total T: 74925 Episode Num: 75 Episode T: 999 Reward: -35.113
---------------------------------------
Evaluation over 10 episodes: -0.038
---------------------------------------
Total T: 75924 Episode Num: 76 Episode T: 999 Reward: -38.279
Total T: 76923 Episode Num: 77 Episode T: 999 Reward: -36.022
Total T: 77922 Episode Num: 78 Episode T: 999 Reward: -35.290
Total T: 78921 Episode Num: 79 Episode T: 999 Reward: -37.205
Total T: 79920 Episode Num: 80 Episode T: 999 Reward: -35.789
---------------------------------------
Evaluation over 10 episodes: -0.013
---------------------------------------
Total T: 80919 Episode Num: 81 Episode T: 999 Reward: -37.085
Total T: 81918 Episode Num: 82 Episode T: 999 Reward: -37.144
Total T: 82917 Episode Num: 83 Episode T: 999 Reward: -38.109
Total T: 83916 Episode Num: 84 Episode T: 999 Reward: -37.088
Total T: 84915 Episode Num: 85 Episode T: 999 Reward: -36.672
---------------------------------------
Evaluation over 10 episodes: -0.013
---------------------------------------
Total T: 85914 Episode Num: 86 Episode T: 999 Reward: -35.936
Total T: 86913 Episode Num: 87 Episode T: 999 Reward: -36.024
Total T: 87912 Episode Num: 88 Episode T: 999 Reward: -37.161
Total T: 88911 Episode Num: 89 Episode T: 999 Reward: -36.990
Total T: 89910 Episode Num: 90 Episode T: 999 Reward: -38.044
---------------------------------------
Evaluation over 10 episodes: -0.025
---------------------------------------
Total T: 90909 Episode Num: 91 Episode T: 999 Reward: -35.934
Total T: 91908 Episode Num: 92 Episode T: 999 Reward: -36.455
Total T: 92907 Episode Num: 93 Episode T: 999 Reward: -35.422
Total T: 93906 Episode Num: 94 Episode T: 999 Reward: -36.153
Total T: 94905 Episode Num: 95 Episode T: 999 Reward: -36.160
---------------------------------------
Evaluation over 10 episodes: -0.035
---------------------------------------
Total T: 95904 Episode Num: 96 Episode T: 999 Reward: -37.116
Total T: 96903 Episode Num: 97 Episode T: 999 Reward: -39.135
Total T: 97902 Episode Num: 98 Episode T: 999 Reward: -35.462
Total T: 98901 Episode Num: 99 Episode T: 999 Reward: -36.747
Total T: 99900 Episode Num: 100 Episode T: 999 Reward: -37.118
---------------------------------------
Evaluation over 10 episodes: -0.047
---------------------------------------
Total T: 100899 Episode Num: 101 Episode T: 999 Reward: -35.248
Total T: 101898 Episode Num: 102 Episode T: 999 Reward: -37.765
Total T: 102897 Episode Num: 103 Episode T: 999 Reward: -37.245
Total T: 103896 Episode Num: 104 Episode T: 999 Reward: -34.869
Total T: 104895 Episode Num: 105 Episode T: 999 Reward: -36.896
---------------------------------------
Evaluation over 10 episodes: -0.033
---------------------------------------
Total T: 105894 Episode Num: 106 Episode T: 999 Reward: -34.258
Total T: 106893 Episode Num: 107 Episode T: 999 Reward: -36.584
Total T: 107892 Episode Num: 108 Episode T: 999 Reward: -35.312
Total T: 108891 Episode Num: 109 Episode T: 999 Reward: -38.575
Total T: 109890 Episode Num: 110 Episode T: 999 Reward: -37.649
---------------------------------------
Evaluation over 10 episodes: -0.021
---------------------------------------
Total T: 110889 Episode Num: 111 Episode T: 999 Reward: -37.583
Total T: 111888 Episode Num: 112 Episode T: 999 Reward: -38.229
Total T: 112887 Episode Num: 113 Episode T: 999 Reward: -34.884
Total T: 113886 Episode Num: 114 Episode T: 999 Reward: -35.596
Total T: 114885 Episode Num: 115 Episode T: 999 Reward: -36.969
---------------------------------------
Evaluation over 10 episodes: -0.027
---------------------------------------
Total T: 115884 Episode Num: 116 Episode T: 999 Reward: -36.931
Total T: 116883 Episode Num: 117 Episode T: 999 Reward: -36.840
Total T: 117882 Episode Num: 118 Episode T: 999 Reward: -37.716
Total T: 118881 Episode Num: 119 Episode T: 999 Reward: -34.004
Total T: 119880 Episode Num: 120 Episode T: 999 Reward: -36.472
---------------------------------------
Evaluation over 10 episodes: -0.010
---------------------------------------
Total T: 120879 Episode Num: 121 Episode T: 999 Reward: -36.346
Total T: 121878 Episode Num: 122 Episode T: 999 Reward: -36.483
Total T: 122877 Episode Num: 123 Episode T: 999 Reward: -34.885
Total T: 123876 Episode Num: 124 Episode T: 999 Reward: -38.376
Total T: 124875 Episode Num: 125 Episode T: 999 Reward: -36.611
---------------------------------------
Evaluation over 10 episodes: -0.008
---------------------------------------
Total T: 125874 Episode Num: 126 Episode T: 999 Reward: -35.990
Total T: 126873 Episode Num: 127 Episode T: 999 Reward: -38.138
Total T: 127872 Episode Num: 128 Episode T: 999 Reward: -37.297
Total T: 128871 Episode Num: 129 Episode T: 999 Reward: -37.226
Total T: 129870 Episode Num: 130 Episode T: 999 Reward: -35.676
---------------------------------------
Evaluation over 10 episodes: -0.005
---------------------------------------
Total T: 130869 Episode Num: 131 Episode T: 999 Reward: -36.257
Total T: 131868 Episode Num: 132 Episode T: 999 Reward: -37.290
Total T: 132867 Episode Num: 133 Episode T: 999 Reward: -36.076
Total T: 133866 Episode Num: 134 Episode T: 999 Reward: -35.114
Total T: 134865 Episode Num: 135 Episode T: 999 Reward: -36.370
---------------------------------------
Evaluation over 10 episodes: -0.019
---------------------------------------
Total T: 135864 Episode Num: 136 Episode T: 999 Reward: -37.307
Total T: 136863 Episode Num: 137 Episode T: 999 Reward: -38.369
Total T: 137862 Episode Num: 138 Episode T: 999 Reward: -37.665
Total T: 138861 Episode Num: 139 Episode T: 999 Reward: -37.715
Total T: 139860 Episode Num: 140 Episode T: 999 Reward: -36.898
---------------------------------------
Evaluation over 10 episodes: -0.011
---------------------------------------
Total T: 140859 Episode Num: 141 Episode T: 999 Reward: -38.018
Total T: 141858 Episode Num: 142 Episode T: 999 Reward: -38.913
Total T: 142857 Episode Num: 143 Episode T: 999 Reward: -36.445
Total T: 143856 Episode Num: 144 Episode T: 999 Reward: -37.314
Total T: 144855 Episode Num: 145 Episode T: 999 Reward: -34.146
---------------------------------------
Evaluation over 10 episodes: -0.016
---------------------------------------
Total T: 145854 Episode Num: 146 Episode T: 999 Reward: -37.367
Total T: 146853 Episode Num: 147 Episode T: 999 Reward: -37.823
Total T: 147852 Episode Num: 148 Episode T: 999 Reward: -38.134
Total T: 148851 Episode Num: 149 Episode T: 999 Reward: -38.493
Total T: 149850 Episode Num: 150 Episode T: 999 Reward: -35.716
---------------------------------------
Evaluation over 10 episodes: -0.008
---------------------------------------
Total T: 150849 Episode Num: 151 Episode T: 999 Reward: -36.309
Total T: 151848 Episode Num: 152 Episode T: 999 Reward: -36.797
Total T: 152847 Episode Num: 153 Episode T: 999 Reward: -36.844
Total T: 153846 Episode Num: 154 Episode T: 999 Reward: -35.736
Total T: 154845 Episode Num: 155 Episode T: 999 Reward: -36.765
---------------------------------------
Evaluation over 10 episodes: -0.006
---------------------------------------
Total T: 155844 Episode Num: 156 Episode T: 999 Reward: -38.563
Total T: 156843 Episode Num: 157 Episode T: 999 Reward: -38.250
Total T: 157842 Episode Num: 158 Episode T: 999 Reward: -37.007
Total T: 158841 Episode Num: 159 Episode T: 999 Reward: -37.507
Total T: 159840 Episode Num: 160 Episode T: 999 Reward: -37.007
---------------------------------------
Evaluation over 10 episodes: -0.008
---------------------------------------
Total T: 160839 Episode Num: 161 Episode T: 999 Reward: -36.738
Total T: 161838 Episode Num: 162 Episode T: 999 Reward: -37.020
Total T: 162837 Episode Num: 163 Episode T: 999 Reward: -37.695
Total T: 163836 Episode Num: 164 Episode T: 999 Reward: -37.619
Total T: 164835 Episode Num: 165 Episode T: 999 Reward: -37.157
---------------------------------------
Evaluation over 10 episodes: -0.010
---------------------------------------
Total T: 165834 Episode Num: 166 Episode T: 999 Reward: -35.137
Total T: 166833 Episode Num: 167 Episode T: 999 Reward: -37.489
Total T: 167832 Episode Num: 168 Episode T: 999 Reward: -35.304
Total T: 168831 Episode Num: 169 Episode T: 999 Reward: -36.258
Total T: 169830 Episode Num: 170 Episode T: 999 Reward: -37.093
---------------------------------------
Evaluation over 10 episodes: -0.010
---------------------------------------
Total T: 170829 Episode Num: 171 Episode T: 999 Reward: -35.582
Total T: 171828 Episode Num: 172 Episode T: 999 Reward: -37.346
Total T: 172827 Episode Num: 173 Episode T: 999 Reward: -37.685
Total T: 173826 Episode Num: 174 Episode T: 999 Reward: -37.394
Total T: 174825 Episode Num: 175 Episode T: 999 Reward: -38.734
---------------------------------------
Evaluation over 10 episodes: -0.012
---------------------------------------
Total T: 175824 Episode Num: 176 Episode T: 999 Reward: -36.464
Total T: 176823 Episode Num: 177 Episode T: 999 Reward: -35.068
Total T: 177822 Episode Num: 178 Episode T: 999 Reward: -35.581
Total T: 178821 Episode Num: 179 Episode T: 999 Reward: -35.727
Total T: 179820 Episode Num: 180 Episode T: 999 Reward: -36.924
---------------------------------------
Evaluation over 10 episodes: -0.022
---------------------------------------
Total T: 180819 Episode Num: 181 Episode T: 999 Reward: -36.614
Total T: 181818 Episode Num: 182 Episode T: 999 Reward: -37.087
Total T: 182817 Episode Num: 183 Episode T: 999 Reward: -36.254
Total T: 183816 Episode Num: 184 Episode T: 999 Reward: -35.281
Total T: 184815 Episode Num: 185 Episode T: 999 Reward: -35.968
---------------------------------------
Evaluation over 10 episodes: -0.019
---------------------------------------
Total T: 185814 Episode Num: 186 Episode T: 999 Reward: -35.141
Total T: 186813 Episode Num: 187 Episode T: 999 Reward: -37.263
Total T: 187812 Episode Num: 188 Episode T: 999 Reward: -38.145
Total T: 188811 Episode Num: 189 Episode T: 999 Reward: -37.105
Total T: 189810 Episode Num: 190 Episode T: 999 Reward: -35.965
---------------------------------------
Evaluation over 10 episodes: -0.033
---------------------------------------
Total T: 190809 Episode Num: 191 Episode T: 999 Reward: -35.056
Total T: 191808 Episode Num: 192 Episode T: 999 Reward: -36.235
Total T: 192807 Episode Num: 193 Episode T: 999 Reward: -36.543
Total T: 193806 Episode Num: 194 Episode T: 999 Reward: -37.011
Total T: 194805 Episode Num: 195 Episode T: 999 Reward: -36.568
---------------------------------------
Evaluation over 10 episodes: -0.018
---------------------------------------
Total T: 195804 Episode Num: 196 Episode T: 999 Reward: -36.561
Total T: 196803 Episode Num: 197 Episode T: 999 Reward: -34.952
Total T: 197802 Episode Num: 198 Episode T: 999 Reward: -36.894
Total T: 198801 Episode Num: 199 Episode T: 999 Reward: -35.194
Total T: 199800 Episode Num: 200 Episode T: 999 Reward: -38.396
---------------------------------------
Evaluation over 10 episodes: -0.022
---------------------------------------
Total T: 200799 Episode Num: 201 Episode T: 999 Reward: -36.315
Total T: 201798 Episode Num: 202 Episode T: 999 Reward: -35.987
Total T: 202797 Episode Num: 203 Episode T: 999 Reward: -38.225
Total T: 203796 Episode Num: 204 Episode T: 999 Reward: -36.332
Total T: 204795 Episode Num: 205 Episode T: 999 Reward: -38.742
---------------------------------------
Evaluation over 10 episodes: -0.022
---------------------------------------
Total T: 205794 Episode Num: 206 Episode T: 999 Reward: -36.630
Total T: 206793 Episode Num: 207 Episode T: 999 Reward: -36.242
Total T: 207792 Episode Num: 208 Episode T: 999 Reward: -35.871
Total T: 208791 Episode Num: 209 Episode T: 999 Reward: -36.580
Total T: 209790 Episode Num: 210 Episode T: 999 Reward: -35.379
---------------------------------------
Evaluation over 10 episodes: -0.017
---------------------------------------
Total T: 210789 Episode Num: 211 Episode T: 999 Reward: -35.981
Total T: 211788 Episode Num: 212 Episode T: 999 Reward: -38.455
Total T: 212787 Episode Num: 213 Episode T: 999 Reward: -35.420
Total T: 213786 Episode Num: 214 Episode T: 999 Reward: -37.150
Total T: 214785 Episode Num: 215 Episode T: 999 Reward: -36.732
---------------------------------------
Evaluation over 10 episodes: -0.016
---------------------------------------
Total T: 215784 Episode Num: 216 Episode T: 999 Reward: -38.754
Total T: 216783 Episode Num: 217 Episode T: 999 Reward: -37.003
Total T: 217782 Episode Num: 218 Episode T: 999 Reward: -37.931
Total T: 218781 Episode Num: 219 Episode T: 999 Reward: -38.109
Total T: 219780 Episode Num: 220 Episode T: 999 Reward: -34.746
---------------------------------------
Evaluation over 10 episodes: -0.016
---------------------------------------
Total T: 220779 Episode Num: 221 Episode T: 999 Reward: -37.957
Total T: 221778 Episode Num: 222 Episode T: 999 Reward: -37.300
Total T: 222777 Episode Num: 223 Episode T: 999 Reward: -38.333
Total T: 223776 Episode Num: 224 Episode T: 999 Reward: -36.178
Total T: 224775 Episode Num: 225 Episode T: 999 Reward: -35.585
---------------------------------------
Evaluation over 10 episodes: -0.019
---------------------------------------
Total T: 225774 Episode Num: 226 Episode T: 999 Reward: -36.529
Total T: 226773 Episode Num: 227 Episode T: 999 Reward: -37.250
Total T: 227772 Episode Num: 228 Episode T: 999 Reward: -35.720
Total T: 228771 Episode Num: 229 Episode T: 999 Reward: -35.648
Total T: 229770 Episode Num: 230 Episode T: 999 Reward: -36.762
---------------------------------------
Evaluation over 10 episodes: -0.023
---------------------------------------
Total T: 230769 Episode Num: 231 Episode T: 999 Reward: -38.016
Total T: 231768 Episode Num: 232 Episode T: 999 Reward: -36.780
Total T: 232767 Episode Num: 233 Episode T: 999 Reward: -38.805
Total T: 233766 Episode Num: 234 Episode T: 999 Reward: -34.388
Total T: 234765 Episode Num: 235 Episode T: 999 Reward: -38.360
---------------------------------------
Evaluation over 10 episodes: -0.029
---------------------------------------
Total T: 235764 Episode Num: 236 Episode T: 999 Reward: -34.766
Total T: 236763 Episode Num: 237 Episode T: 999 Reward: -34.425
Total T: 237762 Episode Num: 238 Episode T: 999 Reward: -36.885
Total T: 238761 Episode Num: 239 Episode T: 999 Reward: -34.564
Total T: 239760 Episode Num: 240 Episode T: 999 Reward: -35.845
---------------------------------------
Evaluation over 10 episodes: -0.062
---------------------------------------
Total T: 240759 Episode Num: 241 Episode T: 999 Reward: -34.223
Total T: 241758 Episode Num: 242 Episode T: 999 Reward: -35.824
Total T: 242757 Episode Num: 243 Episode T: 999 Reward: -37.334
Total T: 243756 Episode Num: 244 Episode T: 999 Reward: -36.632
Total T: 244755 Episode Num: 245 Episode T: 999 Reward: -35.779
---------------------------------------
Evaluation over 10 episodes: -0.024
---------------------------------------
Total T: 245754 Episode Num: 246 Episode T: 999 Reward: -39.055
Total T: 246753 Episode Num: 247 Episode T: 999 Reward: -34.655
Total T: 247752 Episode Num: 248 Episode T: 999 Reward: -37.324
Total T: 248751 Episode Num: 249 Episode T: 999 Reward: -34.581
Total T: 249750 Episode Num: 250 Episode T: 999 Reward: -37.113
---------------------------------------
Evaluation over 10 episodes: -0.021
---------------------------------------
Total T: 250749 Episode Num: 251 Episode T: 999 Reward: -37.462
Total T: 251748 Episode Num: 252 Episode T: 999 Reward: -36.451
Total T: 252747 Episode Num: 253 Episode T: 999 Reward: -34.744
Total T: 253746 Episode Num: 254 Episode T: 999 Reward: -35.138
Total T: 254745 Episode Num: 255 Episode T: 999 Reward: -36.802
---------------------------------------
Evaluation over 10 episodes: -0.023
---------------------------------------
Total T: 255744 Episode Num: 256 Episode T: 999 Reward: -38.821
Total T: 256743 Episode Num: 257 Episode T: 999 Reward: -40.622
Total T: 257742 Episode Num: 258 Episode T: 999 Reward: -36.798
Total T: 258741 Episode Num: 259 Episode T: 999 Reward: -37.374
Total T: 259740 Episode Num: 260 Episode T: 999 Reward: -36.755
---------------------------------------
Evaluation over 10 episodes: -0.012
---------------------------------------
Total T: 260739 Episode Num: 261 Episode T: 999 Reward: -35.743
Total T: 261738 Episode Num: 262 Episode T: 999 Reward: -35.817
Total T: 262737 Episode Num: 263 Episode T: 999 Reward: -36.050
Total T: 263736 Episode Num: 264 Episode T: 999 Reward: -35.832
Total T: 264735 Episode Num: 265 Episode T: 999 Reward: -35.896
---------------------------------------
Evaluation over 10 episodes: -0.019
---------------------------------------
Total T: 265734 Episode Num: 266 Episode T: 999 Reward: -36.102
Total T: 266733 Episode Num: 267 Episode T: 999 Reward: -36.292
Total T: 267732 Episode Num: 268 Episode T: 999 Reward: -36.502
Total T: 268731 Episode Num: 269 Episode T: 999 Reward: -37.036
Total T: 269730 Episode Num: 270 Episode T: 999 Reward: -35.371
---------------------------------------
Evaluation over 10 episodes: -0.016
---------------------------------------
Total T: 270729 Episode Num: 271 Episode T: 999 Reward: -34.622
Total T: 271728 Episode Num: 272 Episode T: 999 Reward: -37.727
Total T: 272727 Episode Num: 273 Episode T: 999 Reward: -35.545
Total T: 273726 Episode Num: 274 Episode T: 999 Reward: -36.950
Total T: 274725 Episode Num: 275 Episode T: 999 Reward: -36.712
---------------------------------------
Evaluation over 10 episodes: -0.007
---------------------------------------
Total T: 275724 Episode Num: 276 Episode T: 999 Reward: -36.194
Total T: 276723 Episode Num: 277 Episode T: 999 Reward: -36.169
Total T: 277722 Episode Num: 278 Episode T: 999 Reward: -38.516
Total T: 278721 Episode Num: 279 Episode T: 999 Reward: -39.114
Total T: 279720 Episode Num: 280 Episode T: 999 Reward: -36.254
---------------------------------------
Evaluation over 10 episodes: -0.005
---------------------------------------
Total T: 280719 Episode Num: 281 Episode T: 999 Reward: -35.729
Total T: 281718 Episode Num: 282 Episode T: 999 Reward: -36.401
Total T: 282717 Episode Num: 283 Episode T: 999 Reward: -36.137
Total T: 283716 Episode Num: 284 Episode T: 999 Reward: -37.306
Total T: 284715 Episode Num: 285 Episode T: 999 Reward: -37.596
---------------------------------------
Evaluation over 10 episodes: -0.004
---------------------------------------
Total T: 285714 Episode Num: 286 Episode T: 999 Reward: -37.285
Total T: 286713 Episode Num: 287 Episode T: 999 Reward: -37.073
Total T: 287712 Episode Num: 288 Episode T: 999 Reward: -35.854
Total T: 288711 Episode Num: 289 Episode T: 999 Reward: -37.720
Total T: 289710 Episode Num: 290 Episode T: 999 Reward: -36.778
---------------------------------------
Evaluation over 10 episodes: -0.004
---------------------------------------
Total T: 290709 Episode Num: 291 Episode T: 999 Reward: -38.357
Total T: 291708 Episode Num: 292 Episode T: 999 Reward: -37.638
Total T: 292707 Episode Num: 293 Episode T: 999 Reward: -36.728
Total T: 293706 Episode Num: 294 Episode T: 999 Reward: -37.077
Total T: 294705 Episode Num: 295 Episode T: 999 Reward: -36.354
---------------------------------------
Evaluation over 10 episodes: -0.002
---------------------------------------
Total T: 295704 Episode Num: 296 Episode T: 999 Reward: -35.173
Total T: 296703 Episode Num: 297 Episode T: 999 Reward: -37.019
Total T: 297702 Episode Num: 298 Episode T: 999 Reward: -35.720
Total T: 298701 Episode Num: 299 Episode T: 999 Reward: -36.335
Total T: 299700 Episode Num: 300 Episode T: 999 Reward: -36.781
---------------------------------------
Evaluation over 10 episodes: -0.006
---------------------------------------
Total T: 300699 Episode Num: 301 Episode T: 999 Reward: -36.283
Total T: 301698 Episode Num: 302 Episode T: 999 Reward: -36.951
Total T: 302697 Episode Num: 303 Episode T: 999 Reward: -37.425
Total T: 303696 Episode Num: 304 Episode T: 999 Reward: -37.091
Total T: 304695 Episode Num: 305 Episode T: 999 Reward: -35.806
---------------------------------------
Evaluation over 10 episodes: -0.006
---------------------------------------
Total T: 305694 Episode Num: 306 Episode T: 999 Reward: -36.979
Total T: 306693 Episode Num: 307 Episode T: 999 Reward: -36.850
Total T: 307692 Episode Num: 308 Episode T: 999 Reward: -38.273
Total T: 308691 Episode Num: 309 Episode T: 999 Reward: -38.318
Total T: 309690 Episode Num: 310 Episode T: 999 Reward: -37.177
---------------------------------------
Evaluation over 10 episodes: -0.026
---------------------------------------
Total T: 310689 Episode Num: 311 Episode T: 999 Reward: -36.988
Total T: 311688 Episode Num: 312 Episode T: 999 Reward: -36.448
Total T: 312687 Episode Num: 313 Episode T: 999 Reward: -36.421
Total T: 313686 Episode Num: 314 Episode T: 999 Reward: -35.891
Total T: 314685 Episode Num: 315 Episode T: 999 Reward: -34.857
---------------------------------------
Evaluation over 10 episodes: -0.016
---------------------------------------
Total T: 315684 Episode Num: 316 Episode T: 999 Reward: -35.094
Total T: 316683 Episode Num: 317 Episode T: 999 Reward: -35.508
Total T: 317682 Episode Num: 318 Episode T: 999 Reward: -36.280
Total T: 318681 Episode Num: 319 Episode T: 999 Reward: -36.008
Total T: 319680 Episode Num: 320 Episode T: 999 Reward: -38.429
---------------------------------------
Evaluation over 10 episodes: -0.034
---------------------------------------
Total T: 320679 Episode Num: 321 Episode T: 999 Reward: -38.013
Total T: 321678 Episode Num: 322 Episode T: 999 Reward: -37.716
Total T: 322677 Episode Num: 323 Episode T: 999 Reward: -36.618
Total T: 323676 Episode Num: 324 Episode T: 999 Reward: -35.094
Total T: 324675 Episode Num: 325 Episode T: 999 Reward: -37.310
---------------------------------------
Evaluation over 10 episodes: -0.030
---------------------------------------
Total T: 325674 Episode Num: 326 Episode T: 999 Reward: -36.309
Total T: 326673 Episode Num: 327 Episode T: 999 Reward: -38.899
Total T: 327672 Episode Num: 328 Episode T: 999 Reward: -34.273
Total T: 328671 Episode Num: 329 Episode T: 999 Reward: -37.804
Total T: 329670 Episode Num: 330 Episode T: 999 Reward: -37.061
---------------------------------------
Evaluation over 10 episodes: -0.006
---------------------------------------
Total T: 330669 Episode Num: 331 Episode T: 999 Reward: -36.670
Total T: 331668 Episode Num: 332 Episode T: 999 Reward: -35.550
Total T: 332667 Episode Num: 333 Episode T: 999 Reward: -37.507
Total T: 333666 Episode Num: 334 Episode T: 999 Reward: -38.882
Total T: 334665 Episode Num: 335 Episode T: 999 Reward: -35.836
---------------------------------------
Evaluation over 10 episodes: -0.008
---------------------------------------
Total T: 335664 Episode Num: 336 Episode T: 999 Reward: -37.197
Total T: 336663 Episode Num: 337 Episode T: 999 Reward: -36.678
Total T: 337662 Episode Num: 338 Episode T: 999 Reward: -36.439
Total T: 338661 Episode Num: 339 Episode T: 999 Reward: -36.737
Total T: 339660 Episode Num: 340 Episode T: 999 Reward: -37.106
---------------------------------------
Evaluation over 10 episodes: -0.002
---------------------------------------
Total T: 340659 Episode Num: 341 Episode T: 999 Reward: -37.291
Total T: 341658 Episode Num: 342 Episode T: 999 Reward: -37.315
Total T: 342657 Episode Num: 343 Episode T: 999 Reward: -38.397
Total T: 343656 Episode Num: 344 Episode T: 999 Reward: -37.194
Total T: 344655 Episode Num: 345 Episode T: 999 Reward: -36.916
---------------------------------------
Evaluation over 10 episodes: -0.001
---------------------------------------
Total T: 345654 Episode Num: 346 Episode T: 999 Reward: -35.909
Total T: 346653 Episode Num: 347 Episode T: 999 Reward: -38.321
Total T: 347652 Episode Num: 348 Episode T: 999 Reward: -38.068
Total T: 348651 Episode Num: 349 Episode T: 999 Reward: -36.558
Total T: 349650 Episode Num: 350 Episode T: 999 Reward: -37.143
---------------------------------------
Evaluation over 10 episodes: -0.002
---------------------------------------
Total T: 350649 Episode Num: 351 Episode T: 999 Reward: -36.049
Total T: 351648 Episode Num: 352 Episode T: 999 Reward: -35.778
Total T: 352647 Episode Num: 353 Episode T: 999 Reward: -37.720
Total T: 353646 Episode Num: 354 Episode T: 999 Reward: -38.260
Total T: 354645 Episode Num: 355 Episode T: 999 Reward: -37.189
---------------------------------------
Evaluation over 10 episodes: -0.020
---------------------------------------
Total T: 355644 Episode Num: 356 Episode T: 999 Reward: -36.823
Total T: 356643 Episode Num: 357 Episode T: 999 Reward: -36.505
Total T: 357642 Episode Num: 358 Episode T: 999 Reward: -36.081
Total T: 358641 Episode Num: 359 Episode T: 999 Reward: -37.941
Total T: 359640 Episode Num: 360 Episode T: 999 Reward: -35.909
---------------------------------------
Evaluation over 10 episodes: -0.010
---------------------------------------
Total T: 360639 Episode Num: 361 Episode T: 999 Reward: -36.841
Total T: 361638 Episode Num: 362 Episode T: 999 Reward: -35.865
Total T: 362637 Episode Num: 363 Episode T: 999 Reward: -34.741
Total T: 363636 Episode Num: 364 Episode T: 999 Reward: -37.455
Total T: 364635 Episode Num: 365 Episode T: 999 Reward: -38.100
---------------------------------------
Evaluation over 10 episodes: -0.003
---------------------------------------
Total T: 365634 Episode Num: 366 Episode T: 999 Reward: -38.299
Total T: 366633 Episode Num: 367 Episode T: 999 Reward: -35.253
Total T: 367632 Episode Num: 368 Episode T: 999 Reward: -36.393
Total T: 368631 Episode Num: 369 Episode T: 999 Reward: -36.158
Total T: 369630 Episode Num: 370 Episode T: 999 Reward: -36.831
---------------------------------------
Evaluation over 10 episodes: -0.009
---------------------------------------
Total T: 370629 Episode Num: 371 Episode T: 999 Reward: -35.535
Total T: 371628 Episode Num: 372 Episode T: 999 Reward: -36.833
Total T: 372627 Episode Num: 373 Episode T: 999 Reward: -37.258
Total T: 373626 Episode Num: 374 Episode T: 999 Reward: -37.529
Total T: 374625 Episode Num: 375 Episode T: 999 Reward: -35.097
---------------------------------------
Evaluation over 10 episodes: -0.014
---------------------------------------
Total T: 375624 Episode Num: 376 Episode T: 999 Reward: -36.915
Total T: 376623 Episode Num: 377 Episode T: 999 Reward: -36.930
Total T: 377622 Episode Num: 378 Episode T: 999 Reward: -36.842
Total T: 378621 Episode Num: 379 Episode T: 999 Reward: -37.881
Total T: 379620 Episode Num: 380 Episode T: 999 Reward: -37.196
---------------------------------------
Evaluation over 10 episodes: -0.029
---------------------------------------
Total T: 380619 Episode Num: 381 Episode T: 999 Reward: -38.658
Total T: 381618 Episode Num: 382 Episode T: 999 Reward: -35.306
Total T: 382617 Episode Num: 383 Episode T: 999 Reward: -36.696
Total T: 383616 Episode Num: 384 Episode T: 999 Reward: -36.363
Total T: 384615 Episode Num: 385 Episode T: 999 Reward: -37.082
---------------------------------------
Evaluation over 10 episodes: -0.023
---------------------------------------
Total T: 385614 Episode Num: 386 Episode T: 999 Reward: -36.441
Total T: 386613 Episode Num: 387 Episode T: 999 Reward: -37.921
Total T: 387612 Episode Num: 388 Episode T: 999 Reward: -36.338
Total T: 388611 Episode Num: 389 Episode T: 999 Reward: -36.825
Total T: 389610 Episode Num: 390 Episode T: 999 Reward: -36.568
---------------------------------------
Evaluation over 10 episodes: -0.010
---------------------------------------
Total T: 390609 Episode Num: 391 Episode T: 999 Reward: -36.039
Total T: 391608 Episode Num: 392 Episode T: 999 Reward: -37.738
Total T: 392607 Episode Num: 393 Episode T: 999 Reward: -38.964
Total T: 393606 Episode Num: 394 Episode T: 999 Reward: -35.344
Total T: 394605 Episode Num: 395 Episode T: 999 Reward: -36.567
---------------------------------------
Evaluation over 10 episodes: -0.016
---------------------------------------
Total T: 395604 Episode Num: 396 Episode T: 999 Reward: -34.147
Total T: 396603 Episode Num: 397 Episode T: 999 Reward: -36.584
Total T: 397602 Episode Num: 398 Episode T: 999 Reward: -36.890
Total T: 398601 Episode Num: 399 Episode T: 999 Reward: -37.048
Total T: 399600 Episode Num: 400 Episode T: 999 Reward: -37.442
---------------------------------------
Evaluation over 10 episodes: -0.011
---------------------------------------
Total T: 400599 Episode Num: 401 Episode T: 999 Reward: -34.482
Total T: 401598 Episode Num: 402 Episode T: 999 Reward: -36.129
Total T: 402597 Episode Num: 403 Episode T: 999 Reward: -36.718
Total T: 403596 Episode Num: 404 Episode T: 999 Reward: -37.905
Total T: 404595 Episode Num: 405 Episode T: 999 Reward: -36.308
---------------------------------------
Evaluation over 10 episodes: -0.012
---------------------------------------
Total T: 405594 Episode Num: 406 Episode T: 999 Reward: -36.713
Total T: 406593 Episode Num: 407 Episode T: 999 Reward: -35.373
Total T: 407592 Episode Num: 408 Episode T: 999 Reward: -36.985
Total T: 408591 Episode Num: 409 Episode T: 999 Reward: -33.379
Total T: 409590 Episode Num: 410 Episode T: 999 Reward: -37.254
---------------------------------------
Evaluation over 10 episodes: -0.015
---------------------------------------
Total T: 410589 Episode Num: 411 Episode T: 999 Reward: -35.747
Total T: 411588 Episode Num: 412 Episode T: 999 Reward: -37.252
Total T: 412587 Episode Num: 413 Episode T: 999 Reward: -38.183
Total T: 413586 Episode Num: 414 Episode T: 999 Reward: -38.058
Total T: 414585 Episode Num: 415 Episode T: 999 Reward: -34.815
---------------------------------------
Evaluation over 10 episodes: -0.017
---------------------------------------
Total T: 415584 Episode Num: 416 Episode T: 999 Reward: -38.035
Total T: 416583 Episode Num: 417 Episode T: 999 Reward: -38.371
Total T: 417582 Episode Num: 418 Episode T: 999 Reward: -35.583
Total T: 418581 Episode Num: 419 Episode T: 999 Reward: -38.846
Total T: 419580 Episode Num: 420 Episode T: 999 Reward: -37.780
---------------------------------------
Evaluation over 10 episodes: -0.012
---------------------------------------
Total T: 420579 Episode Num: 421 Episode T: 999 Reward: -36.799
Total T: 421578 Episode Num: 422 Episode T: 999 Reward: -35.761
Total T: 422577 Episode Num: 423 Episode T: 999 Reward: -34.410
Total T: 423576 Episode Num: 424 Episode T: 999 Reward: -36.978
Total T: 424575 Episode Num: 425 Episode T: 999 Reward: -37.185
---------------------------------------
Evaluation over 10 episodes: -0.035
---------------------------------------
Total T: 425574 Episode Num: 426 Episode T: 999 Reward: -35.448
Total T: 426573 Episode Num: 427 Episode T: 999 Reward: -35.918
Total T: 427572 Episode Num: 428 Episode T: 999 Reward: -36.245
Total T: 428571 Episode Num: 429 Episode T: 999 Reward: -37.389
Total T: 429570 Episode Num: 430 Episode T: 999 Reward: -37.326
---------------------------------------
Evaluation over 10 episodes: -0.018
---------------------------------------
Total T: 430569 Episode Num: 431 Episode T: 999 Reward: -35.892
Total T: 431568 Episode Num: 432 Episode T: 999 Reward: -34.775
Total T: 432567 Episode Num: 433 Episode T: 999 Reward: -36.762
Total T: 433566 Episode Num: 434 Episode T: 999 Reward: -36.228
Total T: 434565 Episode Num: 435 Episode T: 999 Reward: -35.984
---------------------------------------
Evaluation over 10 episodes: -0.029
---------------------------------------
Total T: 435564 Episode Num: 436 Episode T: 999 Reward: -37.255
Total T: 436563 Episode Num: 437 Episode T: 999 Reward: -36.789
Total T: 437562 Episode Num: 438 Episode T: 999 Reward: -35.179
Total T: 438561 Episode Num: 439 Episode T: 999 Reward: -36.913
Total T: 439560 Episode Num: 440 Episode T: 999 Reward: -36.440
---------------------------------------
Evaluation over 10 episodes: -0.013
---------------------------------------
Total T: 440559 Episode Num: 441 Episode T: 999 Reward: -38.273
Total T: 441558 Episode Num: 442 Episode T: 999 Reward: -37.311
Total T: 442557 Episode Num: 443 Episode T: 999 Reward: -36.918
Total T: 443556 Episode Num: 444 Episode T: 999 Reward: -36.448
Total T: 444555 Episode Num: 445 Episode T: 999 Reward: -37.331
---------------------------------------
Evaluation over 10 episodes: -0.023
---------------------------------------
Total T: 445554 Episode Num: 446 Episode T: 999 Reward: -37.928
Total T: 446553 Episode Num: 447 Episode T: 999 Reward: -35.474
Total T: 447552 Episode Num: 448 Episode T: 999 Reward: -37.640
Total T: 448551 Episode Num: 449 Episode T: 999 Reward: -37.774
Total T: 449550 Episode Num: 450 Episode T: 999 Reward: -36.625
---------------------------------------
Evaluation over 10 episodes: -0.017
---------------------------------------
Total T: 450549 Episode Num: 451 Episode T: 999 Reward: -35.818
Total T: 451548 Episode Num: 452 Episode T: 999 Reward: -36.922
Total T: 452547 Episode Num: 453 Episode T: 999 Reward: -37.130
Total T: 453546 Episode Num: 454 Episode T: 999 Reward: -37.117
Total T: 454545 Episode Num: 455 Episode T: 999 Reward: -33.385
---------------------------------------
Evaluation over 10 episodes: -0.013
---------------------------------------
Total T: 455544 Episode Num: 456 Episode T: 999 Reward: -36.391
Total T: 456543 Episode Num: 457 Episode T: 999 Reward: -37.064
Total T: 457542 Episode Num: 458 Episode T: 999 Reward: -37.067
Total T: 458541 Episode Num: 459 Episode T: 999 Reward: -38.028
Total T: 459540 Episode Num: 460 Episode T: 999 Reward: -36.385
---------------------------------------
Evaluation over 10 episodes: -0.034
---------------------------------------
Total T: 460539 Episode Num: 461 Episode T: 999 Reward: -34.909
Total T: 461538 Episode Num: 462 Episode T: 999 Reward: -35.605
Total T: 462537 Episode Num: 463 Episode T: 999 Reward: -35.727
Total T: 463536 Episode Num: 464 Episode T: 999 Reward: -36.504
Total T: 464535 Episode Num: 465 Episode T: 999 Reward: -35.368
---------------------------------------
Evaluation over 10 episodes: -0.023
---------------------------------------
Total T: 465534 Episode Num: 466 Episode T: 999 Reward: -38.342
Total T: 466533 Episode Num: 467 Episode T: 999 Reward: -37.314
Total T: 467532 Episode Num: 468 Episode T: 999 Reward: -38.001
Total T: 468531 Episode Num: 469 Episode T: 999 Reward: -35.625
Total T: 469530 Episode Num: 470 Episode T: 999 Reward: -37.463
---------------------------------------
Evaluation over 10 episodes: -0.029
---------------------------------------
Total T: 470529 Episode Num: 471 Episode T: 999 Reward: -35.854
Total T: 471528 Episode Num: 472 Episode T: 999 Reward: -34.588
Total T: 472527 Episode Num: 473 Episode T: 999 Reward: -35.700
Total T: 473526 Episode Num: 474 Episode T: 999 Reward: -37.944
Total T: 474525 Episode Num: 475 Episode T: 999 Reward: -35.529
---------------------------------------
Evaluation over 10 episodes: -0.029
---------------------------------------
Total T: 475524 Episode Num: 476 Episode T: 999 Reward: -37.377
Total T: 476523 Episode Num: 477 Episode T: 999 Reward: -37.981
Total T: 477522 Episode Num: 478 Episode T: 999 Reward: -38.678
Total T: 478521 Episode Num: 479 Episode T: 999 Reward: -36.382
Total T: 479520 Episode Num: 480 Episode T: 999 Reward: -34.996
---------------------------------------
Evaluation over 10 episodes: -0.039
---------------------------------------
Total T: 480519 Episode Num: 481 Episode T: 999 Reward: -35.859
Total T: 481518 Episode Num: 482 Episode T: 999 Reward: -35.532
Total T: 482517 Episode Num: 483 Episode T: 999 Reward: -37.696
Total T: 483516 Episode Num: 484 Episode T: 999 Reward: -37.935
Total T: 484515 Episode Num: 485 Episode T: 999 Reward: -35.339
---------------------------------------
Evaluation over 10 episodes: -0.032
---------------------------------------
Total T: 485514 Episode Num: 486 Episode T: 999 Reward: -36.366
Total T: 486513 Episode Num: 487 Episode T: 999 Reward: -35.458
Total T: 487512 Episode Num: 488 Episode T: 999 Reward: -36.684
Total T: 488511 Episode Num: 489 Episode T: 999 Reward: -39.441
Total T: 489510 Episode Num: 490 Episode T: 999 Reward: -36.922
---------------------------------------
Evaluation over 10 episodes: -0.054
---------------------------------------
Total T: 490509 Episode Num: 491 Episode T: 999 Reward: -35.733
Total T: 491508 Episode Num: 492 Episode T: 999 Reward: -36.425
Total T: 492507 Episode Num: 493 Episode T: 999 Reward: -36.269
Total T: 493506 Episode Num: 494 Episode T: 999 Reward: -36.105
Total T: 494505 Episode Num: 495 Episode T: 999 Reward: -36.154
---------------------------------------
Evaluation over 10 episodes: -0.070
---------------------------------------
Total T: 495504 Episode Num: 496 Episode T: 999 Reward: -34.407
Total T: 496503 Episode Num: 497 Episode T: 999 Reward: -36.159
Total T: 497502 Episode Num: 498 Episode T: 999 Reward: -36.443
Total T: 498501 Episode Num: 499 Episode T: 999 Reward: -36.947
Total T: 499500 Episode Num: 500 Episode T: 999 Reward: -36.711
---------------------------------------
Evaluation over 10 episodes: -0.031
---------------------------------------
Total T: 500499 Episode Num: 501 Episode T: 999 Reward: -36.127
Total T: 501498 Episode Num: 502 Episode T: 999 Reward: -37.726
Total T: 502497 Episode Num: 503 Episode T: 999 Reward: -37.128
Total T: 503496 Episode Num: 504 Episode T: 999 Reward: -37.557
Total T: 504495 Episode Num: 505 Episode T: 999 Reward: -36.658
---------------------------------------
Evaluation over 10 episodes: -0.055
---------------------------------------
Total T: 505494 Episode Num: 506 Episode T: 999 Reward: -36.429
Total T: 506493 Episode Num: 507 Episode T: 999 Reward: -38.786
Total T: 507492 Episode Num: 508 Episode T: 999 Reward: -35.972
Total T: 508491 Episode Num: 509 Episode T: 999 Reward: -36.030
Total T: 509490 Episode Num: 510 Episode T: 999 Reward: -36.915
---------------------------------------
Evaluation over 10 episodes: -0.058
---------------------------------------
Total T: 510489 Episode Num: 511 Episode T: 999 Reward: -36.456
Total T: 511488 Episode Num: 512 Episode T: 999 Reward: -36.700
Total T: 512487 Episode Num: 513 Episode T: 999 Reward: -37.177
Total T: 513486 Episode Num: 514 Episode T: 999 Reward: -37.000
Total T: 514485 Episode Num: 515 Episode T: 999 Reward: -36.817
---------------------------------------
Evaluation over 10 episodes: -0.071
---------------------------------------
Total T: 515484 Episode Num: 516 Episode T: 999 Reward: -36.793
Total T: 516483 Episode Num: 517 Episode T: 999 Reward: -36.551
Total T: 517482 Episode Num: 518 Episode T: 999 Reward: -36.583
Total T: 518481 Episode Num: 519 Episode T: 999 Reward: -37.979
Total T: 519480 Episode Num: 520 Episode T: 999 Reward: -36.346
---------------------------------------
Evaluation over 10 episodes: -0.074
---------------------------------------
Total T: 520479 Episode Num: 521 Episode T: 999 Reward: -37.194
Total T: 521478 Episode Num: 522 Episode T: 999 Reward: -38.887
Total T: 522477 Episode Num: 523 Episode T: 999 Reward: -37.111
Total T: 523476 Episode Num: 524 Episode T: 999 Reward: -38.547
Total T: 524475 Episode Num: 525 Episode T: 999 Reward: -35.557
---------------------------------------
Evaluation over 10 episodes: -0.048
---------------------------------------
Total T: 525474 Episode Num: 526 Episode T: 999 Reward: -36.200
Total T: 526473 Episode Num: 527 Episode T: 999 Reward: -37.227
Total T: 527472 Episode Num: 528 Episode T: 999 Reward: -38.813
Total T: 528471 Episode Num: 529 Episode T: 999 Reward: -38.004
Total T: 529470 Episode Num: 530 Episode T: 999 Reward: -36.932
---------------------------------------
Evaluation over 10 episodes: -0.016
---------------------------------------
Total T: 530469 Episode Num: 531 Episode T: 999 Reward: -37.586
Total T: 531468 Episode Num: 532 Episode T: 999 Reward: -36.712
Total T: 532467 Episode Num: 533 Episode T: 999 Reward: -38.501
Total T: 533466 Episode Num: 534 Episode T: 999 Reward: -35.224
Total T: 534465 Episode Num: 535 Episode T: 999 Reward: -36.709
---------------------------------------
Evaluation over 10 episodes: -0.041
---------------------------------------
Total T: 535464 Episode Num: 536 Episode T: 999 Reward: -38.930
Total T: 536463 Episode Num: 537 Episode T: 999 Reward: -37.370
Total T: 537462 Episode Num: 538 Episode T: 999 Reward: -36.241
Total T: 538461 Episode Num: 539 Episode T: 999 Reward: -37.551
Total T: 539460 Episode Num: 540 Episode T: 999 Reward: -35.552
---------------------------------------
Evaluation over 10 episodes: -0.012
---------------------------------------
Total T: 540459 Episode Num: 541 Episode T: 999 Reward: -36.195
Total T: 541458 Episode Num: 542 Episode T: 999 Reward: -36.926
Total T: 542457 Episode Num: 543 Episode T: 999 Reward: -36.677
Total T: 543456 Episode Num: 544 Episode T: 999 Reward: -36.472
Total T: 544455 Episode Num: 545 Episode T: 999 Reward: -35.963
---------------------------------------
Evaluation over 10 episodes: -0.013
---------------------------------------
Total T: 545454 Episode Num: 546 Episode T: 999 Reward: -36.477
Total T: 546453 Episode Num: 547 Episode T: 999 Reward: -37.105
Total T: 547452 Episode Num: 548 Episode T: 999 Reward: -37.582
Total T: 548451 Episode Num: 549 Episode T: 999 Reward: -35.838
Total T: 549450 Episode Num: 550 Episode T: 999 Reward: -39.507
---------------------------------------
Evaluation over 10 episodes: -0.029
---------------------------------------
Total T: 550449 Episode Num: 551 Episode T: 999 Reward: -37.079
Total T: 551448 Episode Num: 552 Episode T: 999 Reward: -35.443
Total T: 552447 Episode Num: 553 Episode T: 999 Reward: -36.470
Total T: 553446 Episode Num: 554 Episode T: 999 Reward: -35.588
Total T: 554445 Episode Num: 555 Episode T: 999 Reward: -36.918
---------------------------------------
Evaluation over 10 episodes: -0.025
---------------------------------------
Total T: 555444 Episode Num: 556 Episode T: 999 Reward: -36.303
Total T: 556443 Episode Num: 557 Episode T: 999 Reward: -37.028
Total T: 557442 Episode Num: 558 Episode T: 999 Reward: -36.210
Total T: 558441 Episode Num: 559 Episode T: 999 Reward: -36.812
Total T: 559440 Episode Num: 560 Episode T: 999 Reward: -36.020
---------------------------------------
Evaluation over 10 episodes: -0.011
---------------------------------------
Total T: 560439 Episode Num: 561 Episode T: 999 Reward: -37.565
Total T: 561438 Episode Num: 562 Episode T: 999 Reward: -36.375
Total T: 562437 Episode Num: 563 Episode T: 999 Reward: -36.175
Total T: 563436 Episode Num: 564 Episode T: 999 Reward: -36.365
Total T: 564435 Episode Num: 565 Episode T: 999 Reward: -36.376
---------------------------------------
Evaluation over 10 episodes: -0.028
---------------------------------------
Total T: 565434 Episode Num: 566 Episode T: 999 Reward: -39.564
Total T: 566433 Episode Num: 567 Episode T: 999 Reward: -34.590
Total T: 567432 Episode Num: 568 Episode T: 999 Reward: -34.633
Total T: 568431 Episode Num: 569 Episode T: 999 Reward: -35.795
Total T: 569430 Episode Num: 570 Episode T: 999 Reward: -35.617
---------------------------------------
Evaluation over 10 episodes: -0.028
---------------------------------------
Total T: 570429 Episode Num: 571 Episode T: 999 Reward: -37.499
Total T: 571428 Episode Num: 572 Episode T: 999 Reward: -36.478
Total T: 572427 Episode Num: 573 Episode T: 999 Reward: -35.953
Total T: 573426 Episode Num: 574 Episode T: 999 Reward: -38.206
Total T: 574425 Episode Num: 575 Episode T: 999 Reward: -34.103
---------------------------------------
Evaluation over 10 episodes: -0.023
---------------------------------------
Total T: 575424 Episode Num: 576 Episode T: 999 Reward: -38.218
Total T: 576423 Episode Num: 577 Episode T: 999 Reward: -37.841
Total T: 577422 Episode Num: 578 Episode T: 999 Reward: -37.129
Total T: 578421 Episode Num: 579 Episode T: 999 Reward: -39.927
Total T: 579420 Episode Num: 580 Episode T: 999 Reward: -36.230
---------------------------------------
Evaluation over 10 episodes: -0.023
---------------------------------------
Total T: 580419 Episode Num: 581 Episode T: 999 Reward: -37.578
Total T: 581418 Episode Num: 582 Episode T: 999 Reward: -36.884
Total T: 582417 Episode Num: 583 Episode T: 999 Reward: -36.287
Total T: 583416 Episode Num: 584 Episode T: 999 Reward: -38.381
Total T: 584415 Episode Num: 585 Episode T: 999 Reward: -35.476
---------------------------------------
Evaluation over 10 episodes: -0.003
---------------------------------------
Total T: 585414 Episode Num: 586 Episode T: 999 Reward: -35.620
Total T: 586413 Episode Num: 587 Episode T: 999 Reward: -35.105
Total T: 587412 Episode Num: 588 Episode T: 999 Reward: -39.426
Total T: 588411 Episode Num: 589 Episode T: 999 Reward: -37.402
Total T: 589410 Episode Num: 590 Episode T: 999 Reward: -34.877
---------------------------------------
Evaluation over 10 episodes: -0.012
---------------------------------------
Total T: 590409 Episode Num: 591 Episode T: 999 Reward: -38.630
Total T: 591408 Episode Num: 592 Episode T: 999 Reward: -37.227
Total T: 592407 Episode Num: 593 Episode T: 999 Reward: -36.970
Total T: 593406 Episode Num: 594 Episode T: 999 Reward: -36.657
Total T: 594405 Episode Num: 595 Episode T: 999 Reward: -38.196
---------------------------------------
Evaluation over 10 episodes: -0.012
---------------------------------------
Total T: 595404 Episode Num: 596 Episode T: 999 Reward: -38.360
Total T: 596403 Episode Num: 597 Episode T: 999 Reward: -35.373
Total T: 597402 Episode Num: 598 Episode T: 999 Reward: -34.483
Total T: 598401 Episode Num: 599 Episode T: 999 Reward: -36.751
Total T: 599400 Episode Num: 600 Episode T: 999 Reward: -36.227
---------------------------------------
Evaluation over 10 episodes: -0.012
---------------------------------------
Total T: 600399 Episode Num: 601 Episode T: 999 Reward: -36.217
Total T: 601398 Episode Num: 602 Episode T: 999 Reward: -35.401
Total T: 602397 Episode Num: 603 Episode T: 999 Reward: -34.588
Total T: 603396 Episode Num: 604 Episode T: 999 Reward: -38.794
Total T: 604395 Episode Num: 605 Episode T: 999 Reward: -33.694
---------------------------------------
Evaluation over 10 episodes: -0.041
---------------------------------------
Total T: 605394 Episode Num: 606 Episode T: 999 Reward: -37.820
Total T: 606393 Episode Num: 607 Episode T: 999 Reward: -37.052
Total T: 607392 Episode Num: 608 Episode T: 999 Reward: -39.034
Total T: 608391 Episode Num: 609 Episode T: 999 Reward: -36.308
Total T: 609390 Episode Num: 610 Episode T: 999 Reward: -35.641
---------------------------------------
Evaluation over 10 episodes: -0.030
---------------------------------------
Total T: 610389 Episode Num: 611 Episode T: 999 Reward: -36.679
Total T: 611388 Episode Num: 612 Episode T: 999 Reward: -36.591
Total T: 612387 Episode Num: 613 Episode T: 999 Reward: -35.822
Total T: 613386 Episode Num: 614 Episode T: 999 Reward: -37.324
Total T: 614385 Episode Num: 615 Episode T: 999 Reward: -37.105
---------------------------------------
Evaluation over 10 episodes: -0.039
---------------------------------------
Total T: 615384 Episode Num: 616 Episode T: 999 Reward: -36.125
Total T: 616383 Episode Num: 617 Episode T: 999 Reward: -37.583
Total T: 617382 Episode Num: 618 Episode T: 999 Reward: -35.916
Total T: 618381 Episode Num: 619 Episode T: 999 Reward: -34.434
Total T: 619380 Episode Num: 620 Episode T: 999 Reward: -36.174
---------------------------------------
Evaluation over 10 episodes: -0.028
---------------------------------------
Total T: 620379 Episode Num: 621 Episode T: 999 Reward: -36.553
Total T: 621378 Episode Num: 622 Episode T: 999 Reward: -35.261
Total T: 622377 Episode Num: 623 Episode T: 999 Reward: -37.875
Total T: 623376 Episode Num: 624 Episode T: 999 Reward: -38.562
Total T: 624375 Episode Num: 625 Episode T: 999 Reward: -34.622
---------------------------------------
Evaluation over 10 episodes: -0.018
---------------------------------------
Total T: 625374 Episode Num: 626 Episode T: 999 Reward: -38.758
Total T: 626373 Episode Num: 627 Episode T: 999 Reward: -34.803
Total T: 627372 Episode Num: 628 Episode T: 999 Reward: -38.238
Total T: 628371 Episode Num: 629 Episode T: 999 Reward: -34.586
Total T: 629370 Episode Num: 630 Episode T: 999 Reward: -37.036
---------------------------------------
Evaluation over 10 episodes: -0.064
---------------------------------------
Total T: 630369 Episode Num: 631 Episode T: 999 Reward: -35.903
Total T: 631368 Episode Num: 632 Episode T: 999 Reward: -37.545
Total T: 632367 Episode Num: 633 Episode T: 999 Reward: -37.328
Total T: 633366 Episode Num: 634 Episode T: 999 Reward: -36.150
Total T: 634365 Episode Num: 635 Episode T: 999 Reward: -38.106
---------------------------------------
Evaluation over 10 episodes: -0.025
---------------------------------------
Total T: 635364 Episode Num: 636 Episode T: 999 Reward: -36.003
Total T: 636363 Episode Num: 637 Episode T: 999 Reward: -36.798
Total T: 637362 Episode Num: 638 Episode T: 999 Reward: -38.519
Total T: 638361 Episode Num: 639 Episode T: 999 Reward: -36.223
Total T: 639360 Episode Num: 640 Episode T: 999 Reward: -33.275
---------------------------------------
Evaluation over 10 episodes: -0.054
---------------------------------------
Total T: 640359 Episode Num: 641 Episode T: 999 Reward: -37.883
Total T: 641358 Episode Num: 642 Episode T: 999 Reward: -36.568
Total T: 642357 Episode Num: 643 Episode T: 999 Reward: -37.278
Total T: 643356 Episode Num: 644 Episode T: 999 Reward: -36.705
Total T: 644355 Episode Num: 645 Episode T: 999 Reward: -36.487
---------------------------------------
Evaluation over 10 episodes: -0.020
---------------------------------------
Total T: 645354 Episode Num: 646 Episode T: 999 Reward: -38.136
Total T: 646353 Episode Num: 647 Episode T: 999 Reward: -36.041
Total T: 647352 Episode Num: 648 Episode T: 999 Reward: -36.172
Total T: 648351 Episode Num: 649 Episode T: 999 Reward: -37.036
Total T: 649350 Episode Num: 650 Episode T: 999 Reward: -36.388
---------------------------------------
Evaluation over 10 episodes: -0.015
---------------------------------------
Total T: 650349 Episode Num: 651 Episode T: 999 Reward: -36.491
Total T: 651348 Episode Num: 652 Episode T: 999 Reward: -36.848
Total T: 652347 Episode Num: 653 Episode T: 999 Reward: -36.433
Total T: 653346 Episode Num: 654 Episode T: 999 Reward: -34.254
Total T: 654345 Episode Num: 655 Episode T: 999 Reward: -37.528
---------------------------------------
Evaluation over 10 episodes: -0.012
---------------------------------------
Total T: 655344 Episode Num: 656 Episode T: 999 Reward: -36.879
Total T: 656343 Episode Num: 657 Episode T: 999 Reward: -37.307
Total T: 657342 Episode Num: 658 Episode T: 999 Reward: -34.097
Total T: 658341 Episode Num: 659 Episode T: 999 Reward: -39.122
Total T: 659340 Episode Num: 660 Episode T: 999 Reward: -34.826
---------------------------------------
Evaluation over 10 episodes: -0.026
---------------------------------------
Total T: 660339 Episode Num: 661 Episode T: 999 Reward: -35.724
Total T: 661338 Episode Num: 662 Episode T: 999 Reward: -36.716
Total T: 662337 Episode Num: 663 Episode T: 999 Reward: -34.623
Total T: 663336 Episode Num: 664 Episode T: 999 Reward: -36.588
Total T: 664335 Episode Num: 665 Episode T: 999 Reward: -38.061
---------------------------------------
Evaluation over 10 episodes: -0.022
---------------------------------------
Total T: 665334 Episode Num: 666 Episode T: 999 Reward: -37.691
Total T: 666333 Episode Num: 667 Episode T: 999 Reward: -35.288
Total T: 667332 Episode Num: 668 Episode T: 999 Reward: -38.912
Total T: 668331 Episode Num: 669 Episode T: 999 Reward: -35.378
Total T: 669330 Episode Num: 670 Episode T: 999 Reward: -37.322
---------------------------------------
Evaluation over 10 episodes: -0.024
---------------------------------------
Total T: 670329 Episode Num: 671 Episode T: 999 Reward: -35.600
Total T: 671328 Episode Num: 672 Episode T: 999 Reward: -34.317
Total T: 672327 Episode Num: 673 Episode T: 999 Reward: -35.788
Total T: 673326 Episode Num: 674 Episode T: 999 Reward: -36.641
Total T: 674325 Episode Num: 675 Episode T: 999 Reward: -36.882
---------------------------------------
Evaluation over 10 episodes: -0.053
---------------------------------------
Total T: 675324 Episode Num: 676 Episode T: 999 Reward: -36.087
Total T: 676323 Episode Num: 677 Episode T: 999 Reward: -35.896
Total T: 677322 Episode Num: 678 Episode T: 999 Reward: -35.452
Total T: 678321 Episode Num: 679 Episode T: 999 Reward: -36.996
Total T: 679320 Episode Num: 680 Episode T: 999 Reward: -38.307
---------------------------------------
Evaluation over 10 episodes: -0.067
---------------------------------------
Total T: 680319 Episode Num: 681 Episode T: 999 Reward: -37.882
Total T: 681318 Episode Num: 682 Episode T: 999 Reward: -38.438
Total T: 682317 Episode Num: 683 Episode T: 999 Reward: -35.373
Total T: 683316 Episode Num: 684 Episode T: 999 Reward: -34.786
Total T: 684315 Episode Num: 685 Episode T: 999 Reward: -38.680
---------------------------------------
Evaluation over 10 episodes: -0.041
---------------------------------------
Total T: 685314 Episode Num: 686 Episode T: 999 Reward: -35.179
Total T: 686313 Episode Num: 687 Episode T: 999 Reward: -36.422
Total T: 687312 Episode Num: 688 Episode T: 999 Reward: -35.755
Total T: 688311 Episode Num: 689 Episode T: 999 Reward: -38.815
Total T: 689310 Episode Num: 690 Episode T: 999 Reward: -35.826
---------------------------------------
Evaluation over 10 episodes: -0.024
---------------------------------------
Total T: 690309 Episode Num: 691 Episode T: 999 Reward: -37.816
Total T: 691308 Episode Num: 692 Episode T: 999 Reward: -36.944
Total T: 692307 Episode Num: 693 Episode T: 999 Reward: -38.038
Total T: 693306 Episode Num: 694 Episode T: 999 Reward: -36.706
Total T: 694305 Episode Num: 695 Episode T: 999 Reward: -36.106
---------------------------------------
Evaluation over 10 episodes: -0.027
---------------------------------------
Total T: 695304 Episode Num: 696 Episode T: 999 Reward: -36.889
Total T: 696303 Episode Num: 697 Episode T: 999 Reward: -37.353
Total T: 697302 Episode Num: 698 Episode T: 999 Reward: -36.796
Total T: 698301 Episode Num: 699 Episode T: 999 Reward: -36.390
Total T: 699300 Episode Num: 700 Episode T: 999 Reward: -36.181
---------------------------------------
Evaluation over 10 episodes: -0.047
---------------------------------------
Total T: 700299 Episode Num: 701 Episode T: 999 Reward: -37.742
Total T: 701298 Episode Num: 702 Episode T: 999 Reward: -37.578
Total T: 702297 Episode Num: 703 Episode T: 999 Reward: -33.895
Total T: 703296 Episode Num: 704 Episode T: 999 Reward: -36.451
Total T: 704295 Episode Num: 705 Episode T: 999 Reward: -35.103
---------------------------------------
Evaluation over 10 episodes: -0.038
---------------------------------------
Total T: 705294 Episode Num: 706 Episode T: 999 Reward: -37.175
Total T: 706293 Episode Num: 707 Episode T: 999 Reward: -36.264
Total T: 707292 Episode Num: 708 Episode T: 999 Reward: -36.821
Total T: 708291 Episode Num: 709 Episode T: 999 Reward: -36.206
Total T: 709290 Episode Num: 710 Episode T: 999 Reward: -39.424
---------------------------------------
Evaluation over 10 episodes: -0.027
---------------------------------------
Total T: 710289 Episode Num: 711 Episode T: 999 Reward: -38.193
Total T: 711288 Episode Num: 712 Episode T: 999 Reward: -36.646
Total T: 712287 Episode Num: 713 Episode T: 999 Reward: -37.481
Total T: 713286 Episode Num: 714 Episode T: 999 Reward: -36.812
Total T: 714285 Episode Num: 715 Episode T: 999 Reward: -35.215
---------------------------------------
Evaluation over 10 episodes: -0.035
---------------------------------------
Total T: 715284 Episode Num: 716 Episode T: 999 Reward: -35.842
Total T: 716283 Episode Num: 717 Episode T: 999 Reward: -35.945
Total T: 717282 Episode Num: 718 Episode T: 999 Reward: -35.044
Total T: 718281 Episode Num: 719 Episode T: 999 Reward: -36.159
Total T: 719280 Episode Num: 720 Episode T: 999 Reward: -35.848
---------------------------------------
Evaluation over 10 episodes: -0.034
---------------------------------------
Total T: 720279 Episode Num: 721 Episode T: 999 Reward: -36.863
Total T: 721278 Episode Num: 722 Episode T: 999 Reward: -35.843
Total T: 722277 Episode Num: 723 Episode T: 999 Reward: -38.659
Total T: 723276 Episode Num: 724 Episode T: 999 Reward: -35.702
Total T: 724275 Episode Num: 725 Episode T: 999 Reward: -37.072
---------------------------------------
Evaluation over 10 episodes: -0.035
---------------------------------------
Total T: 725274 Episode Num: 726 Episode T: 999 Reward: -35.225
Total T: 726273 Episode Num: 727 Episode T: 999 Reward: -38.315
Total T: 727272 Episode Num: 728 Episode T: 999 Reward: -36.941
Total T: 728271 Episode Num: 729 Episode T: 999 Reward: -37.856
Total T: 729270 Episode Num: 730 Episode T: 999 Reward: -35.771
---------------------------------------
Evaluation over 10 episodes: -0.040
---------------------------------------
Total T: 730269 Episode Num: 731 Episode T: 999 Reward: -38.890
Total T: 731268 Episode Num: 732 Episode T: 999 Reward: -35.810
Total T: 732267 Episode Num: 733 Episode T: 999 Reward: -37.023
Total T: 733266 Episode Num: 734 Episode T: 999 Reward: -37.815
Total T: 734265 Episode Num: 735 Episode T: 999 Reward: -36.721
---------------------------------------
Evaluation over 10 episodes: -0.027
---------------------------------------
Total T: 735264 Episode Num: 736 Episode T: 999 Reward: -37.532
Total T: 736263 Episode Num: 737 Episode T: 999 Reward: -35.902
Total T: 737262 Episode Num: 738 Episode T: 999 Reward: -35.321
Total T: 738261 Episode Num: 739 Episode T: 999 Reward: -35.388
Total T: 739260 Episode Num: 740 Episode T: 999 Reward: -37.541
---------------------------------------
Evaluation over 10 episodes: -0.055
---------------------------------------
Total T: 740259 Episode Num: 741 Episode T: 999 Reward: -35.177
Total T: 741258 Episode Num: 742 Episode T: 999 Reward: -36.642
Total T: 742257 Episode Num: 743 Episode T: 999 Reward: -34.105
Total T: 743256 Episode Num: 744 Episode T: 999 Reward: -36.209
Total T: 744255 Episode Num: 745 Episode T: 999 Reward: -37.797
---------------------------------------
Evaluation over 10 episodes: -0.050
---------------------------------------
Total T: 745254 Episode Num: 746 Episode T: 999 Reward: -36.732
Total T: 746253 Episode Num: 747 Episode T: 999 Reward: -36.348
Total T: 747252 Episode Num: 748 Episode T: 999 Reward: -38.197
Total T: 748251 Episode Num: 749 Episode T: 999 Reward: -36.520
Total T: 749250 Episode Num: 750 Episode T: 999 Reward: -36.180
---------------------------------------
Evaluation over 10 episodes: -0.040
---------------------------------------
Total T: 750249 Episode Num: 751 Episode T: 999 Reward: -35.404
Total T: 751248 Episode Num: 752 Episode T: 999 Reward: -35.988
Total T: 752247 Episode Num: 753 Episode T: 999 Reward: -36.500
Total T: 753246 Episode Num: 754 Episode T: 999 Reward: -37.621
Total T: 754245 Episode Num: 755 Episode T: 999 Reward: -36.434
---------------------------------------
Evaluation over 10 episodes: -0.008
---------------------------------------
Total T: 755244 Episode Num: 756 Episode T: 999 Reward: -38.662
Total T: 756243 Episode Num: 757 Episode T: 999 Reward: -36.148
Total T: 757242 Episode Num: 758 Episode T: 999 Reward: -37.052
Total T: 758241 Episode Num: 759 Episode T: 999 Reward: -37.158
Total T: 759240 Episode Num: 760 Episode T: 999 Reward: -37.298
---------------------------------------
Evaluation over 10 episodes: -0.005
---------------------------------------
Total T: 760239 Episode Num: 761 Episode T: 999 Reward: -37.411
Total T: 761238 Episode Num: 762 Episode T: 999 Reward: -37.570
Total T: 762237 Episode Num: 763 Episode T: 999 Reward: -37.258
Total T: 763236 Episode Num: 764 Episode T: 999 Reward: -36.038
Total T: 764235 Episode Num: 765 Episode T: 999 Reward: -37.129
---------------------------------------
Evaluation over 10 episodes: -0.012
---------------------------------------
Total T: 765234 Episode Num: 766 Episode T: 999 Reward: -37.193
Total T: 766233 Episode Num: 767 Episode T: 999 Reward: -36.552
Total T: 767232 Episode Num: 768 Episode T: 999 Reward: -35.951
Total T: 768231 Episode Num: 769 Episode T: 999 Reward: -36.598
Total T: 769230 Episode Num: 770 Episode T: 999 Reward: -35.809
---------------------------------------
Evaluation over 10 episodes: -0.005
---------------------------------------
Total T: 770229 Episode Num: 771 Episode T: 999 Reward: -37.849
Total T: 771228 Episode Num: 772 Episode T: 999 Reward: -37.711
Total T: 772227 Episode Num: 773 Episode T: 999 Reward: -35.854
Total T: 773226 Episode Num: 774 Episode T: 999 Reward: -35.573
Total T: 774225 Episode Num: 775 Episode T: 999 Reward: -38.871
---------------------------------------
Evaluation over 10 episodes: -0.005
---------------------------------------
Total T: 775224 Episode Num: 776 Episode T: 999 Reward: -36.410
Total T: 776223 Episode Num: 777 Episode T: 999 Reward: -36.645
Total T: 777222 Episode Num: 778 Episode T: 999 Reward: -35.514
Total T: 778221 Episode Num: 779 Episode T: 999 Reward: -36.687
Total T: 779220 Episode Num: 780 Episode T: 999 Reward: -38.527
---------------------------------------
Evaluation over 10 episodes: -0.009
---------------------------------------
Total T: 780219 Episode Num: 781 Episode T: 999 Reward: -36.823
Total T: 781218 Episode Num: 782 Episode T: 999 Reward: -37.110
Total T: 782217 Episode Num: 783 Episode T: 999 Reward: -36.987
Total T: 783216 Episode Num: 784 Episode T: 999 Reward: -35.388
Total T: 784215 Episode Num: 785 Episode T: 999 Reward: -35.148
---------------------------------------
Evaluation over 10 episodes: -0.010
---------------------------------------
Total T: 785214 Episode Num: 786 Episode T: 999 Reward: -38.905
Total T: 786213 Episode Num: 787 Episode T: 999 Reward: -36.005
Total T: 787212 Episode Num: 788 Episode T: 999 Reward: -36.009
Total T: 788211 Episode Num: 789 Episode T: 999 Reward: -36.024
Total T: 789210 Episode Num: 790 Episode T: 999 Reward: -39.007
---------------------------------------
Evaluation over 10 episodes: -0.014
---------------------------------------
Total T: 790209 Episode Num: 791 Episode T: 999 Reward: -39.971
Total T: 791208 Episode Num: 792 Episode T: 999 Reward: -35.055
Total T: 792207 Episode Num: 793 Episode T: 999 Reward: -36.169
Total T: 793206 Episode Num: 794 Episode T: 999 Reward: -35.796
Total T: 794205 Episode Num: 795 Episode T: 999 Reward: -37.990
---------------------------------------
Evaluation over 10 episodes: -0.019
---------------------------------------
Total T: 795204 Episode Num: 796 Episode T: 999 Reward: -36.139
Total T: 796203 Episode Num: 797 Episode T: 999 Reward: -36.435
Total T: 797202 Episode Num: 798 Episode T: 999 Reward: -34.429
Total T: 798201 Episode Num: 799 Episode T: 999 Reward: -36.320
Total T: 799200 Episode Num: 800 Episode T: 999 Reward: -35.654
---------------------------------------
Evaluation over 10 episodes: -0.009
---------------------------------------
Total T: 800199 Episode Num: 801 Episode T: 999 Reward: -36.210
Total T: 801198 Episode Num: 802 Episode T: 999 Reward: -34.735
Total T: 802197 Episode Num: 803 Episode T: 999 Reward: -39.242
Total T: 803196 Episode Num: 804 Episode T: 999 Reward: -38.840
Total T: 804195 Episode Num: 805 Episode T: 999 Reward: -35.876
---------------------------------------
Evaluation over 10 episodes: -0.006
---------------------------------------
Total T: 805194 Episode Num: 806 Episode T: 999 Reward: -37.010
Total T: 806193 Episode Num: 807 Episode T: 999 Reward: -36.345
Total T: 807192 Episode Num: 808 Episode T: 999 Reward: -37.558
Total T: 808191 Episode Num: 809 Episode T: 999 Reward: -35.478
Total T: 809190 Episode Num: 810 Episode T: 999 Reward: -37.008
---------------------------------------
Evaluation over 10 episodes: -0.005
---------------------------------------
Total T: 810189 Episode Num: 811 Episode T: 999 Reward: -37.262
Total T: 811188 Episode Num: 812 Episode T: 999 Reward: -37.149
Total T: 812187 Episode Num: 813 Episode T: 999 Reward: -34.810
Total T: 813186 Episode Num: 814 Episode T: 999 Reward: -38.084
Total T: 814185 Episode Num: 815 Episode T: 999 Reward: -35.842
---------------------------------------
Evaluation over 10 episodes: -0.015
---------------------------------------
Total T: 815184 Episode Num: 816 Episode T: 999 Reward: -37.614
Total T: 816183 Episode Num: 817 Episode T: 999 Reward: -36.959
Total T: 817182 Episode Num: 818 Episode T: 999 Reward: -37.648
Total T: 818181 Episode Num: 819 Episode T: 999 Reward: -37.317
Total T: 819180 Episode Num: 820 Episode T: 999 Reward: -36.469
---------------------------------------
Evaluation over 10 episodes: -0.007
---------------------------------------
Total T: 820179 Episode Num: 821 Episode T: 999 Reward: -37.191
Total T: 821178 Episode Num: 822 Episode T: 999 Reward: -36.602
Total T: 822177 Episode Num: 823 Episode T: 999 Reward: -37.023
Total T: 823176 Episode Num: 824 Episode T: 999 Reward: -37.480
Total T: 824175 Episode Num: 825 Episode T: 999 Reward: -37.109
---------------------------------------
Evaluation over 10 episodes: -0.011
---------------------------------------
Total T: 825174 Episode Num: 826 Episode T: 999 Reward: -37.770
Total T: 826173 Episode Num: 827 Episode T: 999 Reward: -37.925
Total T: 827172 Episode Num: 828 Episode T: 999 Reward: -36.259
Total T: 828171 Episode Num: 829 Episode T: 999 Reward: -36.788
Total T: 829170 Episode Num: 830 Episode T: 999 Reward: -37.024
---------------------------------------
Evaluation over 10 episodes: -0.012
---------------------------------------
Total T: 830169 Episode Num: 831 Episode T: 999 Reward: -36.774
Total T: 831168 Episode Num: 832 Episode T: 999 Reward: -36.584
Total T: 832167 Episode Num: 833 Episode T: 999 Reward: -35.783
Total T: 833166 Episode Num: 834 Episode T: 999 Reward: -37.595
Total T: 834165 Episode Num: 835 Episode T: 999 Reward: -35.420
---------------------------------------
Evaluation over 10 episodes: -0.005
---------------------------------------
Total T: 835164 Episode Num: 836 Episode T: 999 Reward: -37.700
Total T: 836163 Episode Num: 837 Episode T: 999 Reward: -36.464
Total T: 837162 Episode Num: 838 Episode T: 999 Reward: -35.331
Total T: 838161 Episode Num: 839 Episode T: 999 Reward: -36.912
Total T: 839160 Episode Num: 840 Episode T: 999 Reward: -37.798
---------------------------------------
Evaluation over 10 episodes: -0.002
---------------------------------------
Total T: 840159 Episode Num: 841 Episode T: 999 Reward: -36.642
Total T: 841158 Episode Num: 842 Episode T: 999 Reward: -36.665
Total T: 842157 Episode Num: 843 Episode T: 999 Reward: -36.386
Total T: 843156 Episode Num: 844 Episode T: 999 Reward: -35.937
Total T: 844155 Episode Num: 845 Episode T: 999 Reward: -36.199
---------------------------------------
Evaluation over 10 episodes: -0.004
---------------------------------------
Total T: 845154 Episode Num: 846 Episode T: 999 Reward: -35.893
Total T: 846153 Episode Num: 847 Episode T: 999 Reward: -35.751
Total T: 847152 Episode Num: 848 Episode T: 999 Reward: -37.131
Total T: 848151 Episode Num: 849 Episode T: 999 Reward: -36.327
Total T: 849150 Episode Num: 850 Episode T: 999 Reward: -35.486
---------------------------------------
Evaluation over 10 episodes: -0.009
---------------------------------------
Total T: 850149 Episode Num: 851 Episode T: 999 Reward: -35.802
Total T: 851148 Episode Num: 852 Episode T: 999 Reward: -36.558
Total T: 852147 Episode Num: 853 Episode T: 999 Reward: -35.831
Total T: 853146 Episode Num: 854 Episode T: 999 Reward: -36.413
Total T: 854145 Episode Num: 855 Episode T: 999 Reward: -37.100
---------------------------------------
Evaluation over 10 episodes: -0.008
---------------------------------------
Total T: 855144 Episode Num: 856 Episode T: 999 Reward: -36.771
Total T: 856143 Episode Num: 857 Episode T: 999 Reward: -36.169
Total T: 857142 Episode Num: 858 Episode T: 999 Reward: -35.433
Total T: 858141 Episode Num: 859 Episode T: 999 Reward: -35.974
Total T: 859140 Episode Num: 860 Episode T: 999 Reward: -36.969
---------------------------------------
Evaluation over 10 episodes: -0.023
---------------------------------------
Total T: 860139 Episode Num: 861 Episode T: 999 Reward: -36.273
Total T: 861138 Episode Num: 862 Episode T: 999 Reward: -37.039
Total T: 862137 Episode Num: 863 Episode T: 999 Reward: -36.215
Total T: 863136 Episode Num: 864 Episode T: 999 Reward: -37.046
Total T: 864135 Episode Num: 865 Episode T: 999 Reward: -36.945
---------------------------------------
Evaluation over 10 episodes: -0.015
---------------------------------------
Total T: 865134 Episode Num: 866 Episode T: 999 Reward: -38.404
Total T: 866133 Episode Num: 867 Episode T: 999 Reward: -36.918
Total T: 867132 Episode Num: 868 Episode T: 999 Reward: -36.870
Total T: 868131 Episode Num: 869 Episode T: 999 Reward: -35.332
Total T: 869130 Episode Num: 870 Episode T: 999 Reward: -37.394
---------------------------------------
Evaluation over 10 episodes: -0.007
---------------------------------------
Total T: 870129 Episode Num: 871 Episode T: 999 Reward: -34.557
Total T: 871128 Episode Num: 872 Episode T: 999 Reward: -36.278
Total T: 872127 Episode Num: 873 Episode T: 999 Reward: -36.163
Total T: 873126 Episode Num: 874 Episode T: 999 Reward: -37.567
Total T: 874125 Episode Num: 875 Episode T: 999 Reward: -37.482
---------------------------------------
Evaluation over 10 episodes: -0.005
---------------------------------------
Total T: 875124 Episode Num: 876 Episode T: 999 Reward: -36.655
Total T: 876123 Episode Num: 877 Episode T: 999 Reward: -37.173
Total T: 877122 Episode Num: 878 Episode T: 999 Reward: -37.311
Total T: 878121 Episode Num: 879 Episode T: 999 Reward: -37.294
Total T: 879120 Episode Num: 880 Episode T: 999 Reward: -36.527
---------------------------------------
Evaluation over 10 episodes: -0.012
---------------------------------------
Total T: 880119 Episode Num: 881 Episode T: 999 Reward: -36.318
Total T: 881118 Episode Num: 882 Episode T: 999 Reward: -36.117
Total T: 882117 Episode Num: 883 Episode T: 999 Reward: -37.891
Total T: 883116 Episode Num: 884 Episode T: 999 Reward: -35.599
Total T: 884115 Episode Num: 885 Episode T: 999 Reward: -35.460
---------------------------------------
Evaluation over 10 episodes: -0.007
---------------------------------------
Total T: 885114 Episode Num: 886 Episode T: 999 Reward: -35.875
Total T: 886113 Episode Num: 887 Episode T: 999 Reward: -37.489
Total T: 887112 Episode Num: 888 Episode T: 999 Reward: -37.574
Total T: 888111 Episode Num: 889 Episode T: 999 Reward: -40.274
Total T: 889110 Episode Num: 890 Episode T: 999 Reward: -34.187
---------------------------------------
Evaluation over 10 episodes: -0.007
---------------------------------------
Total T: 890109 Episode Num: 891 Episode T: 999 Reward: -35.463
Total T: 891108 Episode Num: 892 Episode T: 999 Reward: -37.107
Total T: 892107 Episode Num: 893 Episode T: 999 Reward: -35.762
Total T: 893106 Episode Num: 894 Episode T: 999 Reward: -35.782
Total T: 894105 Episode Num: 895 Episode T: 999 Reward: -35.264
---------------------------------------
Evaluation over 10 episodes: -0.014
---------------------------------------
Total T: 895104 Episode Num: 896 Episode T: 999 Reward: -37.722
Total T: 896103 Episode Num: 897 Episode T: 999 Reward: -37.227
Total T: 897102 Episode Num: 898 Episode T: 999 Reward: -36.261
Total T: 898101 Episode Num: 899 Episode T: 999 Reward: -36.238
Total T: 899100 Episode Num: 900 Episode T: 999 Reward: -36.909
---------------------------------------
Evaluation over 10 episodes: -0.012
---------------------------------------
Total T: 900099 Episode Num: 901 Episode T: 999 Reward: -38.205
Total T: 901098 Episode Num: 902 Episode T: 999 Reward: -36.403
Total T: 902097 Episode Num: 903 Episode T: 999 Reward: -35.587
Total T: 903096 Episode Num: 904 Episode T: 999 Reward: -35.008
Total T: 904045 Episode Num: 905 Episode T: 949 Reward: 64.674
---------------------------------------
Evaluation over 10 episodes: -0.009
---------------------------------------
Total T: 905044 Episode Num: 906 Episode T: 999 Reward: -35.035
Total T: 906043 Episode Num: 907 Episode T: 999 Reward: -39.358
Total T: 907042 Episode Num: 908 Episode T: 999 Reward: -37.464
Total T: 908041 Episode Num: 909 Episode T: 999 Reward: -37.581
Total T: 909040 Episode Num: 910 Episode T: 999 Reward: -37.777
---------------------------------------
Evaluation over 10 episodes: -0.009
---------------------------------------
Total T: 910039 Episode Num: 911 Episode T: 999 Reward: -36.120
Total T: 911038 Episode Num: 912 Episode T: 999 Reward: -36.789
Total T: 912037 Episode Num: 913 Episode T: 999 Reward: -36.672
Total T: 913036 Episode Num: 914 Episode T: 999 Reward: -38.698
Total T: 914035 Episode Num: 915 Episode T: 999 Reward: -37.325
---------------------------------------
Evaluation over 10 episodes: -0.008
---------------------------------------
Total T: 915034 Episode Num: 916 Episode T: 999 Reward: -36.558
Total T: 916033 Episode Num: 917 Episode T: 999 Reward: -36.952
Total T: 917032 Episode Num: 918 Episode T: 999 Reward: -35.312
Total T: 918031 Episode Num: 919 Episode T: 999 Reward: -40.369
Total T: 919030 Episode Num: 920 Episode T: 999 Reward: -36.461
---------------------------------------
Evaluation over 10 episodes: -0.006
---------------------------------------
Total T: 920029 Episode Num: 921 Episode T: 999 Reward: -34.536
Total T: 921028 Episode Num: 922 Episode T: 999 Reward: -35.888
Total T: 922027 Episode Num: 923 Episode T: 999 Reward: -38.675
Total T: 923026 Episode Num: 924 Episode T: 999 Reward: -35.191
Total T: 924025 Episode Num: 925 Episode T: 999 Reward: -37.075
---------------------------------------
Evaluation over 10 episodes: -0.009
---------------------------------------
Total T: 925024 Episode Num: 926 Episode T: 999 Reward: -36.228
Total T: 926023 Episode Num: 927 Episode T: 999 Reward: -35.245
Total T: 927022 Episode Num: 928 Episode T: 999 Reward: -37.673
Total T: 928021 Episode Num: 929 Episode T: 999 Reward: -37.427
Total T: 929020 Episode Num: 930 Episode T: 999 Reward: -35.148
---------------------------------------
Evaluation over 10 episodes: -0.018
---------------------------------------
Total T: 930019 Episode Num: 931 Episode T: 999 Reward: -37.035
Total T: 931018 Episode Num: 932 Episode T: 999 Reward: -36.563
Total T: 932017 Episode Num: 933 Episode T: 999 Reward: -36.429
Total T: 933016 Episode Num: 934 Episode T: 999 Reward: -36.926
Total T: 934015 Episode Num: 935 Episode T: 999 Reward: -36.197
---------------------------------------
Evaluation over 10 episodes: -0.017
---------------------------------------
Total T: 935014 Episode Num: 936 Episode T: 999 Reward: -35.993
Total T: 936013 Episode Num: 937 Episode T: 999 Reward: -36.452
Total T: 937012 Episode Num: 938 Episode T: 999 Reward: -36.742
Total T: 938011 Episode Num: 939 Episode T: 999 Reward: -36.067
Total T: 939010 Episode Num: 940 Episode T: 999 Reward: -35.019
---------------------------------------
Evaluation over 10 episodes: -0.021
---------------------------------------
Total T: 940009 Episode Num: 941 Episode T: 999 Reward: -36.671
Total T: 941008 Episode Num: 942 Episode T: 999 Reward: -36.240
Total T: 942007 Episode Num: 943 Episode T: 999 Reward: -36.174
Total T: 943006 Episode Num: 944 Episode T: 999 Reward: -37.123
Total T: 944005 Episode Num: 945 Episode T: 999 Reward: -36.870
---------------------------------------
Evaluation over 10 episodes: -0.005
---------------------------------------
Total T: 945004 Episode Num: 946 Episode T: 999 Reward: -37.445
Total T: 946003 Episode Num: 947 Episode T: 999 Reward: -37.355
Total T: 947002 Episode Num: 948 Episode T: 999 Reward: -36.134
Total T: 948001 Episode Num: 949 Episode T: 999 Reward: -36.196
Total T: 949000 Episode Num: 950 Episode T: 999 Reward: -35.747
Total T: 949999 Episode Num: 951 Episode T: 999 Reward: -35.269
---------------------------------------
Evaluation over 10 episodes: -0.067
---------------------------------------
Total T: 950998 Episode Num: 952 Episode T: 999 Reward: -37.463
Total T: 951997 Episode Num: 953 Episode T: 999 Reward: -36.155
Total T: 952996 Episode Num: 954 Episode T: 999 Reward: -35.748
Total T: 953995 Episode Num: 955 Episode T: 999 Reward: -37.385
Total T: 954994 Episode Num: 956 Episode T: 999 Reward: -36.082
---------------------------------------
Evaluation over 10 episodes: -0.127
---------------------------------------
Total T: 955993 Episode Num: 957 Episode T: 999 Reward: -38.404
Total T: 956782 Episode Num: 958 Episode T: 789 Reward: 70.121
Total T: 957781 Episode Num: 959 Episode T: 999 Reward: -34.710
Total T: 958780 Episode Num: 960 Episode T: 999 Reward: -37.240
Total T: 959719 Episode Num: 961 Episode T: 939 Reward: 63.443
---------------------------------------
Evaluation over 10 episodes: -0.173
---------------------------------------
Total T: 960718 Episode Num: 962 Episode T: 999 Reward: -36.460
Total T: 961717 Episode Num: 963 Episode T: 999 Reward: -37.602
Total T: 962716 Episode Num: 964 Episode T: 999 Reward: -36.379
Total T: 963715 Episode Num: 965 Episode T: 999 Reward: -35.537
Total T: 964714 Episode Num: 966 Episode T: 999 Reward: -36.647
---------------------------------------
Evaluation over 10 episodes: -0.223
---------------------------------------
Total T: 965713 Episode Num: 967 Episode T: 999 Reward: -36.482
Total T: 966712 Episode Num: 968 Episode T: 999 Reward: -37.151
Total T: 967711 Episode Num: 969 Episode T: 999 Reward: -35.551
Total T: 968710 Episode Num: 970 Episode T: 999 Reward: -38.346
Total T: 969709 Episode Num: 971 Episode T: 999 Reward: -37.409
---------------------------------------
Evaluation over 10 episodes: -0.086
---------------------------------------
Total T: 970708 Episode Num: 972 Episode T: 999 Reward: -37.057
Total T: 971707 Episode Num: 973 Episode T: 999 Reward: -37.954
Total T: 972706 Episode Num: 974 Episode T: 999 Reward: -36.819
Total T: 973705 Episode Num: 975 Episode T: 999 Reward: -36.670
Total T: 974704 Episode Num: 976 Episode T: 999 Reward: -36.443
---------------------------------------
Evaluation over 10 episodes: -0.166
---------------------------------------
Total T: 975703 Episode Num: 977 Episode T: 999 Reward: -36.957
Total T: 976702 Episode Num: 978 Episode T: 999 Reward: -38.273
Total T: 977701 Episode Num: 979 Episode T: 999 Reward: -36.752
Total T: 978700 Episode Num: 980 Episode T: 999 Reward: -36.653
Total T: 979699 Episode Num: 981 Episode T: 999 Reward: -36.383
---------------------------------------
Evaluation over 10 episodes: -0.149
---------------------------------------
Total T: 980698 Episode Num: 982 Episode T: 999 Reward: -38.000
Total T: 981697 Episode Num: 983 Episode T: 999 Reward: -36.075
Total T: 982696 Episode Num: 984 Episode T: 999 Reward: -39.372
Total T: 983695 Episode Num: 985 Episode T: 999 Reward: -37.640
Total T: 984694 Episode Num: 986 Episode T: 999 Reward: -38.156
---------------------------------------
Evaluation over 10 episodes: -0.001
---------------------------------------
Total T: 985693 Episode Num: 987 Episode T: 999 Reward: -38.635
Total T: 986692 Episode Num: 988 Episode T: 999 Reward: -35.508
Total T: 987691 Episode Num: 989 Episode T: 999 Reward: -36.128
Total T: 988690 Episode Num: 990 Episode T: 999 Reward: -37.817
Total T: 989689 Episode Num: 991 Episode T: 999 Reward: -35.572
---------------------------------------
Evaluation over 10 episodes: -0.122
---------------------------------------
Total T: 990688 Episode Num: 992 Episode T: 999 Reward: -35.521
Total T: 991687 Episode Num: 993 Episode T: 999 Reward: -37.648
Total T: 992686 Episode Num: 994 Episode T: 999 Reward: -35.054
Total T: 993685 Episode Num: 995 Episode T: 999 Reward: -36.906
Total T: 994684 Episode Num: 996 Episode T: 999 Reward: -35.050
---------------------------------------
Evaluation over 10 episodes: -0.182
---------------------------------------
Total T: 995683 Episode Num: 997 Episode T: 999 Reward: -35.861
Total T: 996682 Episode Num: 998 Episode T: 999 Reward: -34.658
Total T: 997681 Episode Num: 999 Episode T: 999 Reward: -36.186
Total T: 998680 Episode Num: 1000 Episode T: 999 Reward: -36.101
Total T: 999679 Episode Num: 1001 Episode T: 999 Reward: -35.078
---------------------------------------
Evaluation over 10 episodes: -0.207
---------------------------------------
