---------------------------------------
Policy: TD3, Env: MountainCarContinuous-v0, Seed: 5
---------------------------------------
---------------------------------------
Evaluation over 10 episodes: -0.418
---------------------------------------
Total T: 999 Episode Num: 1 Episode T: 999 Reward: -31.761
Total T: 1998 Episode Num: 2 Episode T: 999 Reward: -34.761
Total T: 2997 Episode Num: 3 Episode T: 999 Reward: -33.066
Total T: 3996 Episode Num: 4 Episode T: 999 Reward: -33.622
Total T: 4995 Episode Num: 5 Episode T: 999 Reward: -33.022
---------------------------------------
Evaluation over 10 episodes: -0.418
---------------------------------------
Total T: 5994 Episode Num: 6 Episode T: 999 Reward: -33.465
Total T: 6993 Episode Num: 7 Episode T: 999 Reward: -33.958
Total T: 7992 Episode Num: 8 Episode T: 999 Reward: -33.926
Total T: 8991 Episode Num: 9 Episode T: 999 Reward: -33.071
Total T: 9990 Episode Num: 10 Episode T: 999 Reward: -33.126
---------------------------------------
Evaluation over 10 episodes: -0.418
---------------------------------------
Total T: 10989 Episode Num: 11 Episode T: 999 Reward: -33.237
Total T: 11988 Episode Num: 12 Episode T: 999 Reward: -32.988
Total T: 12987 Episode Num: 13 Episode T: 999 Reward: -33.619
Total T: 13986 Episode Num: 14 Episode T: 999 Reward: -34.251
Total T: 14985 Episode Num: 15 Episode T: 999 Reward: -35.731
---------------------------------------
Evaluation over 10 episodes: -0.418
---------------------------------------
Total T: 15984 Episode Num: 16 Episode T: 999 Reward: -31.963
Total T: 16983 Episode Num: 17 Episode T: 999 Reward: -33.139
Total T: 17982 Episode Num: 18 Episode T: 999 Reward: -34.746
Total T: 18981 Episode Num: 19 Episode T: 999 Reward: -34.183
Total T: 19980 Episode Num: 20 Episode T: 999 Reward: -34.256
---------------------------------------
Evaluation over 10 episodes: -0.418
---------------------------------------
Total T: 20979 Episode Num: 21 Episode T: 999 Reward: -34.707
Total T: 21978 Episode Num: 22 Episode T: 999 Reward: -31.476
Total T: 22977 Episode Num: 23 Episode T: 999 Reward: -33.357
Total T: 23976 Episode Num: 24 Episode T: 999 Reward: -33.238
Total T: 24975 Episode Num: 25 Episode T: 999 Reward: -33.757
---------------------------------------
Evaluation over 10 episodes: -0.418
---------------------------------------
Total T: 25974 Episode Num: 26 Episode T: 999 Reward: -29.346
Total T: 26973 Episode Num: 27 Episode T: 999 Reward: -29.869
Total T: 27972 Episode Num: 28 Episode T: 999 Reward: -30.671
Total T: 28971 Episode Num: 29 Episode T: 999 Reward: -29.218
Total T: 29970 Episode Num: 30 Episode T: 999 Reward: -28.623
---------------------------------------
Evaluation over 10 episodes: -0.159
---------------------------------------
Total T: 30969 Episode Num: 31 Episode T: 999 Reward: -31.115
Total T: 31968 Episode Num: 32 Episode T: 999 Reward: -29.871
Total T: 32967 Episode Num: 33 Episode T: 999 Reward: -30.722
Total T: 33966 Episode Num: 34 Episode T: 999 Reward: -30.019
Total T: 34965 Episode Num: 35 Episode T: 999 Reward: -30.820
---------------------------------------
Evaluation over 10 episodes: -0.011
---------------------------------------
Total T: 35964 Episode Num: 36 Episode T: 999 Reward: -30.929
Total T: 36963 Episode Num: 37 Episode T: 999 Reward: -29.658
Total T: 37962 Episode Num: 38 Episode T: 999 Reward: -31.163
Total T: 38961 Episode Num: 39 Episode T: 999 Reward: -30.344
Total T: 39960 Episode Num: 40 Episode T: 999 Reward: -29.800
---------------------------------------
Evaluation over 10 episodes: -0.017
---------------------------------------
Total T: 40959 Episode Num: 41 Episode T: 999 Reward: -31.098
Total T: 41958 Episode Num: 42 Episode T: 999 Reward: -28.692
Total T: 42957 Episode Num: 43 Episode T: 999 Reward: -29.554
Total T: 43956 Episode Num: 44 Episode T: 999 Reward: -29.098
Total T: 44955 Episode Num: 45 Episode T: 999 Reward: -28.912
---------------------------------------
Evaluation over 10 episodes: -0.020
---------------------------------------
Total T: 45954 Episode Num: 46 Episode T: 999 Reward: -31.563
Total T: 46953 Episode Num: 47 Episode T: 999 Reward: -28.063
Total T: 47952 Episode Num: 48 Episode T: 999 Reward: -31.089
Total T: 48951 Episode Num: 49 Episode T: 999 Reward: -27.959
Total T: 49950 Episode Num: 50 Episode T: 999 Reward: -30.194
---------------------------------------
Evaluation over 10 episodes: -0.005
---------------------------------------
Total T: 50949 Episode Num: 51 Episode T: 999 Reward: -29.621
Total T: 51948 Episode Num: 52 Episode T: 999 Reward: -28.621
Total T: 52947 Episode Num: 53 Episode T: 999 Reward: -31.250
Total T: 53946 Episode Num: 54 Episode T: 999 Reward: -29.939
Total T: 54945 Episode Num: 55 Episode T: 999 Reward: -30.753
---------------------------------------
Evaluation over 10 episodes: -0.004
---------------------------------------
Total T: 55944 Episode Num: 56 Episode T: 999 Reward: -30.732
Total T: 56943 Episode Num: 57 Episode T: 999 Reward: -29.720
Total T: 57942 Episode Num: 58 Episode T: 999 Reward: -29.544
Total T: 58941 Episode Num: 59 Episode T: 999 Reward: -30.611
Total T: 59940 Episode Num: 60 Episode T: 999 Reward: -27.838
---------------------------------------
Evaluation over 10 episodes: -0.041
---------------------------------------
Total T: 60939 Episode Num: 61 Episode T: 999 Reward: -30.559
Total T: 61938 Episode Num: 62 Episode T: 999 Reward: -30.882
Total T: 62937 Episode Num: 63 Episode T: 999 Reward: -30.325
Total T: 63936 Episode Num: 64 Episode T: 999 Reward: -32.210
Total T: 64935 Episode Num: 65 Episode T: 999 Reward: -31.525
---------------------------------------
Evaluation over 10 episodes: -0.017
---------------------------------------
Total T: 65934 Episode Num: 66 Episode T: 999 Reward: -30.588
Total T: 66933 Episode Num: 67 Episode T: 999 Reward: -29.312
Total T: 67932 Episode Num: 68 Episode T: 999 Reward: -31.189
Total T: 68931 Episode Num: 69 Episode T: 999 Reward: -30.106
Total T: 69930 Episode Num: 70 Episode T: 999 Reward: -30.536
---------------------------------------
Evaluation over 10 episodes: -0.056
---------------------------------------
Total T: 70929 Episode Num: 71 Episode T: 999 Reward: -29.514
Total T: 71928 Episode Num: 72 Episode T: 999 Reward: -30.426
Total T: 72927 Episode Num: 73 Episode T: 999 Reward: -32.580
Total T: 73926 Episode Num: 74 Episode T: 999 Reward: -29.134
Total T: 74925 Episode Num: 75 Episode T: 999 Reward: -33.542
---------------------------------------
Evaluation over 10 episodes: -0.051
---------------------------------------
Total T: 75924 Episode Num: 76 Episode T: 999 Reward: -30.559
Total T: 76923 Episode Num: 77 Episode T: 999 Reward: -28.718
Total T: 77922 Episode Num: 78 Episode T: 999 Reward: -29.290
Total T: 78921 Episode Num: 79 Episode T: 999 Reward: -31.996
Total T: 79920 Episode Num: 80 Episode T: 999 Reward: -31.952
---------------------------------------
Evaluation over 10 episodes: -0.075
---------------------------------------
Total T: 80919 Episode Num: 81 Episode T: 999 Reward: -30.038
Total T: 81918 Episode Num: 82 Episode T: 999 Reward: -29.323
Total T: 82917 Episode Num: 83 Episode T: 999 Reward: -29.535
Total T: 83916 Episode Num: 84 Episode T: 999 Reward: -29.386
Total T: 84915 Episode Num: 85 Episode T: 999 Reward: -29.858
---------------------------------------
Evaluation over 10 episodes: -0.055
---------------------------------------
Total T: 85914 Episode Num: 86 Episode T: 999 Reward: -28.904
Total T: 86913 Episode Num: 87 Episode T: 999 Reward: -29.624
Total T: 87912 Episode Num: 88 Episode T: 999 Reward: -30.277
Total T: 88911 Episode Num: 89 Episode T: 999 Reward: -29.206
Total T: 89910 Episode Num: 90 Episode T: 999 Reward: -29.505
---------------------------------------
Evaluation over 10 episodes: -0.023
---------------------------------------
Total T: 90909 Episode Num: 91 Episode T: 999 Reward: -31.908
Total T: 91908 Episode Num: 92 Episode T: 999 Reward: -29.899
Total T: 92907 Episode Num: 93 Episode T: 999 Reward: -31.082
Total T: 93906 Episode Num: 94 Episode T: 999 Reward: -30.366
Total T: 94905 Episode Num: 95 Episode T: 999 Reward: -28.890
---------------------------------------
Evaluation over 10 episodes: -0.022
---------------------------------------
Total T: 95904 Episode Num: 96 Episode T: 999 Reward: -30.541
Total T: 96903 Episode Num: 97 Episode T: 999 Reward: -31.515
Total T: 97902 Episode Num: 98 Episode T: 999 Reward: -30.928
Total T: 98901 Episode Num: 99 Episode T: 999 Reward: -30.261
Total T: 99900 Episode Num: 100 Episode T: 999 Reward: -31.144
---------------------------------------
Evaluation over 10 episodes: -0.030
---------------------------------------
Total T: 100899 Episode Num: 101 Episode T: 999 Reward: -28.993
Total T: 101898 Episode Num: 102 Episode T: 999 Reward: -32.169
Total T: 102897 Episode Num: 103 Episode T: 999 Reward: -30.199
Total T: 103896 Episode Num: 104 Episode T: 999 Reward: -30.519
Total T: 104895 Episode Num: 105 Episode T: 999 Reward: -30.567
---------------------------------------
Evaluation over 10 episodes: -0.027
---------------------------------------
Total T: 105894 Episode Num: 106 Episode T: 999 Reward: -29.972
Total T: 106893 Episode Num: 107 Episode T: 999 Reward: -31.623
Total T: 107892 Episode Num: 108 Episode T: 999 Reward: -30.491
Total T: 108891 Episode Num: 109 Episode T: 999 Reward: -30.002
Total T: 109890 Episode Num: 110 Episode T: 999 Reward: -29.122
---------------------------------------
Evaluation over 10 episodes: -0.020
---------------------------------------
Total T: 110889 Episode Num: 111 Episode T: 999 Reward: -29.762
Total T: 111888 Episode Num: 112 Episode T: 999 Reward: -27.955
Total T: 112887 Episode Num: 113 Episode T: 999 Reward: -31.563
Total T: 113886 Episode Num: 114 Episode T: 999 Reward: -31.004
Total T: 114885 Episode Num: 115 Episode T: 999 Reward: -29.436
---------------------------------------
Evaluation over 10 episodes: -0.025
---------------------------------------
Total T: 115884 Episode Num: 116 Episode T: 999 Reward: -30.643
Total T: 116883 Episode Num: 117 Episode T: 999 Reward: -27.951
Total T: 117882 Episode Num: 118 Episode T: 999 Reward: -30.197
Total T: 118881 Episode Num: 119 Episode T: 999 Reward: -29.624
Total T: 119880 Episode Num: 120 Episode T: 999 Reward: -31.708
---------------------------------------
Evaluation over 10 episodes: -0.021
---------------------------------------
Total T: 120879 Episode Num: 121 Episode T: 999 Reward: -30.208
Total T: 121878 Episode Num: 122 Episode T: 999 Reward: -29.137
Total T: 122877 Episode Num: 123 Episode T: 999 Reward: -29.287
Total T: 123876 Episode Num: 124 Episode T: 999 Reward: -29.996
Total T: 124875 Episode Num: 125 Episode T: 999 Reward: -30.988
---------------------------------------
Evaluation over 10 episodes: -0.024
---------------------------------------
Total T: 125874 Episode Num: 126 Episode T: 999 Reward: -29.828
Total T: 126873 Episode Num: 127 Episode T: 999 Reward: -28.345
Total T: 127872 Episode Num: 128 Episode T: 999 Reward: -30.385
Total T: 128871 Episode Num: 129 Episode T: 999 Reward: -30.150
Total T: 129870 Episode Num: 130 Episode T: 999 Reward: -30.006
---------------------------------------
Evaluation over 10 episodes: -0.032
---------------------------------------
Total T: 130869 Episode Num: 131 Episode T: 999 Reward: -30.093
Total T: 131868 Episode Num: 132 Episode T: 999 Reward: -28.872
Total T: 132867 Episode Num: 133 Episode T: 999 Reward: -30.056
Total T: 133866 Episode Num: 134 Episode T: 999 Reward: -29.602
Total T: 134865 Episode Num: 135 Episode T: 999 Reward: -31.013
---------------------------------------
Evaluation over 10 episodes: -0.035
---------------------------------------
Total T: 135864 Episode Num: 136 Episode T: 999 Reward: -30.009
Total T: 136863 Episode Num: 137 Episode T: 999 Reward: -30.258
Total T: 137862 Episode Num: 138 Episode T: 999 Reward: -29.789
Total T: 138861 Episode Num: 139 Episode T: 999 Reward: -29.499
Total T: 139860 Episode Num: 140 Episode T: 999 Reward: -31.417
---------------------------------------
Evaluation over 10 episodes: -0.061
---------------------------------------
Total T: 140859 Episode Num: 141 Episode T: 999 Reward: -32.088
Total T: 141858 Episode Num: 142 Episode T: 999 Reward: -30.765
Total T: 142857 Episode Num: 143 Episode T: 999 Reward: -30.568
Total T: 143856 Episode Num: 144 Episode T: 999 Reward: -32.124
Total T: 144855 Episode Num: 145 Episode T: 999 Reward: -30.050
---------------------------------------
Evaluation over 10 episodes: -0.027
---------------------------------------
Total T: 145854 Episode Num: 146 Episode T: 999 Reward: -29.522
Total T: 146853 Episode Num: 147 Episode T: 999 Reward: -28.706
Total T: 147852 Episode Num: 148 Episode T: 999 Reward: -29.447
Total T: 148851 Episode Num: 149 Episode T: 999 Reward: -30.311
Total T: 149850 Episode Num: 150 Episode T: 999 Reward: -29.455
---------------------------------------
Evaluation over 10 episodes: -0.029
---------------------------------------
Total T: 150849 Episode Num: 151 Episode T: 999 Reward: -29.290
Total T: 151848 Episode Num: 152 Episode T: 999 Reward: -28.565
Total T: 152847 Episode Num: 153 Episode T: 999 Reward: -29.137
Total T: 153846 Episode Num: 154 Episode T: 999 Reward: -29.637
Total T: 154845 Episode Num: 155 Episode T: 999 Reward: -29.554
---------------------------------------
Evaluation over 10 episodes: -0.027
---------------------------------------
Total T: 155844 Episode Num: 156 Episode T: 999 Reward: -28.748
Total T: 156843 Episode Num: 157 Episode T: 999 Reward: -31.056
Total T: 157842 Episode Num: 158 Episode T: 999 Reward: -30.709
Total T: 158841 Episode Num: 159 Episode T: 999 Reward: -29.096
Total T: 159840 Episode Num: 160 Episode T: 999 Reward: -30.704
---------------------------------------
Evaluation over 10 episodes: -0.024
---------------------------------------
Total T: 160839 Episode Num: 161 Episode T: 999 Reward: -31.272
Total T: 161838 Episode Num: 162 Episode T: 999 Reward: -30.256
Total T: 162837 Episode Num: 163 Episode T: 999 Reward: -30.110
Total T: 163836 Episode Num: 164 Episode T: 999 Reward: -30.613
Total T: 164835 Episode Num: 165 Episode T: 999 Reward: -28.684
---------------------------------------
Evaluation over 10 episodes: -0.040
---------------------------------------
Total T: 165834 Episode Num: 166 Episode T: 999 Reward: -28.312
Total T: 166833 Episode Num: 167 Episode T: 999 Reward: -30.095
Total T: 167832 Episode Num: 168 Episode T: 999 Reward: -29.482
Total T: 168831 Episode Num: 169 Episode T: 999 Reward: -30.896
Total T: 169830 Episode Num: 170 Episode T: 999 Reward: -29.750
---------------------------------------
Evaluation over 10 episodes: -0.025
---------------------------------------
Total T: 170829 Episode Num: 171 Episode T: 999 Reward: -31.452
Total T: 171828 Episode Num: 172 Episode T: 999 Reward: -28.900
Total T: 172827 Episode Num: 173 Episode T: 999 Reward: -30.192
Total T: 173826 Episode Num: 174 Episode T: 999 Reward: -29.276
Total T: 174825 Episode Num: 175 Episode T: 999 Reward: -30.332
---------------------------------------
Evaluation over 10 episodes: -0.032
---------------------------------------
Total T: 175824 Episode Num: 176 Episode T: 999 Reward: -30.256
Total T: 176823 Episode Num: 177 Episode T: 999 Reward: -28.900
Total T: 177822 Episode Num: 178 Episode T: 999 Reward: -30.591
Total T: 178821 Episode Num: 179 Episode T: 999 Reward: -30.136
Total T: 179820 Episode Num: 180 Episode T: 999 Reward: -30.453
---------------------------------------
Evaluation over 10 episodes: -0.020
---------------------------------------
Total T: 180819 Episode Num: 181 Episode T: 999 Reward: -30.958
Total T: 181818 Episode Num: 182 Episode T: 999 Reward: -29.705
Total T: 182817 Episode Num: 183 Episode T: 999 Reward: -29.531
Total T: 183816 Episode Num: 184 Episode T: 999 Reward: -31.918
Total T: 184815 Episode Num: 185 Episode T: 999 Reward: -30.595
---------------------------------------
Evaluation over 10 episodes: -0.026
---------------------------------------
Total T: 185814 Episode Num: 186 Episode T: 999 Reward: -28.136
Total T: 186813 Episode Num: 187 Episode T: 999 Reward: -30.527
Total T: 187812 Episode Num: 188 Episode T: 999 Reward: -30.686
Total T: 188811 Episode Num: 189 Episode T: 999 Reward: -30.789
Total T: 189810 Episode Num: 190 Episode T: 999 Reward: -32.700
---------------------------------------
Evaluation over 10 episodes: -0.034
---------------------------------------
Total T: 190809 Episode Num: 191 Episode T: 999 Reward: -30.394
Total T: 191808 Episode Num: 192 Episode T: 999 Reward: -30.202
Total T: 192807 Episode Num: 193 Episode T: 999 Reward: -29.934
Total T: 193806 Episode Num: 194 Episode T: 999 Reward: -29.808
Total T: 194805 Episode Num: 195 Episode T: 999 Reward: -30.940
---------------------------------------
Evaluation over 10 episodes: -0.049
---------------------------------------
Total T: 195804 Episode Num: 196 Episode T: 999 Reward: -31.735
Total T: 196803 Episode Num: 197 Episode T: 999 Reward: -29.833
Total T: 197802 Episode Num: 198 Episode T: 999 Reward: -30.824
Total T: 198801 Episode Num: 199 Episode T: 999 Reward: -32.225
Total T: 199800 Episode Num: 200 Episode T: 999 Reward: -30.088
---------------------------------------
Evaluation over 10 episodes: -0.027
---------------------------------------
Total T: 200799 Episode Num: 201 Episode T: 999 Reward: -29.889
Total T: 201798 Episode Num: 202 Episode T: 999 Reward: -30.215
Total T: 202797 Episode Num: 203 Episode T: 999 Reward: -29.536
Total T: 203796 Episode Num: 204 Episode T: 999 Reward: -32.033
Total T: 204795 Episode Num: 205 Episode T: 999 Reward: -29.907
---------------------------------------
Evaluation over 10 episodes: -0.040
---------------------------------------
Total T: 205794 Episode Num: 206 Episode T: 999 Reward: -31.914
Total T: 206793 Episode Num: 207 Episode T: 999 Reward: -29.363
Total T: 207792 Episode Num: 208 Episode T: 999 Reward: -29.533
Total T: 208791 Episode Num: 209 Episode T: 999 Reward: -30.074
Total T: 209790 Episode Num: 210 Episode T: 999 Reward: -29.215
---------------------------------------
Evaluation over 10 episodes: -0.031
---------------------------------------
Total T: 210789 Episode Num: 211 Episode T: 999 Reward: -30.377
Total T: 211788 Episode Num: 212 Episode T: 999 Reward: -30.835
Total T: 212787 Episode Num: 213 Episode T: 999 Reward: -30.183
Total T: 213786 Episode Num: 214 Episode T: 999 Reward: -29.862
Total T: 214785 Episode Num: 215 Episode T: 999 Reward: -29.865
---------------------------------------
Evaluation over 10 episodes: -0.029
---------------------------------------
Total T: 215784 Episode Num: 216 Episode T: 999 Reward: -30.759
Total T: 216783 Episode Num: 217 Episode T: 999 Reward: -31.306
Total T: 217782 Episode Num: 218 Episode T: 999 Reward: -28.954
Total T: 218781 Episode Num: 219 Episode T: 999 Reward: -30.052
Total T: 219780 Episode Num: 220 Episode T: 999 Reward: -29.769
---------------------------------------
Evaluation over 10 episodes: -0.023
---------------------------------------
Total T: 220779 Episode Num: 221 Episode T: 999 Reward: -29.709
Total T: 221778 Episode Num: 222 Episode T: 999 Reward: -28.786
Total T: 222777 Episode Num: 223 Episode T: 999 Reward: -28.366
Total T: 223776 Episode Num: 224 Episode T: 999 Reward: -30.313
Total T: 224775 Episode Num: 225 Episode T: 999 Reward: -30.042
---------------------------------------
Evaluation over 10 episodes: -0.060
---------------------------------------
Total T: 225774 Episode Num: 226 Episode T: 999 Reward: -30.187
Total T: 226773 Episode Num: 227 Episode T: 999 Reward: -28.920
Total T: 227772 Episode Num: 228 Episode T: 999 Reward: -31.833
Total T: 228771 Episode Num: 229 Episode T: 999 Reward: -31.027
Total T: 229770 Episode Num: 230 Episode T: 999 Reward: -31.780
---------------------------------------
Evaluation over 10 episodes: -0.025
---------------------------------------
Total T: 230769 Episode Num: 231 Episode T: 999 Reward: -29.761
Total T: 231768 Episode Num: 232 Episode T: 999 Reward: -29.836
Total T: 232767 Episode Num: 233 Episode T: 999 Reward: -31.493
Total T: 233766 Episode Num: 234 Episode T: 999 Reward: -31.334
Total T: 234765 Episode Num: 235 Episode T: 999 Reward: -30.783
---------------------------------------
Evaluation over 10 episodes: -0.033
---------------------------------------
Total T: 235764 Episode Num: 236 Episode T: 999 Reward: -31.095
Total T: 236763 Episode Num: 237 Episode T: 999 Reward: -30.078
Total T: 237762 Episode Num: 238 Episode T: 999 Reward: -30.286
Total T: 238761 Episode Num: 239 Episode T: 999 Reward: -30.476
Total T: 239760 Episode Num: 240 Episode T: 999 Reward: -29.988
---------------------------------------
Evaluation over 10 episodes: -0.014
---------------------------------------
Total T: 240759 Episode Num: 241 Episode T: 999 Reward: -28.838
Total T: 241758 Episode Num: 242 Episode T: 999 Reward: -30.002
Total T: 242757 Episode Num: 243 Episode T: 999 Reward: -31.304
Total T: 243756 Episode Num: 244 Episode T: 999 Reward: -29.750
Total T: 244755 Episode Num: 245 Episode T: 999 Reward: -30.819
---------------------------------------
Evaluation over 10 episodes: -0.014
---------------------------------------
Total T: 245754 Episode Num: 246 Episode T: 999 Reward: -30.957
Total T: 246753 Episode Num: 247 Episode T: 999 Reward: -30.894
Total T: 247752 Episode Num: 248 Episode T: 999 Reward: -31.032
Total T: 248751 Episode Num: 249 Episode T: 999 Reward: -31.309
Total T: 249750 Episode Num: 250 Episode T: 999 Reward: -30.000
---------------------------------------
Evaluation over 10 episodes: -0.021
---------------------------------------
Total T: 250749 Episode Num: 251 Episode T: 999 Reward: -31.728
Total T: 251748 Episode Num: 252 Episode T: 999 Reward: -29.334
Total T: 252747 Episode Num: 253 Episode T: 999 Reward: -29.749
Total T: 253746 Episode Num: 254 Episode T: 999 Reward: -30.553
Total T: 254745 Episode Num: 255 Episode T: 999 Reward: -30.077
---------------------------------------
Evaluation over 10 episodes: -0.026
---------------------------------------
Total T: 255744 Episode Num: 256 Episode T: 999 Reward: -30.391
Total T: 256743 Episode Num: 257 Episode T: 999 Reward: -29.496
Total T: 257742 Episode Num: 258 Episode T: 999 Reward: -27.526
Total T: 258741 Episode Num: 259 Episode T: 999 Reward: -30.436
Total T: 259740 Episode Num: 260 Episode T: 999 Reward: -28.691
---------------------------------------
Evaluation over 10 episodes: -0.012
---------------------------------------
Total T: 260739 Episode Num: 261 Episode T: 999 Reward: -26.902
Total T: 261738 Episode Num: 262 Episode T: 999 Reward: -30.296
Total T: 262737 Episode Num: 263 Episode T: 999 Reward: -29.964
Total T: 263736 Episode Num: 264 Episode T: 999 Reward: -30.287
Total T: 264735 Episode Num: 265 Episode T: 999 Reward: -30.383
---------------------------------------
Evaluation over 10 episodes: -0.004
---------------------------------------
Total T: 265734 Episode Num: 266 Episode T: 999 Reward: -31.069
Total T: 266733 Episode Num: 267 Episode T: 999 Reward: -30.543
Total T: 267732 Episode Num: 268 Episode T: 999 Reward: -29.559
Total T: 268731 Episode Num: 269 Episode T: 999 Reward: -29.769
Total T: 269730 Episode Num: 270 Episode T: 999 Reward: -29.418
---------------------------------------
Evaluation over 10 episodes: -0.012
---------------------------------------
Total T: 270729 Episode Num: 271 Episode T: 999 Reward: -30.767
Total T: 271728 Episode Num: 272 Episode T: 999 Reward: -29.391
Total T: 272727 Episode Num: 273 Episode T: 999 Reward: -30.984
Total T: 273726 Episode Num: 274 Episode T: 999 Reward: -28.291
Total T: 274725 Episode Num: 275 Episode T: 999 Reward: -30.174
---------------------------------------
Evaluation over 10 episodes: -0.011
---------------------------------------
Total T: 275724 Episode Num: 276 Episode T: 999 Reward: -27.976
Total T: 276723 Episode Num: 277 Episode T: 999 Reward: -29.743
Total T: 277722 Episode Num: 278 Episode T: 999 Reward: -31.740
Total T: 278721 Episode Num: 279 Episode T: 999 Reward: -29.186
Total T: 279720 Episode Num: 280 Episode T: 999 Reward: -31.222
---------------------------------------
Evaluation over 10 episodes: -0.003
---------------------------------------
Total T: 280719 Episode Num: 281 Episode T: 999 Reward: -31.407
Total T: 281718 Episode Num: 282 Episode T: 999 Reward: -30.049
Total T: 282717 Episode Num: 283 Episode T: 999 Reward: -29.620
Total T: 283716 Episode Num: 284 Episode T: 999 Reward: -31.374
Total T: 284715 Episode Num: 285 Episode T: 999 Reward: -28.716
---------------------------------------
Evaluation over 10 episodes: -0.005
---------------------------------------
Total T: 285714 Episode Num: 286 Episode T: 999 Reward: -29.112
Total T: 286713 Episode Num: 287 Episode T: 999 Reward: -31.444
Total T: 287712 Episode Num: 288 Episode T: 999 Reward: -29.160
Total T: 288711 Episode Num: 289 Episode T: 999 Reward: -28.287
Total T: 289710 Episode Num: 290 Episode T: 999 Reward: -32.349
---------------------------------------
Evaluation over 10 episodes: -0.007
---------------------------------------
Total T: 290709 Episode Num: 291 Episode T: 999 Reward: -30.208
Total T: 291708 Episode Num: 292 Episode T: 999 Reward: -30.089
Total T: 292707 Episode Num: 293 Episode T: 999 Reward: -30.328
Total T: 293706 Episode Num: 294 Episode T: 999 Reward: -29.880
Total T: 294705 Episode Num: 295 Episode T: 999 Reward: -29.747
---------------------------------------
Evaluation over 10 episodes: -0.005
---------------------------------------
Total T: 295704 Episode Num: 296 Episode T: 999 Reward: -31.010
Total T: 296703 Episode Num: 297 Episode T: 999 Reward: -30.565
Total T: 297702 Episode Num: 298 Episode T: 999 Reward: -31.810
Total T: 298701 Episode Num: 299 Episode T: 999 Reward: -29.355
Total T: 299700 Episode Num: 300 Episode T: 999 Reward: -32.088
---------------------------------------
Evaluation over 10 episodes: -0.020
---------------------------------------
Total T: 300699 Episode Num: 301 Episode T: 999 Reward: -30.283
Total T: 301698 Episode Num: 302 Episode T: 999 Reward: -30.798
Total T: 302697 Episode Num: 303 Episode T: 999 Reward: -29.353
Total T: 303696 Episode Num: 304 Episode T: 999 Reward: -30.004
Total T: 304695 Episode Num: 305 Episode T: 999 Reward: -31.833
---------------------------------------
Evaluation over 10 episodes: -0.010
---------------------------------------
Total T: 305694 Episode Num: 306 Episode T: 999 Reward: -30.443
Total T: 306693 Episode Num: 307 Episode T: 999 Reward: -30.319
Total T: 307692 Episode Num: 308 Episode T: 999 Reward: -30.295
Total T: 308691 Episode Num: 309 Episode T: 999 Reward: -30.149
Total T: 309690 Episode Num: 310 Episode T: 999 Reward: -27.954
---------------------------------------
Evaluation over 10 episodes: -0.006
---------------------------------------
Total T: 310689 Episode Num: 311 Episode T: 999 Reward: -30.078
Total T: 311688 Episode Num: 312 Episode T: 999 Reward: -30.985
Total T: 312687 Episode Num: 313 Episode T: 999 Reward: -31.397
Total T: 313686 Episode Num: 314 Episode T: 999 Reward: -30.224
Total T: 314685 Episode Num: 315 Episode T: 999 Reward: -31.182
---------------------------------------
Evaluation over 10 episodes: -0.005
---------------------------------------
Total T: 315684 Episode Num: 316 Episode T: 999 Reward: -30.068
Total T: 316683 Episode Num: 317 Episode T: 999 Reward: -30.818
Total T: 317682 Episode Num: 318 Episode T: 999 Reward: -31.945
Total T: 318681 Episode Num: 319 Episode T: 999 Reward: -30.831
Total T: 319680 Episode Num: 320 Episode T: 999 Reward: -31.112
---------------------------------------
Evaluation over 10 episodes: -0.022
---------------------------------------
Total T: 320679 Episode Num: 321 Episode T: 999 Reward: -30.061
Total T: 321678 Episode Num: 322 Episode T: 999 Reward: -30.944
Total T: 322677 Episode Num: 323 Episode T: 999 Reward: -30.251
Total T: 323676 Episode Num: 324 Episode T: 999 Reward: -29.883
Total T: 324675 Episode Num: 325 Episode T: 999 Reward: -32.440
---------------------------------------
Evaluation over 10 episodes: -0.017
---------------------------------------
Total T: 325674 Episode Num: 326 Episode T: 999 Reward: -28.569
Total T: 326673 Episode Num: 327 Episode T: 999 Reward: -31.401
Total T: 327672 Episode Num: 328 Episode T: 999 Reward: -30.751
Total T: 328671 Episode Num: 329 Episode T: 999 Reward: -30.322
Total T: 329670 Episode Num: 330 Episode T: 999 Reward: -30.751
---------------------------------------
Evaluation over 10 episodes: -0.036
---------------------------------------
Total T: 330669 Episode Num: 331 Episode T: 999 Reward: -30.844
Total T: 331668 Episode Num: 332 Episode T: 999 Reward: -29.269
Total T: 332667 Episode Num: 333 Episode T: 999 Reward: -29.978
Total T: 333666 Episode Num: 334 Episode T: 999 Reward: -28.979
Total T: 334665 Episode Num: 335 Episode T: 999 Reward: -29.813
---------------------------------------
Evaluation over 10 episodes: -0.027
---------------------------------------
Total T: 335664 Episode Num: 336 Episode T: 999 Reward: -30.068
Total T: 336663 Episode Num: 337 Episode T: 999 Reward: -29.808
Total T: 337662 Episode Num: 338 Episode T: 999 Reward: -31.450
Total T: 338661 Episode Num: 339 Episode T: 999 Reward: -29.837
Total T: 339660 Episode Num: 340 Episode T: 999 Reward: -29.556
---------------------------------------
Evaluation over 10 episodes: -0.014
---------------------------------------
Total T: 340659 Episode Num: 341 Episode T: 999 Reward: -29.805
Total T: 341658 Episode Num: 342 Episode T: 999 Reward: -29.227
Total T: 342657 Episode Num: 343 Episode T: 999 Reward: -29.057
Total T: 343656 Episode Num: 344 Episode T: 999 Reward: -28.607
Total T: 344655 Episode Num: 345 Episode T: 999 Reward: -29.594
---------------------------------------
Evaluation over 10 episodes: -0.031
---------------------------------------
Total T: 345654 Episode Num: 346 Episode T: 999 Reward: -30.429
Total T: 346653 Episode Num: 347 Episode T: 999 Reward: -30.971
Total T: 347652 Episode Num: 348 Episode T: 999 Reward: -28.704
Total T: 348651 Episode Num: 349 Episode T: 999 Reward: -28.622
Total T: 349650 Episode Num: 350 Episode T: 999 Reward: -29.708
---------------------------------------
Evaluation over 10 episodes: -0.071
---------------------------------------
Total T: 350649 Episode Num: 351 Episode T: 999 Reward: -30.933
Total T: 351648 Episode Num: 352 Episode T: 999 Reward: -31.831
Total T: 352647 Episode Num: 353 Episode T: 999 Reward: -31.067
Total T: 353646 Episode Num: 354 Episode T: 999 Reward: -30.270
Total T: 354645 Episode Num: 355 Episode T: 999 Reward: -30.865
---------------------------------------
Evaluation over 10 episodes: -0.030
---------------------------------------
Total T: 355644 Episode Num: 356 Episode T: 999 Reward: -29.491
Total T: 356643 Episode Num: 357 Episode T: 999 Reward: -31.474
Total T: 357642 Episode Num: 358 Episode T: 999 Reward: -30.443
Total T: 358641 Episode Num: 359 Episode T: 999 Reward: -29.953
Total T: 359640 Episode Num: 360 Episode T: 999 Reward: -31.075
---------------------------------------
Evaluation over 10 episodes: -0.071
---------------------------------------
Total T: 360639 Episode Num: 361 Episode T: 999 Reward: -31.380
Total T: 361638 Episode Num: 362 Episode T: 999 Reward: -29.836
Total T: 362637 Episode Num: 363 Episode T: 999 Reward: -30.441
Total T: 363636 Episode Num: 364 Episode T: 999 Reward: -30.076
Total T: 364635 Episode Num: 365 Episode T: 999 Reward: -29.514
---------------------------------------
Evaluation over 10 episodes: -0.026
---------------------------------------
Total T: 365634 Episode Num: 366 Episode T: 999 Reward: -31.024
Total T: 366633 Episode Num: 367 Episode T: 999 Reward: -29.830
Total T: 367632 Episode Num: 368 Episode T: 999 Reward: -30.012
Total T: 368631 Episode Num: 369 Episode T: 999 Reward: -29.687
Total T: 369630 Episode Num: 370 Episode T: 999 Reward: -30.104
---------------------------------------
Evaluation over 10 episodes: -0.035
---------------------------------------
Total T: 370629 Episode Num: 371 Episode T: 999 Reward: -29.020
Total T: 371628 Episode Num: 372 Episode T: 999 Reward: -31.481
Total T: 372627 Episode Num: 373 Episode T: 999 Reward: -29.576
Total T: 373626 Episode Num: 374 Episode T: 999 Reward: -29.830
Total T: 374625 Episode Num: 375 Episode T: 999 Reward: -31.050
---------------------------------------
Evaluation over 10 episodes: -0.044
---------------------------------------
Total T: 375624 Episode Num: 376 Episode T: 999 Reward: -29.279
Total T: 376623 Episode Num: 377 Episode T: 999 Reward: -31.314
Total T: 377622 Episode Num: 378 Episode T: 999 Reward: -28.264
Total T: 378621 Episode Num: 379 Episode T: 999 Reward: -30.906
Total T: 379620 Episode Num: 380 Episode T: 999 Reward: -30.901
---------------------------------------
Evaluation over 10 episodes: -0.059
---------------------------------------
Total T: 380619 Episode Num: 381 Episode T: 999 Reward: -30.951
Total T: 381618 Episode Num: 382 Episode T: 999 Reward: -32.018
Total T: 382617 Episode Num: 383 Episode T: 999 Reward: -28.458
Total T: 383616 Episode Num: 384 Episode T: 999 Reward: -30.445
Total T: 384615 Episode Num: 385 Episode T: 999 Reward: -29.088
---------------------------------------
Evaluation over 10 episodes: -0.030
---------------------------------------
Total T: 385614 Episode Num: 386 Episode T: 999 Reward: -31.252
Total T: 386613 Episode Num: 387 Episode T: 999 Reward: -29.993
Total T: 387612 Episode Num: 388 Episode T: 999 Reward: -30.109
Total T: 388611 Episode Num: 389 Episode T: 999 Reward: -29.803
Total T: 389610 Episode Num: 390 Episode T: 999 Reward: -30.043
---------------------------------------
Evaluation over 10 episodes: -0.033
---------------------------------------
Total T: 390609 Episode Num: 391 Episode T: 999 Reward: -30.221
Total T: 391608 Episode Num: 392 Episode T: 999 Reward: -29.530
Total T: 392607 Episode Num: 393 Episode T: 999 Reward: -31.062
Total T: 393606 Episode Num: 394 Episode T: 999 Reward: -31.085
Total T: 394605 Episode Num: 395 Episode T: 999 Reward: -26.707
---------------------------------------
Evaluation over 10 episodes: -0.076
---------------------------------------
Total T: 395604 Episode Num: 396 Episode T: 999 Reward: -30.864
Total T: 396603 Episode Num: 397 Episode T: 999 Reward: -33.086
Total T: 397602 Episode Num: 398 Episode T: 999 Reward: -31.424
Total T: 398601 Episode Num: 399 Episode T: 999 Reward: -30.667
Total T: 399600 Episode Num: 400 Episode T: 999 Reward: -28.988
---------------------------------------
Evaluation over 10 episodes: -0.045
---------------------------------------
Total T: 400599 Episode Num: 401 Episode T: 999 Reward: -29.641
Total T: 401598 Episode Num: 402 Episode T: 999 Reward: -31.107
Total T: 402597 Episode Num: 403 Episode T: 999 Reward: -30.458
Total T: 403596 Episode Num: 404 Episode T: 999 Reward: -30.125
Total T: 404595 Episode Num: 405 Episode T: 999 Reward: -31.138
---------------------------------------
Evaluation over 10 episodes: -0.056
---------------------------------------
Total T: 405594 Episode Num: 406 Episode T: 999 Reward: -29.944
Total T: 406593 Episode Num: 407 Episode T: 999 Reward: -29.630
Total T: 407592 Episode Num: 408 Episode T: 999 Reward: -29.240
Total T: 408591 Episode Num: 409 Episode T: 999 Reward: -30.371
Total T: 409590 Episode Num: 410 Episode T: 999 Reward: -28.818
---------------------------------------
Evaluation over 10 episodes: -0.062
---------------------------------------
Total T: 410589 Episode Num: 411 Episode T: 999 Reward: -32.366
Total T: 411588 Episode Num: 412 Episode T: 999 Reward: -31.151
Total T: 412587 Episode Num: 413 Episode T: 999 Reward: -30.404
Total T: 413586 Episode Num: 414 Episode T: 999 Reward: -31.092
Total T: 414585 Episode Num: 415 Episode T: 999 Reward: -30.041
---------------------------------------
Evaluation over 10 episodes: -0.080
---------------------------------------
Total T: 415584 Episode Num: 416 Episode T: 999 Reward: -31.614
Total T: 416583 Episode Num: 417 Episode T: 999 Reward: -30.593
Total T: 417582 Episode Num: 418 Episode T: 999 Reward: -30.381
Total T: 418581 Episode Num: 419 Episode T: 999 Reward: -29.873
Total T: 419580 Episode Num: 420 Episode T: 999 Reward: -31.487
---------------------------------------
Evaluation over 10 episodes: -0.127
---------------------------------------
Total T: 420579 Episode Num: 421 Episode T: 999 Reward: -29.375
Total T: 421578 Episode Num: 422 Episode T: 999 Reward: -29.158
Total T: 422577 Episode Num: 423 Episode T: 999 Reward: -29.068
Total T: 423576 Episode Num: 424 Episode T: 999 Reward: -32.673
Total T: 424575 Episode Num: 425 Episode T: 999 Reward: -28.995
---------------------------------------
Evaluation over 10 episodes: -0.109
---------------------------------------
Total T: 425574 Episode Num: 426 Episode T: 999 Reward: -32.613
Total T: 426573 Episode Num: 427 Episode T: 999 Reward: -29.211
Total T: 427572 Episode Num: 428 Episode T: 999 Reward: -30.053
Total T: 428571 Episode Num: 429 Episode T: 999 Reward: -31.119
Total T: 429570 Episode Num: 430 Episode T: 999 Reward: -30.984
---------------------------------------
Evaluation over 10 episodes: -0.073
---------------------------------------
Total T: 430569 Episode Num: 431 Episode T: 999 Reward: -29.578
Total T: 431568 Episode Num: 432 Episode T: 999 Reward: -29.824
Total T: 432567 Episode Num: 433 Episode T: 999 Reward: -29.262
Total T: 433566 Episode Num: 434 Episode T: 999 Reward: -28.371
Total T: 434565 Episode Num: 435 Episode T: 999 Reward: -29.906
---------------------------------------
Evaluation over 10 episodes: -0.076
---------------------------------------
Total T: 435564 Episode Num: 436 Episode T: 999 Reward: -31.377
Total T: 436563 Episode Num: 437 Episode T: 999 Reward: -30.977
Total T: 437562 Episode Num: 438 Episode T: 999 Reward: -29.995
Total T: 438561 Episode Num: 439 Episode T: 999 Reward: -31.496
Total T: 439560 Episode Num: 440 Episode T: 999 Reward: -30.703
---------------------------------------
Evaluation over 10 episodes: -0.099
---------------------------------------
Total T: 440559 Episode Num: 441 Episode T: 999 Reward: -30.972
Total T: 441558 Episode Num: 442 Episode T: 999 Reward: -31.767
Total T: 442557 Episode Num: 443 Episode T: 999 Reward: -28.211
Total T: 443556 Episode Num: 444 Episode T: 999 Reward: -30.042
Total T: 444555 Episode Num: 445 Episode T: 999 Reward: -29.804
---------------------------------------
Evaluation over 10 episodes: -0.112
---------------------------------------
Total T: 445554 Episode Num: 446 Episode T: 999 Reward: -29.817
Total T: 446553 Episode Num: 447 Episode T: 999 Reward: -30.706
Total T: 447552 Episode Num: 448 Episode T: 999 Reward: -29.565
Total T: 448551 Episode Num: 449 Episode T: 999 Reward: -31.618
Total T: 449550 Episode Num: 450 Episode T: 999 Reward: -29.022
---------------------------------------
Evaluation over 10 episodes: -0.082
---------------------------------------
Total T: 450549 Episode Num: 451 Episode T: 999 Reward: -29.610
Total T: 451548 Episode Num: 452 Episode T: 999 Reward: -31.402
Total T: 452547 Episode Num: 453 Episode T: 999 Reward: -29.018
Total T: 453546 Episode Num: 454 Episode T: 999 Reward: -30.089
Total T: 454545 Episode Num: 455 Episode T: 999 Reward: -31.083
---------------------------------------
Evaluation over 10 episodes: -0.111
---------------------------------------
Total T: 455544 Episode Num: 456 Episode T: 999 Reward: -29.886
Total T: 456543 Episode Num: 457 Episode T: 999 Reward: -30.044
Total T: 457542 Episode Num: 458 Episode T: 999 Reward: -30.512
Total T: 458541 Episode Num: 459 Episode T: 999 Reward: -28.390
Total T: 459540 Episode Num: 460 Episode T: 999 Reward: -30.015
---------------------------------------
Evaluation over 10 episodes: -0.110
---------------------------------------
Total T: 460539 Episode Num: 461 Episode T: 999 Reward: -28.575
Total T: 461538 Episode Num: 462 Episode T: 999 Reward: -31.788
Total T: 462537 Episode Num: 463 Episode T: 999 Reward: -29.554
Total T: 463536 Episode Num: 464 Episode T: 999 Reward: -31.335
Total T: 464535 Episode Num: 465 Episode T: 999 Reward: -29.496
---------------------------------------
Evaluation over 10 episodes: -0.070
---------------------------------------
Total T: 465534 Episode Num: 466 Episode T: 999 Reward: -31.254
Total T: 466533 Episode Num: 467 Episode T: 999 Reward: -31.528
Total T: 467532 Episode Num: 468 Episode T: 999 Reward: -29.231
Total T: 468531 Episode Num: 469 Episode T: 999 Reward: -30.893
Total T: 469530 Episode Num: 470 Episode T: 999 Reward: -29.008
---------------------------------------
Evaluation over 10 episodes: -0.117
---------------------------------------
Total T: 470529 Episode Num: 471 Episode T: 999 Reward: -29.580
Total T: 471528 Episode Num: 472 Episode T: 999 Reward: -29.011
Total T: 472527 Episode Num: 473 Episode T: 999 Reward: -29.714
Total T: 473526 Episode Num: 474 Episode T: 999 Reward: -30.065
Total T: 474525 Episode Num: 475 Episode T: 999 Reward: -31.484
---------------------------------------
Evaluation over 10 episodes: -0.148
---------------------------------------
Total T: 475524 Episode Num: 476 Episode T: 999 Reward: -30.192
Total T: 476523 Episode Num: 477 Episode T: 999 Reward: -29.741
Total T: 477522 Episode Num: 478 Episode T: 999 Reward: -29.755
Total T: 478521 Episode Num: 479 Episode T: 999 Reward: -29.318
Total T: 479520 Episode Num: 480 Episode T: 999 Reward: -29.449
---------------------------------------
Evaluation over 10 episodes: -0.113
---------------------------------------
Total T: 480519 Episode Num: 481 Episode T: 999 Reward: -30.477
Total T: 481518 Episode Num: 482 Episode T: 999 Reward: -30.478
Total T: 482517 Episode Num: 483 Episode T: 999 Reward: -30.985
Total T: 483516 Episode Num: 484 Episode T: 999 Reward: -29.675
Total T: 484515 Episode Num: 485 Episode T: 999 Reward: -28.656
---------------------------------------
Evaluation over 10 episodes: -0.129
---------------------------------------
Total T: 485514 Episode Num: 486 Episode T: 999 Reward: -29.600
Total T: 486513 Episode Num: 487 Episode T: 999 Reward: -30.602
Total T: 487512 Episode Num: 488 Episode T: 999 Reward: -31.445
Total T: 488511 Episode Num: 489 Episode T: 999 Reward: -29.453
Total T: 489510 Episode Num: 490 Episode T: 999 Reward: -29.441
---------------------------------------
Evaluation over 10 episodes: -0.133
---------------------------------------
Total T: 490509 Episode Num: 491 Episode T: 999 Reward: -31.348
Total T: 491508 Episode Num: 492 Episode T: 999 Reward: -28.907
Total T: 492507 Episode Num: 493 Episode T: 999 Reward: -31.162
Total T: 493506 Episode Num: 494 Episode T: 999 Reward: -29.776
Total T: 494505 Episode Num: 495 Episode T: 999 Reward: -31.155
---------------------------------------
Evaluation over 10 episodes: -0.108
---------------------------------------
Total T: 495504 Episode Num: 496 Episode T: 999 Reward: -30.680
Total T: 496503 Episode Num: 497 Episode T: 999 Reward: -29.757
Total T: 497502 Episode Num: 498 Episode T: 999 Reward: -30.518
Total T: 498501 Episode Num: 499 Episode T: 999 Reward: -30.590
Total T: 499500 Episode Num: 500 Episode T: 999 Reward: -30.544
---------------------------------------
Evaluation over 10 episodes: -0.116
---------------------------------------
Total T: 500499 Episode Num: 501 Episode T: 999 Reward: -29.961
Total T: 501498 Episode Num: 502 Episode T: 999 Reward: -31.448
Total T: 502497 Episode Num: 503 Episode T: 999 Reward: -30.322
Total T: 503496 Episode Num: 504 Episode T: 999 Reward: -30.431
Total T: 504495 Episode Num: 505 Episode T: 999 Reward: -30.878
---------------------------------------
Evaluation over 10 episodes: -0.094
---------------------------------------
Total T: 505494 Episode Num: 506 Episode T: 999 Reward: -28.583
Total T: 506493 Episode Num: 507 Episode T: 999 Reward: -31.397
Total T: 507492 Episode Num: 508 Episode T: 999 Reward: -31.482
Total T: 508491 Episode Num: 509 Episode T: 999 Reward: -29.028
Total T: 509490 Episode Num: 510 Episode T: 999 Reward: -30.775
---------------------------------------
Evaluation over 10 episodes: -0.099
---------------------------------------
Total T: 510489 Episode Num: 511 Episode T: 999 Reward: -29.040
Total T: 511488 Episode Num: 512 Episode T: 999 Reward: -30.653
Total T: 512487 Episode Num: 513 Episode T: 999 Reward: -31.751
Total T: 513486 Episode Num: 514 Episode T: 999 Reward: -29.664
Total T: 514485 Episode Num: 515 Episode T: 999 Reward: -29.722
---------------------------------------
Evaluation over 10 episodes: -0.088
---------------------------------------
Total T: 515484 Episode Num: 516 Episode T: 999 Reward: -31.661
Total T: 516483 Episode Num: 517 Episode T: 999 Reward: -30.090
Total T: 517482 Episode Num: 518 Episode T: 999 Reward: -30.796
Total T: 518481 Episode Num: 519 Episode T: 999 Reward: -29.818
Total T: 519480 Episode Num: 520 Episode T: 999 Reward: -31.220
---------------------------------------
Evaluation over 10 episodes: -0.049
---------------------------------------
Total T: 520479 Episode Num: 521 Episode T: 999 Reward: -28.756
Total T: 521478 Episode Num: 522 Episode T: 999 Reward: -30.563
Total T: 522477 Episode Num: 523 Episode T: 999 Reward: -29.561
Total T: 523476 Episode Num: 524 Episode T: 999 Reward: -29.264
Total T: 524475 Episode Num: 525 Episode T: 999 Reward: -29.659
---------------------------------------
Evaluation over 10 episodes: -0.038
---------------------------------------
Total T: 525474 Episode Num: 526 Episode T: 999 Reward: -28.483
Total T: 526473 Episode Num: 527 Episode T: 999 Reward: -29.844
Total T: 527472 Episode Num: 528 Episode T: 999 Reward: -31.037
Total T: 528471 Episode Num: 529 Episode T: 999 Reward: -30.400
Total T: 529470 Episode Num: 530 Episode T: 999 Reward: -30.412
---------------------------------------
Evaluation over 10 episodes: -0.016
---------------------------------------
Total T: 530469 Episode Num: 531 Episode T: 999 Reward: -29.450
Total T: 531468 Episode Num: 532 Episode T: 999 Reward: -29.322
Total T: 532467 Episode Num: 533 Episode T: 999 Reward: -29.021
Total T: 533466 Episode Num: 534 Episode T: 999 Reward: -30.905
Total T: 534465 Episode Num: 535 Episode T: 999 Reward: -28.925
---------------------------------------
Evaluation over 10 episodes: -0.017
---------------------------------------
Total T: 535464 Episode Num: 536 Episode T: 999 Reward: -31.432
Total T: 536463 Episode Num: 537 Episode T: 999 Reward: -29.627
Total T: 537462 Episode Num: 538 Episode T: 999 Reward: -30.279
Total T: 538461 Episode Num: 539 Episode T: 999 Reward: -31.377
Total T: 539460 Episode Num: 540 Episode T: 999 Reward: -28.721
---------------------------------------
Evaluation over 10 episodes: -0.025
---------------------------------------
Total T: 540459 Episode Num: 541 Episode T: 999 Reward: -27.847
Total T: 541458 Episode Num: 542 Episode T: 999 Reward: -29.698
Total T: 542457 Episode Num: 543 Episode T: 999 Reward: -29.925
Total T: 543456 Episode Num: 544 Episode T: 999 Reward: -29.856
Total T: 544455 Episode Num: 545 Episode T: 999 Reward: -30.596
---------------------------------------
Evaluation over 10 episodes: -0.028
---------------------------------------
Total T: 545454 Episode Num: 546 Episode T: 999 Reward: -29.750
Total T: 546453 Episode Num: 547 Episode T: 999 Reward: -30.325
Total T: 547452 Episode Num: 548 Episode T: 999 Reward: -28.641
Total T: 548451 Episode Num: 549 Episode T: 999 Reward: -28.193
Total T: 549450 Episode Num: 550 Episode T: 999 Reward: -30.509
---------------------------------------
Evaluation over 10 episodes: -0.031
---------------------------------------
Total T: 550449 Episode Num: 551 Episode T: 999 Reward: -31.898
Total T: 551448 Episode Num: 552 Episode T: 999 Reward: -28.315
Total T: 552447 Episode Num: 553 Episode T: 999 Reward: -30.322
Total T: 553446 Episode Num: 554 Episode T: 999 Reward: -30.540
Total T: 554445 Episode Num: 555 Episode T: 999 Reward: -31.017
---------------------------------------
Evaluation over 10 episodes: -0.092
---------------------------------------
Total T: 555444 Episode Num: 556 Episode T: 999 Reward: -29.677
Total T: 556443 Episode Num: 557 Episode T: 999 Reward: -30.009
Total T: 557442 Episode Num: 558 Episode T: 999 Reward: -30.718
Total T: 558441 Episode Num: 559 Episode T: 999 Reward: -29.169
Total T: 559440 Episode Num: 560 Episode T: 999 Reward: -30.621
---------------------------------------
Evaluation over 10 episodes: -0.044
---------------------------------------
Total T: 560439 Episode Num: 561 Episode T: 999 Reward: -30.969
Total T: 561438 Episode Num: 562 Episode T: 999 Reward: -29.998
Total T: 562437 Episode Num: 563 Episode T: 999 Reward: -29.979
Total T: 563436 Episode Num: 564 Episode T: 999 Reward: -31.033
Total T: 564435 Episode Num: 565 Episode T: 999 Reward: -29.517
---------------------------------------
Evaluation over 10 episodes: -0.082
---------------------------------------
Total T: 565434 Episode Num: 566 Episode T: 999 Reward: -29.433
Total T: 566433 Episode Num: 567 Episode T: 999 Reward: -31.230
Total T: 567432 Episode Num: 568 Episode T: 999 Reward: -31.397
Total T: 568431 Episode Num: 569 Episode T: 999 Reward: -32.463
Total T: 569430 Episode Num: 570 Episode T: 999 Reward: -31.223
---------------------------------------
Evaluation over 10 episodes: -0.059
---------------------------------------
Total T: 570429 Episode Num: 571 Episode T: 999 Reward: -30.485
Total T: 571428 Episode Num: 572 Episode T: 999 Reward: -29.615
Total T: 572427 Episode Num: 573 Episode T: 999 Reward: -31.495
Total T: 573426 Episode Num: 574 Episode T: 999 Reward: -28.512
Total T: 574425 Episode Num: 575 Episode T: 999 Reward: -32.082
---------------------------------------
Evaluation over 10 episodes: -0.026
---------------------------------------
Total T: 575424 Episode Num: 576 Episode T: 999 Reward: -29.961
Total T: 576423 Episode Num: 577 Episode T: 999 Reward: -32.227
Total T: 577422 Episode Num: 578 Episode T: 999 Reward: -30.493
Total T: 578421 Episode Num: 579 Episode T: 999 Reward: -30.446
Total T: 579420 Episode Num: 580 Episode T: 999 Reward: -28.668
---------------------------------------
Evaluation over 10 episodes: -0.034
---------------------------------------
Total T: 580419 Episode Num: 581 Episode T: 999 Reward: -30.382
Total T: 581418 Episode Num: 582 Episode T: 999 Reward: -30.723
Total T: 582417 Episode Num: 583 Episode T: 999 Reward: -30.180
Total T: 583416 Episode Num: 584 Episode T: 999 Reward: -28.473
Total T: 584415 Episode Num: 585 Episode T: 999 Reward: -32.020
---------------------------------------
Evaluation over 10 episodes: -0.011
---------------------------------------
Total T: 585414 Episode Num: 586 Episode T: 999 Reward: -30.638
Total T: 586413 Episode Num: 587 Episode T: 999 Reward: -29.684
Total T: 587412 Episode Num: 588 Episode T: 999 Reward: -29.136
Total T: 588411 Episode Num: 589 Episode T: 999 Reward: -30.473
Total T: 589410 Episode Num: 590 Episode T: 999 Reward: -30.744
---------------------------------------
Evaluation over 10 episodes: -0.023
---------------------------------------
Total T: 590409 Episode Num: 591 Episode T: 999 Reward: -29.718
Total T: 591408 Episode Num: 592 Episode T: 999 Reward: -30.458
Total T: 592407 Episode Num: 593 Episode T: 999 Reward: -29.003
Total T: 593406 Episode Num: 594 Episode T: 999 Reward: -31.619
Total T: 594405 Episode Num: 595 Episode T: 999 Reward: -31.318
---------------------------------------
Evaluation over 10 episodes: -0.011
---------------------------------------
Total T: 595404 Episode Num: 596 Episode T: 999 Reward: -30.195
Total T: 596403 Episode Num: 597 Episode T: 999 Reward: -31.091
Total T: 597402 Episode Num: 598 Episode T: 999 Reward: -29.112
Total T: 598401 Episode Num: 599 Episode T: 999 Reward: -29.903
Total T: 599400 Episode Num: 600 Episode T: 999 Reward: -30.574
---------------------------------------
Evaluation over 10 episodes: -0.036
---------------------------------------
Total T: 600399 Episode Num: 601 Episode T: 999 Reward: -30.101
Total T: 601398 Episode Num: 602 Episode T: 999 Reward: -31.166
Total T: 602397 Episode Num: 603 Episode T: 999 Reward: -29.591
Total T: 603396 Episode Num: 604 Episode T: 999 Reward: -30.594
Total T: 604395 Episode Num: 605 Episode T: 999 Reward: -32.288
---------------------------------------
Evaluation over 10 episodes: -0.022
---------------------------------------
Total T: 605394 Episode Num: 606 Episode T: 999 Reward: -29.698
Total T: 606393 Episode Num: 607 Episode T: 999 Reward: -31.327
Total T: 607392 Episode Num: 608 Episode T: 999 Reward: -28.662
Total T: 608391 Episode Num: 609 Episode T: 999 Reward: -29.460
Total T: 609390 Episode Num: 610 Episode T: 999 Reward: -28.662
---------------------------------------
Evaluation over 10 episodes: -0.038
---------------------------------------
Total T: 610389 Episode Num: 611 Episode T: 999 Reward: -30.931
Total T: 611388 Episode Num: 612 Episode T: 999 Reward: -29.879
Total T: 612387 Episode Num: 613 Episode T: 999 Reward: -31.360
Total T: 613386 Episode Num: 614 Episode T: 999 Reward: -29.463
Total T: 614385 Episode Num: 615 Episode T: 999 Reward: -29.535
---------------------------------------
Evaluation over 10 episodes: -0.040
---------------------------------------
Total T: 615384 Episode Num: 616 Episode T: 999 Reward: -31.336
Total T: 616383 Episode Num: 617 Episode T: 999 Reward: -30.531
Total T: 617382 Episode Num: 618 Episode T: 999 Reward: -32.733
Total T: 618381 Episode Num: 619 Episode T: 999 Reward: -29.989
Total T: 619380 Episode Num: 620 Episode T: 999 Reward: -31.113
---------------------------------------
Evaluation over 10 episodes: -0.011
---------------------------------------
Total T: 620379 Episode Num: 621 Episode T: 999 Reward: -29.309
Total T: 621378 Episode Num: 622 Episode T: 999 Reward: -29.518
Total T: 622377 Episode Num: 623 Episode T: 999 Reward: -30.021
Total T: 623376 Episode Num: 624 Episode T: 999 Reward: -31.581
Total T: 624375 Episode Num: 625 Episode T: 999 Reward: -31.635
---------------------------------------
Evaluation over 10 episodes: -0.009
---------------------------------------
Total T: 625374 Episode Num: 626 Episode T: 999 Reward: -28.594
Total T: 626373 Episode Num: 627 Episode T: 999 Reward: -28.402
Total T: 627372 Episode Num: 628 Episode T: 999 Reward: -30.906
Total T: 628371 Episode Num: 629 Episode T: 999 Reward: -31.152
Total T: 629370 Episode Num: 630 Episode T: 999 Reward: -31.323
---------------------------------------
Evaluation over 10 episodes: -0.018
---------------------------------------
Total T: 630369 Episode Num: 631 Episode T: 999 Reward: -29.961
Total T: 631368 Episode Num: 632 Episode T: 999 Reward: -31.253
Total T: 632367 Episode Num: 633 Episode T: 999 Reward: -29.157
Total T: 633366 Episode Num: 634 Episode T: 999 Reward: -30.607
Total T: 634365 Episode Num: 635 Episode T: 999 Reward: -30.346
---------------------------------------
Evaluation over 10 episodes: -0.021
---------------------------------------
Total T: 635364 Episode Num: 636 Episode T: 999 Reward: -30.394
Total T: 636363 Episode Num: 637 Episode T: 999 Reward: -29.407
Total T: 637362 Episode Num: 638 Episode T: 999 Reward: -30.267
Total T: 638361 Episode Num: 639 Episode T: 999 Reward: -29.764
Total T: 639360 Episode Num: 640 Episode T: 999 Reward: -30.021
---------------------------------------
Evaluation over 10 episodes: -0.029
---------------------------------------
Total T: 640359 Episode Num: 641 Episode T: 999 Reward: -30.725
Total T: 641358 Episode Num: 642 Episode T: 999 Reward: -28.907
Total T: 642357 Episode Num: 643 Episode T: 999 Reward: -29.376
Total T: 643356 Episode Num: 644 Episode T: 999 Reward: -30.986
Total T: 644355 Episode Num: 645 Episode T: 999 Reward: -28.409
---------------------------------------
Evaluation over 10 episodes: -0.023
---------------------------------------
Total T: 645354 Episode Num: 646 Episode T: 999 Reward: -29.787
Total T: 646353 Episode Num: 647 Episode T: 999 Reward: -31.983
Total T: 647352 Episode Num: 648 Episode T: 999 Reward: -31.566
Total T: 648351 Episode Num: 649 Episode T: 999 Reward: -30.488
Total T: 649350 Episode Num: 650 Episode T: 999 Reward: -30.290
---------------------------------------
Evaluation over 10 episodes: -0.010
---------------------------------------
Total T: 650349 Episode Num: 651 Episode T: 999 Reward: -30.843
Total T: 651348 Episode Num: 652 Episode T: 999 Reward: -30.781
Total T: 652347 Episode Num: 653 Episode T: 999 Reward: -31.033
Total T: 653346 Episode Num: 654 Episode T: 999 Reward: -31.865
Total T: 654345 Episode Num: 655 Episode T: 999 Reward: -30.523
---------------------------------------
Evaluation over 10 episodes: -0.005
---------------------------------------
Total T: 655344 Episode Num: 656 Episode T: 999 Reward: -29.261
Total T: 656343 Episode Num: 657 Episode T: 999 Reward: -29.702
Total T: 657342 Episode Num: 658 Episode T: 999 Reward: -30.774
Total T: 658341 Episode Num: 659 Episode T: 999 Reward: -30.218
Total T: 659340 Episode Num: 660 Episode T: 999 Reward: -29.037
---------------------------------------
Evaluation over 10 episodes: -0.021
---------------------------------------
Total T: 660339 Episode Num: 661 Episode T: 999 Reward: -31.470
Total T: 661338 Episode Num: 662 Episode T: 999 Reward: -28.750
Total T: 662337 Episode Num: 663 Episode T: 999 Reward: -29.671
Total T: 663336 Episode Num: 664 Episode T: 999 Reward: -30.725
Total T: 664335 Episode Num: 665 Episode T: 999 Reward: -29.947
---------------------------------------
Evaluation over 10 episodes: -0.065
---------------------------------------
Total T: 665334 Episode Num: 666 Episode T: 999 Reward: -30.254
Total T: 666333 Episode Num: 667 Episode T: 999 Reward: -32.496
Total T: 667332 Episode Num: 668 Episode T: 999 Reward: -29.517
Total T: 668331 Episode Num: 669 Episode T: 999 Reward: -30.211
Total T: 669330 Episode Num: 670 Episode T: 999 Reward: -28.641
---------------------------------------
Evaluation over 10 episodes: -0.030
---------------------------------------
Total T: 670329 Episode Num: 671 Episode T: 999 Reward: -32.111
Total T: 671328 Episode Num: 672 Episode T: 999 Reward: -30.079
Total T: 672327 Episode Num: 673 Episode T: 999 Reward: -30.882
Total T: 673326 Episode Num: 674 Episode T: 999 Reward: -31.104
Total T: 674325 Episode Num: 675 Episode T: 999 Reward: -31.709
---------------------------------------
Evaluation over 10 episodes: -0.022
---------------------------------------
Total T: 675324 Episode Num: 676 Episode T: 999 Reward: -33.188
Total T: 676323 Episode Num: 677 Episode T: 999 Reward: -30.155
Total T: 677322 Episode Num: 678 Episode T: 999 Reward: -30.323
Total T: 678321 Episode Num: 679 Episode T: 999 Reward: -30.423
Total T: 679320 Episode Num: 680 Episode T: 999 Reward: -30.392
---------------------------------------
Evaluation over 10 episodes: -0.027
---------------------------------------
Total T: 680319 Episode Num: 681 Episode T: 999 Reward: -29.735
Total T: 681318 Episode Num: 682 Episode T: 999 Reward: -30.308
Total T: 682317 Episode Num: 683 Episode T: 999 Reward: -28.712
Total T: 683316 Episode Num: 684 Episode T: 999 Reward: -28.725
Total T: 684315 Episode Num: 685 Episode T: 999 Reward: -30.267
---------------------------------------
Evaluation over 10 episodes: -0.027
---------------------------------------
Total T: 685314 Episode Num: 686 Episode T: 999 Reward: -30.194
Total T: 686313 Episode Num: 687 Episode T: 999 Reward: -30.965
Total T: 687312 Episode Num: 688 Episode T: 999 Reward: -29.944
Total T: 688311 Episode Num: 689 Episode T: 999 Reward: -31.047
Total T: 689310 Episode Num: 690 Episode T: 999 Reward: -30.018
---------------------------------------
Evaluation over 10 episodes: -0.011
---------------------------------------
Total T: 690309 Episode Num: 691 Episode T: 999 Reward: -31.044
Total T: 691308 Episode Num: 692 Episode T: 999 Reward: -29.642
Total T: 692307 Episode Num: 693 Episode T: 999 Reward: -30.767
Total T: 693306 Episode Num: 694 Episode T: 999 Reward: -30.200
Total T: 694305 Episode Num: 695 Episode T: 999 Reward: -30.867
---------------------------------------
Evaluation over 10 episodes: -0.037
---------------------------------------
Total T: 695304 Episode Num: 696 Episode T: 999 Reward: -31.319
Total T: 696303 Episode Num: 697 Episode T: 999 Reward: -29.303
Total T: 697302 Episode Num: 698 Episode T: 999 Reward: -30.808
Total T: 698301 Episode Num: 699 Episode T: 999 Reward: -29.272
Total T: 699300 Episode Num: 700 Episode T: 999 Reward: -29.301
---------------------------------------
Evaluation over 10 episodes: -0.050
---------------------------------------
Total T: 700299 Episode Num: 701 Episode T: 999 Reward: -30.538
Total T: 701298 Episode Num: 702 Episode T: 999 Reward: -30.186
Total T: 702297 Episode Num: 703 Episode T: 999 Reward: -31.809
Total T: 703296 Episode Num: 704 Episode T: 999 Reward: -29.754
Total T: 704295 Episode Num: 705 Episode T: 999 Reward: -30.909
---------------------------------------
Evaluation over 10 episodes: -0.033
---------------------------------------
Total T: 705294 Episode Num: 706 Episode T: 999 Reward: -31.118
Total T: 706293 Episode Num: 707 Episode T: 999 Reward: -30.339
Total T: 707292 Episode Num: 708 Episode T: 999 Reward: -29.822
Total T: 708291 Episode Num: 709 Episode T: 999 Reward: -31.965
Total T: 709290 Episode Num: 710 Episode T: 999 Reward: -31.237
---------------------------------------
Evaluation over 10 episodes: -0.009
---------------------------------------
Total T: 710289 Episode Num: 711 Episode T: 999 Reward: -32.498
Total T: 711288 Episode Num: 712 Episode T: 999 Reward: -30.343
Total T: 712287 Episode Num: 713 Episode T: 999 Reward: -29.370
Total T: 713286 Episode Num: 714 Episode T: 999 Reward: -28.759
Total T: 714285 Episode Num: 715 Episode T: 999 Reward: -30.111
---------------------------------------
Evaluation over 10 episodes: -0.019
---------------------------------------
Total T: 715284 Episode Num: 716 Episode T: 999 Reward: -28.641
Total T: 716283 Episode Num: 717 Episode T: 999 Reward: -31.631
Total T: 717282 Episode Num: 718 Episode T: 999 Reward: -30.260
Total T: 718281 Episode Num: 719 Episode T: 999 Reward: -31.807
Total T: 719280 Episode Num: 720 Episode T: 999 Reward: -28.984
---------------------------------------
Evaluation over 10 episodes: -0.035
---------------------------------------
Total T: 720279 Episode Num: 721 Episode T: 999 Reward: -30.733
Total T: 721278 Episode Num: 722 Episode T: 999 Reward: -30.298
Total T: 722277 Episode Num: 723 Episode T: 999 Reward: -29.920
Total T: 723276 Episode Num: 724 Episode T: 999 Reward: -30.603
Total T: 724275 Episode Num: 725 Episode T: 999 Reward: -30.299
---------------------------------------
Evaluation over 10 episodes: -0.043
---------------------------------------
Total T: 725274 Episode Num: 726 Episode T: 999 Reward: -30.771
Total T: 726273 Episode Num: 727 Episode T: 999 Reward: -31.896
Total T: 727272 Episode Num: 728 Episode T: 999 Reward: -29.914
Total T: 728271 Episode Num: 729 Episode T: 999 Reward: -29.906
Total T: 729270 Episode Num: 730 Episode T: 999 Reward: -29.733
---------------------------------------
Evaluation over 10 episodes: -0.032
---------------------------------------
Total T: 730269 Episode Num: 731 Episode T: 999 Reward: -32.409
Total T: 731268 Episode Num: 732 Episode T: 999 Reward: -31.156
Total T: 732267 Episode Num: 733 Episode T: 999 Reward: -29.565
Total T: 733266 Episode Num: 734 Episode T: 999 Reward: -30.025
Total T: 734265 Episode Num: 735 Episode T: 999 Reward: -30.384
---------------------------------------
Evaluation over 10 episodes: -0.022
---------------------------------------
Total T: 735264 Episode Num: 736 Episode T: 999 Reward: -31.534
Total T: 736263 Episode Num: 737 Episode T: 999 Reward: -30.441
Total T: 737262 Episode Num: 738 Episode T: 999 Reward: -29.222
Total T: 738261 Episode Num: 739 Episode T: 999 Reward: -30.497
Total T: 739260 Episode Num: 740 Episode T: 999 Reward: -32.062
---------------------------------------
Evaluation over 10 episodes: -0.073
---------------------------------------
Total T: 740259 Episode Num: 741 Episode T: 999 Reward: -30.280
Total T: 741258 Episode Num: 742 Episode T: 999 Reward: -30.655
Total T: 742257 Episode Num: 743 Episode T: 999 Reward: -30.163
Total T: 743256 Episode Num: 744 Episode T: 999 Reward: -29.575
Total T: 744255 Episode Num: 745 Episode T: 999 Reward: -29.636
---------------------------------------
Evaluation over 10 episodes: -0.068
---------------------------------------
Total T: 745254 Episode Num: 746 Episode T: 999 Reward: -29.504
Total T: 746253 Episode Num: 747 Episode T: 999 Reward: -29.067
Total T: 747252 Episode Num: 748 Episode T: 999 Reward: -31.385
Total T: 748251 Episode Num: 749 Episode T: 999 Reward: -28.918
Total T: 749250 Episode Num: 750 Episode T: 999 Reward: -29.011
---------------------------------------
Evaluation over 10 episodes: -0.057
---------------------------------------
Total T: 750249 Episode Num: 751 Episode T: 999 Reward: -31.701
Total T: 751248 Episode Num: 752 Episode T: 999 Reward: -29.231
Total T: 752247 Episode Num: 753 Episode T: 999 Reward: -30.106
Total T: 753246 Episode Num: 754 Episode T: 999 Reward: -29.246
Total T: 754245 Episode Num: 755 Episode T: 999 Reward: -31.904
---------------------------------------
Evaluation over 10 episodes: -0.059
---------------------------------------
Total T: 755244 Episode Num: 756 Episode T: 999 Reward: -29.699
Total T: 756243 Episode Num: 757 Episode T: 999 Reward: -27.939
Total T: 757242 Episode Num: 758 Episode T: 999 Reward: -28.659
Total T: 758241 Episode Num: 759 Episode T: 999 Reward: -29.513
Total T: 759240 Episode Num: 760 Episode T: 999 Reward: -29.260
---------------------------------------
Evaluation over 10 episodes: -0.041
---------------------------------------
Total T: 760239 Episode Num: 761 Episode T: 999 Reward: -31.819
Total T: 761238 Episode Num: 762 Episode T: 999 Reward: -30.455
Total T: 762237 Episode Num: 763 Episode T: 999 Reward: -30.716
Total T: 763236 Episode Num: 764 Episode T: 999 Reward: -27.264
Total T: 764235 Episode Num: 765 Episode T: 999 Reward: -30.341
---------------------------------------
Evaluation over 10 episodes: -0.030
---------------------------------------
Total T: 765234 Episode Num: 766 Episode T: 999 Reward: -30.827
Total T: 766233 Episode Num: 767 Episode T: 999 Reward: -29.588
Total T: 767232 Episode Num: 768 Episode T: 999 Reward: -28.711
Total T: 768231 Episode Num: 769 Episode T: 999 Reward: -30.619
Total T: 769230 Episode Num: 770 Episode T: 999 Reward: -30.008
---------------------------------------
Evaluation over 10 episodes: -0.041
---------------------------------------
Total T: 770229 Episode Num: 771 Episode T: 999 Reward: -31.305
Total T: 771228 Episode Num: 772 Episode T: 999 Reward: -31.260
Total T: 772227 Episode Num: 773 Episode T: 999 Reward: -29.110
Total T: 773226 Episode Num: 774 Episode T: 999 Reward: -28.493
Total T: 774225 Episode Num: 775 Episode T: 999 Reward: -30.011
---------------------------------------
Evaluation over 10 episodes: -0.056
---------------------------------------
Total T: 775224 Episode Num: 776 Episode T: 999 Reward: -28.761
Total T: 776223 Episode Num: 777 Episode T: 999 Reward: -29.547
Total T: 777222 Episode Num: 778 Episode T: 999 Reward: -29.156
Total T: 778221 Episode Num: 779 Episode T: 999 Reward: -30.591
Total T: 779220 Episode Num: 780 Episode T: 999 Reward: -28.428
---------------------------------------
Evaluation over 10 episodes: -0.026
---------------------------------------
Total T: 780219 Episode Num: 781 Episode T: 999 Reward: -30.196
Total T: 781218 Episode Num: 782 Episode T: 999 Reward: -29.859
Total T: 782217 Episode Num: 783 Episode T: 999 Reward: -30.643
Total T: 783216 Episode Num: 784 Episode T: 999 Reward: -30.415
Total T: 784215 Episode Num: 785 Episode T: 999 Reward: -29.087
---------------------------------------
Evaluation over 10 episodes: -0.037
---------------------------------------
Total T: 785214 Episode Num: 786 Episode T: 999 Reward: -28.720
Total T: 786213 Episode Num: 787 Episode T: 999 Reward: -30.393
Total T: 787212 Episode Num: 788 Episode T: 999 Reward: -29.923
Total T: 788211 Episode Num: 789 Episode T: 999 Reward: -29.623
Total T: 789210 Episode Num: 790 Episode T: 999 Reward: -29.605
---------------------------------------
Evaluation over 10 episodes: -0.034
---------------------------------------
Total T: 790209 Episode Num: 791 Episode T: 999 Reward: -30.482
Total T: 791208 Episode Num: 792 Episode T: 999 Reward: -30.208
Total T: 792207 Episode Num: 793 Episode T: 999 Reward: -29.623
Total T: 793206 Episode Num: 794 Episode T: 999 Reward: -30.016
Total T: 794205 Episode Num: 795 Episode T: 999 Reward: -31.686
---------------------------------------
Evaluation over 10 episodes: -0.037
---------------------------------------
Total T: 795204 Episode Num: 796 Episode T: 999 Reward: -30.344
Total T: 796203 Episode Num: 797 Episode T: 999 Reward: -32.619
Total T: 797202 Episode Num: 798 Episode T: 999 Reward: -30.834
Total T: 798201 Episode Num: 799 Episode T: 999 Reward: -28.903
Total T: 799200 Episode Num: 800 Episode T: 999 Reward: -29.237
---------------------------------------
Evaluation over 10 episodes: -0.052
---------------------------------------
Total T: 800199 Episode Num: 801 Episode T: 999 Reward: -30.925
Total T: 801198 Episode Num: 802 Episode T: 999 Reward: -30.252
Total T: 802197 Episode Num: 803 Episode T: 999 Reward: -30.764
Total T: 803196 Episode Num: 804 Episode T: 999 Reward: -30.970
Total T: 804195 Episode Num: 805 Episode T: 999 Reward: -28.854
---------------------------------------
Evaluation over 10 episodes: -0.034
---------------------------------------
Total T: 805194 Episode Num: 806 Episode T: 999 Reward: -29.286
Total T: 806193 Episode Num: 807 Episode T: 999 Reward: -28.951
Total T: 807192 Episode Num: 808 Episode T: 999 Reward: -30.419
Total T: 808191 Episode Num: 809 Episode T: 999 Reward: -30.416
Total T: 809190 Episode Num: 810 Episode T: 999 Reward: -29.867
---------------------------------------
Evaluation over 10 episodes: -0.046
---------------------------------------
Total T: 810189 Episode Num: 811 Episode T: 999 Reward: -30.244
Total T: 811188 Episode Num: 812 Episode T: 999 Reward: -29.407
Total T: 812187 Episode Num: 813 Episode T: 999 Reward: -28.725
Total T: 813186 Episode Num: 814 Episode T: 999 Reward: -31.310
Total T: 814185 Episode Num: 815 Episode T: 999 Reward: -31.560
---------------------------------------
Evaluation over 10 episodes: -0.044
---------------------------------------
Total T: 815184 Episode Num: 816 Episode T: 999 Reward: -29.314
Total T: 816183 Episode Num: 817 Episode T: 999 Reward: -29.313
Total T: 817182 Episode Num: 818 Episode T: 999 Reward: -30.266
Total T: 818181 Episode Num: 819 Episode T: 999 Reward: -30.992
Total T: 819180 Episode Num: 820 Episode T: 999 Reward: -28.469
---------------------------------------
Evaluation over 10 episodes: -0.027
---------------------------------------
Total T: 820179 Episode Num: 821 Episode T: 999 Reward: -30.140
Total T: 821178 Episode Num: 822 Episode T: 999 Reward: -29.303
Total T: 822177 Episode Num: 823 Episode T: 999 Reward: -31.190
Total T: 823176 Episode Num: 824 Episode T: 999 Reward: -29.472
Total T: 824175 Episode Num: 825 Episode T: 999 Reward: -29.873
---------------------------------------
Evaluation over 10 episodes: -0.043
---------------------------------------
Total T: 825174 Episode Num: 826 Episode T: 999 Reward: -29.288
Total T: 826173 Episode Num: 827 Episode T: 999 Reward: -29.098
Total T: 827172 Episode Num: 828 Episode T: 999 Reward: -30.934
Total T: 828171 Episode Num: 829 Episode T: 999 Reward: -28.441
Total T: 829170 Episode Num: 830 Episode T: 999 Reward: -30.345
---------------------------------------
Evaluation over 10 episodes: -0.046
---------------------------------------
Total T: 830169 Episode Num: 831 Episode T: 999 Reward: -29.831
Total T: 831168 Episode Num: 832 Episode T: 999 Reward: -32.157
Total T: 832167 Episode Num: 833 Episode T: 999 Reward: -30.961
Total T: 833166 Episode Num: 834 Episode T: 999 Reward: -30.697
Total T: 834165 Episode Num: 835 Episode T: 999 Reward: -32.172
---------------------------------------
Evaluation over 10 episodes: -0.035
---------------------------------------
Total T: 835164 Episode Num: 836 Episode T: 999 Reward: -30.002
Total T: 836163 Episode Num: 837 Episode T: 999 Reward: -31.250
Total T: 837162 Episode Num: 838 Episode T: 999 Reward: -30.913
Total T: 838161 Episode Num: 839 Episode T: 999 Reward: -30.394
Total T: 839160 Episode Num: 840 Episode T: 999 Reward: -29.596
---------------------------------------
Evaluation over 10 episodes: -0.046
---------------------------------------
Total T: 840159 Episode Num: 841 Episode T: 999 Reward: -29.072
Total T: 841158 Episode Num: 842 Episode T: 999 Reward: -29.597
Total T: 842157 Episode Num: 843 Episode T: 999 Reward: -30.374
Total T: 843156 Episode Num: 844 Episode T: 999 Reward: -30.502
Total T: 844155 Episode Num: 845 Episode T: 999 Reward: -30.003
---------------------------------------
Evaluation over 10 episodes: -0.027
---------------------------------------
Total T: 845154 Episode Num: 846 Episode T: 999 Reward: -27.627
Total T: 846153 Episode Num: 847 Episode T: 999 Reward: -30.210
Total T: 847152 Episode Num: 848 Episode T: 999 Reward: -28.739
Total T: 848151 Episode Num: 849 Episode T: 999 Reward: -30.077
Total T: 849150 Episode Num: 850 Episode T: 999 Reward: -28.368
---------------------------------------
Evaluation over 10 episodes: -0.014
---------------------------------------
Total T: 850149 Episode Num: 851 Episode T: 999 Reward: -30.818
Total T: 851148 Episode Num: 852 Episode T: 999 Reward: -30.968
Total T: 852147 Episode Num: 853 Episode T: 999 Reward: -29.854
Total T: 853146 Episode Num: 854 Episode T: 999 Reward: -28.654
Total T: 854145 Episode Num: 855 Episode T: 999 Reward: -30.625
---------------------------------------
Evaluation over 10 episodes: -0.029
---------------------------------------
Total T: 855144 Episode Num: 856 Episode T: 999 Reward: -30.402
Total T: 856143 Episode Num: 857 Episode T: 999 Reward: -30.820
Total T: 857142 Episode Num: 858 Episode T: 999 Reward: -30.373
Total T: 858141 Episode Num: 859 Episode T: 999 Reward: -29.850
Total T: 859140 Episode Num: 860 Episode T: 999 Reward: -29.211
---------------------------------------
Evaluation over 10 episodes: -0.033
---------------------------------------
Total T: 860139 Episode Num: 861 Episode T: 999 Reward: -29.091
Total T: 861138 Episode Num: 862 Episode T: 999 Reward: -31.129
Total T: 862137 Episode Num: 863 Episode T: 999 Reward: -29.737
Total T: 863136 Episode Num: 864 Episode T: 999 Reward: -29.838
Total T: 864135 Episode Num: 865 Episode T: 999 Reward: -29.210
---------------------------------------
Evaluation over 10 episodes: -0.040
---------------------------------------
Total T: 865134 Episode Num: 866 Episode T: 999 Reward: -30.642
Total T: 866133 Episode Num: 867 Episode T: 999 Reward: -30.290
Total T: 867132 Episode Num: 868 Episode T: 999 Reward: -30.762
Total T: 868131 Episode Num: 869 Episode T: 999 Reward: -29.766
Total T: 869130 Episode Num: 870 Episode T: 999 Reward: -29.322
---------------------------------------
Evaluation over 10 episodes: -0.067
---------------------------------------
Total T: 870129 Episode Num: 871 Episode T: 999 Reward: -31.515
Total T: 871128 Episode Num: 872 Episode T: 999 Reward: -30.079
Total T: 872127 Episode Num: 873 Episode T: 999 Reward: -30.307
Total T: 873126 Episode Num: 874 Episode T: 999 Reward: -31.304
Total T: 874125 Episode Num: 875 Episode T: 999 Reward: -30.723
---------------------------------------
Evaluation over 10 episodes: -0.059
---------------------------------------
Total T: 875124 Episode Num: 876 Episode T: 999 Reward: -31.279
Total T: 876123 Episode Num: 877 Episode T: 999 Reward: -28.160
Total T: 877122 Episode Num: 878 Episode T: 999 Reward: -28.163
Total T: 878121 Episode Num: 879 Episode T: 999 Reward: -31.012
Total T: 879120 Episode Num: 880 Episode T: 999 Reward: -29.361
---------------------------------------
Evaluation over 10 episodes: -0.046
---------------------------------------
Total T: 880119 Episode Num: 881 Episode T: 999 Reward: -28.464
Total T: 881118 Episode Num: 882 Episode T: 999 Reward: -31.830
Total T: 882117 Episode Num: 883 Episode T: 999 Reward: -29.239
Total T: 883116 Episode Num: 884 Episode T: 999 Reward: -32.723
Total T: 884115 Episode Num: 885 Episode T: 999 Reward: -29.686
---------------------------------------
Evaluation over 10 episodes: -0.042
---------------------------------------
Total T: 885114 Episode Num: 886 Episode T: 999 Reward: -29.634
Total T: 886113 Episode Num: 887 Episode T: 999 Reward: -30.216
Total T: 887112 Episode Num: 888 Episode T: 999 Reward: -30.048
Total T: 888111 Episode Num: 889 Episode T: 999 Reward: -30.305
Total T: 889110 Episode Num: 890 Episode T: 999 Reward: -29.059
---------------------------------------
Evaluation over 10 episodes: -0.006
---------------------------------------
Total T: 890109 Episode Num: 891 Episode T: 999 Reward: -29.338
Total T: 891108 Episode Num: 892 Episode T: 999 Reward: -29.902
Total T: 892107 Episode Num: 893 Episode T: 999 Reward: -29.220
Total T: 893106 Episode Num: 894 Episode T: 999 Reward: -30.957
Total T: 894105 Episode Num: 895 Episode T: 999 Reward: -30.210
---------------------------------------
Evaluation over 10 episodes: -0.010
---------------------------------------
Total T: 895104 Episode Num: 896 Episode T: 999 Reward: -29.475
Total T: 896103 Episode Num: 897 Episode T: 999 Reward: -30.210
Total T: 897102 Episode Num: 898 Episode T: 999 Reward: -29.024
Total T: 898101 Episode Num: 899 Episode T: 999 Reward: -31.589
Total T: 899100 Episode Num: 900 Episode T: 999 Reward: -31.542
---------------------------------------
Evaluation over 10 episodes: -0.012
---------------------------------------
Total T: 900099 Episode Num: 901 Episode T: 999 Reward: -29.779
Total T: 901098 Episode Num: 902 Episode T: 999 Reward: -31.718
Total T: 902097 Episode Num: 903 Episode T: 999 Reward: -30.767
Total T: 903096 Episode Num: 904 Episode T: 999 Reward: -30.487
Total T: 904095 Episode Num: 905 Episode T: 999 Reward: -29.745
---------------------------------------
Evaluation over 10 episodes: -0.054
---------------------------------------
Total T: 905094 Episode Num: 906 Episode T: 999 Reward: -29.176
Total T: 906093 Episode Num: 907 Episode T: 999 Reward: -31.240
Total T: 907092 Episode Num: 908 Episode T: 999 Reward: -32.069
Total T: 908091 Episode Num: 909 Episode T: 999 Reward: -29.665
Total T: 909090 Episode Num: 910 Episode T: 999 Reward: -29.246
---------------------------------------
Evaluation over 10 episodes: -0.031
---------------------------------------
Total T: 910089 Episode Num: 911 Episode T: 999 Reward: -30.223
Total T: 911088 Episode Num: 912 Episode T: 999 Reward: -32.443
Total T: 912087 Episode Num: 913 Episode T: 999 Reward: -30.486
Total T: 913086 Episode Num: 914 Episode T: 999 Reward: -29.180
Total T: 914085 Episode Num: 915 Episode T: 999 Reward: -29.385
---------------------------------------
Evaluation over 10 episodes: -0.010
---------------------------------------
Total T: 915084 Episode Num: 916 Episode T: 999 Reward: -31.387
Total T: 916083 Episode Num: 917 Episode T: 999 Reward: -31.179
Total T: 917082 Episode Num: 918 Episode T: 999 Reward: -29.462
Total T: 918081 Episode Num: 919 Episode T: 999 Reward: -29.505
Total T: 919080 Episode Num: 920 Episode T: 999 Reward: -31.011
---------------------------------------
Evaluation over 10 episodes: -0.005
---------------------------------------
Total T: 920079 Episode Num: 921 Episode T: 999 Reward: -29.825
Total T: 921078 Episode Num: 922 Episode T: 999 Reward: -30.580
Total T: 922077 Episode Num: 923 Episode T: 999 Reward: -30.565
Total T: 923076 Episode Num: 924 Episode T: 999 Reward: -30.563
Total T: 924075 Episode Num: 925 Episode T: 999 Reward: -30.708
---------------------------------------
Evaluation over 10 episodes: -0.037
---------------------------------------
Total T: 925074 Episode Num: 926 Episode T: 999 Reward: -30.644
Total T: 926073 Episode Num: 927 Episode T: 999 Reward: -28.982
Total T: 927072 Episode Num: 928 Episode T: 999 Reward: -30.585
Total T: 928071 Episode Num: 929 Episode T: 999 Reward: -30.271
Total T: 929070 Episode Num: 930 Episode T: 999 Reward: -29.269
---------------------------------------
Evaluation over 10 episodes: -0.023
---------------------------------------
Total T: 930069 Episode Num: 931 Episode T: 999 Reward: -30.586
Total T: 931068 Episode Num: 932 Episode T: 999 Reward: -31.043
Total T: 932067 Episode Num: 933 Episode T: 999 Reward: -30.342
Total T: 933066 Episode Num: 934 Episode T: 999 Reward: -29.265
Total T: 934065 Episode Num: 935 Episode T: 999 Reward: -28.253
---------------------------------------
Evaluation over 10 episodes: -0.009
---------------------------------------
Total T: 935064 Episode Num: 936 Episode T: 999 Reward: -28.254
Total T: 936063 Episode Num: 937 Episode T: 999 Reward: -28.441
Total T: 937062 Episode Num: 938 Episode T: 999 Reward: -29.755
Total T: 938061 Episode Num: 939 Episode T: 999 Reward: -30.233
Total T: 939060 Episode Num: 940 Episode T: 999 Reward: -27.722
---------------------------------------
Evaluation over 10 episodes: -0.020
---------------------------------------
Total T: 940059 Episode Num: 941 Episode T: 999 Reward: -29.687
Total T: 941058 Episode Num: 942 Episode T: 999 Reward: -29.364
Total T: 942057 Episode Num: 943 Episode T: 999 Reward: -30.720
Total T: 943056 Episode Num: 944 Episode T: 999 Reward: -30.560
Total T: 944055 Episode Num: 945 Episode T: 999 Reward: -31.290
---------------------------------------
Evaluation over 10 episodes: -0.008
---------------------------------------
Total T: 945054 Episode Num: 946 Episode T: 999 Reward: -27.333
Total T: 946053 Episode Num: 947 Episode T: 999 Reward: -30.405
Total T: 947052 Episode Num: 948 Episode T: 999 Reward: -31.373
Total T: 948051 Episode Num: 949 Episode T: 999 Reward: -30.450
Total T: 949050 Episode Num: 950 Episode T: 999 Reward: -30.206
---------------------------------------
Evaluation over 10 episodes: -0.001
---------------------------------------
Total T: 950049 Episode Num: 951 Episode T: 999 Reward: -31.158
Total T: 951048 Episode Num: 952 Episode T: 999 Reward: -31.115
Total T: 952047 Episode Num: 953 Episode T: 999 Reward: -32.433
Total T: 953046 Episode Num: 954 Episode T: 999 Reward: -32.386
Total T: 954045 Episode Num: 955 Episode T: 999 Reward: -30.874
---------------------------------------
Evaluation over 10 episodes: -0.023
---------------------------------------
Total T: 955044 Episode Num: 956 Episode T: 999 Reward: -30.350
Total T: 956043 Episode Num: 957 Episode T: 999 Reward: -31.011
Total T: 957042 Episode Num: 958 Episode T: 999 Reward: -30.479
Total T: 958041 Episode Num: 959 Episode T: 999 Reward: -31.438
Total T: 959040 Episode Num: 960 Episode T: 999 Reward: -29.622
---------------------------------------
Evaluation over 10 episodes: -0.004
---------------------------------------
Total T: 960039 Episode Num: 961 Episode T: 999 Reward: -30.013
Total T: 961038 Episode Num: 962 Episode T: 999 Reward: -30.349
Total T: 962037 Episode Num: 963 Episode T: 999 Reward: -28.769
Total T: 963036 Episode Num: 964 Episode T: 999 Reward: -30.017
Total T: 964035 Episode Num: 965 Episode T: 999 Reward: -30.683
---------------------------------------
Evaluation over 10 episodes: -0.010
---------------------------------------
Total T: 965034 Episode Num: 966 Episode T: 999 Reward: -30.802
Total T: 966033 Episode Num: 967 Episode T: 999 Reward: -32.489
Total T: 967032 Episode Num: 968 Episode T: 999 Reward: -28.240
Total T: 968031 Episode Num: 969 Episode T: 999 Reward: -30.695
Total T: 969030 Episode Num: 970 Episode T: 999 Reward: -29.164
---------------------------------------
Evaluation over 10 episodes: -0.011
---------------------------------------
Total T: 970029 Episode Num: 971 Episode T: 999 Reward: -28.375
Total T: 971028 Episode Num: 972 Episode T: 999 Reward: -28.580
Total T: 972027 Episode Num: 973 Episode T: 999 Reward: -30.953
Total T: 973026 Episode Num: 974 Episode T: 999 Reward: -31.191
Total T: 974025 Episode Num: 975 Episode T: 999 Reward: -32.106
---------------------------------------
Evaluation over 10 episodes: -0.022
---------------------------------------
Total T: 975024 Episode Num: 976 Episode T: 999 Reward: -30.776
Total T: 976023 Episode Num: 977 Episode T: 999 Reward: -29.673
Total T: 977022 Episode Num: 978 Episode T: 999 Reward: -28.489
Total T: 978021 Episode Num: 979 Episode T: 999 Reward: -29.160
Total T: 979020 Episode Num: 980 Episode T: 999 Reward: -31.968
---------------------------------------
Evaluation over 10 episodes: -0.022
---------------------------------------
Total T: 980019 Episode Num: 981 Episode T: 999 Reward: -29.869
Total T: 981018 Episode Num: 982 Episode T: 999 Reward: -29.060
Total T: 982017 Episode Num: 983 Episode T: 999 Reward: -30.151
Total T: 983016 Episode Num: 984 Episode T: 999 Reward: -31.595
Total T: 984015 Episode Num: 985 Episode T: 999 Reward: -29.138
---------------------------------------
Evaluation over 10 episodes: -0.006
---------------------------------------
Total T: 985014 Episode Num: 986 Episode T: 999 Reward: -30.271
Total T: 986013 Episode Num: 987 Episode T: 999 Reward: -31.067
Total T: 987012 Episode Num: 988 Episode T: 999 Reward: -30.387
Total T: 988011 Episode Num: 989 Episode T: 999 Reward: -30.491
Total T: 989010 Episode Num: 990 Episode T: 999 Reward: -30.277
---------------------------------------
Evaluation over 10 episodes: -0.016
---------------------------------------
Total T: 990009 Episode Num: 991 Episode T: 999 Reward: -30.834
Total T: 991008 Episode Num: 992 Episode T: 999 Reward: -31.208
Total T: 992007 Episode Num: 993 Episode T: 999 Reward: -31.177
Total T: 993006 Episode Num: 994 Episode T: 999 Reward: -30.426
Total T: 994005 Episode Num: 995 Episode T: 999 Reward: -33.125
---------------------------------------
Evaluation over 10 episodes: -0.034
---------------------------------------
Total T: 995004 Episode Num: 996 Episode T: 999 Reward: -29.132
Total T: 996003 Episode Num: 997 Episode T: 999 Reward: -29.672
Total T: 997002 Episode Num: 998 Episode T: 999 Reward: -29.826
Total T: 998001 Episode Num: 999 Episode T: 999 Reward: -30.896
Total T: 999000 Episode Num: 1000 Episode T: 999 Reward: -30.490
Total T: 999999 Episode Num: 1001 Episode T: 999 Reward: -30.920
---------------------------------------
Evaluation over 10 episodes: -0.037
---------------------------------------
