Usando GPU: [LogicalDevice(name='/device:GPU:0', device_type='GPU')]
[Step     0] Eval return = -11.47
[Step 10000] Eval return = -34.87
[Step 20000] Eval return = -33.42
[Step 30000] Eval return = -13.19
[Step 40000] Eval return = -5.34
[Step 50000] Eval return = -2.24
[Step 60000] Eval return = -2.34
[Step 70000] Eval return = 93.89
[Step 80000] Eval return = 93.67
[Step 90000] Eval return = 93.88
[Step 100000] Eval return = 93.74
Saved JSON to jsons/sac_0_20250521T121323.json
[Step     0] Eval return = -12.02
[Step 10000] Eval return = -38.57
[Step 20000] Eval return = -34.12
[Step 30000] Eval return = -12.98
[Step 40000] Eval return = -5.28
[Step 50000] Eval return = -2.44
[Step 60000] Eval return = -2.11
[Step 70000] Eval return = 93.72
[Step 80000] Eval return = 93.67
[Step 90000] Eval return = 93.74
[Step 100000] Eval return = 93.89
Saved JSON to jsons/sac_1_20250521T135834.json
[Step     0] Eval return = -12.72
[Step 10000] Eval return = -36.31
[Step 20000] Eval return = -33.37
[Step 30000] Eval return = -12.01
[Step 40000] Eval return = -5.19
[Step 50000] Eval return = -2.28
[Step 60000] Eval return = -2.32
[Step 70000] Eval return = -2.13
[Step 80000] Eval return = -2.16
[Step 90000] Eval return = -2.34
[Step 100000] Eval return = -2.21
Saved JSON to jsons/sac_2_20250521T152302.json
