OMP: Info #155: KMP_AFFINITY: Initial OS proc set respected: 0-3
OMP: Info #217: KMP_AFFINITY: decoding x2APIC ids.
OMP: Info #157: KMP_AFFINITY: 4 available OS procs
OMP: Info #158: KMP_AFFINITY: Uniform topology
OMP: Info #288: KMP_AFFINITY: topology layer "NUMA domain" is equivalent to "socket".
OMP: Info #288: KMP_AFFINITY: topology layer "LL cache" is equivalent to "socket".
OMP: Info #288: KMP_AFFINITY: topology layer "L3 cache" is equivalent to "socket".
OMP: Info #288: KMP_AFFINITY: topology layer "L2 cache" is equivalent to "core".
OMP: Info #288: KMP_AFFINITY: topology layer "L1 cache" is equivalent to "core".
OMP: Info #192: KMP_AFFINITY: 1 socket x 4 cores/socket x 1 thread/core (4 total cores)
OMP: Info #219: KMP_AFFINITY: OS proc to physical thread map:
OMP: Info #172: KMP_AFFINITY: OS proc 0 maps to socket 0 core 0 thread 0 
OMP: Info #172: KMP_AFFINITY: OS proc 1 maps to socket 0 core 1 thread 1 
OMP: Info #172: KMP_AFFINITY: OS proc 2 maps to socket 0 core 2 thread 2 
OMP: Info #172: KMP_AFFINITY: OS proc 3 maps to socket 0 core 3 thread 3 
OMP: Info #255: KMP_AFFINITY: pid 2838447 tid 2838447 thread 0 bound to OS proc set 0
2025-05-15 10:41:58.865949: I tensorflow/core/platform/cpu_feature_guard.cc:145] This TensorFlow binary is optimized with Intel(R) MKL-DNN to use the following CPU instructions in performance critical operations:  SSE4.1 SSE4.2 AVX AVX2 AVX512F FMA
To enable them in non-MKL-DNN operations, rebuild TensorFlow with the appropriate compiler flags.
2025-05-15 10:41:59.032064: I tensorflow/core/platform/profile_utils/cpu_utils.cc:94] CPU Frequency: 2100000000 Hz
2025-05-15 10:41:59.032269: I tensorflow/compiler/xla/service/service.cc:168] XLA service 0x55e55fa0bce0 initialized for platform Host (this does not guarantee that XLA will be used). Devices:
2025-05-15 10:41:59.032291: I tensorflow/compiler/xla/service/service.cc:176]   StreamExecutor device (0): Host, Default Version
WARNING:tensorflow:From /home/maillet/RL-project/PPO/baselines-master/baselines/common/models.py:94: flatten (from tensorflow.python.layers.core) is deprecated and will be removed in a future version.
Instructions for updating:
Use keras.layers.flatten instead.
WARNING:tensorflow:From /home/maillet/miniconda3/envs/env_ppo/lib/python3.6/site-packages/tensorflow_core/python/layers/core.py:332: Layer.apply (from tensorflow.python.keras.engine.base_layer) is deprecated and will be removed in a future version.
Instructions for updating:
Please use `layer.__call__` method instead.
WARNING:tensorflow:From /home/maillet/RL-project/PPO/baselines-master/baselines/a2c/utils.py:59: The name tf.variable_scope is deprecated. Please use tf.compat.v1.variable_scope instead.

WARNING:tensorflow:From /home/maillet/RL-project/PPO/baselines-master/baselines/common/distributions.py:54: The name tf.placeholder is deprecated. Please use tf.compat.v1.placeholder instead.

WARNING:tensorflow:From /home/maillet/RL-project/PPO/baselines-master/baselines/common/distributions.py:198: The name tf.log is deprecated. Please use tf.math.log instead.

WARNING:tensorflow:From /home/maillet/RL-project/PPO/baselines-master/baselines/ppo2/model.py:88: to_float (from tensorflow.python.ops.math_ops) is deprecated and will be removed in a future version.
Instructions for updating:
Use `tf.cast` instead.
WARNING:tensorflow:From /home/maillet/miniconda3/envs/env_ppo/lib/python3.6/site-packages/tensorflow_core/python/ops/math_grad.py:1424: where (from tensorflow.python.ops.array_ops) is deprecated and will be removed in a future version.
Instructions for updating:
Use tf.where in 2.0, which has the same broadcast rule as np.where
OMP: Info #255: KMP_AFFINITY: pid 2838447 tid 2838510 thread 1 bound to OS proc set 1
OMP: Info #255: KMP_AFFINITY: pid 2838447 tid 2838550 thread 2 bound to OS proc set 2
OMP: Info #255: KMP_AFFINITY: pid 2838447 tid 2838552 thread 4 bound to OS proc set 0
OMP: Info #255: KMP_AFFINITY: pid 2838447 tid 2838551 thread 3 bound to OS proc set 3
